BLOCK00/SES002/SA002S12	SES002	1.16961	-113.456	-114.626
BLOCK00/SES002/SA002S13	SES002	0.244545	-112.635	-112.88
BLOCK00/SES002/SA002S23	SES002	1.42696	-112.709	-114.136
BLOCK00/SES002/SA002S26	SES002	0.431374	-110.755	-111.186
BLOCK00/SES002/SA002S28	SES002	0.355591	-113.781	-114.136
BLOCK00/SES007/SA007S14	SES007	-0.0257645	-108.14	-108.114
BLOCK00/SES007/SA007S15	SES007	-0.926727	-112.673	-111.746
BLOCK00/SES007/SA007S24	SES007	0.0860596	-110.905	-110.991
BLOCK00/SES007/SA007S27	SES007	-0.27993	-114.849	-114.569
BLOCK00/SES007/SA007S29	SES007	-0.820236	-110.35	-109.529
BLOCK00/SES008/SA008S11	SES008	-0.0241699	-111.618	-111.594
BLOCK00/SES008/SA008S12	SES008	-0.627563	-113.479	-112.852
BLOCK00/SES008/SA008S19	SES008	-0.555672	-108.435	-107.879
BLOCK00/SES008/SA008S22	SES008	-0.297501	-113.886	-113.588
BLOCK00/SES008/SA008S29	SES008	-0.0495377	-111.571	-111.521
BLOCK01/SES014/SA014S10	SES014	2.27495	-110.989	-113.264
BLOCK01/SES014/SA014S12	SES014	1.77044	-107.21	-108.98
BLOCK01/SES014/SA014S24	SES014	0.786674	-109.21	-109.996
BLOCK01/SES014/SA014S26	SES014	2.09884	-102.953	-105.052
BLOCK01/SES014/SA014S28	SES014	2.1788	-108.591	-110.77
BLOCK01/SES016/SA016S12	SES016	-0.0822296	-111.263	-111.181
BLOCK01/SES016/SA016S13	SES016	-0.37307	-113.672	-113.299
BLOCK01/SES016/SA016S22	SES016	-1.12029	-114.304	-113.184
BLOCK01/SES016/SA016S25	SES016	0.172523	-109.943	-110.115
BLOCK01/SES016/SA016S27	SES016	1.01334	-110.346	-111.359
BLOCK01/SES019/SA019S13	SES019	1.91819	-116.198	-118.117
BLOCK01/SES019/SA019S14	SES019	1.77439	-115.564	-117.339
BLOCK01/SES019/SA019S22	SES019	1.98546	-113.664	-115.649
BLOCK01/SES019/SA019S25	SES019	2.2182	-117.266	-119.484
BLOCK01/SES019/SA019S29	SES019	2.5899	-113.881	-116.471
BLOCK02/SES029/SA029S11	SES029	-0.663055	-112.557	-111.894
BLOCK02/SES029/SA029S12	SES029	-1.31823	-114.809	-113.491
BLOCK02/SES029/SA029S20	SES029	-0.542458	-115.817	-115.274
BLOCK02/SES029/SA029S25	SES029	-1.18731	-110.031	-108.844
BLOCK02/SES029/SA029S28	SES029	-0.537483	-114.474	-113.937
BLOCK04/SES042/SA042S12	SES042	1.62728	-108.231	-109.858
BLOCK04/SES042/SA042S15	SES042	0.776527	-111.931	-112.707
BLOCK04/SES042/SA042S22	SES042	2.89621	-101.805	-104.701
BLOCK04/SES042/SA042S25	SES042	2.08246	-110.353	-112.435
BLOCK04/SES042/SA042S27	SES042	1.23273	-105.831	-107.063
BLOCK04/SES048/SA048S11	SES048	0.134842	-114.575	-114.71
BLOCK04/SES048/SA048S12	SES048	-1.23622	-110.639	-109.402
BLOCK04/SES048/SA048S20	SES048	-0.258202	-112.695	-112.437
BLOCK04/SES048/SA048S23	SES048	1.19113	-115.805	-116.996
BLOCK04/SES048/SA048S27	SES048	0.514969	-111.404	-111.919
BLOCK06/SES060/SA060S11	SES060	-0.213806	-110.063	-109.85
BLOCK06/SES060/SA060S12	SES060	-2.84381	-109.39	-106.547
BLOCK06/SES060/SA060S22	SES060	-1.62946	-116.396	-114.766
BLOCK06/SES060/SA060S24	SES060	-0.39257	-115.59	-115.197
BLOCK06/SES060/SA060S28	SES060	0.225624	-103.779	-104.005
BLOCK06/SES062/SA062S10	SES062	-0.696396	-111.311	-110.615
BLOCK06/SES062/SA062S11	SES062	-0.737946	-107.196	-106.458
BLOCK06/SES062/SA062S21	SES062	-0.670319	-107.682	-107.012
BLOCK06/SES062/SA062S26	SES062	-1.021	-109.72	-108.699
BLOCK06/SES062/SA062S29	SES062	-0.107513	-110.551	-110.443
BLOCK06/SES068/SA068S14	SES068	-0.636574	-114.495	-113.858
BLOCK06/SES068/SA068S15	SES068	-0.0618668	-110.935	-110.873
BLOCK06/SES068/SA068S23	SES068	-0.285263	-117.722	-117.437
BLOCK06/SES068/SA068S27	SES068	-0.355362	-109.364	-109.009
BLOCK06/SES068/SA068S29	SES068	-0.162209	-113.927	-113.765
BLOCK08/SES082/SA082S12	SES082	-0.146645	-113.504	-113.358
BLOCK08/SES082/SA082S14	SES082	-1.09927	-115.163	-114.064
BLOCK08/SES082/SA082S21	SES082	0.229462	-114.769	-114.998
BLOCK08/SES082/SA082S24	SES082	-0.100548	-110.386	-110.285
BLOCK08/SES082/SA082S28	SES082	-0.487244	-113.766	-113.279
BLOCK08/SES083/SA083S14	SES083	-1.95247	-112.484	-110.532
BLOCK08/SES083/SA083S15	SES083	-1.75918	-112.435	-110.676
BLOCK08/SES083/SA083S24	SES083	-1.35486	-112.948	-111.593
BLOCK08/SES083/SA083S26	SES083	-1.14433	-110.687	-109.543
BLOCK08/SES083/SA083S29	SES083	-2.00251	-112.855	-110.853
BLOCK08/SES085/SA085S10	SES085	-0.530937	-116.107	-115.576
BLOCK08/SES085/SA085S13	SES085	-0.710815	-114.417	-113.706
BLOCK08/SES085/SA085S22	SES085	-3.28481	-114.809	-111.524
BLOCK08/SES085/SA085S26	SES085	-1.90062	-114.187	-112.286
BLOCK08/SES085/SA085S28	SES085	0.199303	-118.474	-118.674
BLOCK08/SES087/SA087S15	SES087	1.0649	-116.547	-117.612
BLOCK08/SES087/SA087S16	SES087	1.29561	-115.354	-116.65
BLOCK08/SES087/SA087S24	SES087	0.101944	-114.071	-114.173
BLOCK08/SES087/SA087S26	SES087	0.371941	-112.267	-112.639
BLOCK08/SES087/SA087S29	SES087	1.99815	-117.677	-119.675
BLOCK09/SES099/SA099S15	SES099	0.505066	-114.907	-115.412
BLOCK09/SES099/SA099S16	SES099	0.639862	-115.292	-115.932
BLOCK09/SES099/SA099S24	SES099	-0.260468	-116.272	-116.011
BLOCK09/SES099/SA099S26	SES099	0.733406	-113.491	-114.225
BLOCK09/SES099/SA099S29	SES099	0.574638	-113.997	-114.572
BLOCK10/SES101/SA101S11	SES101	-0.204765	-110.914	-110.709
BLOCK10/SES101/SA101S13	SES101	0.221703	-114.554	-114.776
BLOCK10/SES101/SA101S22	SES101	-0.696198	-109.722	-109.026
BLOCK10/SES101/SA101S24	SES101	0.456116	-111.043	-111.499
BLOCK10/SES101/SA101S28	SES101	-2.18864	-114.507	-112.319
BLOCK10/SES104/SA104S11	SES104	0.870064	-106.055	-106.926
BLOCK10/SES104/SA104S12	SES104	0.987778	-110.453	-111.441
BLOCK10/SES104/SA104S21	SES104	0.365067	-113.004	-113.369
BLOCK10/SES104/SA104S24	SES104	0.263283	-112.041	-112.304
BLOCK10/SES104/SA104S28	SES104	0.167709	-106.781	-106.949
BLOCK10/SES105/SA105S12	SES105	-0.319794	-116.429	-116.109
BLOCK10/SES105/SA105S13	SES105	0.374657	-117.633	-118.007
BLOCK10/SES105/SA105S22	SES105	0.0387039	-120.183	-120.222
BLOCK10/SES105/SA105S26	SES105	0.726761	-116.251	-116.978
BLOCK10/SES105/SA105S29	SES105	-0.0537643	-116.871	-116.817
BLOCK10/SES106/SA106S09	SES106	-0.0344925	-113.586	-113.552
BLOCK10/SES106/SA106S11	SES106	-0.323242	-112.134	-111.811
BLOCK10/SES106/SA106S22	SES106	1.62857	-106.163	-107.791
BLOCK10/SES106/SA106S27	SES106	0.651367	-112.714	-113.366
BLOCK10/SES106/SA106S29	SES106	0.0906143	-113.811	-113.901
BLOCK11/SES117/SA117S12	SES117	-1.36084	-115.816	-114.455
BLOCK11/SES117/SA117S13	SES117	-1.64097	-113.78	-112.139
BLOCK11/SES117/SA117S23	SES117	1.00351	-115.735	-116.739
BLOCK11/SES117/SA117S25	SES117	0.398392	-115.363	-115.762
BLOCK11/SES117/SA117S28	SES117	-0.0405197	-114.389	-114.348
BLOCK12/SES120/SA120S08	SES120	-0.112038	-116.095	-115.983
BLOCK12/SES120/SA120S11	SES120	-0.114243	-114.47	-114.356
BLOCK12/SES120/SA120S22	SES120	-0.900856	-115.018	-114.117
BLOCK12/SES120/SA120S24	SES120	-0.399506	-109.699	-109.299
BLOCK12/SES120/SA120S28	SES120	-0.358078	-115.909	-115.551
BLOCK12/SES125/SA125S13	SES125	0.866211	-109.54	-110.407
BLOCK12/SES125/SA125S14	SES125	0.111656	-112.455	-112.566
BLOCK12/SES125/SA125S25	SES125	0.964935	-110.819	-111.784
BLOCK12/SES125/SA125S27	SES125	0.964783	-109.878	-110.842
BLOCK12/SES125/SA125S29	SES125	1.41637	-110.169	-111.585
BLOCK12/SES127/SA127S11	SES127	-0.783302	-112.397	-111.614
BLOCK12/SES127/SA127S12	SES127	-1.21774	-113.318	-112.1
BLOCK12/SES127/SA127S23	SES127	-0.159569	-113.393	-113.233
BLOCK12/SES127/SA127S25	SES127	-2.23316	-116.251	-114.017
BLOCK12/SES127/SA127S27	SES127	-0.552559	-111.339	-110.787
BLOCK12/SES129/SA129S11	SES129	0.684006	-113.333	-114.017
BLOCK12/SES129/SA129S12	SES129	0.999733	-111.693	-112.693
BLOCK12/SES129/SA129S22	SES129	-0.274002	-112.561	-112.287
BLOCK12/SES129/SA129S27	SES129	0.927147	-113.403	-114.331
BLOCK12/SES129/SA129S29	SES129	0.963783	-110.794	-111.757
BLOCK14/SES142/SA142S11	SES142	2.7928	-110.812	-113.605
BLOCK14/SES142/SA142S12	SES142	0.442184	-112.111	-112.553
BLOCK14/SES142/SA142S24	SES142	2.27695	-108.662	-110.939
BLOCK14/SES142/SA142S27	SES142	2.41975	-111.459	-113.879
BLOCK14/SES142/SA142S29	SES142	2.58384	-108.151	-110.735
BLOCK14/SES143/SA143S12	SES143	-0.280869	-116.834	-116.553
BLOCK14/SES143/SA143S13	SES143	-0.213371	-115.004	-114.791
BLOCK14/SES143/SA143S23	SES143	-0.0128937	-115.098	-115.085
BLOCK14/SES143/SA143S25	SES143	-0.402031	-114.486	-114.084
BLOCK14/SES143/SA143S28	SES143	-0.367577	-112.057	-111.69
BLOCK14/SES144/SA144S09	SES144	-0.274002	-113.283	-113.009
BLOCK14/SES144/SA144S11	SES144	0.11618	-116.083	-116.199
BLOCK14/SES144/SA144S21	SES144	-1.38785	-116.03	-114.643
BLOCK14/SES144/SA144S25	SES144	-0.421432	-116.915	-116.494
BLOCK14/SES144/SA144S29	SES144	-0.845917	-116.408	-115.562
BLOCK14/SES146/SA146S14	SES146	-0.22345	-119.975	-119.751
BLOCK14/SES146/SA146S15	SES146	-0.644974	-116.698	-116.053
BLOCK14/SES146/SA146S24	SES146	-0.645309	-114.023	-113.377
BLOCK14/SES146/SA146S26	SES146	-0.473511	-115.808	-115.334
BLOCK14/SES146/SA146S29	SES146	-0.402542	-113.772	-113.369
BLOCK14/SES147/SA147S11	SES147	0.718208	-112.148	-112.866
BLOCK14/SES147/SA147S13	SES147	1.18652	-110.435	-111.622
BLOCK14/SES147/SA147S23	SES147	-0.19223	-114.312	-114.119
BLOCK14/SES147/SA147S26	SES147	-0.13578	-116.532	-116.396
BLOCK14/SES147/SA147S28	SES147	0.763802	-112	-112.763
BLOCK14/SES148/SA148S10	SES148	0.144844	-116.335	-116.48
BLOCK14/SES148/SA148S12	SES148	-0.512886	-115.21	-114.698
BLOCK14/SES148/SA148S22	SES148	-0.173065	-114.464	-114.291
BLOCK14/SES148/SA148S26	SES148	-0.225113	-115.601	-115.376
BLOCK14/SES148/SA148S29	SES148	-0.319878	-118.253	-117.934
BLOCK14/SES149/SA149S13	SES149	-1.17271	-112.995	-111.822
BLOCK14/SES149/SA149S14	SES149	-0.130272	-113.045	-112.915
BLOCK14/SES149/SA149S24	SES149	0.63446	-110.712	-111.346
BLOCK14/SES149/SA149S26	SES149	1.11675	-110.513	-111.63
BLOCK14/SES149/SA149S28	SES149	2.05798	-105.344	-107.402
BLOCK15/SES158/SA158S13	SES158	-0.0838089	-114.295	-114.211
BLOCK15/SES158/SA158S14	SES158	0.553673	-110.736	-111.289
BLOCK15/SES158/SA158S23	SES158	-0.18512	-112.651	-112.466
BLOCK15/SES158/SA158S26	SES158	0.917892	-111.237	-112.155
BLOCK15/SES158/SA158S28	SES158	-0.325005	-114.452	-114.127
BLOCK16/SES162/SA162S10	SES162	-0.32019	-116.105	-115.785
BLOCK16/SES162/SA162S11	SES162	0.216583	-116.338	-116.555
BLOCK16/SES162/SA162S21	SES162	0.640274	-113.654	-114.295
BLOCK16/SES162/SA162S24	SES162	0.189461	-113.165	-113.354
BLOCK16/SES162/SA162S27	SES162	0.332825	-114.999	-115.331
BLOCK16/SES167/SA167S14	SES167	0.370132	-108.73	-109.101
BLOCK16/SES167/SA167S15	SES167	0.485146	-113.274	-113.76
BLOCK16/SES167/SA167S21	SES167	0.506966	-110.488	-110.995
BLOCK16/SES167/SA167S25	SES167	0.227699	-112.805	-113.033
BLOCK16/SES167/SA167S29	SES167	1.83308	-108.139	-109.972
BLOCK17/SES172/SA172S12	SES172	-0.247185	-112.07	-111.823
BLOCK17/SES172/SA172S13	SES172	0.70462	-113.708	-114.413
BLOCK17/SES172/SA172S23	SES172	-0.954834	-109.299	-108.344
BLOCK17/SES172/SA172S27	SES172	0.197433	-112.937	-113.135
BLOCK17/SES172/SA172S29	SES172	0.457794	-111.889	-112.347
BLOCK17/SES175/SA175S11	SES175	0.092865	-115.127	-115.22
BLOCK17/SES175/SA175S13	SES175	-0.27758	-116.922	-116.644
BLOCK17/SES175/SA175S23	SES175	0.591858	-115.2	-115.792
BLOCK17/SES175/SA175S25	SES175	-0.471809	-118.453	-117.981
BLOCK17/SES175/SA175S28	SES175	0.0760727	-113.345	-113.421
BLOCK17/SES177/SA177S15	SES177	-0.809326	-115.754	-114.945
BLOCK17/SES177/SA177S17	SES177	0.068367	-116.735	-116.803
BLOCK17/SES177/SA177S23	SES177	-0.927544	-115.478	-114.55
BLOCK17/SES177/SA177S26	SES177	-0.467484	-114.093	-113.625
BLOCK17/SES177/SA177S28	SES177	-0.447266	-113.538	-113.09
BLOCK18/SES180/SA180S13	SES180	-0.882477	-112.211	-111.329
BLOCK18/SES180/SA180S15	SES180	0.125145	-112.862	-112.987
BLOCK18/SES180/SA180S24	SES180	0.175682	-110.035	-110.211
BLOCK18/SES180/SA180S26	SES180	0.490829	-111.455	-111.946
BLOCK18/SES180/SA180S29	SES180	-0.129158	-112.525	-112.396
BLOCK18/SES183/SA183S13	SES183	0.212395	-117.291	-117.503
BLOCK18/SES183/SA183S14	SES183	-1.43658	-117.321	-115.885
BLOCK18/SES183/SA183S24	SES183	0.434258	-115.561	-115.995
BLOCK18/SES183/SA183S27	SES183	0.531456	-114.683	-115.215
BLOCK18/SES183/SA183S29	SES183	-0.00358582	-114.892	-114.888
BLOCK18/SES187/SA187S13	SES187	-0.531654	-115.892	-115.361
BLOCK18/SES187/SA187S14	SES187	-0.0395813	-116.729	-116.689
BLOCK18/SES187/SA187S24	SES187	-0.0102615	-111.478	-111.467
BLOCK18/SES187/SA187S27	SES187	0.813461	-114.731	-115.544
BLOCK18/SES187/SA187S29	SES187	-0.0977097	-112.974	-112.877
BLOCK18/SES189/SA189S10	SES189	0.509041	-121.469	-121.978
BLOCK18/SES189/SA189S13	SES189	1.3875	-120.363	-121.751
BLOCK18/SES189/SA189S24	SES189	2.00291	-120.329	-122.332
BLOCK18/SES189/SA189S26	SES189	0.0764694	-121.565	-121.642
BLOCK18/SES189/SA189S29	SES189	1.0993	-118.495	-119.595
BLOCK20/SES202/SA202S12	SES202	1.5468	-113.167	-114.714
BLOCK20/SES202/SA202S14	SES202	3.09277	-108.901	-111.994
BLOCK20/SES202/SA202S24	SES202	0.924446	-113.734	-114.659
BLOCK20/SES202/SA202S27	SES202	1.53035	-109.739	-111.269
BLOCK20/SES202/SA202S29	SES202	1.96248	-104.636	-106.599
BLOCK20/SES206/SA206S15	SES206	-1.50087	-114.031	-112.531
BLOCK20/SES206/SA206S17	SES206	0.90905	-108.926	-109.835
BLOCK20/SES206/SA206S24	SES206	0.967148	-109.897	-110.864
BLOCK20/SES206/SA206S27	SES206	0.886108	-111.735	-112.621
BLOCK20/SES206/SA206S29	SES206	0.588089	-110.303	-110.891
BLOCK22/SES226/SA226S12	SES226	-0.18029	-112.331	-112.15
BLOCK22/SES226/SA226S13	SES226	-1.45963	-116.766	-115.306
BLOCK22/SES226/SA226S20	SES226	-0.0514526	-113.694	-113.642
BLOCK22/SES226/SA226S23	SES226	0.768456	-116.195	-116.964
BLOCK22/SES226/SA226S28	SES226	0.598831	-110.753	-111.352
BLOCK25/SES259/SA259S13	SES259	2.22532	-110.042	-112.268
BLOCK25/SES259/SA259S14	SES259	1.35624	-116.1	-117.456
BLOCK25/SES259/SA259S22	SES259	1.0445	-115.657	-116.701
BLOCK25/SES259/SA259S24	SES259	1.47613	-108.387	-109.863
BLOCK25/SES259/SA259S28	SES259	0.852554	-114.696	-115.548
BLOCK27/SES270/SA270S14	SES270	1.09504	-115.754	-116.849
BLOCK27/SES270/SA270S16	SES270	-0.27523	-115.603	-115.328
BLOCK27/SES270/SA270S22	SES270	1.90276	-114.265	-116.168
BLOCK27/SES270/SA270S26	SES270	-0.0845718	-114.241	-114.157
BLOCK27/SES270/SA270S28	SES270	-0.125717	-113.991	-113.865
BLOCK27/SES275/SA275S17	SES275	1.06477	-116.394	-117.458
BLOCK27/SES275/SA275S18	SES275	-1.03644	-113.633	-112.597
BLOCK27/SES275/SA275S24	SES275	0.388847	-119.049	-119.438
BLOCK27/SES275/SA275S26	SES275	0.465385	-116.584	-117.049
BLOCK27/SES275/SA275S28	SES275	-0.389061	-116.855	-116.465
BLOCK29/SES292/SA292S10	SES292	-1.08568	-111.939	-110.854
BLOCK29/SES292/SA292S12	SES292	-1.6448	-117.359	-115.714
BLOCK29/SES292/SA292S22	SES292	0.0377426	-115.402	-115.44
BLOCK29/SES292/SA292S24	SES292	-1.21427	-117.692	-116.478
BLOCK29/SES292/SA292S27	SES292	-1.08038	-114.604	-113.523
BLOCK00/SES001/SA001S14	SES062	-3.5263	-119.898	-116.371
BLOCK00/SES001/SA001S14	SES082	-3.47408	-119.845	-116.371
BLOCK00/SES001/SA001S14	SES106	-3.81739	-120.189	-116.371
BLOCK00/SES001/SA001S14	SES206	-3.94057	-120.312	-116.371
BLOCK00/SES001/SA001S15	SES062	-4.23804	-115.691	-111.453
BLOCK00/SES001/SA001S15	SES104	-3.82389	-115.277	-111.453
BLOCK00/SES001/SA001S15	SES106	-3.84195	-115.295	-111.453
BLOCK00/SES001/SA001S15	SES206	-3.57825	-115.031	-111.453
BLOCK00/SES001/SA001S24	SES062	-4.69774	-117.429	-112.732
BLOCK00/SES001/SA001S24	SES082	-3.3489	-116.08	-112.732
BLOCK00/SES001/SA001S24	SES087	-5.51532	-118.247	-112.732
BLOCK00/SES001/SA001S24	SES206	-3.51523	-116.247	-112.732
BLOCK00/SES001/SA001S27	SES062	-2.90266	-121.151	-118.248
BLOCK00/SES001/SA001S27	SES082	-3.51708	-121.765	-118.248
BLOCK00/SES001/SA001S27	SES087	-3.36684	-121.615	-118.248
BLOCK00/SES001/SA001S27	SES206	-4.01823	-122.266	-118.248
BLOCK00/SES001/SA001S29	SES062	-3.70974	-120.921	-117.212
BLOCK00/SES001/SA001S29	SES082	-3.28806	-120.5	-117.212
BLOCK00/SES001/SA001S29	SES158	-3.42801	-120.64	-117.212
BLOCK00/SES001/SA001S29	SES206	-3.99541	-121.207	-117.212
BLOCK00/SES003/SA003S11	SES002	-2.25041	-115.784	-113.534
BLOCK00/SES003/SA003S11	SES019	-3.82237	-117.356	-113.534
BLOCK00/SES003/SA003S11	SES082	-2.09304	-115.627	-113.534
BLOCK00/SES003/SA003S11	SES125	-2.96865	-116.502	-113.534
BLOCK00/SES003/SA003S15	SES016	-5.81594	-118.663	-112.847
BLOCK00/SES003/SA003S15	SES019	-3.36467	-116.212	-112.847
BLOCK00/SES003/SA003S15	SES062	-4.72495	-117.572	-112.847
BLOCK00/SES003/SA003S15	SES206	-2.32179	-115.169	-112.847
BLOCK00/SES003/SA003S22	SES002	-2.97179	-114.602	-111.63
BLOCK00/SES003/SA003S22	SES062	-2.74323	-114.374	-111.63
BLOCK00/SES003/SA003S22	SES082	-2.93047	-114.561	-111.63
BLOCK00/SES003/SA003S22	SES087	-4.75127	-116.382	-111.63
BLOCK00/SES003/SA003S25	SES062	-5.3361	-119.141	-113.805
BLOCK00/SES003/SA003S25	SES082	-1.87179	-115.677	-113.805
BLOCK00/SES003/SA003S25	SES087	-4.51675	-118.322	-113.805
BLOCK00/SES003/SA003S25	SES206	-3.03664	-116.842	-113.805
BLOCK00/SES003/SA003S29	SES002	-3.21207	-116.081	-112.869
BLOCK00/SES003/SA003S29	SES062	-3.92085	-116.79	-112.869
BLOCK00/SES003/SA003S29	SES082	-2.25062	-115.12	-112.869
BLOCK00/SES003/SA003S29	SES087	-3.04583	-115.915	-112.869
BLOCK00/SES004/SA004S12	SES083	-4.01922	-118.903	-114.884
BLOCK00/SES004/SA004S12	SES148	-4.16998	-119.054	-114.884
BLOCK00/SES004/SA004S12	SES172	-3.56022	-118.444	-114.884
BLOCK00/SES004/SA004S12	SES292	-4.6504	-119.534	-114.884
BLOCK00/SES004/SA004S17	SES083	-3.24918	-122.005	-118.756
BLOCK00/SES004/SA004S17	SES162	-2.73476	-121.491	-118.756
BLOCK00/SES004/SA004S17	SES172	-2.61751	-121.373	-118.756
BLOCK00/SES004/SA004S17	SES292	-3.32864	-122.085	-118.756
BLOCK00/SES004/SA004S24	SES083	-3.28785	-119.517	-116.229
BLOCK00/SES004/SA004S24	SES148	-3.76469	-119.994	-116.229
BLOCK00/SES004/SA004S24	SES172	-2.93203	-119.161	-116.229
BLOCK00/SES004/SA004S24	SES292	-3.64512	-119.874	-116.229
BLOCK00/SES004/SA004S26	SES083	-2.8558	-116.034	-113.178
BLOCK00/SES004/SA004S26	SES127	-3.24746	-116.426	-113.178
BLOCK00/SES004/SA004S26	SES148	-4.56683	-117.745	-113.178
BLOCK00/SES004/SA004S26	SES292	-3.89556	-117.074	-113.178
BLOCK00/SES004/SA004S28	SES083	-3.33852	-114.229	-110.89
BLOCK00/SES004/SA004S28	SES127	-3.88754	-114.778	-110.89
BLOCK00/SES004/SA004S28	SES187	-2.94971	-113.84	-110.89
BLOCK00/SES004/SA004S28	SES292	-4.51376	-115.404	-110.89
BLOCK00/SES006/SA006S10	SES014	-3.9194	-118.047	-114.127
BLOCK00/SES006/SA006S10	SES158	-2.23993	-116.367	-114.127
BLOCK00/SES006/SA006S10	SES226	-4.96558	-119.093	-114.127
BLOCK00/SES006/SA006S10	SES270	-2.08009	-116.207	-114.127
BLOCK00/SES006/SA006S11	SES158	-1.99023	-117.702	-115.711
BLOCK00/SES006/SA006S11	SES226	-3.71027	-119.422	-115.711
BLOCK00/SES006/SA006S11	SES270	-1.73274	-117.444	-115.711
BLOCK00/SES006/SA006S11	SES275	-4.60847	-120.32	-115.711
BLOCK00/SES006/SA006S23	SES062	-4.94032	-118.172	-113.232
BLOCK00/SES006/SA006S23	SES105	-5.26545	-118.498	-113.232
BLOCK00/SES006/SA006S23	SES158	-2.065	-115.297	-113.232
BLOCK00/SES006/SA006S23	SES275	-4.89011	-118.122	-113.232
BLOCK00/SES006/SA006S26	SES104	-4.05911	-118.493	-114.434
BLOCK00/SES006/SA006S26	SES158	-1.54693	-115.981	-114.434
BLOCK00/SES006/SA006S26	SES270	-1.13317	-115.567	-114.434
BLOCK00/SES006/SA006S26	SES275	-4.87646	-119.311	-114.434
BLOCK00/SES006/SA006S28	SES007	-3.90019	-121.252	-117.352
BLOCK00/SES006/SA006S28	SES105	-4.92812	-122.28	-117.352
BLOCK00/SES006/SA006S28	SES158	-2.18327	-119.535	-117.352
BLOCK00/SES006/SA006S28	SES275	-4.74078	-122.092	-117.352
BLOCK00/SES009/SA009S12	SES083	-3.22484	-112.137	-108.912
BLOCK00/SES009/SA009S12	SES148	-3.45667	-112.369	-108.912
BLOCK00/SES009/SA009S12	SES177	-3.28397	-112.196	-108.912
BLOCK00/SES009/SA009S12	SES292	-2.99986	-111.912	-108.912
BLOCK00/SES009/SA009S15	SES007	-0.148087	-104.894	-104.746
BLOCK00/SES009/SA009S15	SES099	-6.95496	-111.701	-104.746
BLOCK00/SES009/SA009S15	SES148	-4.40497	-109.151	-104.746
BLOCK00/SES009/SA009S15	SES172	-3.5049	-108.251	-104.746
BLOCK00/SES009/SA009S24	SES146	-3.16325	-111.325	-108.162
BLOCK00/SES009/SA009S24	SES148	-3.55285	-111.714	-108.162
BLOCK00/SES009/SA009S24	SES177	-3.82585	-111.987	-108.162
BLOCK00/SES009/SA009S24	SES292	-2.9657	-111.127	-108.162
BLOCK00/SES009/SA009S26	SES083	-3.17838	-115.909	-112.731
BLOCK00/SES009/SA009S26	SES101	-2.77486	-115.505	-112.731
BLOCK00/SES009/SA009S26	SES120	-2.55232	-115.283	-112.731
BLOCK00/SES009/SA009S26	SES177	-3.67728	-116.408	-112.731
BLOCK00/SES009/SA009S29	SES083	-2.7928	-111.827	-109.035
BLOCK00/SES009/SA009S29	SES101	-2.31082	-111.345	-109.035
BLOCK00/SES009/SA009S29	SES177	-2.95014	-111.985	-109.035
BLOCK00/SES009/SA009S29	SES292	-2.4097	-111.444	-109.035
BLOCK01/SES011/SA011S10	SES019	-3.39914	-113.393	-109.993
BLOCK01/SES011/SA011S10	SES042	-0.70842	-110.702	-109.993
BLOCK01/SES011/SA011S10	SES082	-2.94409	-112.938	-109.993
BLOCK01/SES011/SA011S10	SES206	-1.66141	-111.655	-109.993
BLOCK01/SES011/SA011S11	SES019	-1.67084	-117.125	-115.454
BLOCK01/SES011/SA011S11	SES042	-1.00372	-116.458	-115.454
BLOCK01/SES011/SA011S11	SES082	-2.10677	-117.561	-115.454
BLOCK01/SES011/SA011S11	SES206	-1.48429	-116.939	-115.454
BLOCK01/SES011/SA011S22	SES019	-3.02973	-114.636	-111.606
BLOCK01/SES011/SA011S22	SES042	-0.334763	-111.941	-111.606
BLOCK01/SES011/SA011S22	SES082	-2.64784	-114.254	-111.606
BLOCK01/SES011/SA011S22	SES206	-1.64777	-113.254	-111.606
BLOCK01/SES011/SA011S24	SES019	-3.72705	-113.818	-110.091
BLOCK01/SES011/SA011S24	SES042	-1.18609	-111.277	-110.091
BLOCK01/SES011/SA011S24	SES104	-2.74994	-112.841	-110.091
BLOCK01/SES011/SA011S24	SES206	-1.15899	-111.25	-110.091
BLOCK01/SES011/SA011S27	SES082	-1.2412	-112.296	-111.055
BLOCK01/SES011/SA011S27	SES087	-3.46236	-114.518	-111.055
BLOCK01/SES011/SA011S27	SES125	-1.79282	-112.848	-111.055
BLOCK01/SES011/SA011S27	SES206	-2.02769	-113.083	-111.055
BLOCK01/SES012/SA012S11	SES007	-3.97483	-118.062	-114.087
BLOCK01/SES012/SA012S11	SES082	-2.63065	-116.718	-114.087
BLOCK01/SES012/SA012S11	SES083	-4.59129	-118.679	-114.087
BLOCK01/SES012/SA012S11	SES206	-2.14149	-116.229	-114.087
BLOCK01/SES012/SA012S14	SES082	-2.13985	-118.077	-115.938
BLOCK01/SES012/SA012S14	SES087	-2.55811	-118.496	-115.938
BLOCK01/SES012/SA012S14	SES206	-1.97434	-117.912	-115.938
BLOCK01/SES012/SA012S14	SES292	-4.98676	-120.924	-115.938
BLOCK01/SES012/SA012S24	SES082	-0.721054	-117.201	-116.48
BLOCK01/SES012/SA012S24	SES087	-2.24803	-118.728	-116.48
BLOCK01/SES012/SA012S24	SES120	-5.48334	-121.963	-116.48
BLOCK01/SES012/SA012S24	SES206	-1.38165	-117.861	-116.48
BLOCK01/SES012/SA012S26	SES019	-4.56104	-120.841	-116.28
BLOCK01/SES012/SA012S26	SES082	-2.59132	-118.872	-116.28
BLOCK01/SES012/SA012S26	SES206	-1.35624	-117.636	-116.28
BLOCK01/SES012/SA012S26	SES292	-4.94323	-121.223	-116.28
BLOCK01/SES012/SA012S29	SES062	-3.94075	-118.353	-114.412
BLOCK01/SES012/SA012S29	SES082	-2.51337	-116.925	-114.412
BLOCK01/SES012/SA012S29	SES083	-4.74357	-119.155	-114.412
BLOCK01/SES012/SA012S29	SES206	-2.04915	-116.461	-114.412
BLOCK01/SES013/SA013S16	SES062	-6.64457	-115.569	-108.924
BLOCK01/SES013/SA013S16	SES106	-1.40362	-110.328	-108.924
BLOCK01/SES013/SA013S16	SES206	-1.94669	-110.871	-108.924
BLOCK01/SES013/SA013S16	SES226	-1.82143	-110.745	-108.924
BLOCK01/SES013/SA013S17	SES062	-6.05105	-115.656	-109.605
BLOCK01/SES013/SA013S17	SES106	-3.03096	-112.636	-109.605
BLOCK01/SES013/SA013S17	SES206	-1.45876	-111.063	-109.605
BLOCK01/SES013/SA013S17	SES226	-2.02119	-111.626	-109.605
BLOCK01/SES013/SA013S23	SES104	-3.01043	-113.461	-110.45
BLOCK01/SES013/SA013S23	SES106	-1.47662	-111.927	-110.45
BLOCK01/SES013/SA013S23	SES206	-2.93336	-113.384	-110.45
BLOCK01/SES013/SA013S23	SES270	-3.03314	-113.483	-110.45
BLOCK01/SES013/SA013S25	SES042	-2.89498	-111.3	-108.405
BLOCK01/SES013/SA013S25	SES104	-2.66532	-111.07	-108.405
BLOCK01/SES013/SA013S25	SES106	-1.85196	-110.257	-108.405
BLOCK01/SES013/SA013S25	SES206	-2.29411	-110.699	-108.405
BLOCK01/SES013/SA013S29	SES062	-6.84504	-114.346	-107.501
BLOCK01/SES013/SA013S29	SES104	-2.94427	-110.445	-107.501
BLOCK01/SES013/SA013S29	SES106	-2.08279	-109.584	-107.501
BLOCK01/SES013/SA013S29	SES206	-2.55535	-110.056	-107.501
BLOCK02/SES021/SA021S13	SES016	-5.89768	-114.164	-108.267
BLOCK02/SES021/SA021S13	SES029	-5.03345	-113.3	-108.267
BLOCK02/SES021/SA021S13	SES087	-4.03738	-112.304	-108.267
BLOCK02/SES021/SA021S13	SES206	-1.40237	-109.669	-108.267
BLOCK02/SES021/SA021S15	SES087	-3.68458	-109.955	-106.271
BLOCK02/SES021/SA021S15	SES125	-0.696129	-106.967	-106.271
BLOCK02/SES021/SA021S15	SES206	-1.07021	-107.341	-106.271
BLOCK02/SES021/SA021S15	SES226	-2.33975	-108.611	-106.271
BLOCK02/SES021/SA021S23	SES062	-5.77705	-118.038	-112.261
BLOCK02/SES021/SA021S23	SES087	-3.57716	-115.838	-112.261
BLOCK02/SES021/SA021S23	SES206	-2.88702	-115.148	-112.261
BLOCK02/SES021/SA021S23	SES226	-2.77879	-115.039	-112.261
BLOCK02/SES021/SA021S27	SES002	-2.33411	-116.405	-114.071
BLOCK02/SES021/SA021S27	SES016	-5.80255	-119.873	-114.071
BLOCK02/SES021/SA021S27	SES019	-3.39988	-117.471	-114.071
BLOCK02/SES021/SA021S27	SES062	-3.49565	-117.566	-114.071
BLOCK02/SES021/SA021S29	SES087	-4.2028	-111.735	-107.532
BLOCK02/SES021/SA021S29	SES125	-1.29119	-108.823	-107.532
BLOCK02/SES021/SA021S29	SES206	-1.39425	-108.926	-107.532
BLOCK02/SES021/SA021S29	SES226	-3.05088	-110.583	-107.532
BLOCK04/SES043/SA043S09	SES083	-3.43655	-119.954	-116.518
BLOCK04/SES043/SA043S09	SES101	-4.82426	-121.342	-116.518
BLOCK04/SES043/SA043S09	SES144	-2.27132	-118.789	-116.518
BLOCK04/SES043/SA043S09	SES172	-5.14608	-121.664	-116.518
BLOCK04/SES043/SA043S11	SES083	-3.02976	-118.417	-115.387
BLOCK04/SES043/SA043S11	SES101	-3.72329	-119.11	-115.387
BLOCK04/SES043/SA043S11	SES144	-2.26695	-117.654	-115.387
BLOCK04/SES043/SA043S11	SES172	-2.84482	-118.232	-115.387
BLOCK04/SES043/SA043S23	SES083	-1.746	-113.044	-111.298
BLOCK04/SES043/SA043S23	SES144	-1.8039	-113.102	-111.298
BLOCK04/SES043/SA043S23	SES177	-3.93854	-115.236	-111.298
BLOCK04/SES043/SA043S23	SES275	-2.67728	-113.975	-111.298
BLOCK04/SES043/SA043S26	SES083	-2.1203	-116.851	-114.731
BLOCK04/SES043/SA043S26	SES101	-3.00087	-117.732	-114.731
BLOCK04/SES043/SA043S26	SES144	-1.71594	-116.447	-114.731
BLOCK04/SES043/SA043S26	SES177	-3.71759	-118.448	-114.731
BLOCK04/SES043/SA043S28	SES016	-2.94904	-117.315	-114.366
BLOCK04/SES043/SA043S28	SES083	-2.18282	-116.549	-114.366
BLOCK04/SES043/SA043S28	SES101	-2.47336	-116.839	-114.366
BLOCK04/SES043/SA043S28	SES144	-2.62172	-116.988	-114.366
BLOCK04/SES044/SA044S10	SES127	-3.9117	-119.289	-115.377
BLOCK04/SES044/SA044S10	SES144	-1.94818	-117.326	-115.377
BLOCK04/SES044/SA044S10	SES147	-4.33414	-119.712	-115.377
BLOCK04/SES044/SA044S10	SES148	-3.88799	-119.265	-115.377
BLOCK04/SES044/SA044S11	SES101	-3.1823	-117.567	-114.385
BLOCK04/SES044/SA044S11	SES144	-1.39494	-115.78	-114.385
BLOCK04/SES044/SA044S11	SES147	-3.73199	-118.117	-114.385
BLOCK04/SES044/SA044S11	SES177	-3.03203	-117.417	-114.385
BLOCK04/SES044/SA044S24	SES007	-2.91642	-115.567	-112.651
BLOCK04/SES044/SA044S24	SES101	-3.27058	-115.921	-112.651
BLOCK04/SES044/SA044S24	SES147	-3.80655	-116.457	-112.651
BLOCK04/SES044/SA044S24	SES177	-3.4946	-116.145	-112.651
BLOCK04/SES044/SA044S26	SES007	-2.89926	-120.073	-117.173
BLOCK04/SES044/SA044S26	SES016	-2.84389	-120.017	-117.173
BLOCK04/SES044/SA044S26	SES101	-3.25208	-120.425	-117.173
BLOCK04/SES044/SA044S26	SES147	-2.59029	-119.764	-117.173
BLOCK04/SES044/SA044S29	SES007	-3.76732	-116.281	-112.513
BLOCK04/SES044/SA044S29	SES101	-2.06396	-114.577	-112.513
BLOCK04/SES044/SA044S29	SES147	-3.53226	-116.046	-112.513
BLOCK04/SES044/SA044S29	SES177	-3.86272	-116.376	-112.513
BLOCK04/SES046/SA046S13	SES101	-4.52777	-118.462	-113.934
BLOCK04/SES046/SA046S13	SES144	-2.85658	-116.791	-113.934
BLOCK04/SES046/SA046S13	SES147	-3.04039	-116.975	-113.934
BLOCK04/SES046/SA046S13	SES177	-2.51474	-116.449	-113.934
BLOCK04/SES046/SA046S15	SES048	-4.83855	-122.777	-117.939
BLOCK04/SES046/SA046S15	SES083	-3.18093	-121.12	-117.939
BLOCK04/SES046/SA046S15	SES120	-4.75706	-122.696	-117.939
BLOCK04/SES046/SA046S15	SES148	-2.6233	-120.562	-117.939
BLOCK04/SES046/SA046S22	SES101	-3.19019	-117.512	-114.322
BLOCK04/SES046/SA046S22	SES144	-2.82063	-117.142	-114.322
BLOCK04/SES046/SA046S22	SES147	-3.11564	-117.437	-114.322
BLOCK04/SES046/SA046S22	SES172	-3.15733	-117.479	-114.322
BLOCK04/SES046/SA046S25	SES083	-2.53673	-120.532	-117.995
BLOCK04/SES046/SA046S25	SES127	-3.05231	-121.048	-117.995
BLOCK04/SES046/SA046S25	SES144	-3.11376	-121.109	-117.995
BLOCK04/SES046/SA046S25	SES148	-3.02928	-121.024	-117.995
BLOCK04/SES046/SA046S28	SES007	-3.77334	-122.848	-119.075
BLOCK04/SES046/SA046S28	SES105	-4.44865	-123.523	-119.075
BLOCK04/SES046/SA046S28	SES147	-3.82816	-122.903	-119.075
BLOCK04/SES046/SA046S28	SES148	-1.58965	-120.664	-119.075
BLOCK04/SES049/SA049S16	SES104	-2.32001	-120.426	-118.106
BLOCK04/SES049/SA049S16	SES106	-1.93602	-120.042	-118.106
BLOCK04/SES049/SA049S16	SES120	-4.55632	-122.663	-118.106
BLOCK04/SES049/SA049S16	SES206	-1.84778	-119.954	-118.106
BLOCK04/SES049/SA049S18	SES099	-1.62447	-123.618	-121.994
BLOCK04/SES049/SA049S18	SES104	-4.14279	-126.137	-121.994
BLOCK04/SES049/SA049S18	SES125	-3.88709	-125.881	-121.994
BLOCK04/SES049/SA049S18	SES206	-2.85606	-124.85	-121.994
BLOCK04/SES049/SA049S25	SES087	-2.72604	-117.912	-115.186
BLOCK04/SES049/SA049S25	SES104	-2.53019	-117.716	-115.186
BLOCK04/SES049/SA049S25	SES125	-3.31677	-118.503	-115.186
BLOCK04/SES049/SA049S25	SES206	-1.82029	-117.006	-115.186
BLOCK04/SES049/SA049S27	SES099	-1.8093	-119.155	-117.346
BLOCK04/SES049/SA049S27	SES104	-1.52821	-118.874	-117.346
BLOCK04/SES049/SA049S27	SES125	-2.27212	-119.618	-117.346
BLOCK04/SES049/SA049S27	SES206	-1.92919	-119.275	-117.346
BLOCK04/SES049/SA049S29	SES099	-2.24025	-115.829	-113.588
BLOCK04/SES049/SA049S29	SES104	-1.19497	-114.783	-113.588
BLOCK04/SES049/SA049S29	SES125	-2.12266	-115.711	-113.588
BLOCK04/SES049/SA049S29	SES206	-1.69652	-115.285	-113.588
BLOCK06/SES063/SA063S09	SES068	-3.30051	-115.404	-112.103
BLOCK06/SES063/SA063S09	SES083	-1.93581	-114.039	-112.103
BLOCK06/SES063/SA063S09	SES177	-1.89012	-113.993	-112.103
BLOCK06/SES063/SA063S09	SES187	-2.25092	-114.354	-112.103
BLOCK06/SES063/SA063S10	SES068	-2.22267	-116.516	-114.293
BLOCK06/SES063/SA063S10	SES083	-1.57629	-115.869	-114.293
BLOCK06/SES063/SA063S10	SES172	-1.0048	-115.298	-114.293
BLOCK06/SES063/SA063S10	SES187	-2.11938	-116.412	-114.293
BLOCK06/SES063/SA063S20	SES068	-3.43144	-114.724	-111.293
BLOCK06/SES063/SA063S20	SES083	-2.00523	-113.298	-111.293
BLOCK06/SES063/SA063S20	SES172	-2.7447	-114.037	-111.293
BLOCK06/SES063/SA063S20	SES187	-0.923416	-112.216	-111.293
BLOCK06/SES063/SA063S24	SES029	-2.90173	-111.636	-108.734
BLOCK06/SES063/SA063S24	SES083	-1.74303	-110.477	-108.734
BLOCK06/SES063/SA063S24	SES177	-0.887123	-109.621	-108.734
BLOCK06/SES063/SA063S24	SES189	-2.89552	-111.63	-108.734
BLOCK06/SES063/SA063S27	SES083	-2.08578	-115.301	-113.216
BLOCK06/SES063/SA063S27	SES172	-2.16715	-115.383	-113.216
BLOCK06/SES063/SA063S27	SES187	-2.36385	-115.579	-113.216
BLOCK06/SES063/SA063S27	SES292	-3.3082	-116.524	-113.216
BLOCK06/SES067/SA067S12	SES083	-3.46849	-115.862	-112.393
BLOCK06/SES067/SA067S12	SES172	-4.80917	-117.202	-112.393
BLOCK06/SES067/SA067S12	SES202	-1.26666	-113.66	-112.393
BLOCK06/SES067/SA067S12	SES292	-4.82912	-117.222	-112.393
BLOCK06/SES067/SA067S14	SES085	-3.37516	-118.469	-115.094
BLOCK06/SES067/SA067S14	SES177	-3.19559	-118.289	-115.094
BLOCK06/SES067/SA067S14	SES183	-3.68786	-118.782	-115.094
BLOCK06/SES067/SA067S14	SES202	-2.40871	-117.502	-115.094
BLOCK06/SES067/SA067S21	SES144	-3.33217	-117.841	-114.509
BLOCK06/SES067/SA067S21	SES177	-2.68574	-117.195	-114.509
BLOCK06/SES067/SA067S21	SES183	-4.48518	-118.994	-114.509
BLOCK06/SES067/SA067S21	SES189	-2.43227	-116.941	-114.509
BLOCK06/SES067/SA067S25	SES085	-2.62847	-117.153	-114.524
BLOCK06/SES067/SA067S25	SES177	-1.60643	-116.131	-114.524
BLOCK06/SES067/SA067S25	SES183	-3.1527	-117.677	-114.524
BLOCK06/SES067/SA067S25	SES202	-1.21497	-115.739	-114.524
BLOCK06/SES067/SA067S29	SES085	-3.58839	-113.729	-110.141
BLOCK06/SES067/SA067S29	SES177	-2.20133	-112.342	-110.141
BLOCK06/SES067/SA067S29	SES183	-3.05222	-113.193	-110.141
BLOCK06/SES067/SA067S29	SES202	-0.823555	-110.964	-110.141
BLOCK06/SES069/SA069S12	SES029	-4.65061	-119.14	-114.489
BLOCK06/SES069/SA069S12	SES082	-2.14378	-116.633	-114.489
BLOCK06/SES069/SA069S12	SES087	-3.4248	-117.914	-114.489
BLOCK06/SES069/SA069S12	SES206	-2.12381	-116.613	-114.489
BLOCK06/SES069/SA069S13	SES029	-5.58109	-122.341	-116.76
BLOCK06/SES069/SA069S13	SES087	-3.91158	-120.671	-116.76
BLOCK06/SES069/SA069S13	SES206	-4.1364	-120.896	-116.76
BLOCK06/SES069/SA069S13	SES226	-3.25065	-120.011	-116.76
BLOCK06/SES069/SA069S23	SES029	-4.39319	-112.199	-107.805
BLOCK06/SES069/SA069S23	SES087	-3.61123	-111.417	-107.805
BLOCK06/SES069/SA069S23	SES206	-2.79389	-110.599	-107.805
BLOCK06/SES069/SA069S23	SES226	-2.15008	-109.955	-107.805
BLOCK06/SES069/SA069S25	SES087	-3.49809	-114.035	-110.537
BLOCK06/SES069/SA069S25	SES206	-3.67755	-114.215	-110.537
BLOCK06/SES069/SA069S25	SES226	-2.24099	-112.778	-110.537
BLOCK06/SES069/SA069S25	SES270	-3.93586	-114.473	-110.537
BLOCK06/SES069/SA069S27	SES087	-3.70841	-115.568	-111.859
BLOCK06/SES069/SA069S27	SES206	-1.50658	-113.366	-111.859
BLOCK06/SES069/SA069S27	SES226	-1.60207	-113.461	-111.859
BLOCK06/SES069/SA069S27	SES270	-2.73183	-114.591	-111.859
BLOCK08/SES081/SA081S11	SES060	-3.54599	-116.526	-112.98
BLOCK08/SES081/SA081S11	SES062	-4.95169	-117.932	-112.98
BLOCK08/SES081/SA081S11	SES117	-3.51543	-116.495	-112.98
BLOCK08/SES081/SA081S11	SES162	-3.53912	-116.519	-112.98
BLOCK08/SES081/SA081S13	SES016	-2.01952	-115.103	-113.084
BLOCK08/SES081/SA081S13	SES060	-1.88778	-114.971	-113.084
BLOCK08/SES081/SA081S13	SES068	-2.25014	-115.334	-113.084
BLOCK08/SES081/SA081S13	SES129	-3.88583	-116.969	-113.084
BLOCK08/SES081/SA081S24	SES060	-2.54784	-118.11	-115.562
BLOCK08/SES081/SA081S24	SES068	-2.23581	-117.798	-115.562
BLOCK08/SES081/SA081S24	SES117	-3.65704	-119.219	-115.562
BLOCK08/SES081/SA081S24	SES275	-4.73224	-120.294	-115.562
BLOCK08/SES081/SA081S27	SES007	-3.42586	-115.222	-111.796
BLOCK08/SES081/SA081S27	SES060	-3.02728	-114.823	-111.796
BLOCK08/SES081/SA081S27	SES117	-2.40726	-114.203	-111.796
BLOCK08/SES081/SA081S27	SES275	-4.10463	-115.9	-111.796
BLOCK08/SES081/SA081S29	SES007	-3.52274	-113.525	-110.003
BLOCK08/SES081/SA081S29	SES060	-2.32436	-112.327	-110.003
BLOCK08/SES081/SA081S29	SES117	-3.02045	-113.023	-110.003
BLOCK08/SES081/SA081S29	SES275	-4.19878	-114.201	-110.003
BLOCK08/SES086/SA086S11	SES029	-6.84422	-126.314	-119.47
BLOCK08/SES086/SA086S11	SES082	-3.29188	-122.761	-119.47
BLOCK08/SES086/SA086S11	SES087	-1.48502	-120.955	-119.47
BLOCK08/SES086/SA086S11	SES206	-3.35303	-122.823	-119.47
BLOCK08/SES086/SA086S12	SES029	-5.99284	-125.339	-119.346
BLOCK08/SES086/SA086S12	SES082	-3.21127	-122.558	-119.346
BLOCK08/SES086/SA086S12	SES087	-0.581856	-119.928	-119.346
BLOCK08/SES086/SA086S12	SES206	-3.17406	-122.52	-119.346
BLOCK08/SES086/SA086S20	SES029	-6.79743	-123.021	-116.224
BLOCK08/SES086/SA086S20	SES082	-3.07107	-119.295	-116.224
BLOCK08/SES086/SA086S20	SES087	-0.429909	-116.653	-116.224
BLOCK08/SES086/SA086S20	SES206	-2.25111	-118.475	-116.224
BLOCK08/SES086/SA086S24	SES087	-0.527458	-116.72	-116.192
BLOCK08/SES086/SA086S24	SES104	-2.60445	-118.797	-116.192
BLOCK08/SES086/SA086S24	SES120	-4.76775	-120.96	-116.192
BLOCK08/SES086/SA086S24	SES206	-1.04932	-117.242	-116.192
BLOCK08/SES086/SA086S28	SES029	-5.01009	-123.759	-118.748
BLOCK08/SES086/SA086S28	SES082	-2.24757	-120.996	-118.748
BLOCK08/SES086/SA086S28	SES087	-0.786407	-119.535	-118.748
BLOCK08/SES086/SA086S28	SES206	-1.74074	-120.489	-118.748
BLOCK08/SES089/SA089S13	SES087	-3.27518	-113.99	-110.714
BLOCK08/SES089/SA089S13	SES206	-3.18026	-113.895	-110.714
BLOCK08/SES089/SA089S13	SES226	-3.70203	-114.416	-110.714
BLOCK08/SES089/SA089S13	SES270	-5.49793	-116.212	-110.714
BLOCK08/SES089/SA089S14	SES062	-3.96634	-115.635	-111.669
BLOCK08/SES089/SA089S14	SES087	-2.28214	-113.951	-111.669
BLOCK08/SES089/SA089S14	SES206	-2.1657	-113.835	-111.669
BLOCK08/SES089/SA089S14	SES226	-2.22459	-113.894	-111.669
BLOCK08/SES089/SA089S23	SES087	-3.40569	-111.898	-108.492
BLOCK08/SES089/SA089S23	SES206	-3.20117	-111.694	-108.492
BLOCK08/SES089/SA089S23	SES226	-3.53156	-112.024	-108.492
BLOCK08/SES089/SA089S23	SES270	-6.29704	-114.789	-108.492
BLOCK08/SES089/SA089S25	SES062	-4.8341	-112.414	-107.58
BLOCK08/SES089/SA089S25	SES087	-2.18127	-109.761	-107.58
BLOCK08/SES089/SA089S25	SES206	-2.96049	-110.541	-107.58
BLOCK08/SES089/SA089S25	SES226	-1.82204	-109.402	-107.58
BLOCK08/SES089/SA089S28	SES062	-3.67999	-117.47	-113.79
BLOCK08/SES089/SA089S28	SES087	-2.06074	-115.851	-113.79
BLOCK08/SES089/SA089S28	SES206	-1.74859	-115.539	-113.79
BLOCK08/SES089/SA089S28	SES226	-1.74209	-115.532	-113.79
BLOCK09/SES097/SA097S11	SES099	-2.19632	-114.581	-112.385
BLOCK09/SES097/SA097S11	SES125	-3.14626	-115.531	-112.385
BLOCK09/SES097/SA097S11	SES206	-2.56783	-114.953	-112.385
BLOCK09/SES097/SA097S11	SES226	-2.30952	-114.695	-112.385
BLOCK09/SES097/SA097S14	SES062	-4.15444	-116.941	-112.786
BLOCK09/SES097/SA097S14	SES099	-2.62737	-115.414	-112.786
BLOCK09/SES097/SA097S14	SES104	-2.89095	-115.677	-112.786
BLOCK09/SES097/SA097S14	SES206	-2.58858	-115.375	-112.786
BLOCK09/SES097/SA097S22	SES099	-1.97025	-116.628	-114.658
BLOCK09/SES097/SA097S22	SES206	-2.10461	-116.762	-114.658
BLOCK09/SES097/SA097S22	SES226	-2.70523	-117.363	-114.658
BLOCK09/SES097/SA097S22	SES270	-1.53938	-116.197	-114.658
BLOCK09/SES097/SA097S26	SES099	-2.67084	-109.428	-106.757
BLOCK09/SES097/SA097S26	SES120	-5.6394	-112.397	-106.757
BLOCK09/SES097/SA097S26	SES206	-2.42662	-109.184	-106.757
BLOCK09/SES097/SA097S26	SES226	-3.68294	-110.44	-106.757
BLOCK09/SES097/SA097S28	SES099	-2.12984	-116.713	-114.583
BLOCK09/SES097/SA097S28	SES120	-4.16324	-118.746	-114.583
BLOCK09/SES097/SA097S28	SES206	-3.05766	-117.64	-114.583
BLOCK09/SES097/SA097S28	SES226	-3.78364	-118.366	-114.583
BLOCK09/SES098/SA098S11	SES127	-4.22922	-122.046	-117.817
BLOCK09/SES098/SA098S11	SES144	-3.64137	-121.459	-117.817
BLOCK09/SES098/SA098S11	SES147	-2.48585	-120.303	-117.817
BLOCK09/SES098/SA098S11	SES148	-3.90231	-121.72	-117.817
BLOCK09/SES098/SA098S12	SES127	-6.03421	-122.866	-116.832
BLOCK09/SES098/SA098S12	SES144	-3.8838	-120.716	-116.832
BLOCK09/SES098/SA098S12	SES147	-2.99667	-119.829	-116.832
BLOCK09/SES098/SA098S12	SES189	-2.19637	-119.028	-116.832
BLOCK09/SES098/SA098S20	SES127	-6.58257	-119.847	-113.264
BLOCK09/SES098/SA098S20	SES147	-3.23725	-116.502	-113.264
BLOCK09/SES098/SA098S20	SES148	-6.27827	-119.543	-113.264
BLOCK09/SES098/SA098S20	SES292	-8.36204	-121.626	-113.264
BLOCK09/SES098/SA098S23	SES127	-3.9369	-117.598	-113.661
BLOCK09/SES098/SA098S23	SES147	-2.11288	-115.774	-113.661
BLOCK09/SES098/SA098S23	SES187	-1.71101	-115.372	-113.661
BLOCK09/SES098/SA098S23	SES292	-5.26102	-118.922	-113.661
BLOCK09/SES098/SA098S27	SES127	-4.30952	-119.735	-115.425
BLOCK09/SES098/SA098S27	SES147	-4.335	-119.76	-115.425
BLOCK09/SES098/SA098S27	SES148	-5.08048	-120.506	-115.425
BLOCK09/SES098/SA098S27	SES292	-5.18796	-120.613	-115.425
BLOCK10/SES102/SA102S13	SES101	-1.39291	-117.645	-116.252
BLOCK10/SES102/SA102S13	SES105	-2.48571	-118.738	-116.252
BLOCK10/SES102/SA102S13	SES120	-3.19318	-119.445	-116.252
BLOCK10/SES102/SA102S13	SES158	-7.14304	-123.395	-116.252
BLOCK10/SES102/SA102S14	SES007	-1.47501	-114.764	-113.289
BLOCK10/SES102/SA102S14	SES101	-1.63033	-114.92	-113.289
BLOCK10/SES102/SA102S14	SES105	-2.90774	-116.197	-113.289
BLOCK10/SES102/SA102S14	SES147	-4.3621	-117.651	-113.289
BLOCK10/SES102/SA102S22	SES007	-2.64625	-120.396	-117.749
BLOCK10/SES102/SA102S22	SES101	-1.48571	-119.235	-117.749
BLOCK10/SES102/SA102S22	SES105	-2.69121	-120.441	-117.749
BLOCK10/SES102/SA102S22	SES158	-5.59261	-123.342	-117.749
BLOCK10/SES102/SA102S25	SES007	-1.96569	-115.918	-113.953
BLOCK10/SES102/SA102S25	SES101	-1.5718	-115.525	-113.953
BLOCK10/SES102/SA102S25	SES105	-3.23502	-117.188	-113.953
BLOCK10/SES102/SA102S25	SES147	-5.24403	-119.197	-113.953
BLOCK10/SES102/SA102S27	SES007	-2.21086	-120.361	-118.15
BLOCK10/SES102/SA102S27	SES101	-1.56154	-119.711	-118.15
BLOCK10/SES102/SA102S27	SES105	-3.18848	-121.338	-118.15
BLOCK10/SES102/SA102S27	SES147	-3.64936	-121.799	-118.15
BLOCK10/SES103/SA103S14	SES105	-4.93794	-118.034	-113.096
BLOCK10/SES103/SA103S14	SES106	-2.39803	-115.494	-113.096
BLOCK10/SES103/SA103S14	SES120	-5.85629	-118.952	-113.096
BLOCK10/SES103/SA103S14	SES206	-2.76408	-115.86	-113.096
BLOCK10/SES103/SA103S15	SES099	-1.45383	-120.027	-118.573
BLOCK10/SES103/SA103S15	SES101	-5.00636	-123.58	-118.573
BLOCK10/SES103/SA103S15	SES104	-2.14378	-120.717	-118.573
BLOCK10/SES103/SA103S15	SES125	-2.34239	-120.916	-118.573
BLOCK10/SES103/SA103S24	SES104	-2.74406	-115.716	-112.972
BLOCK10/SES103/SA103S24	SES125	-2.94743	-115.919	-112.972
BLOCK10/SES103/SA103S24	SES148	-5.59299	-118.565	-112.972
BLOCK10/SES103/SA103S24	SES158	-1.85799	-114.83	-112.972
BLOCK10/SES103/SA103S26	SES104	-3.85929	-119.004	-115.145
BLOCK10/SES103/SA103S26	SES106	-2.07585	-117.221	-115.145
BLOCK10/SES103/SA103S26	SES125	-3.20194	-118.347	-115.145
BLOCK10/SES103/SA103S26	SES148	-6.11193	-121.257	-115.145
BLOCK10/SES103/SA103S28	SES104	-4.04404	-118.384	-114.34
BLOCK10/SES103/SA103S28	SES106	-2.74047	-117.081	-114.34
BLOCK10/SES103/SA103S28	SES125	-3.53307	-117.874	-114.34
BLOCK10/SES103/SA103S28	SES206	-4.21798	-118.558	-114.34
BLOCK12/SES121/SA121S12	SES042	-2.90771	-118.351	-115.444
BLOCK12/SES121/SA121S12	SES087	-3.7084	-119.152	-115.444
BLOCK12/SES121/SA121S12	SES105	-2.64236	-118.086	-115.444
BLOCK12/SES121/SA121S12	SES206	-1.71379	-117.157	-115.444
BLOCK12/SES121/SA121S14	SES007	-3.88442	-122.091	-118.206
BLOCK12/SES121/SA121S14	SES105	-3.3499	-121.556	-118.206
BLOCK12/SES121/SA121S14	SES106	-3.21767	-121.424	-118.206
BLOCK12/SES121/SA121S14	SES206	-2.48705	-120.693	-118.206
BLOCK12/SES121/SA121S23	SES105	-3.55675	-121.645	-118.088
BLOCK12/SES121/SA121S23	SES106	-2.09681	-120.185	-118.088
BLOCK12/SES121/SA121S23	SES120	-3.80824	-121.896	-118.088
BLOCK12/SES121/SA121S23	SES206	-1.63901	-119.727	-118.088
BLOCK12/SES121/SA121S25	SES007	-3.85259	-121.485	-117.632
BLOCK12/SES121/SA121S25	SES105	-4.17255	-121.805	-117.632
BLOCK12/SES121/SA121S25	SES106	-2.73337	-120.366	-117.632
BLOCK12/SES121/SA121S25	SES206	-1.88464	-119.517	-117.632
BLOCK12/SES121/SA121S27	SES087	-2.08022	-116.736	-114.656
BLOCK12/SES121/SA121S27	SES105	-5.63332	-120.289	-114.656
BLOCK12/SES121/SA121S27	SES120	-3.94836	-118.604	-114.656
BLOCK12/SES121/SA121S27	SES206	-2.16351	-116.82	-114.656
BLOCK12/SES124/SA124S16	SES042	-1.55385	-119.666	-118.112
BLOCK12/SES124/SA124S16	SES082	-2.38916	-120.502	-118.112
BLOCK12/SES124/SA124S16	SES183	-4.38342	-122.496	-118.112
BLOCK12/SES124/SA124S16	SES206	-3.45594	-121.568	-118.112
BLOCK12/SES124/SA124S17	SES105	-3.80875	-120.37	-116.561
BLOCK12/SES124/SA124S17	SES149	-3.7445	-120.306	-116.561
BLOCK12/SES124/SA124S17	SES158	-3.64704	-120.208	-116.561
BLOCK12/SES124/SA124S17	SES275	-4.20151	-120.763	-116.561
BLOCK12/SES124/SA124S23	SES105	-4.76575	-118.09	-113.324
BLOCK12/SES124/SA124S23	SES125	-0.853554	-114.178	-113.324
BLOCK12/SES124/SA124S23	SES129	-5.33968	-118.664	-113.324
BLOCK12/SES124/SA124S23	SES158	-2.07388	-115.398	-113.324
BLOCK12/SES124/SA124S26	SES105	-6.40133	-116.882	-110.48
BLOCK12/SES124/SA124S26	SES125	-1.6768	-112.157	-110.48
BLOCK12/SES124/SA124S26	SES129	-6.27567	-116.756	-110.48
BLOCK12/SES124/SA124S26	SES158	-2.25069	-112.731	-110.48
BLOCK12/SES124/SA124S28	SES104	-1.52365	-114.702	-113.179
BLOCK12/SES124/SA124S28	SES106	-2.28322	-115.462	-113.179
BLOCK12/SES124/SA124S28	SES125	-1.13312	-114.312	-113.179
BLOCK12/SES124/SA124S28	SES275	-5.67285	-118.852	-113.179
BLOCK12/SES126/SA126S13	SES007	-3.73508	-121.254	-117.519
BLOCK12/SES126/SA126S13	SES162	-2.42629	-119.945	-117.519
BLOCK12/SES126/SA126S13	SES177	-1.57272	-119.092	-117.519
BLOCK12/SES126/SA126S13	SES180	-2.51852	-120.037	-117.519
BLOCK12/SES126/SA126S14	SES144	-3.73232	-117.584	-113.852
BLOCK12/SES126/SA126S14	SES148	-4.42567	-118.278	-113.852
BLOCK12/SES126/SA126S14	SES177	-1.95553	-115.808	-113.852
BLOCK12/SES126/SA126S14	SES180	-2.47829	-116.33	-113.852
BLOCK12/SES126/SA126S20	SES007	-3.86996	-122.258	-118.388
BLOCK12/SES126/SA126S20	SES162	-3.39058	-121.779	-118.388
BLOCK12/SES126/SA126S20	SES172	-6.13387	-124.522	-118.388
BLOCK12/SES126/SA126S20	SES180	-4.32104	-122.709	-118.388
BLOCK12/SES126/SA126S24	SES120	-3.39127	-117.78	-114.389
BLOCK12/SES126/SA126S24	SES162	-2.73149	-117.12	-114.389
BLOCK12/SES126/SA126S24	SES177	-2.00901	-116.398	-114.389
BLOCK12/SES126/SA126S24	SES180	-1.27625	-115.665	-114.389
BLOCK12/SES126/SA126S26	SES120	-2.65052	-119.666	-117.016
BLOCK12/SES126/SA126S26	SES177	-2.52103	-119.537	-117.016
BLOCK12/SES126/SA126S26	SES180	-2.23752	-119.253	-117.016
BLOCK12/SES126/SA126S26	SES202	-4.32934	-121.345	-117.016
BLOCK12/SES128/SA128S10	SES087	-5.48463	-117.963	-112.479
BLOCK12/SES128/SA128S10	SES206	-3.45679	-115.935	-112.479
BLOCK12/SES128/SA128S10	SES226	-2.39716	-114.876	-112.479
BLOCK12/SES128/SA128S10	SES270	-3.20906	-115.688	-112.479
BLOCK12/SES128/SA128S12	SES120	-4.12954	-118.865	-114.735
BLOCK12/SES128/SA128S12	SES158	-2.62678	-117.362	-114.735
BLOCK12/SES128/SA128S12	SES206	-2.02984	-116.765	-114.735
BLOCK12/SES128/SA128S12	SES226	-2.395	-117.13	-114.735
BLOCK12/SES128/SA128S21	SES106	-3.51232	-111.472	-107.959
BLOCK12/SES128/SA128S21	SES120	-5.05685	-113.016	-107.959
BLOCK12/SES128/SA128S21	SES206	-2.98964	-110.949	-107.959
BLOCK12/SES128/SA128S21	SES226	-2.886	-110.845	-107.959
BLOCK12/SES128/SA128S24	SES087	-5.12704	-118.826	-113.698
BLOCK12/SES128/SA128S24	SES120	-3.39159	-117.09	-113.698
BLOCK12/SES128/SA128S24	SES206	-2.84641	-116.545	-113.698
BLOCK12/SES128/SA128S24	SES226	-2.92596	-116.624	-113.698
BLOCK12/SES128/SA128S27	SES099	-2.15011	-116.28	-114.129
BLOCK12/SES128/SA128S27	SES120	-3.58554	-117.715	-114.129
BLOCK12/SES128/SA128S27	SES206	-2.86005	-116.99	-114.129
BLOCK12/SES128/SA128S27	SES226	-2.65033	-116.78	-114.129
BLOCK13/SES130/SA130S13	SES143	-3.90771	-120.435	-116.528
BLOCK13/SES130/SA130S13	SES144	-1.38593	-117.914	-116.528
BLOCK13/SES130/SA130S13	SES146	-2.47492	-119.003	-116.528
BLOCK13/SES130/SA130S13	SES275	-4.24287	-120.771	-116.528
BLOCK13/SES130/SA130S15	SES143	-3.72305	-119.582	-115.859
BLOCK13/SES130/SA130S15	SES144	-1.4731	-117.332	-115.859
BLOCK13/SES130/SA130S15	SES146	-2.17901	-118.038	-115.859
BLOCK13/SES130/SA130S15	SES275	-2.85563	-118.714	-115.859
BLOCK13/SES130/SA130S23	SES127	-4.2484	-120.893	-116.644
BLOCK13/SES130/SA130S23	SES144	-1.89445	-118.539	-116.644
BLOCK13/SES130/SA130S23	SES146	-1.93523	-118.58	-116.644
BLOCK13/SES130/SA130S23	SES162	-2.45774	-119.102	-116.644
BLOCK13/SES130/SA130S25	SES127	-4.16976	-118.847	-114.677
BLOCK13/SES130/SA130S25	SES144	-2.26166	-116.938	-114.677
BLOCK13/SES130/SA130S25	SES146	-1.9453	-116.622	-114.677
BLOCK13/SES130/SA130S25	SES275	-2.74686	-117.424	-114.677
BLOCK13/SES130/SA130S28	SES127	-3.55199	-120.27	-116.718
BLOCK13/SES130/SA130S28	SES144	-2.09771	-118.816	-116.718
BLOCK13/SES130/SA130S28	SES146	-2.26666	-118.985	-116.718
BLOCK13/SES130/SA130S28	SES275	-2.64731	-119.366	-116.718
BLOCK13/SES131/SA131S13	SES002	-3.24968	-124.19	-120.94
BLOCK13/SES131/SA131S13	SES007	-3.64812	-124.588	-120.94
BLOCK13/SES131/SA131S13	SES099	-2.38881	-123.329	-120.94
BLOCK13/SES131/SA131S13	SES105	-2.90353	-123.844	-120.94
BLOCK13/SES131/SA131S14	SES104	-2.18292	-120.829	-118.646
BLOCK13/SES131/SA131S14	SES106	-2.57924	-121.225	-118.646
BLOCK13/SES131/SA131S14	SES125	-2.17554	-120.821	-118.646
BLOCK13/SES131/SA131S14	SES148	-2.89362	-121.539	-118.646
BLOCK13/SES131/SA131S20	SES104	-3.03918	-124.497	-121.458
BLOCK13/SES131/SA131S20	SES106	-2.38335	-123.841	-121.458
BLOCK13/SES131/SA131S20	SES125	-2.11379	-123.572	-121.458
BLOCK13/SES131/SA131S20	SES148	-4.24234	-125.7	-121.458
BLOCK13/SES131/SA131S22	SES099	-2.01763	-119.64	-117.623
BLOCK13/SES131/SA131S22	SES104	-3.02154	-120.644	-117.623
BLOCK13/SES131/SA131S22	SES125	-2.27518	-119.898	-117.623
BLOCK13/SES131/SA131S22	SES206	-3.50035	-121.123	-117.623
BLOCK13/SES131/SA131S29	SES087	-2.41591	-123.894	-121.478
BLOCK13/SES131/SA131S29	SES104	-3.96143	-125.439	-121.478
BLOCK13/SES131/SA131S29	SES125	-2.56303	-124.041	-121.478
BLOCK13/SES131/SA131S29	SES206	-3.4305	-124.908	-121.478
BLOCK13/SES132/SA132S11	SES083	-3.15347	-112.748	-109.595
BLOCK13/SES132/SA132S11	SES120	-1.59423	-111.189	-109.595
BLOCK13/SES132/SA132S11	SES127	-2.39044	-111.985	-109.595
BLOCK13/SES132/SA132S11	SES275	-3.55225	-113.147	-109.595
BLOCK13/SES132/SA132S12	SES083	-3.32868	-116.063	-112.735
BLOCK13/SES132/SA132S12	SES143	-2.50539	-115.24	-112.735
BLOCK13/SES132/SA132S12	SES144	-3.1032	-115.838	-112.735
BLOCK13/SES132/SA132S12	SES148	-3.16011	-115.895	-112.735
BLOCK13/SES132/SA132S22	SES062	-1.74947	-114.224	-112.475
BLOCK13/SES132/SA132S22	SES083	-2.72933	-115.204	-112.475
BLOCK13/SES132/SA132S22	SES127	-2.38496	-114.86	-112.475
BLOCK13/SES132/SA132S22	SES275	-2.60522	-115.08	-112.475
BLOCK13/SES132/SA132S24	SES007	-2.55413	-115.178	-112.624
BLOCK13/SES132/SA132S24	SES083	-3.32655	-115.951	-112.624
BLOCK13/SES132/SA132S24	SES127	-3.33409	-115.958	-112.624
BLOCK13/SES132/SA132S24	SES275	-3.77481	-116.399	-112.624
BLOCK13/SES132/SA132S27	SES083	-2.8271	-118.631	-115.804
BLOCK13/SES132/SA132S27	SES120	-1.38921	-117.193	-115.804
BLOCK13/SES132/SA132S27	SES127	-3.26933	-119.073	-115.804
BLOCK13/SES132/SA132S27	SES275	-3.35613	-119.16	-115.804
BLOCK14/SES141/SA141S09	SES143	-1.85703	-118.87	-117.013
BLOCK14/SES141/SA141S09	SES144	-2.08781	-119.101	-117.013
BLOCK14/SES141/SA141S09	SES162	-1.70226	-118.716	-117.013
BLOCK14/SES141/SA141S09	SES180	-1.53014	-118.543	-117.013
BLOCK14/SES141/SA141S15	SES127	-2.39207	-115.644	-113.252
BLOCK14/SES141/SA141S15	SES144	-2.48499	-115.737	-113.252
BLOCK14/SES141/SA141S15	SES162	-2.41017	-115.662	-113.252
BLOCK14/SES141/SA141S15	SES180	-1.932	-115.184	-113.252
BLOCK14/SES141/SA141S24	SES127	-1.96561	-116.471	-114.505
BLOCK14/SES141/SA141S24	SES144	-3.10832	-117.614	-114.505
BLOCK14/SES141/SA141S24	SES162	-1.81741	-116.323	-114.505
BLOCK14/SES141/SA141S24	SES183	-2.9892	-117.494	-114.505
BLOCK14/SES141/SA141S26	SES142	-1.7553	-115.921	-114.166
BLOCK14/SES141/SA141S26	SES144	-2.49345	-116.659	-114.166
BLOCK14/SES141/SA141S26	SES172	-3.84447	-118.01	-114.166
BLOCK14/SES141/SA141S26	SES180	-1.62716	-115.793	-114.166
BLOCK14/SES141/SA141S29	SES127	-1.42811	-114.623	-113.195
BLOCK14/SES141/SA141S29	SES142	-0.386436	-113.581	-113.195
BLOCK14/SES141/SA141S29	SES144	-2.59692	-115.792	-113.195
BLOCK14/SES141/SA141S29	SES180	-0.657967	-113.853	-113.195
BLOCK15/SES157/SA157S08	SES083	-3.22076	-119.885	-116.664
BLOCK15/SES157/SA157S08	SES127	-3.40287	-120.067	-116.664
BLOCK15/SES157/SA157S08	SES148	-2.56393	-119.228	-116.664
BLOCK15/SES157/SA157S08	SES292	-3.69857	-120.363	-116.664
BLOCK15/SES157/SA157S11	SES083	-3.62553	-119.507	-115.882
BLOCK15/SES157/SA157S11	SES127	-4.16053	-120.042	-115.882
BLOCK15/SES157/SA157S11	SES148	-3.45967	-119.341	-115.882
BLOCK15/SES157/SA157S11	SES292	-4.37058	-120.252	-115.882
BLOCK15/SES157/SA157S21	SES127	-3.10561	-119.616	-116.51
BLOCK15/SES157/SA157S21	SES148	-1.30312	-117.813	-116.51
BLOCK15/SES157/SA157S21	SES158	-5.92058	-122.431	-116.51
BLOCK15/SES157/SA157S21	SES292	-1.86067	-118.371	-116.51
BLOCK15/SES157/SA157S24	SES127	-3.94604	-117.163	-113.217
BLOCK15/SES157/SA157S24	SES148	-2.50935	-115.726	-113.217
BLOCK15/SES157/SA157S24	SES183	-3.13728	-116.354	-113.217
BLOCK15/SES157/SA157S24	SES292	-3.36766	-116.584	-113.217
BLOCK15/SES157/SA157S26	SES007	-1.96822	-119.796	-117.827
BLOCK15/SES157/SA157S26	SES127	-3.07594	-120.903	-117.827
BLOCK15/SES157/SA157S26	SES147	-4.28386	-122.111	-117.827
BLOCK15/SES157/SA157S26	SES148	-2.96381	-120.791	-117.827
BLOCK16/SES161/SA161S10	SES007	-3.24493	-123.355	-120.11
BLOCK16/SES161/SA161S10	SES105	-2.27057	-122.381	-120.11
BLOCK16/SES161/SA161S10	SES158	-3.65752	-123.768	-120.11
BLOCK16/SES161/SA161S10	SES275	-2.49165	-122.602	-120.11
BLOCK16/SES161/SA161S12	SES007	-3.23235	-119.882	-116.649
BLOCK16/SES161/SA161S12	SES105	-3.41631	-120.066	-116.649
BLOCK16/SES161/SA161S12	SES158	-3.28816	-119.937	-116.649
BLOCK16/SES161/SA161S12	SES275	-2.55976	-119.209	-116.649
BLOCK16/SES161/SA161S20	SES007	-3.16269	-124.728	-121.566
BLOCK16/SES161/SA161S20	SES105	-2.65449	-124.22	-121.566
BLOCK16/SES161/SA161S20	SES158	-3.13244	-124.698	-121.566
BLOCK16/SES161/SA161S20	SES275	-2.6317	-124.197	-121.566
BLOCK16/SES161/SA161S23	SES007	-3.38766	-121.171	-117.783
BLOCK16/SES161/SA161S23	SES105	-2.70465	-120.488	-117.783
BLOCK16/SES161/SA161S23	SES148	-3.64131	-121.425	-117.783
BLOCK16/SES161/SA161S23	SES158	-2.81997	-120.603	-117.783
BLOCK16/SES161/SA161S28	SES007	-4.07424	-123.526	-119.452
BLOCK16/SES161/SA161S28	SES105	-3.72403	-123.176	-119.452
BLOCK16/SES161/SA161S28	SES158	-2.27933	-121.731	-119.452
BLOCK16/SES161/SA161S28	SES206	-2.67635	-122.128	-119.452
BLOCK16/SES164/SA164S11	SES104	-2.97018	-114.17	-111.2
BLOCK16/SES164/SA164S11	SES125	-2.08724	-113.287	-111.2
BLOCK16/SES164/SA164S11	SES158	-1.008	-112.208	-111.2
BLOCK16/SES164/SA164S11	SES206	-2.87863	-114.078	-111.2
BLOCK16/SES164/SA164S13	SES099	-3.0856	-115.999	-112.913
BLOCK16/SES164/SA164S13	SES104	-2.96084	-115.874	-112.913
BLOCK16/SES164/SA164S13	SES125	-3.23927	-116.152	-112.913
BLOCK16/SES164/SA164S13	SES206	-3.20515	-116.118	-112.913
BLOCK16/SES164/SA164S24	SES002	-2.5313	-113.143	-110.611
BLOCK16/SES164/SA164S24	SES099	-3.06983	-113.681	-110.611
BLOCK16/SES164/SA164S24	SES125	-3.34888	-113.96	-110.611
BLOCK16/SES164/SA164S24	SES226	-1.68089	-112.292	-110.611
BLOCK16/SES164/SA164S27	SES087	-4.37954	-118.315	-113.935
BLOCK16/SES164/SA164S27	SES125	-2.2664	-116.202	-113.935
BLOCK16/SES164/SA164S27	SES206	-2.87281	-116.808	-113.935
BLOCK16/SES164/SA164S27	SES226	-2.36859	-116.304	-113.935
BLOCK16/SES164/SA164S29	SES002	-2.64326	-114.851	-112.207
BLOCK16/SES164/SA164S29	SES019	-4.01308	-116.221	-112.207
BLOCK16/SES164/SA164S29	SES125	-2.35054	-114.558	-112.207
BLOCK16/SES164/SA164S29	SES226	-2.25751	-114.465	-112.207
BLOCK16/SES169/SA169S13	SES117	-3.51131	-122.514	-119.003
BLOCK16/SES169/SA169S13	SES144	-1.87102	-120.874	-119.003
BLOCK16/SES169/SA169S13	SES146	-2.02054	-121.023	-119.003
BLOCK16/SES169/SA169S13	SES162	-2.91986	-121.923	-119.003
BLOCK16/SES169/SA169S14	SES144	-2.67911	-116.171	-113.492
BLOCK16/SES169/SA169S14	SES148	-3.27879	-116.771	-113.492
BLOCK16/SES169/SA169S14	SES177	-2.8973	-116.389	-113.492
BLOCK16/SES169/SA169S14	SES180	-4.18401	-117.676	-113.492
BLOCK16/SES169/SA169S24	SES117	-2.50464	-120.755	-118.25
BLOCK16/SES169/SA169S24	SES144	-1.40886	-119.659	-118.25
BLOCK16/SES169/SA169S24	SES146	-2.16196	-120.412	-118.25
BLOCK16/SES169/SA169S24	SES162	-2.23295	-120.483	-118.25
BLOCK16/SES169/SA169S27	SES127	-2.07884	-119.535	-117.456
BLOCK16/SES169/SA169S27	SES129	-1.5605	-119.017	-117.456
BLOCK16/SES169/SA169S27	SES144	-1.10775	-118.564	-117.456
BLOCK16/SES169/SA169S27	SES146	-1.04276	-118.499	-117.456
BLOCK16/SES169/SA169S29	SES144	-1.75098	-117.604	-115.853
BLOCK16/SES169/SA169S29	SES162	-2.48625	-118.34	-115.853
BLOCK16/SES169/SA169S29	SES177	-3.91185	-119.765	-115.853
BLOCK16/SES169/SA169S29	SES180	-2.89736	-118.751	-115.853
BLOCK17/SES171/SA171S12	SES083	-2.50666	-121.931	-119.424
BLOCK17/SES171/SA171S12	SES148	-3.15006	-122.574	-119.424
BLOCK17/SES171/SA171S12	SES172	-2.7425	-122.167	-119.424
BLOCK17/SES171/SA171S12	SES292	-3.85741	-123.282	-119.424
BLOCK17/SES171/SA171S15	SES148	-3.39729	-125.945	-122.547
BLOCK17/SES171/SA171S15	SES177	-2.86727	-125.415	-122.547
BLOCK17/SES171/SA171S15	SES180	-5.43742	-127.985	-122.547
BLOCK17/SES171/SA171S15	SES292	-6.35905	-128.906	-122.547
BLOCK17/SES171/SA171S22	SES007	-4.26456	-123.789	-119.525
BLOCK17/SES171/SA171S22	SES148	-3.22014	-122.745	-119.525
BLOCK17/SES171/SA171S22	SES177	-1.61715	-121.142	-119.525
BLOCK17/SES171/SA171S22	SES180	-4.05206	-123.577	-119.525
BLOCK17/SES171/SA171S25	SES101	-5.71532	-122.466	-116.751
BLOCK17/SES171/SA171S25	SES120	-5.83575	-122.587	-116.751
BLOCK17/SES171/SA171S25	SES177	-2.5741	-119.325	-116.751
BLOCK17/SES171/SA171S25	SES180	-3.79499	-120.546	-116.751
BLOCK17/SES171/SA171S27	SES177	-1.84159	-121.049	-119.208
BLOCK17/SES171/SA171S27	SES180	-4.27602	-123.484	-119.208
BLOCK17/SES171/SA171S27	SES189	-3.06478	-122.272	-119.208
BLOCK17/SES171/SA171S27	SES292	-5.45103	-124.659	-119.208
BLOCK17/SES173/SA173S13	SES162	-3.53497	-121.422	-117.887
BLOCK17/SES173/SA173S13	SES177	-3.16369	-121.051	-117.887
BLOCK17/SES173/SA173S13	SES180	-3.83469	-121.722	-117.887
BLOCK17/SES173/SA173S13	SES292	-5.76459	-123.652	-117.887
BLOCK17/SES173/SA173S14	SES007	-5.12647	-124.732	-119.605
BLOCK17/SES173/SA173S14	SES162	-3.42829	-123.033	-119.605
BLOCK17/SES173/SA173S14	SES177	-2.9104	-122.516	-119.605
BLOCK17/SES173/SA173S14	SES180	-4.25468	-123.86	-119.605
BLOCK17/SES173/SA173S24	SES144	-3.59989	-123.265	-119.665
BLOCK17/SES173/SA173S24	SES162	-3.74756	-123.413	-119.665
BLOCK17/SES173/SA173S24	SES177	-3.01637	-122.682	-119.665
BLOCK17/SES173/SA173S24	SES180	-3.74287	-123.408	-119.665
BLOCK17/SES173/SA173S27	SES162	-3.85945	-122.859	-119
BLOCK17/SES173/SA173S27	SES177	-2.58536	-121.585	-119
BLOCK17/SES173/SA173S27	SES180	-3.4593	-122.459	-119
BLOCK17/SES173/SA173S27	SES292	-5.54516	-124.545	-119
BLOCK17/SES173/SA173S29	SES162	-3.83872	-121.016	-117.177
BLOCK17/SES173/SA173S29	SES175	-2.10013	-119.277	-117.177
BLOCK17/SES173/SA173S29	SES177	-3.83457	-121.011	-117.177
BLOCK17/SES173/SA173S29	SES292	-7.38738	-124.564	-117.177
BLOCK18/SES182/SA182S10	SES144	-2.28562	-114.747	-112.462
BLOCK18/SES182/SA182S10	SES177	-3.10542	-115.567	-112.462
BLOCK18/SES182/SA182S10	SES180	-2.96408	-115.426	-112.462
BLOCK18/SES182/SA182S10	SES275	-3.30783	-115.77	-112.462
BLOCK18/SES182/SA182S12	SES144	-1.61604	-118.223	-116.607
BLOCK18/SES182/SA182S12	SES177	-2.34893	-118.956	-116.607
BLOCK18/SES182/SA182S12	SES180	-2.93572	-119.542	-116.607
BLOCK18/SES182/SA182S12	SES275	-2.7429	-119.35	-116.607
BLOCK18/SES182/SA182S21	SES117	-2.19943	-120.762	-118.563
BLOCK18/SES182/SA182S21	SES144	-1.89636	-120.459	-118.563
BLOCK18/SES182/SA182S21	SES162	-1.5572	-120.12	-118.563
BLOCK18/SES182/SA182S21	SES180	-2.32431	-120.887	-118.563
BLOCK18/SES182/SA182S23	SES117	-1.95516	-117.963	-116.007
BLOCK18/SES182/SA182S23	SES144	-2.0935	-118.101	-116.007
BLOCK18/SES182/SA182S23	SES180	-2.61328	-118.621	-116.007
BLOCK18/SES182/SA182S23	SES275	-3.20742	-119.215	-116.007
BLOCK18/SES182/SA182S25	SES007	-2.40796	-117.281	-114.873
BLOCK18/SES182/SA182S25	SES162	-1.51378	-116.387	-114.873
BLOCK18/SES182/SA182S25	SES177	-1.73864	-116.612	-114.873
BLOCK18/SES182/SA182S25	SES180	-1.89565	-116.769	-114.873
BLOCK18/SES184/SA184S12	SES177	-2.90674	-119.944	-117.038
BLOCK18/SES184/SA184S12	SES180	-4.36557	-121.403	-117.038
BLOCK18/SES184/SA184S12	SES189	-5.30825	-122.346	-117.038
BLOCK18/SES184/SA184S12	SES292	-3.55904	-120.597	-117.038
BLOCK18/SES184/SA184S13	SES101	-2.54889	-118.547	-115.998
BLOCK18/SES184/SA184S13	SES177	-2.46033	-118.458	-115.998
BLOCK18/SES184/SA184S13	SES180	-3.2445	-119.242	-115.998
BLOCK18/SES184/SA184S13	SES292	-3.38507	-119.383	-115.998
BLOCK18/SES184/SA184S22	SES177	-3.57729	-120.601	-117.024
BLOCK18/SES184/SA184S22	SES180	-3.8358	-120.859	-117.024
BLOCK18/SES184/SA184S22	SES189	-5.03767	-122.061	-117.024
BLOCK18/SES184/SA184S22	SES292	-3.42055	-120.444	-117.024
BLOCK18/SES184/SA184S25	SES101	-2.17814	-112.658	-110.48
BLOCK18/SES184/SA184S25	SES177	-2.6668	-113.147	-110.48
BLOCK18/SES184/SA184S25	SES180	-3.11357	-113.594	-110.48
BLOCK18/SES184/SA184S25	SES292	-3.37392	-113.854	-110.48
BLOCK18/SES184/SA184S27	SES083	-2.47259	-119.202	-116.73
BLOCK18/SES184/SA184S27	SES177	-2.5304	-119.26	-116.73
BLOCK18/SES184/SA184S27	SES202	-4.38804	-121.118	-116.73
BLOCK18/SES184/SA184S27	SES292	-3.19055	-119.92	-116.73
BLOCK20/SES204/SA204S12	SES062	-3.92519	-115.619	-111.694
BLOCK20/SES204/SA204S12	SES083	-5.31319	-117.007	-111.694
BLOCK20/SES204/SA204S12	SES206	-2.11883	-113.813	-111.694
BLOCK20/SES204/SA204S12	SES226	-3.42828	-115.122	-111.694
BLOCK20/SES204/SA204S14	SES068	-4.096	-116.663	-112.567
BLOCK20/SES204/SA204S14	SES087	-1.77829	-114.345	-112.567
BLOCK20/SES204/SA204S14	SES206	-2.92617	-115.493	-112.567
BLOCK20/SES204/SA204S14	SES226	-3.28785	-115.855	-112.567
BLOCK20/SES204/SA204S22	SES068	-5.22023	-117.989	-112.769
BLOCK20/SES204/SA204S22	SES082	-4.5044	-117.273	-112.769
BLOCK20/SES204/SA204S22	SES083	-5.68585	-118.454	-112.769
BLOCK20/SES204/SA204S22	SES206	-2.68026	-115.449	-112.769
BLOCK20/SES204/SA204S25	SES062	-4.47617	-119.412	-114.936
BLOCK20/SES204/SA204S25	SES083	-5.2803	-120.216	-114.936
BLOCK20/SES204/SA204S25	SES206	-2.38643	-117.322	-114.936
BLOCK20/SES204/SA204S25	SES226	-3.37191	-118.308	-114.936
BLOCK20/SES204/SA204S27	SES068	-5.58758	-120.182	-114.595
BLOCK20/SES204/SA204S27	SES082	-4.08086	-118.675	-114.595
BLOCK20/SES204/SA204S27	SES087	-2.08637	-116.681	-114.595
BLOCK20/SES204/SA204S27	SES206	-2.83574	-117.43	-114.595
BLOCK20/SES207/SA207S10	SES127	-3.09508	-120.296	-117.201
BLOCK20/SES207/SA207S10	SES183	-2.71423	-119.915	-117.201
BLOCK20/SES207/SA207S10	SES189	-2.63657	-119.838	-117.201
BLOCK20/SES207/SA207S10	SES292	-3.56067	-120.762	-117.201
BLOCK20/SES207/SA207S11	SES127	-4.71706	-121.096	-116.379
BLOCK20/SES207/SA207S11	SES183	-3.46713	-119.846	-116.379
BLOCK20/SES207/SA207S11	SES187	-3.32239	-119.702	-116.379
BLOCK20/SES207/SA207S11	SES292	-3.73591	-120.115	-116.379
BLOCK20/SES207/SA207S25	SES068	-3.39413	-120	-116.606
BLOCK20/SES207/SA207S25	SES083	-3.85815	-120.464	-116.606
BLOCK20/SES207/SA207S25	SES127	-2.9368	-119.543	-116.606
BLOCK20/SES207/SA207S25	SES187	-2.08467	-118.69	-116.606
BLOCK20/SES207/SA207S27	SES127	-3.38042	-121.068	-117.688
BLOCK20/SES207/SA207S27	SES183	-2.49852	-120.186	-117.688
BLOCK20/SES207/SA207S27	SES187	-2.3559	-120.044	-117.688
BLOCK20/SES207/SA207S27	SES292	-3.64056	-121.328	-117.688
BLOCK20/SES207/SA207S29	SES083	-2.73483	-119.117	-116.382
BLOCK20/SES207/SA207S29	SES085	-2.57934	-118.962	-116.382
BLOCK20/SES207/SA207S29	SES172	-3.35558	-119.738	-116.382
BLOCK20/SES207/SA207S29	SES189	-3.60094	-119.983	-116.382
BLOCK22/SES221/SA221S12	SES068	-3.77718	-119.23	-115.453
BLOCK22/SES221/SA221S12	SES143	-3.69034	-119.143	-115.453
BLOCK22/SES221/SA221S12	SES175	-1.94525	-117.398	-115.453
BLOCK22/SES221/SA221S12	SES202	-2.00051	-117.453	-115.453
BLOCK22/SES221/SA221S15	SES085	-4.91356	-123.888	-118.975
BLOCK22/SES221/SA221S15	SES143	-4.36464	-123.34	-118.975
BLOCK22/SES221/SA221S15	SES175	-2.63557	-121.611	-118.975
BLOCK22/SES221/SA221S15	SES187	-2.11469	-121.09	-118.975
BLOCK22/SES221/SA221S23	SES068	-4.4725	-118.295	-113.823
BLOCK22/SES221/SA221S23	SES143	-4.21891	-118.042	-113.823
BLOCK22/SES221/SA221S23	SES175	-2.38438	-116.207	-113.823
BLOCK22/SES221/SA221S23	SES189	-2.39577	-116.218	-113.823
BLOCK22/SES221/SA221S27	SES085	-5.37656	-118.883	-113.506
BLOCK22/SES221/SA221S27	SES143	-3.10668	-116.613	-113.506
BLOCK22/SES221/SA221S27	SES175	-2.70493	-116.211	-113.506
BLOCK22/SES221/SA221S27	SES189	-0.25135	-113.757	-113.506
BLOCK22/SES221/SA221S29	SES085	-7.31173	-123.036	-115.724
BLOCK22/SES221/SA221S29	SES143	-3.65511	-119.379	-115.724
BLOCK22/SES221/SA221S29	SES175	-1.84039	-117.564	-115.724
BLOCK22/SES221/SA221S29	SES187	-1.82832	-117.552	-115.724
BLOCK22/SES223/SA223S11	SES143	-2.8695	-119.641	-116.771
BLOCK22/SES223/SA223S11	SES144	-4.37164	-121.143	-116.771
BLOCK22/SES223/SA223S11	SES175	-2.10182	-118.873	-116.771
BLOCK22/SES223/SA223S11	SES187	-2.77038	-119.542	-116.771
BLOCK22/SES223/SA223S13	SES068	-4.94668	-122.74	-117.794
BLOCK22/SES223/SA223S13	SES143	-3.36731	-121.161	-117.794
BLOCK22/SES223/SA223S13	SES146	-4.72232	-122.516	-117.794
BLOCK22/SES223/SA223S13	SES202	-3.8243	-121.618	-117.794
BLOCK22/SES223/SA223S22	SES143	-2.89735	-119.652	-116.754
BLOCK22/SES223/SA223S22	SES144	-3.427	-120.181	-116.754
BLOCK22/SES223/SA223S22	SES175	-2.47314	-119.227	-116.754
BLOCK22/SES223/SA223S22	SES187	-2.15321	-118.907	-116.754
BLOCK22/SES223/SA223S25	SES068	-4.5695	-122.236	-117.667
BLOCK22/SES223/SA223S25	SES143	-3.83408	-121.501	-117.667
BLOCK22/SES223/SA223S25	SES175	-2.69085	-120.358	-117.667
BLOCK22/SES223/SA223S25	SES187	-2.7816	-120.448	-117.667
BLOCK22/SES223/SA223S27	SES143	-2.56551	-118.528	-115.963
BLOCK22/SES223/SA223S27	SES146	-3.93845	-119.901	-115.963
BLOCK22/SES223/SA223S27	SES187	-1.71368	-117.676	-115.963
BLOCK22/SES223/SA223S27	SES292	-6.09054	-122.053	-115.963
BLOCK27/SES273/SA273S12	SES099	-2.30988	-109.55	-107.24
BLOCK27/SES273/SA273S12	SES104	-1.22827	-108.469	-107.24
BLOCK27/SES273/SA273S12	SES125	-2.0199	-109.26	-107.24
BLOCK27/SES273/SA273S12	SES206	-0.705482	-107.946	-107.24
BLOCK27/SES273/SA273S13	SES099	-2.14489	-110.673	-108.528
BLOCK27/SES273/SA273S13	SES104	-1.3867	-109.915	-108.528
BLOCK27/SES273/SA273S13	SES206	-1.67732	-110.205	-108.528
BLOCK27/SES273/SA273S13	SES292	-5.15231	-113.68	-108.528
BLOCK27/SES273/SA273S21	SES099	-1.64732	-108.551	-106.903
BLOCK27/SES273/SA273S21	SES148	-6.29707	-113.201	-106.903
BLOCK27/SES273/SA273S21	SES149	-1.12643	-108.03	-106.903
BLOCK27/SES273/SA273S21	SES177	-6.9027	-113.806	-106.903
BLOCK27/SES273/SA273S25	SES104	-1.90289	-110.858	-108.955
BLOCK27/SES273/SA273S25	SES125	-2.23963	-111.195	-108.955
BLOCK27/SES273/SA273S25	SES158	-2.0532	-111.009	-108.955
BLOCK27/SES273/SA273S25	SES206	-1.45753	-110.413	-108.955
BLOCK27/SES273/SA273S27	SES099	-2.14989	-115.343	-113.193
BLOCK27/SES273/SA273S27	SES104	-2.39349	-115.587	-113.193
BLOCK27/SES273/SA273S27	SES149	-1.85125	-115.045	-113.193
BLOCK27/SES273/SA273S27	SES275	-4.04865	-117.242	-113.193
BLOCK27/SES274/SA274S10	SES105	-4.30295	-116.392	-112.09
BLOCK27/SES274/SA274S10	SES125	-2.20209	-114.292	-112.09
BLOCK27/SES274/SA274S10	SES129	-2.70803	-114.798	-112.09
BLOCK27/SES274/SA274S10	SES158	-3.09756	-115.187	-112.09
BLOCK27/SES274/SA274S11	SES105	-3.80425	-116.647	-112.843
BLOCK27/SES274/SA274S11	SES149	-2.7811	-115.624	-112.843
BLOCK27/SES274/SA274S11	SES158	-2.49989	-115.343	-112.843
BLOCK27/SES274/SA274S11	SES275	-3.38575	-116.228	-112.843
BLOCK27/SES274/SA274S21	SES105	-5.01649	-117.14	-112.123
BLOCK27/SES274/SA274S21	SES129	-3.85133	-115.975	-112.123
BLOCK27/SES274/SA274S21	SES149	-2.40046	-114.524	-112.123
BLOCK27/SES274/SA274S21	SES158	-4.90769	-117.031	-112.123
BLOCK27/SES274/SA274S24	SES105	-4.50738	-115.288	-110.781
BLOCK27/SES274/SA274S24	SES129	-3.84901	-114.63	-110.781
BLOCK27/SES274/SA274S24	SES149	-3.68518	-114.466	-110.781
BLOCK27/SES274/SA274S24	SES158	-4.59	-115.371	-110.781
BLOCK27/SES274/SA274S29	SES105	-3.41314	-120.108	-116.695
BLOCK27/SES274/SA274S29	SES106	-3.62739	-120.323	-116.695
BLOCK27/SES274/SA274S29	SES120	-3.91225	-120.607	-116.695
BLOCK27/SES274/SA274S29	SES275	-2.9305	-119.626	-116.695
BLOCK27/SES276/SA276S16	SES148	-3.96272	-114.912	-110.949
BLOCK27/SES276/SA276S16	SES172	-2.92591	-113.875	-110.949
BLOCK27/SES276/SA276S16	SES180	-4.89777	-115.847	-110.949
BLOCK27/SES276/SA276S16	SES292	-2.59917	-113.548	-110.949
BLOCK27/SES276/SA276S17	SES101	-3.5893	-117.818	-114.229
BLOCK27/SES276/SA276S17	SES177	-3.27419	-117.503	-114.229
BLOCK27/SES276/SA276S17	SES180	-2.79549	-117.024	-114.229
BLOCK27/SES276/SA276S17	SES292	-2.87296	-117.102	-114.229
BLOCK27/SES276/SA276S24	SES101	-2.75298	-115.625	-112.872
BLOCK27/SES276/SA276S24	SES177	-2.78441	-115.656	-112.872
BLOCK27/SES276/SA276S24	SES180	-3.45126	-116.323	-112.872
BLOCK27/SES276/SA276S24	SES292	-3.49461	-116.366	-112.872
BLOCK27/SES276/SA276S26	SES101	-4.83666	-118.059	-113.222
BLOCK27/SES276/SA276S26	SES177	-3.16138	-116.384	-113.222
BLOCK27/SES276/SA276S26	SES180	-2.6161	-115.839	-113.222
BLOCK27/SES276/SA276S26	SES292	-2.8578	-116.08	-113.222
BLOCK27/SES276/SA276S28	SES101	-3.47967	-116.365	-112.885
BLOCK27/SES276/SA276S28	SES177	-3.01025	-115.896	-112.885
BLOCK27/SES276/SA276S28	SES180	-2.87704	-115.762	-112.885
BLOCK27/SES276/SA276S28	SES292	-3.07489	-115.96	-112.885
BLOCK27/SES277/SA277S12	SES101	-2.99146	-117.916	-114.925
BLOCK27/SES277/SA277S12	SES177	-3.6725	-118.597	-114.925
BLOCK27/SES277/SA277S12	SES180	-3.40792	-118.333	-114.925
BLOCK27/SES277/SA277S12	SES292	-3.99731	-118.922	-114.925
BLOCK27/SES277/SA277S14	SES177	-2.60867	-120.648	-118.04
BLOCK27/SES277/SA277S14	SES180	-3.81711	-121.857	-118.04
BLOCK27/SES277/SA277S14	SES189	-2.12521	-120.165	-118.04
BLOCK27/SES277/SA277S14	SES292	-5.69433	-123.734	-118.04
BLOCK27/SES277/SA277S21	SES177	-2.57608	-115.561	-112.984
BLOCK27/SES277/SA277S21	SES180	-3.44769	-116.432	-112.984
BLOCK27/SES277/SA277S21	SES189	-3.6976	-116.682	-112.984
BLOCK27/SES277/SA277S21	SES292	-5.03143	-118.016	-112.984
BLOCK27/SES277/SA277S24	SES144	-3.5379	-119.034	-115.496
BLOCK27/SES277/SA277S24	SES177	-2.50118	-117.998	-115.496
BLOCK27/SES277/SA277S24	SES180	-3.79745	-119.294	-115.496
BLOCK27/SES277/SA277S24	SES189	-2.8935	-118.39	-115.496
BLOCK27/SES277/SA277S29	SES177	-2.22762	-118.677	-116.45
BLOCK27/SES277/SA277S29	SES180	-2.86663	-119.316	-116.45
BLOCK27/SES277/SA277S29	SES202	-3.34297	-119.793	-116.45
BLOCK27/SES277/SA277S29	SES292	-3.73878	-120.189	-116.45
BLOCK27/SES279/SA279S09	SES120	-3.44061	-117.49	-114.049
BLOCK27/SES279/SA279S09	SES146	-2.92857	-116.978	-114.049
BLOCK27/SES279/SA279S09	SES206	-3.12231	-117.172	-114.049
BLOCK27/SES279/SA279S09	SES226	-3.90374	-117.953	-114.049
BLOCK27/SES279/SA279S10	SES099	-2.33074	-117.059	-114.729
BLOCK27/SES279/SA279S10	SES206	-2.65725	-117.386	-114.729
BLOCK27/SES279/SA279S10	SES226	-2.77386	-117.502	-114.729
BLOCK27/SES279/SA279S10	SES292	-2.6838	-117.412	-114.729
BLOCK27/SES279/SA279S20	SES099	-2.827	-118.574	-115.747
BLOCK27/SES279/SA279S20	SES206	-2.80333	-118.55	-115.747
BLOCK27/SES279/SA279S20	SES226	-3.57012	-119.317	-115.747
BLOCK27/SES279/SA279S20	SES292	-2.1583	-117.905	-115.747
BLOCK27/SES279/SA279S26	SES099	-2.14422	-115.778	-113.634
BLOCK27/SES279/SA279S26	SES206	-1.48714	-115.121	-113.634
BLOCK27/SES279/SA279S26	SES226	-2.7114	-116.345	-113.634
BLOCK27/SES279/SA279S26	SES292	-2.57127	-116.205	-113.634
BLOCK27/SES279/SA279S28	SES099	-3.02091	-115.785	-112.765
BLOCK27/SES279/SA279S28	SES120	-3.23585	-116	-112.765
BLOCK27/SES279/SA279S28	SES177	-5.76771	-118.532	-112.765
BLOCK27/SES279/SA279S28	SES206	-3.00783	-115.772	-112.765
BLOCK29/SES290/SA290S12	SES162	-3.57767	-117.244	-113.666
BLOCK29/SES290/SA290S12	SES177	-3.04362	-116.71	-113.666
BLOCK29/SES290/SA290S12	SES180	-4.52585	-118.192	-113.666
BLOCK29/SES290/SA290S12	SES292	-6.16599	-119.832	-113.666
BLOCK29/SES290/SA290S13	SES007	-4.70669	-121.93	-117.224
BLOCK29/SES290/SA290S13	SES162	-4.05044	-121.274	-117.224
BLOCK29/SES290/SA290S13	SES177	-2.74609	-119.97	-117.224
BLOCK29/SES290/SA290S13	SES180	-3.71368	-120.937	-117.224
BLOCK29/SES290/SA290S22	SES177	-2.31072	-117.495	-115.185
BLOCK29/SES290/SA290S22	SES180	-2.34666	-117.531	-115.185
BLOCK29/SES290/SA290S22	SES202	-3.3821	-118.567	-115.185
BLOCK29/SES290/SA290S22	SES292	-5.05296	-120.238	-115.185
BLOCK29/SES290/SA290S25	SES162	-2.83871	-118.807	-115.969
BLOCK29/SES290/SA290S25	SES177	-2.51694	-118.486	-115.969
BLOCK29/SES290/SA290S25	SES180	-2.72369	-118.692	-115.969
BLOCK29/SES290/SA290S25	SES292	-4.36803	-120.337	-115.969
BLOCK29/SES290/SA290S29	SES177	-1.69324	-118.357	-116.664
BLOCK29/SES290/SA290S29	SES180	-2.25351	-118.918	-116.664
BLOCK29/SES290/SA290S29	SES275	-4.11827	-120.782	-116.664
BLOCK29/SES290/SA290S29	SES292	-4.22295	-120.887	-116.664
BLOCK29/SES291/SA291S11	SES105	-4.47955	-120.597	-116.117
BLOCK29/SES291/SA291S11	SES125	-1.63857	-117.756	-116.117
BLOCK29/SES291/SA291S11	SES158	-2.55869	-118.676	-116.117
BLOCK29/SES291/SA291S11	SES275	-4.83007	-120.947	-116.117
BLOCK29/SES291/SA291S12	SES158	-1.0304	-114.487	-113.457
BLOCK29/SES291/SA291S12	SES226	-2.0869	-115.544	-113.457
BLOCK29/SES291/SA291S12	SES270	-0.621048	-114.078	-113.457
BLOCK29/SES291/SA291S12	SES275	-6.07194	-119.529	-113.457
BLOCK29/SES291/SA291S22	SES082	-1.91751	-115.395	-113.477
BLOCK29/SES291/SA291S22	SES158	-2.39648	-115.874	-113.477
BLOCK29/SES291/SA291S22	SES259	-3.22528	-116.702	-113.477
BLOCK29/SES291/SA291S22	SES275	-5.09431	-118.571	-113.477
BLOCK29/SES291/SA291S24	SES104	-0.977562	-114.887	-113.909
BLOCK29/SES291/SA291S24	SES125	-1.35041	-115.259	-113.909
BLOCK29/SES291/SA291S24	SES158	-1.39642	-115.305	-113.909
BLOCK29/SES291/SA291S24	SES275	-5.5856	-119.495	-113.909
BLOCK29/SES291/SA291S27	SES158	-1.04372	-113.56	-112.516
BLOCK29/SES291/SA291S27	SES172	-6.60564	-119.122	-112.516
BLOCK29/SES291/SA291S27	SES275	-5.8386	-118.355	-112.516
BLOCK29/SES291/SA291S27	SES292	-4.58713	-117.103	-112.516
