BLOCK00/SES002/SA002S12	SES002	1.04264	-45.2409	-46.2835
BLOCK00/SES002/SA002S13	SES002	1.34497	-45.5356	-46.8806
BLOCK00/SES002/SA002S23	SES002	1.61499	-44.6567	-46.2717
BLOCK00/SES002/SA002S26	SES002	1.49237	-44.9574	-46.4498
BLOCK00/SES002/SA002S28	SES002	0.805225	-45.9859	-46.7911
BLOCK00/SES007/SA007S14	SES007	0.978806	-45.1447	-46.1235
BLOCK00/SES007/SA007S15	SES007	-0.0255623	-47.0292	-47.0037
BLOCK00/SES007/SA007S24	SES007	0.458389	-46.7648	-47.2232
BLOCK00/SES007/SA007S27	SES007	0.443314	-47.1204	-47.5637
BLOCK00/SES007/SA007S29	SES007	0.222584	-45.9213	-46.1439
BLOCK00/SES008/SA008S11	SES008	0.742485	-46.3555	-47.098
BLOCK00/SES008/SA008S12	SES008	0.619659	-46.8328	-47.4524
BLOCK00/SES008/SA008S19	SES008	1.36515	-45.7299	-47.0951
BLOCK00/SES008/SA008S22	SES008	0.81131	-46.8262	-47.6375
BLOCK00/SES008/SA008S29	SES008	1.27805	-45.5223	-46.8003
BLOCK01/SES014/SA014S10	SES014	2.16859	-45.5125	-47.681
BLOCK01/SES014/SA014S12	SES014	2.71025	-43.3398	-46.05
BLOCK01/SES014/SA014S24	SES014	1.16303	-45.1181	-46.2811
BLOCK01/SES014/SA014S26	SES014	2.10278	-42.8453	-44.9481
BLOCK01/SES014/SA014S28	SES014	2.16658	-43.6837	-45.8503
BLOCK01/SES016/SA016S12	SES016	1.07776	-48.0525	-49.1302
BLOCK01/SES016/SA016S13	SES016	1.07028	-46.9826	-48.0529
BLOCK01/SES016/SA016S22	SES016	0.591171	-47.5386	-48.1297
BLOCK01/SES016/SA016S25	SES016	1.34428	-44.5036	-45.8479
BLOCK01/SES016/SA016S27	SES016	0.956215	-45.0125	-45.9688
BLOCK01/SES019/SA019S13	SES019	2.83721	-45.9205	-48.7577
BLOCK01/SES019/SA019S14	SES019	1.75804	-46.1534	-47.9114
BLOCK01/SES019/SA019S22	SES019	2.61943	-45.497	-48.1164
BLOCK01/SES019/SA019S25	SES019	2.52022	-45.8851	-48.4054
BLOCK01/SES019/SA019S29	SES019	3.05817	-45.64	-48.6982
BLOCK02/SES029/SA029S11	SES029	0.715794	-46.4869	-47.2027
BLOCK02/SES029/SA029S12	SES029	0.139915	-46.5835	-46.7234
BLOCK02/SES029/SA029S20	SES029	0.530762	-47.311	-47.8418
BLOCK02/SES029/SA029S25	SES029	0.126137	-46.5035	-46.6296
BLOCK02/SES029/SA029S28	SES029	0.111824	-47.0386	-47.1504
BLOCK04/SES042/SA042S12	SES042	1.81658	-44.2947	-46.1113
BLOCK04/SES042/SA042S15	SES042	2.20101	-44.8609	-47.0619
BLOCK04/SES042/SA042S22	SES042	2.95267	-42.6952	-45.6479
BLOCK04/SES042/SA042S25	SES042	1.94979	-45.1955	-47.1453
BLOCK04/SES042/SA042S27	SES042	2.18694	-43.9364	-46.1233
BLOCK04/SES048/SA048S11	SES048	0.947044	-45.7802	-46.7273
BLOCK04/SES048/SA048S12	SES048	0.484482	-45.7631	-46.2476
BLOCK04/SES048/SA048S20	SES048	0.805756	-45.4924	-46.2982
BLOCK04/SES048/SA048S23	SES048	1.24066	-45.9657	-47.2064
BLOCK04/SES048/SA048S27	SES048	0.929253	-44.8862	-45.8155
BLOCK06/SES060/SA060S11	SES060	0.987793	-45.9969	-46.9847
BLOCK06/SES060/SA060S12	SES060	-1.23019	-48.33	-47.0998
BLOCK06/SES060/SA060S22	SES060	-0.0770111	-48.1079	-48.0309
BLOCK06/SES060/SA060S24	SES060	0.646694	-46.1266	-46.7733
BLOCK06/SES060/SA060S28	SES060	0.597061	-44.2943	-44.8913
BLOCK06/SES062/SA062S10	SES062	0.361454	-46.183	-46.5444
BLOCK06/SES062/SA062S11	SES062	1.3264	-45.1977	-46.5241
BLOCK06/SES062/SA062S21	SES062	1.77434	-43.2071	-44.9814
BLOCK06/SES062/SA062S26	SES062	0.335495	-45.1061	-45.4416
BLOCK06/SES062/SA062S29	SES062	0.793816	-44.8138	-45.6076
BLOCK06/SES068/SA068S14	SES068	0.170315	-46.4507	-46.621
BLOCK06/SES068/SA068S15	SES068	0.667107	-45.329	-45.9961
BLOCK06/SES068/SA068S23	SES068	0.628704	-46.7361	-47.3648
BLOCK06/SES068/SA068S27	SES068	0.915398	-45.2432	-46.1586
BLOCK06/SES068/SA068S29	SES068	0.48468	-45.8649	-46.3495
BLOCK08/SES082/SA082S12	SES082	0.959763	-46.9325	-47.8923
BLOCK08/SES082/SA082S14	SES082	0.32925	-47.3011	-47.6303
BLOCK08/SES082/SA082S21	SES082	0.670647	-46.64	-47.3106
BLOCK08/SES082/SA082S24	SES082	0.779686	-45.6484	-46.4281
BLOCK08/SES082/SA082S28	SES082	0.432495	-46.8901	-47.3226
BLOCK08/SES083/SA083S14	SES083	-0.765995	-47.2907	-46.5247
BLOCK08/SES083/SA083S15	SES083	-0.563725	-46.8049	-46.2412
BLOCK08/SES083/SA083S24	SES083	-0.20591	-47.0302	-46.8243
BLOCK08/SES083/SA083S26	SES083	0.0570831	-46.5336	-46.5907
BLOCK08/SES083/SA083S29	SES083	-0.187756	-46.384	-46.1963
BLOCK08/SES085/SA085S10	SES085	-0.217945	-46.4858	-46.2679
BLOCK08/SES085/SA085S13	SES085	0.206196	-46.8832	-47.0894
BLOCK08/SES085/SA085S22	SES085	-2.65292	-49.2824	-46.6295
BLOCK08/SES085/SA085S26	SES085	-1.18236	-47.5989	-46.4165
BLOCK08/SES085/SA085S28	SES085	0.516636	-46.2415	-46.7581
BLOCK08/SES087/SA087S15	SES087	1.55921	-45.6968	-47.2561
BLOCK08/SES087/SA087S16	SES087	1.51825	-45.623	-47.1413
BLOCK08/SES087/SA087S24	SES087	1.21808	-45.8354	-47.0535
BLOCK08/SES087/SA087S26	SES087	1.25726	-44.8136	-46.0709
BLOCK08/SES087/SA087S29	SES087	1.56523	-45.9311	-47.4964
BLOCK09/SES099/SA099S15	SES099	0.867588	-46.6643	-47.5319
BLOCK09/SES099/SA099S16	SES099	0.9856	-46.035	-47.0206
BLOCK09/SES099/SA099S24	SES099	0.985046	-45.4437	-46.4288
BLOCK09/SES099/SA099S26	SES099	0.994381	-45.533	-46.5274
BLOCK09/SES099/SA099S29	SES099	1.30519	-45.3956	-46.7008
BLOCK10/SES101/SA101S11	SES101	0.283035	-46.3446	-46.6277
BLOCK10/SES101/SA101S13	SES101	1.13507	-45.0139	-46.1489
BLOCK10/SES101/SA101S22	SES101	0.513973	-46.6804	-47.1944
BLOCK10/SES101/SA101S24	SES101	1.09602	-46.1949	-47.2909
BLOCK10/SES101/SA101S28	SES101	-0.575211	-47.6737	-47.0985
BLOCK10/SES104/SA104S11	SES104	1.34401	-44.4632	-45.8072
BLOCK10/SES104/SA104S12	SES104	1.38679	-44.6676	-46.0544
BLOCK10/SES104/SA104S21	SES104	1.56905	-45.3262	-46.8953
BLOCK10/SES104/SA104S24	SES104	0.802166	-46.0567	-46.8589
BLOCK10/SES104/SA104S28	SES104	1.37946	-45.2348	-46.6143
BLOCK10/SES105/SA105S12	SES105	0.33609	-47.3923	-47.7284
BLOCK10/SES105/SA105S13	SES105	0.847359	-46.795	-47.6424
BLOCK10/SES105/SA105S22	SES105	0.179394	-47.8524	-48.0318
BLOCK10/SES105/SA105S26	SES105	0.907269	-47.0614	-47.9686
BLOCK10/SES105/SA105S29	SES105	0.460682	-46.9209	-47.3815
BLOCK10/SES106/SA106S09	SES106	1.17107	-46.9641	-48.1351
BLOCK10/SES106/SA106S11	SES106	0.994976	-45.4342	-46.4292
BLOCK10/SES106/SA106S22	SES106	2.10798	-45.6296	-47.7376
BLOCK10/SES106/SA106S27	SES106	0.914822	-46.2191	-47.1339
BLOCK10/SES106/SA106S29	SES106	0.834244	-45.9637	-46.7979
BLOCK11/SES117/SA117S12	SES117	-0.135685	-47.783	-47.6473
BLOCK11/SES117/SA117S13	SES117	-0.200775	-47.2954	-47.0946
BLOCK11/SES117/SA117S23	SES117	0.953373	-48.4331	-49.3865
BLOCK11/SES117/SA117S25	SES117	0.899815	-47.4198	-48.3197
BLOCK11/SES117/SA117S28	SES117	1.10957	-47.8944	-49.0039
BLOCK12/SES120/SA120S08	SES120	0.892754	-48.1095	-49.0023
BLOCK12/SES120/SA120S11	SES120	0.722679	-49.2416	-49.9643
BLOCK12/SES120/SA120S22	SES120	0.261902	-47.1445	-47.4064
BLOCK12/SES120/SA120S24	SES120	0.4338	-47.2911	-47.7249
BLOCK12/SES120/SA120S28	SES120	0.646626	-48.4721	-49.1187
BLOCK12/SES125/SA125S13	SES125	2.00261	-44.5893	-46.5919
BLOCK12/SES125/SA125S14	SES125	1.08061	-45.8817	-46.9623
BLOCK12/SES125/SA125S25	SES125	1.56209	-45.2822	-46.8443
BLOCK12/SES125/SA125S27	SES125	1.42992	-44.4847	-45.9146
BLOCK12/SES125/SA125S29	SES125	1.56927	-45.244	-46.8133
BLOCK12/SES127/SA127S11	SES127	0.314041	-46.9928	-47.3068
BLOCK12/SES127/SA127S12	SES127	-0.0982094	-46.572	-46.4738
BLOCK12/SES127/SA127S23	SES127	0.327583	-46.7727	-47.1003
BLOCK12/SES127/SA127S25	SES127	-0.521236	-47.5078	-46.9866
BLOCK12/SES127/SA127S27	SES127	0.541607	-46.0237	-46.5653
BLOCK12/SES129/SA129S11	SES129	1.32436	-45.3018	-46.6262
BLOCK12/SES129/SA129S12	SES129	1.38537	-44.8157	-46.201
BLOCK12/SES129/SA129S22	SES129	1.25336	-45.6333	-46.8866
BLOCK12/SES129/SA129S27	SES129	1.33058	-44.9315	-46.2621
BLOCK12/SES129/SA129S29	SES129	1.61109	-44.7068	-46.3179
BLOCK14/SES142/SA142S11	SES142	1.7505	-46.8692	-48.6197
BLOCK14/SES142/SA142S12	SES142	0.854912	-47.6233	-48.4782
BLOCK14/SES142/SA142S24	SES142	1.66366	-46.6053	-48.269
BLOCK14/SES142/SA142S27	SES142	2.23312	-46.101	-48.3341
BLOCK14/SES142/SA142S29	SES142	2.33915	-45.6644	-48.0035
BLOCK14/SES143/SA143S12	SES143	0.750126	-47.3218	-48.072
BLOCK14/SES143/SA143S13	SES143	0.542862	-47.4089	-47.9518
BLOCK14/SES143/SA143S23	SES143	0.996735	-47.0985	-48.0952
BLOCK14/SES143/SA143S25	SES143	0.819988	-46.9576	-47.7776
BLOCK14/SES143/SA143S28	SES143	0.901249	-46.4815	-47.3827
BLOCK14/SES144/SA144S09	SES144	0.627357	-46.4867	-47.114
BLOCK14/SES144/SA144S11	SES144	0.525383	-47.3646	-47.8899
BLOCK14/SES144/SA144S21	SES144	0.22039	-47.3172	-47.5376
BLOCK14/SES144/SA144S25	SES144	0.206619	-47.322	-47.5286
BLOCK14/SES144/SA144S29	SES144	-0.0382843	-47.2968	-47.2585
BLOCK14/SES146/SA146S14	SES146	0.504822	-47.4843	-47.9891
BLOCK14/SES146/SA146S15	SES146	0.272678	-47.3401	-47.6128
BLOCK14/SES146/SA146S24	SES146	0.64394	-47.1415	-47.7854
BLOCK14/SES146/SA146S26	SES146	0.93808	-47.4499	-48.388
BLOCK14/SES146/SA146S29	SES146	0.459358	-47.9681	-48.4274
BLOCK14/SES147/SA147S11	SES147	0.495884	-47.7585	-48.2543
BLOCK14/SES147/SA147S13	SES147	1.95845	-45.7966	-47.7551
BLOCK14/SES147/SA147S23	SES147	0.73682	-47.6157	-48.3525
BLOCK14/SES147/SA147S26	SES147	0.720936	-47.331	-48.0519
BLOCK14/SES147/SA147S28	SES147	1.63306	-46.4669	-48.0999
BLOCK14/SES148/SA148S10	SES148	0.980427	-46.1618	-47.1423
BLOCK14/SES148/SA148S12	SES148	0.704517	-46.9397	-47.6442
BLOCK14/SES148/SA148S22	SES148	0.787907	-45.4138	-46.2017
BLOCK14/SES148/SA148S26	SES148	0.328777	-46.3828	-46.7116
BLOCK14/SES148/SA148S29	SES148	0.406063	-46.9824	-47.3884
BLOCK14/SES149/SA149S13	SES149	0.453457	-46.5754	-47.0288
BLOCK14/SES149/SA149S14	SES149	0.405819	-46.1157	-46.5215
BLOCK14/SES149/SA149S24	SES149	1.31245	-45.661	-46.9734
BLOCK14/SES149/SA149S26	SES149	1.86665	-45.0219	-46.8885
BLOCK14/SES149/SA149S28	SES149	2.35634	-44.3119	-46.6682
BLOCK15/SES158/SA158S13	SES158	1.03173	-46.4963	-47.5281
BLOCK15/SES158/SA158S14	SES158	1.70692	-45.6778	-47.3847
BLOCK15/SES158/SA158S23	SES158	0.99609	-46.0914	-47.0875
BLOCK15/SES158/SA158S26	SES158	1.44747	-46.0006	-47.448
BLOCK15/SES158/SA158S28	SES158	0.807529	-46.7159	-47.5235
BLOCK16/SES162/SA162S10	SES162	0.541954	-47.7795	-48.3214
BLOCK16/SES162/SA162S11	SES162	0.818867	-46.4833	-47.3022
BLOCK16/SES162/SA162S21	SES162	1.43607	-46.2887	-47.7248
BLOCK16/SES162/SA162S24	SES162	0.503235	-47.0675	-47.5708
BLOCK16/SES162/SA162S27	SES162	0.807274	-47.0052	-47.8125
BLOCK16/SES167/SA167S14	SES167	0.670952	-45.428	-46.0989
BLOCK16/SES167/SA167S15	SES167	0.982113	-46.5387	-47.5208
BLOCK16/SES167/SA167S21	SES167	0.866055	-45.5869	-46.4529
BLOCK16/SES167/SA167S25	SES167	1.15536	-46.4455	-47.6008
BLOCK16/SES167/SA167S29	SES167	1.64522	-44.8763	-46.5215
BLOCK17/SES172/SA172S12	SES172	0.730659	-46.4556	-47.1862
BLOCK17/SES172/SA172S13	SES172	1.09935	-46.6047	-47.704
BLOCK17/SES172/SA172S23	SES172	0.278572	-45.5767	-45.8553
BLOCK17/SES172/SA172S27	SES172	0.422821	-46.5945	-47.0173
BLOCK17/SES172/SA172S29	SES172	0.774338	-46.1419	-46.9163
BLOCK17/SES175/SA175S11	SES175	0.898281	-46.6376	-47.5359
BLOCK17/SES175/SA175S13	SES175	0.579533	-46.6548	-47.2343
BLOCK17/SES175/SA175S23	SES175	1.2911	-46.5664	-47.8575
BLOCK17/SES175/SA175S25	SES175	0.64859	-48.305	-48.9536
BLOCK17/SES175/SA175S28	SES175	0.871502	-46.3667	-47.2382
BLOCK17/SES177/SA177S15	SES177	-0.0374947	-47.0847	-47.0472
BLOCK17/SES177/SA177S17	SES177	0.163986	-46.8061	-46.9701
BLOCK17/SES177/SA177S23	SES177	-0.504314	-47.821	-47.3166
BLOCK17/SES177/SA177S26	SES177	0.56448	-45.0345	-45.599
BLOCK17/SES177/SA177S28	SES177	0.801884	-45.8674	-46.6692
BLOCK18/SES180/SA180S13	SES180	0.546627	-46.4492	-46.9959
BLOCK18/SES180/SA180S15	SES180	0.568924	-47.0019	-47.5708
BLOCK18/SES180/SA180S24	SES180	0.677979	-45.3334	-46.0114
BLOCK18/SES180/SA180S26	SES180	0.952972	-45.7207	-46.6737
BLOCK18/SES180/SA180S29	SES180	0.850491	-47.0571	-47.9076
BLOCK18/SES183/SA183S13	SES183	0.688915	-47.4951	-48.184
BLOCK18/SES183/SA183S14	SES183	0.300014	-47.5141	-47.8141
BLOCK18/SES183/SA183S24	SES183	0.835457	-47.5687	-48.4042
BLOCK18/SES183/SA183S27	SES183	0.886524	-46.717	-47.6035
BLOCK18/SES183/SA183S29	SES183	0.927402	-46.4296	-47.357
BLOCK18/SES187/SA187S13	SES187	-0.124252	-48.2715	-48.1473
BLOCK18/SES187/SA187S14	SES187	0.440434	-47.6599	-48.1003
BLOCK18/SES187/SA187S24	SES187	0.943939	-47.1045	-48.0485
BLOCK18/SES187/SA187S27	SES187	0.788773	-46.835	-47.6238
BLOCK18/SES187/SA187S29	SES187	0.434681	-47.5102	-47.9448
BLOCK18/SES189/SA189S10	SES189	0.916119	-49.1493	-50.0654
BLOCK18/SES189/SA189S13	SES189	1.39589	-49.001	-50.3969
BLOCK18/SES189/SA189S24	SES189	1.78609	-48.1974	-49.9835
BLOCK18/SES189/SA189S26	SES189	0.478996	-48.4993	-48.9783
BLOCK18/SES189/SA189S29	SES189	1.2213	-47.9006	-49.1219
BLOCK20/SES202/SA202S12	SES202	1.37069	-47.7662	-49.1369
BLOCK20/SES202/SA202S14	SES202	2.48784	-46.0391	-48.527
BLOCK20/SES202/SA202S24	SES202	0.998314	-47.3383	-48.3366
BLOCK20/SES202/SA202S27	SES202	1.3224	-45.504	-46.8264
BLOCK20/SES202/SA202S29	SES202	1.83702	-45.3186	-47.1556
BLOCK20/SES206/SA206S15	SES206	-0.136429	-46.2624	-46.1259
BLOCK20/SES206/SA206S17	SES206	1.64275	-44.4897	-46.1324
BLOCK20/SES206/SA206S24	SES206	1.63087	-44.597	-46.2279
BLOCK20/SES206/SA206S27	SES206	1.37908	-45.2878	-46.6668
BLOCK20/SES206/SA206S29	SES206	1.24337	-44.6697	-45.9131
BLOCK22/SES226/SA226S12	SES226	0.969799	-46.8777	-47.8475
BLOCK22/SES226/SA226S13	SES226	-0.11874	-47.1296	-47.0108
BLOCK22/SES226/SA226S20	SES226	1.09529	-46.4588	-47.5541
BLOCK22/SES226/SA226S23	SES226	1.32372	-45.7509	-47.0746
BLOCK22/SES226/SA226S28	SES226	1.53198	-45.6248	-47.1568
BLOCK25/SES259/SA259S13	SES259	2.6631	-44.4703	-47.1334
BLOCK25/SES259/SA259S14	SES259	1.788	-45.3965	-47.1845
BLOCK25/SES259/SA259S22	SES259	1.19572	-45.6735	-46.8693
BLOCK25/SES259/SA259S24	SES259	1.76829	-44.4004	-46.1687
BLOCK25/SES259/SA259S28	SES259	1.48674	-44.7109	-46.1976
BLOCK27/SES270/SA270S14	SES270	1.68328	-46.2952	-47.9785
BLOCK27/SES270/SA270S16	SES270	0.512108	-46.6898	-47.2019
BLOCK27/SES270/SA270S22	SES270	1.64638	-45.6862	-47.3326
BLOCK27/SES270/SA270S26	SES270	0.955688	-47.2512	-48.2069
BLOCK27/SES270/SA270S28	SES270	0.529041	-46.3458	-46.8749
BLOCK27/SES275/SA275S17	SES275	1.36485	-46.8064	-48.1712
BLOCK27/SES275/SA275S18	SES275	0.370365	-47.1092	-47.4796
BLOCK27/SES275/SA275S24	SES275	0.625011	-47.8291	-48.4541
BLOCK27/SES275/SA275S26	SES275	0.773594	-46.2982	-47.0718
BLOCK27/SES275/SA275S28	SES275	0.14827	-46.7696	-46.9178
BLOCK29/SES292/SA292S10	SES292	0.425148	-47.0171	-47.4422
BLOCK29/SES292/SA292S12	SES292	0.106606	-47.8838	-47.9904
BLOCK29/SES292/SA292S22	SES292	0.8353	-45.9295	-46.7648
BLOCK29/SES292/SA292S24	SES292	0.266937	-46.6172	-46.8842
BLOCK29/SES292/SA292S27	SES292	0.210808	-46.1962	-46.407
BLOCK00/SES001/SA001S14	SES062	-1.3418	-48.9606	-47.6188
BLOCK00/SES001/SA001S14	SES082	-2.25518	-49.874	-47.6188
BLOCK00/SES001/SA001S14	SES106	-1.73284	-49.3516	-47.6188
BLOCK00/SES001/SA001S14	SES206	-2.14404	-49.7628	-47.6188
BLOCK00/SES001/SA001S15	SES062	-1.49219	-47.9898	-46.4976
BLOCK00/SES001/SA001S15	SES104	-1.82541	-48.323	-46.4976
BLOCK00/SES001/SA001S15	SES106	-1.57127	-48.0688	-46.4976
BLOCK00/SES001/SA001S15	SES206	-1.66747	-48.165	-46.4976
BLOCK00/SES001/SA001S24	SES062	-2.69661	-50.6071	-47.9105
BLOCK00/SES001/SA001S24	SES082	-2.0765	-49.987	-47.9105
BLOCK00/SES001/SA001S24	SES087	-1.91763	-49.8281	-47.9105
BLOCK00/SES001/SA001S24	SES206	-1.66829	-49.5788	-47.9105
BLOCK00/SES001/SA001S27	SES062	-1.71194	-48.1868	-46.4748
BLOCK00/SES001/SA001S27	SES082	-2.11927	-48.5941	-46.4748
BLOCK00/SES001/SA001S27	SES087	-2.42815	-48.903	-46.4748
BLOCK00/SES001/SA001S27	SES206	-2.33201	-48.8068	-46.4748
BLOCK00/SES001/SA001S29	SES062	-2.30977	-50.2434	-47.9336
BLOCK00/SES001/SA001S29	SES082	-1.60922	-49.5429	-47.9336
BLOCK00/SES001/SA001S29	SES158	-1.1958	-49.1294	-47.9336
BLOCK00/SES001/SA001S29	SES206	-2.67347	-50.6071	-47.9336
BLOCK00/SES003/SA003S11	SES002	-0.287308	-47.139	-46.8517
BLOCK00/SES003/SA003S11	SES019	-1.44259	-48.2943	-46.8517
BLOCK00/SES003/SA003S11	SES082	-0.401722	-47.2534	-46.8517
BLOCK00/SES003/SA003S11	SES125	-0.7663	-47.618	-46.8517
BLOCK00/SES003/SA003S15	SES016	-3.02232	-49.5141	-46.4918
BLOCK00/SES003/SA003S15	SES019	-1.19833	-47.6901	-46.4918
BLOCK00/SES003/SA003S15	SES062	-2.41372	-48.9055	-46.4918
BLOCK00/SES003/SA003S15	SES206	-0.949841	-47.4416	-46.4918
BLOCK00/SES003/SA003S22	SES002	-0.501694	-47.2954	-46.7937
BLOCK00/SES003/SA003S22	SES062	-1.15871	-47.9524	-46.7937
BLOCK00/SES003/SA003S22	SES082	-0.593761	-47.3875	-46.7937
BLOCK00/SES003/SA003S22	SES087	-0.866547	-47.6603	-46.7937
BLOCK00/SES003/SA003S25	SES062	-3.29875	-49.8617	-46.563
BLOCK00/SES003/SA003S25	SES082	-0.732185	-47.2952	-46.563
BLOCK00/SES003/SA003S25	SES087	-1.61086	-48.1738	-46.563
BLOCK00/SES003/SA003S25	SES206	-1.05681	-47.6198	-46.563
BLOCK00/SES003/SA003S29	SES002	-0.824951	-48.1753	-47.3503
BLOCK00/SES003/SA003S29	SES062	-1.83063	-49.1809	-47.3503
BLOCK00/SES003/SA003S29	SES082	-0.426052	-47.7764	-47.3503
BLOCK00/SES003/SA003S29	SES087	-1.24875	-48.5991	-47.3503
BLOCK00/SES004/SA004S12	SES083	-2.12612	-50.207	-48.0808
BLOCK00/SES004/SA004S12	SES148	-1.82876	-49.9096	-48.0808
BLOCK00/SES004/SA004S12	SES172	-1.76435	-49.8452	-48.0808
BLOCK00/SES004/SA004S12	SES292	-1.97932	-50.0602	-48.0808
BLOCK00/SES004/SA004S17	SES083	-1.9038	-49.9744	-48.0706
BLOCK00/SES004/SA004S17	SES162	-1.45936	-49.53	-48.0706
BLOCK00/SES004/SA004S17	SES172	-1.53991	-49.6105	-48.0706
BLOCK00/SES004/SA004S17	SES292	-1.7735	-49.8441	-48.0706
BLOCK00/SES004/SA004S24	SES083	-1.78416	-49.6206	-47.8364
BLOCK00/SES004/SA004S24	SES148	-2.12738	-49.9638	-47.8364
BLOCK00/SES004/SA004S24	SES172	-1.09444	-48.9309	-47.8364
BLOCK00/SES004/SA004S24	SES292	-1.16005	-48.9965	-47.8364
BLOCK00/SES004/SA004S26	SES083	-1.23891	-48.5433	-47.3044
BLOCK00/SES004/SA004S26	SES127	-1.161	-48.4654	-47.3044
BLOCK00/SES004/SA004S26	SES148	-2.54953	-49.8539	-47.3044
BLOCK00/SES004/SA004S26	SES292	-1.75703	-49.0614	-47.3044
BLOCK00/SES004/SA004S28	SES083	-2.02913	-48.7885	-46.7594
BLOCK00/SES004/SA004S28	SES127	-1.38676	-48.1462	-46.7594
BLOCK00/SES004/SA004S28	SES187	-1.6985	-48.4579	-46.7594
BLOCK00/SES004/SA004S28	SES292	-2.47654	-49.2359	-46.7594
BLOCK00/SES006/SA006S10	SES014	-2.50447	-51.8294	-49.3249
BLOCK00/SES006/SA006S10	SES158	-0.773407	-50.0983	-49.3249
BLOCK00/SES006/SA006S10	SES226	-2.95852	-52.2834	-49.3249
BLOCK00/SES006/SA006S10	SES270	-0.147095	-49.472	-49.3249
BLOCK00/SES006/SA006S11	SES158	-0.865005	-50.0641	-49.1991
BLOCK00/SES006/SA006S11	SES226	-2.06495	-51.264	-49.1991
BLOCK00/SES006/SA006S11	SES270	-0.109283	-49.3084	-49.1991
BLOCK00/SES006/SA006S11	SES275	-2.55561	-51.7547	-49.1991
BLOCK00/SES006/SA006S23	SES062	-1.47816	-49.4365	-47.9583
BLOCK00/SES006/SA006S23	SES105	-1.66706	-49.6254	-47.9583
BLOCK00/SES006/SA006S23	SES158	-0.764309	-48.7226	-47.9583
BLOCK00/SES006/SA006S23	SES275	-1.95522	-49.9135	-47.9583
BLOCK00/SES006/SA006S26	SES104	-1.86178	-49.3559	-47.4941
BLOCK00/SES006/SA006S26	SES158	-0.385075	-47.8792	-47.4941
BLOCK00/SES006/SA006S26	SES270	0.156403	-47.3377	-47.4941
BLOCK00/SES006/SA006S26	SES275	-3.0495	-50.5436	-47.4941
BLOCK00/SES006/SA006S28	SES007	-1.94876	-51.1758	-49.227
BLOCK00/SES006/SA006S28	SES105	-1.83411	-51.0611	-49.227
BLOCK00/SES006/SA006S28	SES158	-0.832153	-50.0591	-49.227
BLOCK00/SES006/SA006S28	SES275	-2.79628	-52.0233	-49.227
BLOCK00/SES009/SA009S12	SES083	-1.28247	-48.3105	-47.028
BLOCK00/SES009/SA009S12	SES148	-1.27167	-48.2997	-47.028
BLOCK00/SES009/SA009S12	SES177	-1.65431	-48.6823	-47.028
BLOCK00/SES009/SA009S12	SES292	-0.786518	-47.8145	-47.028
BLOCK00/SES009/SA009S15	SES007	0.00324631	-46.1608	-46.1641
BLOCK00/SES009/SA009S15	SES099	-3.36893	-49.533	-46.1641
BLOCK00/SES009/SA009S15	SES148	-1.78244	-47.9465	-46.1641
BLOCK00/SES009/SA009S15	SES172	-1.59926	-47.7633	-46.1641
BLOCK00/SES009/SA009S24	SES146	-0.894592	-47.5148	-46.6202
BLOCK00/SES009/SA009S24	SES148	-1.47133	-48.0915	-46.6202
BLOCK00/SES009/SA009S24	SES177	-1.32664	-47.9468	-46.6202
BLOCK00/SES009/SA009S24	SES292	-0.864899	-47.4851	-46.6202
BLOCK00/SES009/SA009S26	SES083	-1.5955	-48.6337	-47.0382
BLOCK00/SES009/SA009S26	SES101	-1.48855	-48.5267	-47.0382
BLOCK00/SES009/SA009S26	SES120	-0.920166	-47.9584	-47.0382
BLOCK00/SES009/SA009S26	SES177	-1.85521	-48.8934	-47.0382
BLOCK00/SES009/SA009S29	SES083	-1.05993	-47.486	-46.4261
BLOCK00/SES009/SA009S29	SES101	-1.20846	-47.6346	-46.4261
BLOCK00/SES009/SA009S29	SES177	-1.43001	-47.8561	-46.4261
BLOCK00/SES009/SA009S29	SES292	-0.946579	-47.3727	-46.4261
BLOCK01/SES011/SA011S10	SES019	-1.03842	-48.2109	-47.1725
BLOCK01/SES011/SA011S10	SES042	-0.486942	-47.6594	-47.1725
BLOCK01/SES011/SA011S10	SES082	-1.85446	-49.0269	-47.1725
BLOCK01/SES011/SA011S10	SES206	-0.818295	-47.9908	-47.1725
BLOCK01/SES011/SA011S11	SES019	-0.640415	-48.8816	-48.2412
BLOCK01/SES011/SA011S11	SES042	-0.695675	-48.9368	-48.2412
BLOCK01/SES011/SA011S11	SES082	-1.80452	-50.0457	-48.2412
BLOCK01/SES011/SA011S11	SES206	-0.537418	-48.7786	-48.2412
BLOCK01/SES011/SA011S22	SES019	-0.175938	-48.1976	-48.0217
BLOCK01/SES011/SA011S22	SES042	-0.273434	-48.2951	-48.0217
BLOCK01/SES011/SA011S22	SES082	-1.24076	-49.2624	-48.0217
BLOCK01/SES011/SA011S22	SES206	-0.350918	-48.3726	-48.0217
BLOCK01/SES011/SA011S24	SES019	-0.418217	-47.4353	-47.017
BLOCK01/SES011/SA011S24	SES042	-0.283211	-47.3003	-47.017
BLOCK01/SES011/SA011S24	SES104	-1.10566	-48.1227	-47.017
BLOCK01/SES011/SA011S24	SES206	-0.0604095	-47.0775	-47.017
BLOCK01/SES011/SA011S27	SES082	0.0720863	-47.0046	-47.0767
BLOCK01/SES011/SA011S27	SES087	-0.927315	-48.004	-47.0767
BLOCK01/SES011/SA011S27	SES125	-0.347454	-47.4241	-47.0767
BLOCK01/SES011/SA011S27	SES206	-0.249058	-47.3257	-47.0767
BLOCK01/SES012/SA012S11	SES007	-1.61649	-47.3789	-45.7624
BLOCK01/SES012/SA012S11	SES082	-0.964249	-46.7267	-45.7624
BLOCK01/SES012/SA012S11	SES083	-2.17371	-47.9361	-45.7624
BLOCK01/SES012/SA012S11	SES206	-0.458588	-46.221	-45.7624
BLOCK01/SES012/SA012S14	SES082	-0.941582	-47.3047	-46.3631
BLOCK01/SES012/SA012S14	SES087	-1.71622	-48.0793	-46.3631
BLOCK01/SES012/SA012S14	SES206	-1.03338	-47.3965	-46.3631
BLOCK01/SES012/SA012S14	SES292	-2.85054	-49.2137	-46.3631
BLOCK01/SES012/SA012S24	SES082	0.255737	-47.2576	-47.5133
BLOCK01/SES012/SA012S24	SES087	-0.816307	-48.3296	-47.5133
BLOCK01/SES012/SA012S24	SES120	-3.66225	-51.1755	-47.5133
BLOCK01/SES012/SA012S24	SES206	-0.397778	-47.9111	-47.5133
BLOCK01/SES012/SA012S26	SES019	-1.5759	-48.1748	-46.5989
BLOCK01/SES012/SA012S26	SES082	-1.25914	-47.8581	-46.5989
BLOCK01/SES012/SA012S26	SES206	-0.0531883	-46.6521	-46.5989
BLOCK01/SES012/SA012S26	SES292	-2.695	-49.2939	-46.5989
BLOCK01/SES012/SA012S29	SES062	-1.93938	-48.1283	-46.1889
BLOCK01/SES012/SA012S29	SES082	-0.7719	-46.9608	-46.1889
BLOCK01/SES012/SA012S29	SES083	-2.29296	-48.4819	-46.1889
BLOCK01/SES012/SA012S29	SES206	-1.00414	-47.1931	-46.1889
BLOCK01/SES013/SA013S16	SES062	-3.48496	-50.3564	-46.8715
BLOCK01/SES013/SA013S16	SES106	-0.981239	-47.8527	-46.8715
BLOCK01/SES013/SA013S16	SES206	-1.25734	-48.1288	-46.8715
BLOCK01/SES013/SA013S16	SES226	-0.419308	-47.2908	-46.8715
BLOCK01/SES013/SA013S17	SES062	-3.01413	-48.975	-45.9609
BLOCK01/SES013/SA013S17	SES106	-1.32069	-47.2816	-45.9609
BLOCK01/SES013/SA013S17	SES206	-0.450397	-46.4113	-45.9609
BLOCK01/SES013/SA013S17	SES226	-0.0585518	-46.0194	-45.9609
BLOCK01/SES013/SA013S23	SES104	-1.51388	-48.6734	-47.1595
BLOCK01/SES013/SA013S23	SES106	-0.818951	-47.9785	-47.1595
BLOCK01/SES013/SA013S23	SES206	-1.31744	-48.477	-47.1595
BLOCK01/SES013/SA013S23	SES270	-0.490131	-47.6497	-47.1595
BLOCK01/SES013/SA013S25	SES042	-1.58006	-47.772	-46.192
BLOCK01/SES013/SA013S25	SES104	-1.27892	-47.4709	-46.192
BLOCK01/SES013/SA013S25	SES106	-0.934883	-47.1269	-46.192
BLOCK01/SES013/SA013S25	SES206	-1.22694	-47.4189	-46.192
BLOCK01/SES013/SA013S29	SES062	-3.50451	-50.1759	-46.6714
BLOCK01/SES013/SA013S29	SES104	-1.58941	-48.2608	-46.6714
BLOCK01/SES013/SA013S29	SES106	-0.867069	-47.5384	-46.6714
BLOCK01/SES013/SA013S29	SES206	-1.19166	-47.863	-46.6714
BLOCK02/SES021/SA021S13	SES016	-3.45765	-50.0235	-46.5658
BLOCK02/SES021/SA021S13	SES029	-2.73781	-49.3037	-46.5658
BLOCK02/SES021/SA021S13	SES087	-0.948685	-47.5145	-46.5658
BLOCK02/SES021/SA021S13	SES206	-0.368195	-46.934	-46.5658
BLOCK02/SES021/SA021S15	SES087	-0.922989	-46.0378	-45.1148
BLOCK02/SES021/SA021S15	SES125	-0.1586	-45.2734	-45.1148
BLOCK02/SES021/SA021S15	SES206	-0.267029	-45.3819	-45.1148
BLOCK02/SES021/SA021S15	SES226	-1.23957	-46.3544	-45.1148
BLOCK02/SES021/SA021S23	SES062	-3.41875	-50.4693	-47.0506
BLOCK02/SES021/SA021S23	SES087	-1.50283	-48.5534	-47.0506
BLOCK02/SES021/SA021S23	SES206	-1.40112	-48.4517	-47.0506
BLOCK02/SES021/SA021S23	SES226	-1.01451	-48.0651	-47.0506
BLOCK02/SES021/SA021S27	SES002	-1.17815	-46.9434	-45.7653
BLOCK02/SES021/SA021S27	SES016	-3.92732	-49.6926	-45.7653
BLOCK02/SES021/SA021S27	SES019	-1.68998	-47.4553	-45.7653
BLOCK02/SES021/SA021S27	SES062	-1.71372	-47.479	-45.7653
BLOCK02/SES021/SA021S29	SES087	-1.12211	-46.9662	-45.8441
BLOCK02/SES021/SA021S29	SES125	-0.68145	-46.5256	-45.8441
BLOCK02/SES021/SA021S29	SES206	-0.483601	-46.3277	-45.8441
BLOCK02/SES021/SA021S29	SES226	-1.32812	-47.1722	-45.8441
BLOCK04/SES043/SA043S09	SES083	-1.35184	-49.5718	-48.2199
BLOCK04/SES043/SA043S09	SES101	-2.33185	-50.5518	-48.2199
BLOCK04/SES043/SA043S09	SES144	-0.38953	-48.6095	-48.2199
BLOCK04/SES043/SA043S09	SES172	-2.09882	-50.3188	-48.2199
BLOCK04/SES043/SA043S11	SES083	-0.597969	-47.4166	-46.8186
BLOCK04/SES043/SA043S11	SES101	-1.39796	-48.2166	-46.8186
BLOCK04/SES043/SA043S11	SES144	-0.7314	-47.55	-46.8186
BLOCK04/SES043/SA043S11	SES172	-0.958061	-47.7767	-46.8186
BLOCK04/SES043/SA043S23	SES083	-0.418743	-47.9373	-47.5185
BLOCK04/SES043/SA043S23	SES144	0.000347137	-47.5182	-47.5185
BLOCK04/SES043/SA043S23	SES177	-2.09757	-49.6161	-47.5185
BLOCK04/SES043/SA043S23	SES275	-0.792351	-48.3109	-47.5185
BLOCK04/SES043/SA043S26	SES083	-0.738903	-48.1357	-47.3968
BLOCK04/SES043/SA043S26	SES101	-1.29613	-48.6929	-47.3968
BLOCK04/SES043/SA043S26	SES144	-0.467468	-47.8643	-47.3968
BLOCK04/SES043/SA043S26	SES177	-1.73341	-49.1302	-47.3968
BLOCK04/SES043/SA043S28	SES016	-1.26704	-48.0097	-46.7427
BLOCK04/SES043/SA043S28	SES083	-0.702049	-47.4447	-46.7427
BLOCK04/SES043/SA043S28	SES101	-0.82917	-47.5718	-46.7427
BLOCK04/SES043/SA043S28	SES144	-0.727165	-47.4698	-46.7427
BLOCK04/SES044/SA044S10	SES127	-2.01955	-52.5503	-50.5308
BLOCK04/SES044/SA044S10	SES144	-0.726547	-51.2573	-50.5308
BLOCK04/SES044/SA044S10	SES147	-2.507	-53.0378	-50.5308
BLOCK04/SES044/SA044S10	SES148	-1.57483	-52.1056	-50.5308
BLOCK04/SES044/SA044S11	SES101	-1.59957	-50.7923	-49.1927
BLOCK04/SES044/SA044S11	SES144	-0.192997	-49.3857	-49.1927
BLOCK04/SES044/SA044S11	SES147	-2.03702	-51.2297	-49.1927
BLOCK04/SES044/SA044S11	SES177	-1.73601	-50.9287	-49.1927
BLOCK04/SES044/SA044S24	SES007	-1.76225	-50.284	-48.5217
BLOCK04/SES044/SA044S24	SES101	-1.12832	-49.65	-48.5217
BLOCK04/SES044/SA044S24	SES147	-2.54126	-51.063	-48.5217
BLOCK04/SES044/SA044S24	SES177	-1.89115	-50.4129	-48.5217
BLOCK04/SES044/SA044S26	SES007	-1.54658	-49.3581	-47.8116
BLOCK04/SES044/SA044S26	SES016	-0.803917	-48.6155	-47.8116
BLOCK04/SES044/SA044S26	SES101	-0.922119	-48.7337	-47.8116
BLOCK04/SES044/SA044S26	SES147	-1.42355	-49.2351	-47.8116
BLOCK04/SES044/SA044S29	SES007	-1.56733	-48.8614	-47.294
BLOCK04/SES044/SA044S29	SES101	-0.255756	-47.5498	-47.294
BLOCK04/SES044/SA044S29	SES147	-1.55127	-48.8453	-47.294
BLOCK04/SES044/SA044S29	SES177	-1.9731	-49.2671	-47.294
BLOCK04/SES046/SA046S13	SES101	-2.79216	-51.1214	-48.3292
BLOCK04/SES046/SA046S13	SES144	-1.2598	-49.589	-48.3292
BLOCK04/SES046/SA046S13	SES147	-2.19749	-50.5267	-48.3292
BLOCK04/SES046/SA046S13	SES177	-1.443	-49.7722	-48.3292
BLOCK04/SES046/SA046S15	SES048	-2.5609	-49.3069	-46.746
BLOCK04/SES046/SA046S15	SES083	-1.20048	-47.9465	-46.746
BLOCK04/SES046/SA046S15	SES120	-2.37218	-49.1182	-46.746
BLOCK04/SES046/SA046S15	SES148	-1.51744	-48.2634	-46.746
BLOCK04/SES046/SA046S22	SES101	-1.0085	-48.7799	-47.7714
BLOCK04/SES046/SA046S22	SES144	-0.768044	-48.5394	-47.7714
BLOCK04/SES046/SA046S22	SES147	-2.11308	-49.8844	-47.7714
BLOCK04/SES046/SA046S22	SES172	-1.29855	-49.0699	-47.7714
BLOCK04/SES046/SA046S25	SES083	-1.22764	-48.8916	-47.664
BLOCK04/SES046/SA046S25	SES127	-1.23321	-48.8972	-47.664
BLOCK04/SES046/SA046S25	SES144	-1.40427	-49.0682	-47.664
BLOCK04/SES046/SA046S25	SES148	-1.11716	-48.7811	-47.664
BLOCK04/SES046/SA046S28	SES007	-2.61689	-50.8402	-48.2234
BLOCK04/SES046/SA046S28	SES105	-2.0868	-50.3102	-48.2234
BLOCK04/SES046/SA046S28	SES147	-2.40498	-50.6283	-48.2234
BLOCK04/SES046/SA046S28	SES148	-1.06203	-49.2854	-48.2234
BLOCK04/SES049/SA049S16	SES104	-1.51959	-49.2552	-47.7356
BLOCK04/SES049/SA049S16	SES106	-1.39025	-49.1259	-47.7356
BLOCK04/SES049/SA049S16	SES120	-3.12453	-50.8601	-47.7356
BLOCK04/SES049/SA049S16	SES206	-1.2861	-49.0217	-47.7356
BLOCK04/SES049/SA049S18	SES099	-0.365746	-49.2896	-48.9238
BLOCK04/SES049/SA049S18	SES104	-1.71439	-50.6382	-48.9238
BLOCK04/SES049/SA049S18	SES125	-1.83499	-50.7588	-48.9238
BLOCK04/SES049/SA049S18	SES206	-1.20138	-50.1252	-48.9238
BLOCK04/SES049/SA049S25	SES087	-0.874554	-48.2665	-47.392
BLOCK04/SES049/SA049S25	SES104	-0.639404	-48.0314	-47.392
BLOCK04/SES049/SA049S25	SES125	-1.44809	-48.8401	-47.392
BLOCK04/SES049/SA049S25	SES206	-0.727554	-48.1195	-47.392
BLOCK04/SES049/SA049S27	SES099	-0.456459	-47.8888	-47.4323
BLOCK04/SES049/SA049S27	SES104	-0.130486	-47.5628	-47.4323
BLOCK04/SES049/SA049S27	SES125	-0.797447	-48.2297	-47.4323
BLOCK04/SES049/SA049S27	SES206	-0.747173	-48.1795	-47.4323
BLOCK04/SES049/SA049S29	SES099	-0.585724	-46.9266	-46.3408
BLOCK04/SES049/SA049S29	SES104	-0.149315	-46.4901	-46.3408
BLOCK04/SES049/SA049S29	SES125	-0.600208	-46.941	-46.3408
BLOCK04/SES049/SA049S29	SES206	-0.264618	-46.6054	-46.3408
BLOCK06/SES063/SA063S09	SES068	-1.95013	-49.1357	-47.1856
BLOCK06/SES063/SA063S09	SES083	-0.569458	-47.7551	-47.1856
BLOCK06/SES063/SA063S09	SES177	-0.925812	-48.1114	-47.1856
BLOCK06/SES063/SA063S09	SES187	-1.13534	-48.3209	-47.1856
BLOCK06/SES063/SA063S10	SES068	-1.70673	-49.6957	-47.989
BLOCK06/SES063/SA063S10	SES083	0.0787315	-47.9103	-47.989
BLOCK06/SES063/SA063S10	SES172	-0.163418	-48.1524	-47.989
BLOCK06/SES063/SA063S10	SES187	-0.865108	-48.8541	-47.989
BLOCK06/SES063/SA063S20	SES068	-2.71755	-50.4819	-47.7644
BLOCK06/SES063/SA063S20	SES083	-0.685955	-48.4504	-47.7644
BLOCK06/SES063/SA063S20	SES172	-1.37194	-49.1363	-47.7644
BLOCK06/SES063/SA063S20	SES187	-0.315483	-48.0799	-47.7644
BLOCK06/SES063/SA063S24	SES029	-2.10424	-49.0347	-46.9305
BLOCK06/SES063/SA063S24	SES083	-0.142548	-47.073	-46.9305
BLOCK06/SES063/SA063S24	SES177	-0.868805	-47.7993	-46.9305
BLOCK06/SES063/SA063S24	SES189	-1.09908	-48.0296	-46.9305
BLOCK06/SES063/SA063S27	SES083	0.157791	-48.265	-48.4228
BLOCK06/SES063/SA063S27	SES172	-0.415688	-48.8384	-48.4228
BLOCK06/SES063/SA063S27	SES187	-0.143555	-48.5663	-48.4228
BLOCK06/SES063/SA063S27	SES292	-1.67728	-50.1	-48.4228
BLOCK06/SES067/SA067S12	SES083	-1.33562	-48.7286	-47.393
BLOCK06/SES067/SA067S12	SES172	-2.9398	-50.3328	-47.393
BLOCK06/SES067/SA067S12	SES202	0.00136566	-47.3916	-47.393
BLOCK06/SES067/SA067S12	SES292	-1.75309	-49.1461	-47.393
BLOCK06/SES067/SA067S14	SES085	-1.9807	-48.7927	-46.812
BLOCK06/SES067/SA067S14	SES177	-1.32909	-48.1411	-46.812
BLOCK06/SES067/SA067S14	SES183	-1.50827	-48.3203	-46.812
BLOCK06/SES067/SA067S14	SES202	-0.526207	-47.3382	-46.812
BLOCK06/SES067/SA067S21	SES144	-0.898392	-49.3223	-48.4239
BLOCK06/SES067/SA067S21	SES177	-0.651016	-49.075	-48.4239
BLOCK06/SES067/SA067S21	SES183	-2.60947	-51.0334	-48.4239
BLOCK06/SES067/SA067S21	SES189	-0.4818	-48.9057	-48.4239
BLOCK06/SES067/SA067S25	SES085	-1.06004	-48.7388	-47.6788
BLOCK06/SES067/SA067S25	SES177	-0.917168	-48.596	-47.6788
BLOCK06/SES067/SA067S25	SES183	-1.43472	-49.1135	-47.6788
BLOCK06/SES067/SA067S25	SES202	-0.168831	-47.8476	-47.6788
BLOCK06/SES067/SA067S29	SES085	-1.67809	-49.1115	-47.4334
BLOCK06/SES067/SA067S29	SES177	-1.28934	-48.7227	-47.4334
BLOCK06/SES067/SA067S29	SES183	-1.72425	-49.1576	-47.4334
BLOCK06/SES067/SA067S29	SES202	-0.0611382	-47.4945	-47.4334
BLOCK06/SES069/SA069S12	SES029	-2.56326	-49.02	-46.4567
BLOCK06/SES069/SA069S12	SES082	-0.935131	-47.3918	-46.4567
BLOCK06/SES069/SA069S12	SES087	-1.45278	-47.9095	-46.4567
BLOCK06/SES069/SA069S12	SES206	-0.973747	-47.4304	-46.4567
BLOCK06/SES069/SA069S13	SES029	-2.87506	-49.5613	-46.6862
BLOCK06/SES069/SA069S13	SES087	-1.84101	-48.5272	-46.6862
BLOCK06/SES069/SA069S13	SES206	-1.73822	-48.4244	-46.6862
BLOCK06/SES069/SA069S13	SES226	-1.43666	-48.1229	-46.6862
BLOCK06/SES069/SA069S23	SES029	-2.00724	-47.1086	-45.1014
BLOCK06/SES069/SA069S23	SES087	-1.56255	-46.6639	-45.1014
BLOCK06/SES069/SA069S23	SES206	-1.21798	-46.3194	-45.1014
BLOCK06/SES069/SA069S23	SES226	-0.84943	-45.9508	-45.1014
BLOCK06/SES069/SA069S25	SES087	-1.35668	-47.1935	-45.8369
BLOCK06/SES069/SA069S25	SES206	-1.59401	-47.4309	-45.8369
BLOCK06/SES069/SA069S25	SES226	-0.911366	-46.7482	-45.8369
BLOCK06/SES069/SA069S25	SES270	-1.11174	-46.9486	-45.8369
BLOCK06/SES069/SA069S27	SES087	-1.68296	-47.2972	-45.6143
BLOCK06/SES069/SA069S27	SES206	-0.716438	-46.3307	-45.6143
BLOCK06/SES069/SA069S27	SES226	-0.602772	-46.217	-45.6143
BLOCK06/SES069/SA069S27	SES270	-1.01359	-46.6279	-45.6143
BLOCK08/SES081/SA081S11	SES060	-1.81782	-49.1309	-47.3131
BLOCK08/SES081/SA081S11	SES062	-2.57572	-49.8888	-47.3131
BLOCK08/SES081/SA081S11	SES117	-2.51843	-49.8315	-47.3131
BLOCK08/SES081/SA081S11	SES162	-1.83367	-49.1467	-47.3131
BLOCK08/SES081/SA081S13	SES016	-1.07249	-47.4214	-46.3489
BLOCK08/SES081/SA081S13	SES060	-0.427208	-46.7761	-46.3489
BLOCK08/SES081/SA081S13	SES068	-0.639065	-46.988	-46.3489
BLOCK08/SES081/SA081S13	SES129	-1.6978	-48.0467	-46.3489
BLOCK08/SES081/SA081S24	SES060	-0.98032	-47.819	-46.8387
BLOCK08/SES081/SA081S24	SES068	-1.21459	-48.0533	-46.8387
BLOCK08/SES081/SA081S24	SES117	-1.9619	-48.8006	-46.8387
BLOCK08/SES081/SA081S24	SES275	-2.28733	-49.126	-46.8387
BLOCK08/SES081/SA081S27	SES007	-1.75907	-48.8016	-47.0425
BLOCK08/SES081/SA081S27	SES060	-1.39291	-48.4354	-47.0425
BLOCK08/SES081/SA081S27	SES117	-1.03302	-48.0756	-47.0425
BLOCK08/SES081/SA081S27	SES275	-1.8526	-48.8951	-47.0425
BLOCK08/SES081/SA081S29	SES007	-1.56315	-48.0977	-46.5346
BLOCK08/SES081/SA081S29	SES060	-0.958717	-47.4933	-46.5346
BLOCK08/SES081/SA081S29	SES117	-1.6216	-48.1562	-46.5346
BLOCK08/SES081/SA081S29	SES275	-2.01903	-48.5536	-46.5346
BLOCK08/SES086/SA086S11	SES029	-4.67271	-53.0242	-48.3515
BLOCK08/SES086/SA086S11	SES082	-1.11857	-49.4701	-48.3515
BLOCK08/SES086/SA086S11	SES087	-0.768723	-49.1202	-48.3515
BLOCK08/SES086/SA086S11	SES206	-1.99569	-50.3472	-48.3515
BLOCK08/SES086/SA086S12	SES029	-4.73508	-52.1911	-47.456
BLOCK08/SES086/SA086S12	SES082	-1.45151	-48.9075	-47.456
BLOCK08/SES086/SA086S12	SES087	0.0722656	-47.3837	-47.456
BLOCK08/SES086/SA086S12	SES206	-1.46963	-48.9256	-47.456
BLOCK08/SES086/SA086S20	SES029	-3.75222	-50.2462	-46.494
BLOCK08/SES086/SA086S20	SES082	-1.50648	-48.0004	-46.494
BLOCK08/SES086/SA086S20	SES087	-0.0139313	-46.5079	-46.494
BLOCK08/SES086/SA086S20	SES206	-0.506573	-47.0005	-46.494
BLOCK08/SES086/SA086S24	SES087	0.393726	-47.1373	-47.531
BLOCK08/SES086/SA086S24	SES104	-1.19847	-48.7295	-47.531
BLOCK08/SES086/SA086S24	SES120	-3.47193	-51.0029	-47.531
BLOCK08/SES086/SA086S24	SES206	0.0290413	-47.5019	-47.531
BLOCK08/SES086/SA086S28	SES029	-3.28413	-49.6417	-46.3575
BLOCK08/SES086/SA086S28	SES082	-1.41002	-47.7676	-46.3575
BLOCK08/SES086/SA086S28	SES087	0.138897	-46.2186	-46.3575
BLOCK08/SES086/SA086S28	SES206	-0.574738	-46.9323	-46.3575
BLOCK08/SES089/SA089S13	SES087	-1.33353	-48.3008	-46.9673
BLOCK08/SES089/SA089S13	SES206	-1.54349	-48.5108	-46.9673
BLOCK08/SES089/SA089S13	SES226	-1.32793	-48.2952	-46.9673
BLOCK08/SES089/SA089S13	SES270	-1.9017	-48.869	-46.9673
BLOCK08/SES089/SA089S14	SES062	-1.89705	-48.9505	-47.0535
BLOCK08/SES089/SA089S14	SES087	-0.125477	-47.179	-47.0535
BLOCK08/SES089/SA089S14	SES206	-0.371063	-47.4245	-47.0535
BLOCK08/SES089/SA089S14	SES226	-0.498413	-47.5519	-47.0535
BLOCK08/SES089/SA089S23	SES087	-0.218342	-47.9649	-47.7466
BLOCK08/SES089/SA089S23	SES206	-1.30822	-49.0548	-47.7466
BLOCK08/SES089/SA089S23	SES226	-1.09657	-48.8431	-47.7466
BLOCK08/SES089/SA089S23	SES270	-1.9032	-49.6498	-47.7466
BLOCK08/SES089/SA089S25	SES062	-2.32606	-49.0808	-46.7547
BLOCK08/SES089/SA089S25	SES087	-0.088623	-46.8434	-46.7547
BLOCK08/SES089/SA089S25	SES206	-0.868	-47.6227	-46.7547
BLOCK08/SES089/SA089S25	SES226	-0.407089	-47.1618	-46.7547
BLOCK08/SES089/SA089S28	SES062	-2.00161	-48.8356	-46.834
BLOCK08/SES089/SA089S28	SES087	-0.160374	-46.9943	-46.834
BLOCK08/SES089/SA089S28	SES206	-0.670506	-47.5045	-46.834
BLOCK08/SES089/SA089S28	SES226	-0.440956	-47.2749	-46.834
BLOCK09/SES097/SA097S11	SES099	-0.230267	-47.7384	-47.5081
BLOCK09/SES097/SA097S11	SES125	-1.62328	-49.1314	-47.5081
BLOCK09/SES097/SA097S11	SES206	-1.5709	-49.079	-47.5081
BLOCK09/SES097/SA097S11	SES226	-0.125996	-47.6341	-47.5081
BLOCK09/SES097/SA097S14	SES062	-2.76224	-50.0395	-47.2773
BLOCK09/SES097/SA097S14	SES099	-0.658581	-47.9358	-47.2773
BLOCK09/SES097/SA097S14	SES104	-1.13821	-48.4155	-47.2773
BLOCK09/SES097/SA097S14	SES206	-1.33075	-48.608	-47.2773
BLOCK09/SES097/SA097S22	SES099	-0.0477791	-47.1313	-47.0835
BLOCK09/SES097/SA097S22	SES206	-1.26968	-48.3532	-47.0835
BLOCK09/SES097/SA097S22	SES226	-1.15961	-48.2431	-47.0835
BLOCK09/SES097/SA097S22	SES270	-0.0480728	-47.1316	-47.0835
BLOCK09/SES097/SA097S26	SES099	-0.22641	-46.5346	-46.3082
BLOCK09/SES097/SA097S26	SES120	-3.09343	-49.4017	-46.3082
BLOCK09/SES097/SA097S26	SES206	-1.39555	-47.7038	-46.3082
BLOCK09/SES097/SA097S26	SES226	-1.48147	-47.7897	-46.3082
BLOCK09/SES097/SA097S28	SES099	-0.511116	-47.6134	-47.1023
BLOCK09/SES097/SA097S28	SES120	-2.60689	-49.7092	-47.1023
BLOCK09/SES097/SA097S28	SES206	-1.48819	-48.5905	-47.1023
BLOCK09/SES097/SA097S28	SES226	-1.64	-48.7423	-47.1023
BLOCK09/SES098/SA098S11	SES127	-1.85162	-51.1099	-49.2582
BLOCK09/SES098/SA098S11	SES144	-1.07293	-50.3312	-49.2582
BLOCK09/SES098/SA098S11	SES147	-0.806461	-50.0647	-49.2582
BLOCK09/SES098/SA098S11	SES148	-2.27402	-51.5323	-49.2582
BLOCK09/SES098/SA098S12	SES127	-2.77176	-53.0309	-50.2591
BLOCK09/SES098/SA098S12	SES144	-1.5638	-51.8229	-50.2591
BLOCK09/SES098/SA098S12	SES147	-1.6705	-51.9296	-50.2591
BLOCK09/SES098/SA098S12	SES189	-0.617023	-50.8762	-50.2591
BLOCK09/SES098/SA098S20	SES127	-2.51591	-51.8224	-49.3065
BLOCK09/SES098/SA098S20	SES147	-0.94392	-50.2504	-49.3065
BLOCK09/SES098/SA098S20	SES148	-3.10084	-52.4073	-49.3065
BLOCK09/SES098/SA098S20	SES292	-3.0077	-52.3142	-49.3065
BLOCK09/SES098/SA098S23	SES127	-1.48447	-50.1759	-48.6915
BLOCK09/SES098/SA098S23	SES147	-1.06424	-49.7557	-48.6915
BLOCK09/SES098/SA098S23	SES187	-0.715935	-49.4074	-48.6915
BLOCK09/SES098/SA098S23	SES292	-2.41298	-51.1045	-48.6915
BLOCK09/SES098/SA098S27	SES127	-1.86975	-50.6115	-48.7417
BLOCK09/SES098/SA098S27	SES147	-2.27227	-51.014	-48.7417
BLOCK09/SES098/SA098S27	SES148	-3.02051	-51.7622	-48.7417
BLOCK09/SES098/SA098S27	SES292	-2.34788	-51.0896	-48.7417
BLOCK10/SES102/SA102S13	SES101	-0.15292	-49.1689	-49.016
BLOCK10/SES102/SA102S13	SES105	-1.37572	-50.3917	-49.016
BLOCK10/SES102/SA102S13	SES120	-0.7934	-49.8094	-49.016
BLOCK10/SES102/SA102S13	SES158	-5.80634	-54.8223	-49.016
BLOCK10/SES102/SA102S14	SES007	-0.662804	-47.4506	-46.7878
BLOCK10/SES102/SA102S14	SES101	-0.467693	-47.2554	-46.7878
BLOCK10/SES102/SA102S14	SES105	-0.702198	-47.4899	-46.7878
BLOCK10/SES102/SA102S14	SES147	-1.66593	-48.4537	-46.7878
BLOCK10/SES102/SA102S22	SES007	-1.22781	-48.3809	-47.1531
BLOCK10/SES102/SA102S22	SES101	-0.225037	-47.3781	-47.1531
BLOCK10/SES102/SA102S22	SES105	-0.690647	-47.8437	-47.1531
BLOCK10/SES102/SA102S22	SES158	-3.73506	-50.8881	-47.1531
BLOCK10/SES102/SA102S25	SES007	-0.882736	-47.8063	-46.9236
BLOCK10/SES102/SA102S25	SES101	-0.189495	-47.1131	-46.9236
BLOCK10/SES102/SA102S25	SES105	-0.916401	-47.84	-46.9236
BLOCK10/SES102/SA102S25	SES147	-2.33194	-49.2555	-46.9236
BLOCK10/SES102/SA102S27	SES007	-1.0575	-48.6876	-47.6301
BLOCK10/SES102/SA102S27	SES101	-0.616478	-48.2466	-47.6301
BLOCK10/SES102/SA102S27	SES105	-0.918941	-48.5491	-47.6301
BLOCK10/SES102/SA102S27	SES147	-1.45772	-49.0879	-47.6301
BLOCK10/SES103/SA103S14	SES105	-2.08493	-50.6119	-48.527
BLOCK10/SES103/SA103S14	SES106	-0.685871	-49.2128	-48.527
BLOCK10/SES103/SA103S14	SES120	-3.28963	-51.8166	-48.527
BLOCK10/SES103/SA103S14	SES206	-1.24894	-49.7759	-48.527
BLOCK10/SES103/SA103S15	SES099	-0.466629	-49.6364	-49.1698
BLOCK10/SES103/SA103S15	SES101	-3.15817	-52.3279	-49.1698
BLOCK10/SES103/SA103S15	SES104	-0.883259	-50.053	-49.1698
BLOCK10/SES103/SA103S15	SES125	-0.893578	-50.0633	-49.1698
BLOCK10/SES103/SA103S24	SES104	-0.912815	-48.7201	-47.8073
BLOCK10/SES103/SA103S24	SES125	-0.860275	-48.6675	-47.8073
BLOCK10/SES103/SA103S24	SES148	-2.53549	-50.3428	-47.8073
BLOCK10/SES103/SA103S24	SES158	-0.316853	-48.1241	-47.8073
BLOCK10/SES103/SA103S26	SES104	-1.3762	-49.7951	-48.4189
BLOCK10/SES103/SA103S26	SES106	-1.08065	-49.4995	-48.4189
BLOCK10/SES103/SA103S26	SES125	-1.31017	-49.729	-48.4189
BLOCK10/SES103/SA103S26	SES148	-2.94247	-51.3614	-48.4189
BLOCK10/SES103/SA103S28	SES104	-1.8856	-51.045	-49.1594
BLOCK10/SES103/SA103S28	SES106	-1.57966	-50.7391	-49.1594
BLOCK10/SES103/SA103S28	SES125	-2.11539	-51.2748	-49.1594
BLOCK10/SES103/SA103S28	SES206	-2.47791	-51.6373	-49.1594
BLOCK12/SES121/SA121S12	SES042	-1.45023	-51.1131	-49.6628
BLOCK12/SES121/SA121S12	SES087	-0.651375	-50.3142	-49.6628
BLOCK12/SES121/SA121S12	SES105	-1.06458	-50.7274	-49.6628
BLOCK12/SES121/SA121S12	SES206	-0.677444	-50.3403	-49.6628
BLOCK12/SES121/SA121S14	SES007	-2.10603	-52.3432	-50.2372
BLOCK12/SES121/SA121S14	SES105	-1.81034	-52.0475	-50.2372
BLOCK12/SES121/SA121S14	SES106	-0.869526	-51.1067	-50.2372
BLOCK12/SES121/SA121S14	SES206	-1.19511	-51.4323	-50.2372
BLOCK12/SES121/SA121S23	SES105	-2.33886	-52.7245	-50.3856
BLOCK12/SES121/SA121S23	SES106	-1.00658	-51.3922	-50.3856
BLOCK12/SES121/SA121S23	SES120	-2.52419	-52.9098	-50.3856
BLOCK12/SES121/SA121S23	SES206	-1.03823	-51.4238	-50.3856
BLOCK12/SES121/SA121S25	SES007	-1.99995	-52.8849	-50.885
BLOCK12/SES121/SA121S25	SES105	-1.995	-52.88	-50.885
BLOCK12/SES121/SA121S25	SES106	-0.989948	-51.8749	-50.885
BLOCK12/SES121/SA121S25	SES206	-1.5928	-52.4778	-50.885
BLOCK12/SES121/SA121S27	SES087	0.101425	-49.3163	-49.4177
BLOCK12/SES121/SA121S27	SES105	-3.21708	-52.6348	-49.4177
BLOCK12/SES121/SA121S27	SES120	-2.40736	-51.8251	-49.4177
BLOCK12/SES121/SA121S27	SES206	-0.997807	-50.4155	-49.4177
BLOCK12/SES124/SA124S16	SES042	-0.33643	-48.3154	-47.979
BLOCK12/SES124/SA124S16	SES082	-0.644756	-48.6238	-47.979
BLOCK12/SES124/SA124S16	SES183	-2.95899	-50.938	-47.979
BLOCK12/SES124/SA124S16	SES206	-1.02515	-49.0042	-47.979
BLOCK12/SES124/SA124S17	SES105	-1.99466	-50.6892	-48.6946
BLOCK12/SES124/SA124S17	SES149	-1.81771	-50.5123	-48.6946
BLOCK12/SES124/SA124S17	SES158	-1.49805	-50.1926	-48.6946
BLOCK12/SES124/SA124S17	SES275	-3.27916	-51.9737	-48.6946
BLOCK12/SES124/SA124S23	SES105	-2.56969	-48.5199	-45.9502
BLOCK12/SES124/SA124S23	SES125	-0.275681	-46.2259	-45.9502
BLOCK12/SES124/SA124S23	SES129	-3.37046	-49.3207	-45.9502
BLOCK12/SES124/SA124S23	SES158	-0.586708	-46.5369	-45.9502
BLOCK12/SES124/SA124S26	SES105	-3.29363	-49.9683	-46.6747
BLOCK12/SES124/SA124S26	SES125	-0.688232	-47.3629	-46.6747
BLOCK12/SES124/SA124S26	SES129	-3.77559	-50.4503	-46.6747
BLOCK12/SES124/SA124S26	SES158	-0.730049	-47.4047	-46.6747
BLOCK12/SES124/SA124S28	SES104	-0.774769	-47.3516	-46.5768
BLOCK12/SES124/SA124S28	SES106	-1.00412	-47.581	-46.5768
BLOCK12/SES124/SA124S28	SES125	-0.280956	-46.8578	-46.5768
BLOCK12/SES124/SA124S28	SES275	-3.58987	-50.1667	-46.5768
BLOCK12/SES126/SA126S13	SES007	-1.59805	-51.0469	-49.4489
BLOCK12/SES126/SA126S13	SES162	-1.01287	-50.4617	-49.4489
BLOCK12/SES126/SA126S13	SES177	-0.372467	-49.8213	-49.4489
BLOCK12/SES126/SA126S13	SES180	-1.15661	-50.6055	-49.4489
BLOCK12/SES126/SA126S14	SES144	-1.50479	-49.1952	-47.6904
BLOCK12/SES126/SA126S14	SES148	-1.64452	-49.335	-47.6904
BLOCK12/SES126/SA126S14	SES177	-0.305843	-47.9963	-47.6904
BLOCK12/SES126/SA126S14	SES180	-0.723763	-48.4142	-47.6904
BLOCK12/SES126/SA126S20	SES007	-1.87352	-49.9162	-48.0427
BLOCK12/SES126/SA126S20	SES162	-2.17517	-50.2179	-48.0427
BLOCK12/SES126/SA126S20	SES172	-2.7673	-50.81	-48.0427
BLOCK12/SES126/SA126S20	SES180	-2.34798	-50.3907	-48.0427
BLOCK12/SES126/SA126S24	SES120	-1.02237	-48.6365	-47.6141
BLOCK12/SES126/SA126S24	SES162	-1.19566	-48.8097	-47.6141
BLOCK12/SES126/SA126S24	SES177	-0.440266	-48.0543	-47.6141
BLOCK12/SES126/SA126S24	SES180	-0.412575	-48.0267	-47.6141
BLOCK12/SES126/SA126S26	SES120	-0.970238	-49.447	-48.4767
BLOCK12/SES126/SA126S26	SES177	-0.739059	-49.2158	-48.4767
BLOCK12/SES126/SA126S26	SES180	-1.2155	-49.6922	-48.4767
BLOCK12/SES126/SA126S26	SES202	-2.39192	-50.8686	-48.4767
BLOCK12/SES128/SA128S10	SES087	-1.97389	-49.0392	-47.0653
BLOCK12/SES128/SA128S10	SES206	-1.35027	-48.4156	-47.0653
BLOCK12/SES128/SA128S10	SES226	-0.507946	-47.5733	-47.0653
BLOCK12/SES128/SA128S10	SES270	-0.67416	-47.7395	-47.0653
BLOCK12/SES128/SA128S12	SES120	-2.4263	-49.6735	-47.2472
BLOCK12/SES128/SA128S12	SES158	-1.27278	-48.5199	-47.2472
BLOCK12/SES128/SA128S12	SES206	-0.894043	-48.1412	-47.2472
BLOCK12/SES128/SA128S12	SES226	-1.0553	-48.3025	-47.2472
BLOCK12/SES128/SA128S21	SES106	-1.91644	-49.7349	-47.8184
BLOCK12/SES128/SA128S21	SES120	-2.43098	-50.2494	-47.8184
BLOCK12/SES128/SA128S21	SES206	-1.39981	-49.2183	-47.8184
BLOCK12/SES128/SA128S21	SES226	-1.08461	-48.903	-47.8184
BLOCK12/SES128/SA128S24	SES087	-2.09032	-49.6871	-47.5967
BLOCK12/SES128/SA128S24	SES120	-1.69995	-49.2967	-47.5967
BLOCK12/SES128/SA128S24	SES206	-1.56463	-49.1614	-47.5967
BLOCK12/SES128/SA128S24	SES226	-1.45106	-49.0478	-47.5967
BLOCK12/SES128/SA128S27	SES099	-0.539677	-47.0573	-46.5176
BLOCK12/SES128/SA128S27	SES120	-2.05388	-48.5715	-46.5176
BLOCK12/SES128/SA128S27	SES206	-1.07619	-47.5938	-46.5176
BLOCK12/SES128/SA128S27	SES226	-1.02856	-47.5462	-46.5176
BLOCK13/SES130/SA130S13	SES143	-2.42283	-51.3989	-48.9761
BLOCK13/SES130/SA130S13	SES144	-1.08963	-50.0657	-48.9761
BLOCK13/SES130/SA130S13	SES146	-1.21098	-50.1871	-48.9761
BLOCK13/SES130/SA130S13	SES275	-3.01105	-51.9872	-48.9761
BLOCK13/SES130/SA130S15	SES143	-2.02344	-49.5982	-47.5747
BLOCK13/SES130/SA130S15	SES144	-0.699463	-48.2742	-47.5747
BLOCK13/SES130/SA130S15	SES146	-0.770088	-48.3448	-47.5747
BLOCK13/SES130/SA130S15	SES275	-1.67796	-49.2527	-47.5747
BLOCK13/SES130/SA130S23	SES127	-2.91695	-52.0259	-49.1089
BLOCK13/SES130/SA130S23	SES144	-1.17336	-50.2823	-49.1089
BLOCK13/SES130/SA130S23	SES146	-1.11567	-50.2246	-49.1089
BLOCK13/SES130/SA130S23	SES162	-1.38379	-50.4927	-49.1089
BLOCK13/SES130/SA130S25	SES127	-2.03843	-49.3101	-47.2717
BLOCK13/SES130/SA130S25	SES144	-0.380764	-47.6524	-47.2717
BLOCK13/SES130/SA130S25	SES146	-0.771225	-48.0429	-47.2717
BLOCK13/SES130/SA130S25	SES275	-1.25811	-48.5298	-47.2717
BLOCK13/SES130/SA130S28	SES127	-1.66904	-49.1954	-47.5263
BLOCK13/SES130/SA130S28	SES144	-0.888786	-48.4151	-47.5263
BLOCK13/SES130/SA130S28	SES146	-1.18526	-48.7116	-47.5263
BLOCK13/SES130/SA130S28	SES275	-1.1585	-48.6848	-47.5263
BLOCK13/SES131/SA131S13	SES002	-1.63371	-51.3651	-49.7314
BLOCK13/SES131/SA131S13	SES007	-2.8113	-52.5427	-49.7314
BLOCK13/SES131/SA131S13	SES099	-1.58677	-51.3182	-49.7314
BLOCK13/SES131/SA131S13	SES105	-1.87446	-51.6059	-49.7314
BLOCK13/SES131/SA131S14	SES104	-0.522446	-48.5684	-48.046
BLOCK13/SES131/SA131S14	SES106	-0.282017	-48.328	-48.046
BLOCK13/SES131/SA131S14	SES125	-1.10235	-49.1483	-48.046
BLOCK13/SES131/SA131S14	SES148	-2.27475	-50.3207	-48.046
BLOCK13/SES131/SA131S20	SES104	-1.13881	-50.207	-49.0682
BLOCK13/SES131/SA131S20	SES106	-0.521923	-49.5901	-49.0682
BLOCK13/SES131/SA131S20	SES125	-1.48049	-50.5487	-49.0682
BLOCK13/SES131/SA131S20	SES148	-3.01613	-52.0843	-49.0682
BLOCK13/SES131/SA131S22	SES099	-1.09493	-49.1911	-48.0962
BLOCK13/SES131/SA131S22	SES104	-1.07867	-49.1748	-48.0962
BLOCK13/SES131/SA131S22	SES125	-1.29419	-49.3904	-48.0962
BLOCK13/SES131/SA131S22	SES206	-1.59537	-49.6915	-48.0962
BLOCK13/SES131/SA131S29	SES087	-1.19064	-50.1493	-48.9586
BLOCK13/SES131/SA131S29	SES104	-1.58868	-50.5473	-48.9586
BLOCK13/SES131/SA131S29	SES125	-1.31327	-50.2719	-48.9586
BLOCK13/SES131/SA131S29	SES206	-1.49123	-50.4499	-48.9586
BLOCK13/SES132/SA132S11	SES083	-1.66753	-48.886	-47.2185
BLOCK13/SES132/SA132S11	SES120	-0.143246	-47.3617	-47.2185
BLOCK13/SES132/SA132S11	SES127	-0.996502	-48.215	-47.2185
BLOCK13/SES132/SA132S11	SES275	-1.41544	-48.6339	-47.2185
BLOCK13/SES132/SA132S12	SES083	-1.34768	-48.3455	-46.9978
BLOCK13/SES132/SA132S12	SES143	-1.47146	-48.4693	-46.9978
BLOCK13/SES132/SA132S12	SES144	-1.34547	-48.3433	-46.9978
BLOCK13/SES132/SA132S12	SES148	-1.5614	-48.5592	-46.9978
BLOCK13/SES132/SA132S22	SES062	-0.614689	-47.4873	-46.8726
BLOCK13/SES132/SA132S22	SES083	-0.999947	-47.8725	-46.8726
BLOCK13/SES132/SA132S22	SES127	-0.896072	-47.7686	-46.8726
BLOCK13/SES132/SA132S22	SES275	-0.901905	-47.7745	-46.8726
BLOCK13/SES132/SA132S24	SES007	-0.999058	-47.8232	-46.8241
BLOCK13/SES132/SA132S24	SES083	-1.66376	-48.4879	-46.8241
BLOCK13/SES132/SA132S24	SES127	-1.58594	-48.4101	-46.8241
BLOCK13/SES132/SA132S24	SES275	-1.75548	-48.5796	-46.8241
BLOCK13/SES132/SA132S27	SES083	-1.70477	-49.2517	-47.5469
BLOCK13/SES132/SA132S27	SES120	-0.146481	-47.6934	-47.5469
BLOCK13/SES132/SA132S27	SES127	-1.46323	-49.0101	-47.5469
BLOCK13/SES132/SA132S27	SES275	-1.49898	-49.0459	-47.5469
BLOCK14/SES141/SA141S09	SES143	-0.725719	-48.8604	-48.1347
BLOCK14/SES141/SA141S09	SES144	-0.764301	-48.899	-48.1347
BLOCK14/SES141/SA141S09	SES162	-0.877193	-49.0119	-48.1347
BLOCK14/SES141/SA141S09	SES180	-0.692677	-48.8274	-48.1347
BLOCK14/SES141/SA141S15	SES127	-1.37784	-49.1673	-47.7895
BLOCK14/SES141/SA141S15	SES144	-0.943359	-48.7328	-47.7895
BLOCK14/SES141/SA141S15	SES162	-1.04307	-48.8325	-47.7895
BLOCK14/SES141/SA141S15	SES180	-1.14676	-48.9362	-47.7895
BLOCK14/SES141/SA141S24	SES127	-1.11348	-48.4169	-47.3034
BLOCK14/SES141/SA141S24	SES144	-1.53901	-48.8425	-47.3034
BLOCK14/SES141/SA141S24	SES162	-1.09254	-48.396	-47.3034
BLOCK14/SES141/SA141S24	SES183	-2.30261	-49.6061	-47.3034
BLOCK14/SES141/SA141S26	SES142	-1.28034	-49.537	-48.2567
BLOCK14/SES141/SA141S26	SES144	-1.21711	-49.4738	-48.2567
BLOCK14/SES141/SA141S26	SES172	-1.81623	-50.0729	-48.2567
BLOCK14/SES141/SA141S26	SES180	-0.356567	-48.6133	-48.2567
BLOCK14/SES141/SA141S29	SES127	-0.640743	-47.9941	-47.3533
BLOCK14/SES141/SA141S29	SES142	-0.109558	-47.4629	-47.3533
BLOCK14/SES141/SA141S29	SES144	-1.02719	-48.3805	-47.3533
BLOCK14/SES141/SA141S29	SES180	-0.374317	-47.7276	-47.3533
BLOCK15/SES157/SA157S08	SES083	-1.97226	-50.0237	-48.0514
BLOCK15/SES157/SA157S08	SES127	-1.48185	-49.5333	-48.0514
BLOCK15/SES157/SA157S08	SES148	-0.791481	-48.8429	-48.0514
BLOCK15/SES157/SA157S08	SES292	-1.63339	-49.6848	-48.0514
BLOCK15/SES157/SA157S11	SES083	-1.94045	-49.4454	-47.505
BLOCK15/SES157/SA157S11	SES127	-1.84359	-49.3486	-47.505
BLOCK15/SES157/SA157S11	SES148	-0.935665	-48.4406	-47.505
BLOCK15/SES157/SA157S11	SES292	-1.90216	-49.4071	-47.505
BLOCK15/SES157/SA157S21	SES127	-1.47936	-48.7295	-47.2501
BLOCK15/SES157/SA157S21	SES148	-0.674656	-47.9248	-47.2501
BLOCK15/SES157/SA157S21	SES158	-3.87718	-51.1273	-47.2501
BLOCK15/SES157/SA157S21	SES292	-1.11395	-48.3641	-47.2501
BLOCK15/SES157/SA157S24	SES127	-2.06049	-49.3909	-47.3304
BLOCK15/SES157/SA157S24	SES148	-1.21029	-48.5407	-47.3304
BLOCK15/SES157/SA157S24	SES183	-1.94878	-49.2792	-47.3304
BLOCK15/SES157/SA157S24	SES292	-1.74827	-49.0786	-47.3304
BLOCK15/SES157/SA157S26	SES007	-1.08899	-48.0249	-46.936
BLOCK15/SES157/SA157S26	SES127	-1.11765	-48.0536	-46.936
BLOCK15/SES157/SA157S26	SES147	-1.76633	-48.7023	-46.936
BLOCK15/SES157/SA157S26	SES148	-1.23509	-48.171	-46.936
BLOCK16/SES161/SA161S10	SES007	-1.70958	-50.7405	-49.0309
BLOCK16/SES161/SA161S10	SES105	-1.20312	-50.2341	-49.0309
BLOCK16/SES161/SA161S10	SES158	-1.67768	-50.7086	-49.0309
BLOCK16/SES161/SA161S10	SES275	-1.83269	-50.8636	-49.0309
BLOCK16/SES161/SA161S12	SES007	-1.32339	-49.7499	-48.4265
BLOCK16/SES161/SA161S12	SES105	-1.65313	-50.0796	-48.4265
BLOCK16/SES161/SA161S12	SES158	-1.24752	-49.674	-48.4265
BLOCK16/SES161/SA161S12	SES275	-1.4635	-49.89	-48.4265
BLOCK16/SES161/SA161S20	SES007	-1.8937	-51.7689	-49.8751
BLOCK16/SES161/SA161S20	SES105	-1.92509	-51.8002	-49.8751
BLOCK16/SES161/SA161S20	SES158	-1.56713	-51.4423	-49.8751
BLOCK16/SES161/SA161S20	SES275	-2.44832	-52.3235	-49.8751
BLOCK16/SES161/SA161S23	SES007	-1.69105	-49.7236	-48.0325
BLOCK16/SES161/SA161S23	SES105	-1.22968	-49.2622	-48.0325
BLOCK16/SES161/SA161S23	SES148	-2.17463	-50.2072	-48.0325
BLOCK16/SES161/SA161S23	SES158	-1.06388	-49.0964	-48.0325
BLOCK16/SES161/SA161S28	SES007	-2.15869	-50.5648	-48.4061
BLOCK16/SES161/SA161S28	SES105	-2.0309	-50.437	-48.4061
BLOCK16/SES161/SA161S28	SES158	-0.965702	-49.3718	-48.4061
BLOCK16/SES161/SA161S28	SES206	-1.01518	-49.4213	-48.4061
BLOCK16/SES164/SA164S11	SES104	-1.47241	-48.3386	-46.8662
BLOCK16/SES164/SA164S11	SES125	-0.563629	-47.4299	-46.8662
BLOCK16/SES164/SA164S11	SES158	-0.0223808	-46.8886	-46.8662
BLOCK16/SES164/SA164S11	SES206	-1.89838	-48.7646	-46.8662
BLOCK16/SES164/SA164S13	SES099	-1.44177	-49.3596	-47.9178
BLOCK16/SES164/SA164S13	SES104	-1.71141	-49.6292	-47.9178
BLOCK16/SES164/SA164S13	SES125	-1.89557	-49.8134	-47.9178
BLOCK16/SES164/SA164S13	SES206	-1.96111	-49.8789	-47.9178
BLOCK16/SES164/SA164S24	SES002	-0.487415	-47.7594	-47.272
BLOCK16/SES164/SA164S24	SES099	-0.934971	-48.207	-47.272
BLOCK16/SES164/SA164S24	SES125	-1.65063	-48.9226	-47.272
BLOCK16/SES164/SA164S24	SES226	-0.734257	-48.0062	-47.272
BLOCK16/SES164/SA164S27	SES087	-2.21743	-49.7136	-47.4961
BLOCK16/SES164/SA164S27	SES125	-1.67148	-49.1676	-47.4961
BLOCK16/SES164/SA164S27	SES206	-1.70281	-49.1989	-47.4961
BLOCK16/SES164/SA164S27	SES226	-1.46406	-48.9602	-47.4961
BLOCK16/SES164/SA164S29	SES002	0.0122757	-47.2904	-47.3027
BLOCK16/SES164/SA164S29	SES019	-1.38264	-48.6853	-47.3027
BLOCK16/SES164/SA164S29	SES125	-1.17046	-48.4731	-47.3027
BLOCK16/SES164/SA164S29	SES226	-1.60356	-48.9062	-47.3027
BLOCK16/SES169/SA169S13	SES117	-1.67354	-49.451	-47.7775
BLOCK16/SES169/SA169S13	SES144	-1.35357	-49.1311	-47.7775
BLOCK16/SES169/SA169S13	SES146	-1.12699	-48.9045	-47.7775
BLOCK16/SES169/SA169S13	SES162	-1.61285	-49.3904	-47.7775
BLOCK16/SES169/SA169S14	SES144	-0.771481	-47.4626	-46.6911
BLOCK16/SES169/SA169S14	SES148	-1.06728	-47.7584	-46.6911
BLOCK16/SES169/SA169S14	SES177	-1.21713	-47.9082	-46.6911
BLOCK16/SES169/SA169S14	SES180	-2.04569	-48.7368	-46.6911
BLOCK16/SES169/SA169S24	SES117	-0.908375	-49.4936	-48.5852
BLOCK16/SES169/SA169S24	SES144	-0.832848	-49.418	-48.5852
BLOCK16/SES169/SA169S24	SES146	-0.925045	-49.5102	-48.5852
BLOCK16/SES169/SA169S24	SES162	-0.940399	-49.5256	-48.5852
BLOCK16/SES169/SA169S27	SES127	-1.06193	-48.8804	-47.8185
BLOCK16/SES169/SA169S27	SES129	-0.717487	-48.536	-47.8185
BLOCK16/SES169/SA169S27	SES144	-1.34666	-49.1651	-47.8185
BLOCK16/SES169/SA169S27	SES146	-0.338276	-48.1567	-47.8185
BLOCK16/SES169/SA169S29	SES144	-0.596889	-47.8381	-47.2412
BLOCK16/SES169/SA169S29	SES162	-1.11474	-48.3559	-47.2412
BLOCK16/SES169/SA169S29	SES177	-2.21224	-49.4534	-47.2412
BLOCK16/SES169/SA169S29	SES180	-1.46902	-48.7102	-47.2412
BLOCK17/SES171/SA171S12	SES083	-0.777004	-49.3488	-48.5718
BLOCK17/SES171/SA171S12	SES148	-1.39008	-49.9619	-48.5718
BLOCK17/SES171/SA171S12	SES172	-1.20512	-49.7769	-48.5718
BLOCK17/SES171/SA171S12	SES292	-2.03798	-50.6098	-48.5718
BLOCK17/SES171/SA171S15	SES148	-0.972672	-49.9075	-48.9348
BLOCK17/SES171/SA171S15	SES177	-1.41051	-50.3454	-48.9348
BLOCK17/SES171/SA171S15	SES180	-2.20779	-51.1426	-48.9348
BLOCK17/SES171/SA171S15	SES292	-2.63905	-51.5739	-48.9348
BLOCK17/SES171/SA171S22	SES007	-1.63956	-49.4328	-47.7932
BLOCK17/SES171/SA171S22	SES148	-1.14001	-48.9332	-47.7932
BLOCK17/SES171/SA171S22	SES177	-0.857124	-48.6503	-47.7932
BLOCK17/SES171/SA171S22	SES180	-1.74839	-49.5416	-47.7932
BLOCK17/SES171/SA171S25	SES101	-3.13282	-51.9202	-48.7874
BLOCK17/SES171/SA171S25	SES120	-2.97008	-51.7575	-48.7874
BLOCK17/SES171/SA171S25	SES177	-1.34937	-50.1368	-48.7874
BLOCK17/SES171/SA171S25	SES180	-2.51275	-51.3002	-48.7874
BLOCK17/SES171/SA171S27	SES177	-0.808277	-48.8972	-48.0889
BLOCK17/SES171/SA171S27	SES180	-1.9521	-50.041	-48.0889
BLOCK17/SES171/SA171S27	SES189	-1.03092	-49.1198	-48.0889
BLOCK17/SES171/SA171S27	SES292	-2.80333	-50.8922	-48.0889
BLOCK17/SES173/SA173S13	SES162	-2.40762	-51.7601	-49.3525
BLOCK17/SES173/SA173S13	SES177	-2.56594	-51.9185	-49.3525
BLOCK17/SES173/SA173S13	SES180	-2.58101	-51.9335	-49.3525
BLOCK17/SES173/SA173S13	SES292	-2.19349	-51.546	-49.3525
BLOCK17/SES173/SA173S14	SES007	-2.81254	-52.6422	-49.8297
BLOCK17/SES173/SA173S14	SES162	-1.94287	-51.7726	-49.8297
BLOCK17/SES173/SA173S14	SES177	-1.06479	-50.8945	-49.8297
BLOCK17/SES173/SA173S14	SES180	-2.54971	-52.3794	-49.8297
BLOCK17/SES173/SA173S24	SES144	-1.24328	-51.5434	-50.3001
BLOCK17/SES173/SA173S24	SES162	-2.25128	-52.5514	-50.3001
BLOCK17/SES173/SA173S24	SES177	-1.68701	-51.9871	-50.3001
BLOCK17/SES173/SA173S24	SES180	-2.36206	-52.6622	-50.3001
BLOCK17/SES173/SA173S27	SES162	-2.53036	-51.9924	-49.4621
BLOCK17/SES173/SA173S27	SES177	-1.2747	-50.7368	-49.4621
BLOCK17/SES173/SA173S27	SES180	-2.24159	-51.7037	-49.4621
BLOCK17/SES173/SA173S27	SES292	-2.45351	-51.9156	-49.4621
BLOCK17/SES173/SA173S29	SES162	-2.59394	-51.7771	-49.1832
BLOCK17/SES173/SA173S29	SES175	-1.64079	-50.824	-49.1832
BLOCK17/SES173/SA173S29	SES177	-1.7598	-50.943	-49.1832
BLOCK17/SES173/SA173S29	SES292	-2.8014	-51.9846	-49.1832
BLOCK18/SES182/SA182S10	SES144	-0.841866	-48.6753	-47.8334
BLOCK18/SES182/SA182S10	SES177	-1.45071	-49.2841	-47.8334
BLOCK18/SES182/SA182S10	SES180	-1.70164	-49.535	-47.8334
BLOCK18/SES182/SA182S10	SES275	-0.981453	-48.8149	-47.8334
BLOCK18/SES182/SA182S12	SES144	-0.457096	-48.3122	-47.8551
BLOCK18/SES182/SA182S12	SES177	-0.768169	-48.6233	-47.8551
BLOCK18/SES182/SA182S12	SES180	-0.893383	-48.7485	-47.8551
BLOCK18/SES182/SA182S12	SES275	-0.958595	-48.8137	-47.8551
BLOCK18/SES182/SA182S21	SES117	-1.26639	-49.8286	-48.5622
BLOCK18/SES182/SA182S21	SES144	-1.15165	-49.7139	-48.5622
BLOCK18/SES182/SA182S21	SES162	-0.644001	-49.2062	-48.5622
BLOCK18/SES182/SA182S21	SES180	-1.31243	-49.8747	-48.5622
BLOCK18/SES182/SA182S23	SES117	-1.21584	-49.1791	-47.9633
BLOCK18/SES182/SA182S23	SES144	-1.34649	-49.3098	-47.9633
BLOCK18/SES182/SA182S23	SES180	-1.94172	-49.905	-47.9633
BLOCK18/SES182/SA182S23	SES275	-1.16988	-49.1331	-47.9633
BLOCK18/SES182/SA182S25	SES007	-1.08195	-48.9796	-47.8976
BLOCK18/SES182/SA182S25	SES162	-0.882515	-48.7801	-47.8976
BLOCK18/SES182/SA182S25	SES177	-0.852261	-48.7499	-47.8976
BLOCK18/SES182/SA182S25	SES180	-1.22476	-49.1224	-47.8976
BLOCK18/SES184/SA184S12	SES177	-2.02305	-49.7706	-47.7475
BLOCK18/SES184/SA184S12	SES180	-1.57767	-49.3252	-47.7475
BLOCK18/SES184/SA184S12	SES189	-2.09918	-49.8467	-47.7475
BLOCK18/SES184/SA184S12	SES292	-2.21545	-49.963	-47.7475
BLOCK18/SES184/SA184S13	SES101	-1.60867	-49.3181	-47.7094
BLOCK18/SES184/SA184S13	SES177	-1.30428	-49.0137	-47.7094
BLOCK18/SES184/SA184S13	SES180	-1.27359	-48.983	-47.7094
BLOCK18/SES184/SA184S13	SES292	-1.70013	-49.4096	-47.7094
BLOCK18/SES184/SA184S22	SES177	-1.6081	-48.2832	-46.6751
BLOCK18/SES184/SA184S22	SES180	-2.04573	-48.7208	-46.6751
BLOCK18/SES184/SA184S22	SES189	-3.27022	-49.9453	-46.6751
BLOCK18/SES184/SA184S22	SES292	-2.14772	-48.8228	-46.6751
BLOCK18/SES184/SA184S25	SES101	-1.02042	-47.4927	-46.4723
BLOCK18/SES184/SA184S25	SES177	-1.46128	-47.9336	-46.4723
BLOCK18/SES184/SA184S25	SES180	-1.27323	-47.7455	-46.4723
BLOCK18/SES184/SA184S25	SES292	-1.25621	-47.7285	-46.4723
BLOCK18/SES184/SA184S27	SES083	-1.28365	-48.88	-47.5964
BLOCK18/SES184/SA184S27	SES177	-0.995613	-48.592	-47.5964
BLOCK18/SES184/SA184S27	SES202	-2.46349	-50.0599	-47.5964
BLOCK18/SES184/SA184S27	SES292	-1.31863	-48.915	-47.5964
BLOCK20/SES204/SA204S12	SES062	-2.38351	-49.0837	-46.7001
BLOCK20/SES204/SA204S12	SES083	-2.4924	-49.1925	-46.7001
BLOCK20/SES204/SA204S12	SES206	-0.742077	-47.4422	-46.7001
BLOCK20/SES204/SA204S12	SES226	-1.50005	-48.2002	-46.7001
BLOCK20/SES204/SA204S14	SES068	-2.63834	-48.3087	-45.6704
BLOCK20/SES204/SA204S14	SES087	-0.301907	-45.9723	-45.6704
BLOCK20/SES204/SA204S14	SES206	-1.07493	-46.7453	-45.6704
BLOCK20/SES204/SA204S14	SES226	-1.27358	-46.944	-45.6704
BLOCK20/SES204/SA204S22	SES068	-3.45119	-50.0546	-46.6034
BLOCK20/SES204/SA204S22	SES082	-2.25204	-48.8555	-46.6034
BLOCK20/SES204/SA204S22	SES083	-2.53885	-49.1423	-46.6034
BLOCK20/SES204/SA204S22	SES206	-0.954285	-47.5577	-46.6034
BLOCK20/SES204/SA204S25	SES062	-2.84094	-49.5243	-46.6833
BLOCK20/SES204/SA204S25	SES083	-2.60879	-49.2921	-46.6833
BLOCK20/SES204/SA204S25	SES206	-0.677433	-47.3608	-46.6833
BLOCK20/SES204/SA204S25	SES226	-1.56084	-48.2442	-46.6833
BLOCK20/SES204/SA204S27	SES068	-3.71231	-50.61	-46.8977
BLOCK20/SES204/SA204S27	SES082	-1.8693	-48.767	-46.8977
BLOCK20/SES204/SA204S27	SES087	-1.01744	-47.9151	-46.8977
BLOCK20/SES204/SA204S27	SES206	-1.13048	-48.0281	-46.8977
BLOCK20/SES207/SA207S10	SES127	-1.25814	-49.5377	-48.2796
BLOCK20/SES207/SA207S10	SES183	-1.98146	-50.2611	-48.2796
BLOCK20/SES207/SA207S10	SES189	-1.25848	-49.5381	-48.2796
BLOCK20/SES207/SA207S10	SES292	-1.70976	-49.9894	-48.2796
BLOCK20/SES207/SA207S11	SES127	-1.91364	-49.9061	-47.9925
BLOCK20/SES207/SA207S11	SES183	-1.63448	-49.627	-47.9925
BLOCK20/SES207/SA207S11	SES187	-0.97522	-48.9677	-47.9925
BLOCK20/SES207/SA207S11	SES292	-1.53671	-49.5292	-47.9925
BLOCK20/SES207/SA207S25	SES068	-1.82672	-49.759	-47.9323
BLOCK20/SES207/SA207S25	SES083	-2.03151	-49.9638	-47.9323
BLOCK20/SES207/SA207S25	SES127	-1.05937	-48.9916	-47.9323
BLOCK20/SES207/SA207S25	SES187	-0.734215	-48.6665	-47.9323
BLOCK20/SES207/SA207S27	SES127	-1.36357	-50.0057	-48.6421
BLOCK20/SES207/SA207S27	SES183	-0.947216	-49.5894	-48.6421
BLOCK20/SES207/SA207S27	SES187	-0.99004	-49.6322	-48.6421
BLOCK20/SES207/SA207S27	SES292	-1.43636	-50.0785	-48.6421
BLOCK20/SES207/SA207S29	SES083	-1.35004	-49.209	-47.859
BLOCK20/SES207/SA207S29	SES085	-0.943672	-48.8027	-47.859
BLOCK20/SES207/SA207S29	SES172	-1.27769	-49.1367	-47.859
BLOCK20/SES207/SA207S29	SES189	-1.67081	-49.5298	-47.859
BLOCK22/SES221/SA221S12	SES068	-1.9834	-49.9169	-47.9335
BLOCK22/SES221/SA221S12	SES143	-2.24959	-50.1831	-47.9335
BLOCK22/SES221/SA221S12	SES175	-1.01291	-48.9464	-47.9335
BLOCK22/SES221/SA221S12	SES202	-0.416191	-48.3497	-47.9335
BLOCK22/SES221/SA221S15	SES085	-3.45467	-52.6004	-49.1457
BLOCK22/SES221/SA221S15	SES143	-3.15804	-52.3037	-49.1457
BLOCK22/SES221/SA221S15	SES175	-1.42152	-50.5672	-49.1457
BLOCK22/SES221/SA221S15	SES187	-0.890194	-50.0359	-49.1457
BLOCK22/SES221/SA221S23	SES068	-2.70028	-50.7338	-48.0335
BLOCK22/SES221/SA221S23	SES143	-2.79252	-50.826	-48.0335
BLOCK22/SES221/SA221S23	SES175	-0.842957	-48.8764	-48.0335
BLOCK22/SES221/SA221S23	SES189	-0.413258	-48.4467	-48.0335
BLOCK22/SES221/SA221S27	SES085	-4.12293	-52.0758	-47.9529
BLOCK22/SES221/SA221S27	SES143	-2.24028	-50.1932	-47.9529
BLOCK22/SES221/SA221S27	SES175	-1.37519	-49.3281	-47.9529
BLOCK22/SES221/SA221S27	SES189	0.132751	-47.8201	-47.9529
BLOCK22/SES221/SA221S29	SES085	-5.37861	-54.3557	-48.9771
BLOCK22/SES221/SA221S29	SES143	-2.51072	-51.4878	-48.9771
BLOCK22/SES221/SA221S29	SES175	-0.692474	-49.6696	-48.9771
BLOCK22/SES221/SA221S29	SES187	-0.467999	-49.4451	-48.9771
BLOCK22/SES223/SA223S11	SES143	-1.2608	-50.3823	-49.1215
BLOCK22/SES223/SA223S11	SES144	-2.3487	-51.4702	-49.1215
BLOCK22/SES223/SA223S11	SES175	-0.901367	-50.0229	-49.1215
BLOCK22/SES223/SA223S11	SES187	-1.02177	-50.1433	-49.1215
BLOCK22/SES223/SA223S13	SES068	-2.40381	-52.1604	-49.7566
BLOCK22/SES223/SA223S13	SES143	-2.28099	-52.0376	-49.7566
BLOCK22/SES223/SA223S13	SES146	-2.41349	-52.1701	-49.7566
BLOCK22/SES223/SA223S13	SES202	-1.50182	-51.2584	-49.7566
BLOCK22/SES223/SA223S22	SES143	-1.64	-50.4702	-48.8302
BLOCK22/SES223/SA223S22	SES144	-2.10021	-50.9304	-48.8302
BLOCK22/SES223/SA223S22	SES175	-1.22762	-50.0578	-48.8302
BLOCK22/SES223/SA223S22	SES187	-0.988602	-49.8188	-48.8302
BLOCK22/SES223/SA223S25	SES068	-2.55573	-51.4155	-48.8598
BLOCK22/SES223/SA223S25	SES143	-2.18122	-51.041	-48.8598
BLOCK22/SES223/SA223S25	SES175	-1.73373	-50.5935	-48.8598
BLOCK22/SES223/SA223S25	SES187	-1.14477	-50.0046	-48.8598
BLOCK22/SES223/SA223S27	SES143	-1.59696	-50.5642	-48.9672
BLOCK22/SES223/SA223S27	SES146	-1.28582	-50.253	-48.9672
BLOCK22/SES223/SA223S27	SES187	-0.684467	-49.6517	-48.9672
BLOCK22/SES223/SA223S27	SES292	-2.01421	-50.9814	-48.9672
BLOCK27/SES273/SA273S12	SES099	-0.734463	-46.2129	-45.4785
BLOCK27/SES273/SA273S12	SES104	-0.413338	-45.8918	-45.4785
BLOCK27/SES273/SA273S12	SES125	-0.852528	-46.331	-45.4785
BLOCK27/SES273/SA273S12	SES206	-0.361366	-45.8398	-45.4785
BLOCK27/SES273/SA273S13	SES099	-0.729065	-46.3131	-45.5841
BLOCK27/SES273/SA273S13	SES104	-0.503983	-46.088	-45.5841
BLOCK27/SES273/SA273S13	SES206	-0.627357	-46.2114	-45.5841
BLOCK27/SES273/SA273S13	SES292	-2.97885	-48.5629	-45.5841
BLOCK27/SES273/SA273S21	SES099	-0.123089	-45.9712	-45.8481
BLOCK27/SES273/SA273S21	SES148	-2.88486	-48.733	-45.8481
BLOCK27/SES273/SA273S21	SES149	-0.360016	-46.2081	-45.8481
BLOCK27/SES273/SA273S21	SES177	-4.27662	-50.1248	-45.8481
BLOCK27/SES273/SA273S25	SES104	-0.578323	-46.6623	-46.084
BLOCK27/SES273/SA273S25	SES125	-0.83976	-46.9237	-46.084
BLOCK27/SES273/SA273S25	SES158	-0.70351	-46.7875	-46.084
BLOCK27/SES273/SA273S25	SES206	-0.203312	-46.2873	-46.084
BLOCK27/SES273/SA273S27	SES099	-0.420719	-46.5113	-46.0906
BLOCK27/SES273/SA273S27	SES104	-0.873478	-46.9641	-46.0906
BLOCK27/SES273/SA273S27	SES149	-0.725487	-46.8161	-46.0906
BLOCK27/SES273/SA273S27	SES275	-1.62957	-47.7202	-46.0906
BLOCK27/SES274/SA274S10	SES105	-1.54885	-48.0352	-46.4863
BLOCK27/SES274/SA274S10	SES125	-0.663418	-47.1498	-46.4863
BLOCK27/SES274/SA274S10	SES129	-1.07988	-47.5662	-46.4863
BLOCK27/SES274/SA274S10	SES158	-1.39874	-47.8851	-46.4863
BLOCK27/SES274/SA274S11	SES105	-1.81438	-48.3105	-46.4962
BLOCK27/SES274/SA274S11	SES149	-0.980705	-47.4769	-46.4962
BLOCK27/SES274/SA274S11	SES158	-0.847473	-47.3436	-46.4962
BLOCK27/SES274/SA274S11	SES275	-1.94024	-48.4364	-46.4962
BLOCK27/SES274/SA274S21	SES105	-1.70491	-48.7655	-47.0606
BLOCK27/SES274/SA274S21	SES129	-1.82494	-48.8855	-47.0606
BLOCK27/SES274/SA274S21	SES149	-0.687332	-47.7479	-47.0606
BLOCK27/SES274/SA274S21	SES158	-2.18882	-49.2494	-47.0606
BLOCK27/SES274/SA274S24	SES105	-1.40731	-48.1593	-46.7519
BLOCK27/SES274/SA274S24	SES129	-1.82215	-48.5741	-46.7519
BLOCK27/SES274/SA274S24	SES149	-0.972057	-47.724	-46.7519
BLOCK27/SES274/SA274S24	SES158	-1.83379	-48.5857	-46.7519
BLOCK27/SES274/SA274S29	SES105	-1.74198	-48.3859	-46.6439
BLOCK27/SES274/SA274S29	SES106	-1.6848	-48.3287	-46.6439
BLOCK27/SES274/SA274S29	SES120	-2.27318	-48.9171	-46.6439
BLOCK27/SES274/SA274S29	SES275	-1.84835	-48.4923	-46.6439
BLOCK27/SES276/SA276S16	SES148	-1.51229	-49.1604	-47.6481
BLOCK27/SES276/SA276S16	SES172	-1.43379	-49.0819	-47.6481
BLOCK27/SES276/SA276S16	SES180	-2.88026	-50.5283	-47.6481
BLOCK27/SES276/SA276S16	SES292	-0.679405	-48.3275	-47.6481
BLOCK27/SES276/SA276S17	SES101	-1.61171	-49.1681	-47.5564
BLOCK27/SES276/SA276S17	SES177	-1.6376	-49.194	-47.5564
BLOCK27/SES276/SA276S17	SES180	-1.92675	-49.4832	-47.5564
BLOCK27/SES276/SA276S17	SES292	-1.58387	-49.1403	-47.5564
BLOCK27/SES276/SA276S24	SES101	-1.15685	-47.6059	-46.4491
BLOCK27/SES276/SA276S24	SES177	-1.79823	-48.2473	-46.4491
BLOCK27/SES276/SA276S24	SES180	-1.86176	-48.3108	-46.4491
BLOCK27/SES276/SA276S24	SES292	-2.11524	-48.5643	-46.4491
BLOCK27/SES276/SA276S26	SES101	-2.6515	-49.4003	-46.7488
BLOCK27/SES276/SA276S26	SES177	-1.67665	-48.4254	-46.7488
BLOCK27/SES276/SA276S26	SES180	-1.54508	-48.2939	-46.7488
BLOCK27/SES276/SA276S26	SES292	-1.50989	-48.2587	-46.7488
BLOCK27/SES276/SA276S28	SES101	-1.98466	-48.824	-46.8394
BLOCK27/SES276/SA276S28	SES177	-1.73161	-48.571	-46.8394
BLOCK27/SES276/SA276S28	SES180	-1.6419	-48.4813	-46.8394
BLOCK27/SES276/SA276S28	SES292	-1.79624	-48.6356	-46.8394
BLOCK27/SES277/SA277S12	SES101	-1.03478	-49.2506	-48.2158
BLOCK27/SES277/SA277S12	SES177	-1.96899	-50.1848	-48.2158
BLOCK27/SES277/SA277S12	SES180	-1.97245	-50.1883	-48.2158
BLOCK27/SES277/SA277S12	SES292	-2.523	-50.7388	-48.2158
BLOCK27/SES277/SA277S14	SES177	-1.58467	-50.2613	-48.6767
BLOCK27/SES277/SA277S14	SES180	-1.94763	-50.6243	-48.6767
BLOCK27/SES277/SA277S14	SES189	-1.19278	-49.8694	-48.6767
BLOCK27/SES277/SA277S14	SES292	-3.47144	-52.1481	-48.6767
BLOCK27/SES277/SA277S21	SES177	-0.889214	-48.3377	-47.4484
BLOCK27/SES277/SA277S21	SES180	-2.0785	-49.5269	-47.4484
BLOCK27/SES277/SA277S21	SES189	-1.13729	-48.5857	-47.4484
BLOCK27/SES277/SA277S21	SES292	-2.77565	-50.2241	-47.4484
BLOCK27/SES277/SA277S24	SES144	-1.49726	-50.3945	-48.8973
BLOCK27/SES277/SA277S24	SES177	-1.36267	-50.2599	-48.8973
BLOCK27/SES277/SA277S24	SES180	-2.1847	-51.082	-48.8973
BLOCK27/SES277/SA277S24	SES189	-1.00494	-49.9022	-48.8973
BLOCK27/SES277/SA277S29	SES177	-1.04337	-47.573	-46.5296
BLOCK27/SES277/SA277S29	SES180	-1.65366	-48.1833	-46.5296
BLOCK27/SES277/SA277S29	SES202	-1.72393	-48.2535	-46.5296
BLOCK27/SES277/SA277S29	SES292	-2.08114	-48.6107	-46.5296
BLOCK27/SES279/SA279S09	SES120	-1.37989	-48.2643	-46.8844
BLOCK27/SES279/SA279S09	SES146	-1.49425	-48.3787	-46.8844
BLOCK27/SES279/SA279S09	SES206	-1.57147	-48.4559	-46.8844
BLOCK27/SES279/SA279S09	SES226	-1.66761	-48.552	-46.8844
BLOCK27/SES279/SA279S10	SES099	-0.652992	-47.3096	-46.6566
BLOCK27/SES279/SA279S10	SES206	-0.815819	-47.4724	-46.6566
BLOCK27/SES279/SA279S10	SES226	-1.44385	-48.1004	-46.6566
BLOCK27/SES279/SA279S10	SES292	-1.33639	-47.993	-46.6566
BLOCK27/SES279/SA279S20	SES099	-1.07573	-47.9083	-46.8326
BLOCK27/SES279/SA279S20	SES206	-0.903305	-47.7359	-46.8326
BLOCK27/SES279/SA279S20	SES226	-1.80117	-48.6337	-46.8326
BLOCK27/SES279/SA279S20	SES292	-0.965813	-47.7984	-46.8326
BLOCK27/SES279/SA279S26	SES099	-1.03806	-48.092	-47.0539
BLOCK27/SES279/SA279S26	SES206	-0.435295	-47.4892	-47.0539
BLOCK27/SES279/SA279S26	SES226	-1.4351	-48.489	-47.0539
BLOCK27/SES279/SA279S26	SES292	-1.32766	-48.3816	-47.0539
BLOCK27/SES279/SA279S28	SES099	-1.34344	-46.9234	-45.58
BLOCK27/SES279/SA279S28	SES120	-1.65448	-47.2345	-45.58
BLOCK27/SES279/SA279S28	SES177	-2.80549	-48.3855	-45.58
BLOCK27/SES279/SA279S28	SES206	-1.34486	-46.9249	-45.58
BLOCK29/SES290/SA290S12	SES162	-2.09799	-49.5619	-47.4639
BLOCK29/SES290/SA290S12	SES177	-1.42158	-48.8855	-47.4639
BLOCK29/SES290/SA290S12	SES180	-2.14362	-49.6075	-47.4639
BLOCK29/SES290/SA290S12	SES292	-2.53088	-49.9948	-47.4639
BLOCK29/SES290/SA290S13	SES007	-3.31731	-51.6806	-48.3633
BLOCK29/SES290/SA290S13	SES162	-2.37284	-50.7361	-48.3633
BLOCK29/SES290/SA290S13	SES177	-1.08873	-49.452	-48.3633
BLOCK29/SES290/SA290S13	SES180	-1.80336	-50.1667	-48.3633
BLOCK29/SES290/SA290S22	SES177	-0.861652	-48.559	-47.6974
BLOCK29/SES290/SA290S22	SES180	-1.23707	-48.9344	-47.6974
BLOCK29/SES290/SA290S22	SES202	-1.54583	-49.2432	-47.6974
BLOCK29/SES290/SA290S22	SES292	-2.53637	-50.2337	-47.6974
BLOCK29/SES290/SA290S25	SES162	-1.19945	-48.6152	-47.4157
BLOCK29/SES290/SA290S25	SES177	-0.63694	-48.0526	-47.4157
BLOCK29/SES290/SA290S25	SES180	-1.24273	-48.6584	-47.4157
BLOCK29/SES290/SA290S25	SES292	-1.53984	-48.9556	-47.4157
BLOCK29/SES290/SA290S29	SES177	-0.249714	-47.6015	-47.3518
BLOCK29/SES290/SA290S29	SES180	-0.448486	-47.8003	-47.3518
BLOCK29/SES290/SA290S29	SES275	-2.03574	-49.3875	-47.3518
BLOCK29/SES290/SA290S29	SES292	-1.53721	-48.889	-47.3518
BLOCK29/SES291/SA291S11	SES105	-2.87179	-50.3419	-47.4701
BLOCK29/SES291/SA291S11	SES125	-1.00829	-48.4784	-47.4701
BLOCK29/SES291/SA291S11	SES158	-0.984875	-48.455	-47.4701
BLOCK29/SES291/SA291S11	SES275	-3.81848	-51.2886	-47.4701
BLOCK29/SES291/SA291S12	SES158	-0.709198	-47.1728	-46.4636
BLOCK29/SES291/SA291S12	SES226	-1.25895	-47.7225	-46.4636
BLOCK29/SES291/SA291S12	SES270	-0.350662	-46.8143	-46.4636
BLOCK29/SES291/SA291S12	SES275	-4.54591	-51.0095	-46.4636
BLOCK29/SES291/SA291S22	SES082	-1.04236	-47.6291	-46.5867
BLOCK29/SES291/SA291S22	SES158	-0.861	-47.4477	-46.5867
BLOCK29/SES291/SA291S22	SES259	-1.32019	-47.9069	-46.5867
BLOCK29/SES291/SA291S22	SES275	-3.67612	-50.2629	-46.5867
BLOCK29/SES291/SA291S24	SES104	-0.289333	-45.8848	-45.5954
BLOCK29/SES291/SA291S24	SES125	-0.201023	-45.7965	-45.5954
BLOCK29/SES291/SA291S24	SES158	-0.493137	-46.0886	-45.5954
BLOCK29/SES291/SA291S24	SES275	-3.70349	-49.2989	-45.5954
BLOCK29/SES291/SA291S27	SES158	-0.188557	-46.2044	-46.0158
BLOCK29/SES291/SA291S27	SES172	-4.34715	-50.363	-46.0158
BLOCK29/SES291/SA291S27	SES275	-3.78321	-49.799	-46.0158
BLOCK29/SES291/SA291S27	SES292	-2.89677	-48.9126	-46.0158
