BLOCK00/SES002/SA002S12	SES002	0.52515	-48.097	-48.6222
BLOCK00/SES002/SA002S13	SES002	-0.448086	-49.5611	-49.113
BLOCK00/SES002/SA002S23	SES002	0.722237	-47.9297	-48.6519
BLOCK00/SES002/SA002S26	SES002	1.00732	-47.98	-48.9873
BLOCK00/SES002/SA002S28	SES002	-0.201733	-49.6456	-49.4439
BLOCK00/SES007/SA007S14	SES007	-0.807106	-49.4586	-48.6515
BLOCK00/SES007/SA007S15	SES007	-1.3529	-51.0086	-49.6557
BLOCK00/SES007/SA007S24	SES007	-1.22108	-50.8955	-49.6745
BLOCK00/SES007/SA007S27	SES007	-1.11951	-51.0216	-49.9021
BLOCK00/SES007/SA007S29	SES007	-1.40339	-50.1638	-48.7604
BLOCK00/SES008/SA008S11	SES008	-2.09082	-51.8743	-49.7835
BLOCK00/SES008/SA008S12	SES008	-1.48075	-51.3202	-49.8395
BLOCK00/SES008/SA008S19	SES008	-1.31186	-50.8294	-49.5175
BLOCK00/SES008/SA008S22	SES008	-2.87681	-53.0499	-50.1731
BLOCK00/SES008/SA008S29	SES008	-1.67527	-50.9309	-49.2556
BLOCK01/SES014/SA014S10	SES014	0.512764	-49.565	-50.0777
BLOCK01/SES014/SA014S12	SES014	1.46925	-47.0134	-48.4826
BLOCK01/SES014/SA014S24	SES014	-0.203823	-48.8523	-48.6484
BLOCK01/SES014/SA014S26	SES014	1.23883	-46.2194	-47.4582
BLOCK01/SES014/SA014S28	SES014	0.0715256	-48.1094	-48.1809
BLOCK01/SES016/SA016S12	SES016	-1.56758	-53.3969	-51.8293
BLOCK01/SES016/SA016S13	SES016	-1.79124	-52.0537	-50.2625
BLOCK01/SES016/SA016S22	SES016	-2.08228	-52.5213	-50.439
BLOCK01/SES016/SA016S25	SES016	-0.453629	-48.9049	-48.4512
BLOCK01/SES016/SA016S27	SES016	-0.9044	-49.5499	-48.6455
BLOCK01/SES019/SA019S13	SES019	1.518	-49.5946	-51.1126
BLOCK01/SES019/SA019S14	SES019	0.874359	-49.5172	-50.3915
BLOCK01/SES019/SA019S22	SES019	1.58966	-48.96	-50.5496
BLOCK01/SES019/SA019S25	SES019	1.72142	-49.0163	-50.7377
BLOCK01/SES019/SA019S29	SES019	1.97899	-49.0023	-50.9813
BLOCK02/SES029/SA029S11	SES029	-1.56679	-51.3241	-49.7573
BLOCK02/SES029/SA029S12	SES029	-1.27044	-50.4623	-49.1918
BLOCK02/SES029/SA029S20	SES029	-1.48069	-51.8183	-50.3376
BLOCK02/SES029/SA029S25	SES029	-2.15371	-51.0599	-48.9062
BLOCK02/SES029/SA029S28	SES029	-1.36367	-51.1344	-49.7707
BLOCK04/SES042/SA042S12	SES042	0.52832	-48.1091	-48.6374
BLOCK04/SES042/SA042S15	SES042	0.944626	-48.4288	-49.3734
BLOCK04/SES042/SA042S22	SES042	2.07713	-46.0762	-48.1533
BLOCK04/SES042/SA042S25	SES042	1.14795	-48.6254	-49.7733
BLOCK04/SES042/SA042S27	SES042	0.960125	-47.5801	-48.5402
BLOCK04/SES048/SA048S11	SES048	-0.960121	-50.3809	-49.4207
BLOCK04/SES048/SA048S12	SES048	-1.32457	-50.2637	-48.9391
BLOCK04/SES048/SA048S20	SES048	-0.591698	-49.6327	-49.041
BLOCK04/SES048/SA048S23	SES048	-0.501198	-50.1909	-49.6897
BLOCK04/SES048/SA048S27	SES048	-1.72153	-50.1365	-48.4149
BLOCK06/SES060/SA060S11	SES060	-2.22965	-51.7257	-49.496
BLOCK06/SES060/SA060S12	SES060	-5.1964	-54.8141	-49.6177
BLOCK06/SES060/SA060S22	SES060	-2.90928	-53.4702	-50.5609
BLOCK06/SES060/SA060S24	SES060	-1.00627	-50.1924	-49.1861
BLOCK06/SES060/SA060S28	SES060	-1.32695	-48.8262	-47.4992
BLOCK06/SES062/SA062S10	SES062	-1.3375	-50.4687	-49.1312
BLOCK06/SES062/SA062S11	SES062	-2.32158	-51.5874	-49.2658
BLOCK06/SES062/SA062S21	SES062	0.10722	-47.3731	-47.4804
BLOCK06/SES062/SA062S26	SES062	-2.53813	-50.4823	-47.9441
BLOCK06/SES062/SA062S29	SES062	-1.60007	-49.6934	-48.0933
BLOCK06/SES068/SA068S14	SES068	-3.00681	-52.0714	-49.0646
BLOCK06/SES068/SA068S15	SES068	-2.57057	-51.0559	-48.4854
BLOCK06/SES068/SA068S23	SES068	-1.84412	-51.8383	-49.9941
BLOCK06/SES068/SA068S27	SES068	-2.07014	-50.991	-48.9208
BLOCK06/SES068/SA068S29	SES068	-1.61484	-50.4588	-48.8439
BLOCK08/SES082/SA082S12	SES082	-0.275612	-50.2963	-50.0207
BLOCK08/SES082/SA082S14	SES082	-1.51407	-51.5051	-49.991
BLOCK08/SES082/SA082S21	SES082	-0.886711	-50.5024	-49.6157
BLOCK08/SES082/SA082S24	SES082	-1.16633	-49.9102	-48.7439
BLOCK08/SES082/SA082S28	SES082	-2.27363	-51.9586	-49.685
BLOCK08/SES083/SA083S14	SES083	-3.91203	-53.0289	-49.1169
BLOCK08/SES083/SA083S15	SES083	-3.4618	-52.3376	-48.8758
BLOCK08/SES083/SA083S24	SES083	-2.05013	-51.4267	-49.3766
BLOCK08/SES083/SA083S26	SES083	-1.42964	-50.6532	-49.2235
BLOCK08/SES083/SA083S29	SES083	-2.71966	-51.4889	-48.7692
BLOCK08/SES085/SA085S10	SES085	-2.05264	-50.8631	-48.8105
BLOCK08/SES085/SA085S13	SES085	-3.40876	-53.2599	-49.8512
BLOCK08/SES085/SA085S22	SES085	-5.51804	-54.7237	-49.2056
BLOCK08/SES085/SA085S26	SES085	-4.10733	-53.206	-49.0987
BLOCK08/SES085/SA085S28	SES085	-1.02363	-50.5601	-49.5365
BLOCK08/SES087/SA087S15	SES087	0.637962	-48.938	-49.576
BLOCK08/SES087/SA087S16	SES087	0.53442	-48.9905	-49.5249
BLOCK08/SES087/SA087S24	SES087	0.519211	-48.8899	-49.4092
BLOCK08/SES087/SA087S26	SES087	0.651127	-47.6782	-48.3293
BLOCK08/SES087/SA087S29	SES087	0.256744	-49.5123	-49.7691
BLOCK09/SES099/SA099S15	SES099	-0.541756	-50.3831	-49.8413
BLOCK09/SES099/SA099S16	SES099	0.0801659	-49.299	-49.3791
BLOCK09/SES099/SA099S24	SES099	0.405682	-48.5075	-48.9132
BLOCK09/SES099/SA099S26	SES099	0.0926132	-48.8627	-48.9553
BLOCK09/SES099/SA099S29	SES099	0.418045	-48.6526	-49.0707
BLOCK10/SES101/SA101S11	SES101	-1.40246	-50.3187	-48.9162
BLOCK10/SES101/SA101S13	SES101	-1.15038	-49.9284	-48.778
BLOCK10/SES101/SA101S22	SES101	-1.70801	-51.5361	-49.8281
BLOCK10/SES101/SA101S24	SES101	-0.838337	-50.5685	-49.7301
BLOCK10/SES101/SA101S28	SES101	-3.201	-52.928	-49.727
BLOCK10/SES104/SA104S11	SES104	-0.106239	-48.464	-48.3578
BLOCK10/SES104/SA104S12	SES104	-0.119045	-48.6324	-48.5133
BLOCK10/SES104/SA104S21	SES104	-0.438984	-49.668	-49.229
BLOCK10/SES104/SA104S24	SES104	-0.828285	-50.1495	-49.3213
BLOCK10/SES104/SA104S28	SES104	-0.939022	-49.8786	-48.9396
BLOCK10/SES105/SA105S12	SES105	-1.20259	-51.4515	-50.2489
BLOCK10/SES105/SA105S13	SES105	-0.579639	-50.6395	-50.0599
BLOCK10/SES105/SA105S22	SES105	-1.2117	-51.7334	-50.5217
BLOCK10/SES105/SA105S26	SES105	-1.75725	-52.1732	-50.416
BLOCK10/SES105/SA105S29	SES105	-1.93219	-51.8611	-49.9289
BLOCK10/SES106/SA106S09	SES106	-0.538559	-50.9773	-50.4387
BLOCK10/SES106/SA106S11	SES106	-0.106556	-48.804	-48.6974
BLOCK10/SES106/SA106S22	SES106	-0.214371	-50.3405	-50.1261
BLOCK10/SES106/SA106S27	SES106	-0.840824	-50.5344	-49.6935
BLOCK10/SES106/SA106S29	SES106	-0.255112	-49.4363	-49.1812
BLOCK11/SES117/SA117S12	SES117	-1.44461	-51.5183	-50.0737
BLOCK11/SES117/SA117S13	SES117	-1.16103	-50.7319	-49.5709
BLOCK11/SES117/SA117S23	SES117	-0.812817	-52.6777	-51.8648
BLOCK11/SES117/SA117S25	SES117	-1.10306	-51.8946	-50.7916
BLOCK11/SES117/SA117S28	SES117	-0.166431	-51.5011	-51.3347
BLOCK12/SES120/SA120S08	SES120	-1.49374	-53.1322	-51.6384
BLOCK12/SES120/SA120S11	SES120	-1.51764	-53.846	-52.3284
BLOCK12/SES120/SA120S22	SES120	-1.54717	-51.4254	-49.8782
BLOCK12/SES120/SA120S24	SES120	-2.67786	-53.032	-50.3541
BLOCK12/SES120/SA120S28	SES120	-1.99728	-53.4316	-51.4343
BLOCK12/SES125/SA125S13	SES125	0.601227	-48.1694	-48.7706
BLOCK12/SES125/SA125S14	SES125	-0.560848	-49.8107	-49.2498
BLOCK12/SES125/SA125S25	SES125	0.242302	-48.8001	-49.0424
BLOCK12/SES125/SA125S27	SES125	0.840965	-47.4864	-48.3274
BLOCK12/SES125/SA125S29	SES125	0.0561638	-48.9772	-49.0334
BLOCK12/SES127/SA127S11	SES127	-3.0992	-53.1114	-50.0122
BLOCK12/SES127/SA127S12	SES127	-3.25531	-52.0668	-48.8115
BLOCK12/SES127/SA127S23	SES127	-2.26478	-52.0605	-49.7957
BLOCK12/SES127/SA127S25	SES127	-3.2513	-52.6289	-49.3776
BLOCK12/SES127/SA127S27	SES127	-2.69969	-52.1683	-49.4686
BLOCK12/SES129/SA129S11	SES129	-1.71973	-50.9627	-49.243
BLOCK12/SES129/SA129S12	SES129	-1.38911	-50.3051	-48.916
BLOCK12/SES129/SA129S22	SES129	-1.65929	-51.0502	-49.3909
BLOCK12/SES129/SA129S27	SES129	-0.965137	-50.0056	-49.0405
BLOCK12/SES129/SA129S29	SES129	-0.87257	-49.8744	-49.0018
BLOCK14/SES142/SA142S11	SES142	-1.01377	-51.9371	-50.9233
BLOCK14/SES142/SA142S12	SES142	-2.0972	-52.9936	-50.8964
BLOCK14/SES142/SA142S24	SES142	-1.17326	-51.7814	-50.6082
BLOCK14/SES142/SA142S27	SES142	-0.225323	-50.9804	-50.7551
BLOCK14/SES142/SA142S29	SES142	-0.225605	-50.2092	-49.9836
BLOCK14/SES143/SA143S12	SES143	-1.14802	-51.712	-50.564
BLOCK14/SES143/SA143S13	SES143	-1.41716	-51.852	-50.4348
BLOCK14/SES143/SA143S23	SES143	-1.13954	-51.8024	-50.6629
BLOCK14/SES143/SA143S25	SES143	-1.68818	-52.1753	-50.4871
BLOCK14/SES143/SA143S28	SES143	-1.20666	-50.9842	-49.7776
BLOCK14/SES144/SA144S09	SES144	-1.30371	-51.0128	-49.7091
BLOCK14/SES144/SA144S11	SES144	-1.60266	-51.9827	-50.38
BLOCK14/SES144/SA144S21	SES144	-1.82954	-51.8573	-50.0278
BLOCK14/SES144/SA144S25	SES144	-1.53461	-51.8305	-50.2959
BLOCK14/SES144/SA144S29	SES144	-1.98007	-51.6461	-49.666
BLOCK14/SES146/SA146S14	SES146	-0.739307	-51.1713	-50.432
BLOCK14/SES146/SA146S15	SES146	-1.70308	-51.8191	-50.116
BLOCK14/SES146/SA146S24	SES146	-1.09674	-51.2282	-50.1315
BLOCK14/SES146/SA146S26	SES146	-0.61282	-51.2145	-50.6017
BLOCK14/SES146/SA146S29	SES146	-0.860023	-51.6275	-50.7675
BLOCK14/SES147/SA147S11	SES147	-0.561012	-51.9007	-51.3397
BLOCK14/SES147/SA147S13	SES147	1.19232	-49.4523	-50.6446
BLOCK14/SES147/SA147S23	SES147	-0.156487	-51.3919	-51.2354
BLOCK14/SES147/SA147S26	SES147	0.193226	-50.8734	-51.0666
BLOCK14/SES147/SA147S28	SES147	0.877754	-49.9841	-50.8619
BLOCK14/SES148/SA148S10	SES148	-0.933838	-50.5343	-49.6004
BLOCK14/SES148/SA148S12	SES148	-1.63913	-51.8544	-50.2153
BLOCK14/SES148/SA148S22	SES148	-1.40431	-50.2776	-48.8733
BLOCK14/SES148/SA148S26	SES148	-1.56737	-50.677	-49.1096
BLOCK14/SES148/SA148S29	SES148	-2.39549	-52.405	-50.0096
BLOCK14/SES149/SA149S13	SES149	-1.71137	-51.0843	-49.373
BLOCK14/SES149/SA149S14	SES149	-1.33256	-50.1464	-48.8139
BLOCK14/SES149/SA149S24	SES149	-0.978642	-50.2463	-49.2676
BLOCK14/SES149/SA149S26	SES149	-0.00138474	-49.0949	-49.0935
BLOCK14/SES149/SA149S28	SES149	-0.371498	-49.3731	-49.0016
BLOCK15/SES158/SA158S13	SES158	-0.51585	-50.6194	-50.1035
BLOCK15/SES158/SA158S14	SES158	0.0509033	-49.9325	-49.9835
BLOCK15/SES158/SA158S23	SES158	-0.506142	-50.0329	-49.5267
BLOCK15/SES158/SA158S26	SES158	-0.137836	-49.8769	-49.7391
BLOCK15/SES158/SA158S28	SES158	-0.372272	-50.257	-49.8847
BLOCK16/SES162/SA162S10	SES162	-0.800194	-51.4802	-50.68
BLOCK16/SES162/SA162S11	SES162	-1.7005	-51.5255	-49.825
BLOCK16/SES162/SA162S21	SES162	-1.23296	-51.7356	-50.5027
BLOCK16/SES162/SA162S24	SES162	-1.72271	-52.1306	-50.4079
BLOCK16/SES162/SA162S27	SES162	-1.33301	-51.8502	-50.5172
BLOCK16/SES167/SA167S14	SES167	-1.72607	-50.5585	-48.8324
BLOCK16/SES167/SA167S15	SES167	-1.11314	-51.0904	-49.9773
BLOCK16/SES167/SA167S21	SES167	-0.849785	-49.7747	-48.925
BLOCK16/SES167/SA167S25	SES167	-1.11241	-51.2916	-50.1792
BLOCK16/SES167/SA167S29	SES167	-0.27533	-49.4421	-49.1668
BLOCK17/SES172/SA172S12	SES172	-1.74224	-51.6429	-49.9007
BLOCK17/SES172/SA172S13	SES172	-2.1786	-52.7836	-50.605
BLOCK17/SES172/SA172S23	SES172	-2.82946	-51.3805	-48.551
BLOCK17/SES172/SA172S27	SES172	-2.60104	-52.3624	-49.7613
BLOCK17/SES172/SA172S29	SES172	-2.06733	-51.6841	-49.6168
BLOCK17/SES175/SA175S11	SES175	-1.19807	-51.3406	-50.1426
BLOCK17/SES175/SA175S13	SES175	-1.09166	-50.6964	-49.6047
BLOCK17/SES175/SA175S23	SES175	-0.367432	-50.5904	-50.223
BLOCK17/SES175/SA175S25	SES175	-1.57853	-52.9544	-51.3759
BLOCK17/SES175/SA175S28	SES175	-1.03735	-50.7677	-49.7303
BLOCK17/SES177/SA177S15	SES177	-2.01279	-51.5387	-49.5259
BLOCK17/SES177/SA177S17	SES177	-1.74506	-51.3348	-49.5897
BLOCK17/SES177/SA177S23	SES177	-2.96852	-52.791	-49.8224
BLOCK17/SES177/SA177S26	SES177	-1.00541	-48.9863	-47.9809
BLOCK17/SES177/SA177S28	SES177	-1.23022	-50.402	-49.1718
BLOCK18/SES180/SA180S13	SES180	-2.1119	-51.9501	-49.8382
BLOCK18/SES180/SA180S15	SES180	-1.94943	-52.2787	-50.3293
BLOCK18/SES180/SA180S24	SES180	-1.3147	-49.8094	-48.4947
BLOCK18/SES180/SA180S26	SES180	-1.21599	-50.5423	-49.3263
BLOCK18/SES180/SA180S29	SES180	-1.91875	-52.3399	-50.4212
BLOCK18/SES183/SA183S13	SES183	-1.49569	-52.2874	-50.7917
BLOCK18/SES183/SA183S14	SES183	-1.85833	-52.0271	-50.1688
BLOCK18/SES183/SA183S24	SES183	-2.19886	-53.1986	-50.9997
BLOCK18/SES183/SA183S27	SES183	-1.64687	-51.8513	-50.2044
BLOCK18/SES183/SA183S29	SES183	-0.541668	-50.469	-49.9274
BLOCK18/SES187/SA187S13	SES187	-2.85308	-53.4178	-50.5647
BLOCK18/SES187/SA187S14	SES187	-0.607422	-51.4022	-50.7948
BLOCK18/SES187/SA187S24	SES187	-2.2563	-52.4901	-50.2338
BLOCK18/SES187/SA187S27	SES187	-1.40447	-51.6566	-50.2521
BLOCK18/SES187/SA187S29	SES187	-2.36679	-52.6599	-50.2931
BLOCK18/SES189/SA189S10	SES189	-0.727245	-53.2026	-52.4753
BLOCK18/SES189/SA189S13	SES189	-0.352772	-53.5533	-53.2005
BLOCK18/SES189/SA189S24	SES189	-0.388214	-52.7625	-52.3743
BLOCK18/SES189/SA189S26	SES189	-1.19077	-52.5995	-51.4087
BLOCK18/SES189/SA189S29	SES189	-0.00888824	-51.7031	-51.6942
BLOCK20/SES202/SA202S12	SES202	-1.47362	-53.2709	-51.7973
BLOCK20/SES202/SA202S14	SES202	-0.446953	-51.2593	-50.8123
BLOCK20/SES202/SA202S24	SES202	-1.91262	-52.7948	-50.8822
BLOCK20/SES202/SA202S27	SES202	-1.10996	-50.5967	-49.4868
BLOCK20/SES202/SA202S29	SES202	-1.14364	-51.1191	-49.9755
BLOCK20/SES206/SA206S15	SES206	-1.53766	-50.0574	-48.5197
BLOCK20/SES206/SA206S17	SES206	0.345699	-48.1955	-48.5412
BLOCK20/SES206/SA206S24	SES206	0.431824	-48.0826	-48.5144
BLOCK20/SES206/SA206S27	SES206	0.0510025	-49.084	-49.135
BLOCK20/SES206/SA206S29	SES206	0.476295	-47.7312	-48.2075
BLOCK22/SES226/SA226S12	SES226	-0.686783	-50.7199	-50.0331
BLOCK22/SES226/SA226S13	SES226	-2.20477	-51.6394	-49.4346
BLOCK22/SES226/SA226S20	SES226	-1.0256	-50.9806	-49.955
BLOCK22/SES226/SA226S23	SES226	0.0594788	-49.3398	-49.3992
BLOCK22/SES226/SA226S28	SES226	0.688213	-48.8341	-49.5223
BLOCK25/SES259/SA259S13	SES259	1.35958	-48.1419	-49.5015
BLOCK25/SES259/SA259S14	SES259	0.366856	-49.2805	-49.6474
BLOCK25/SES259/SA259S22	SES259	0.0840912	-49.428	-49.5121
BLOCK25/SES259/SA259S24	SES259	1.39017	-47.1937	-48.5838
BLOCK25/SES259/SA259S28	SES259	0.654224	-47.975	-48.6292
BLOCK27/SES270/SA270S14	SES270	0.181377	-50.3271	-50.5085
BLOCK27/SES270/SA270S16	SES270	-0.70908	-50.361	-49.6519
BLOCK27/SES270/SA270S22	SES270	0.563133	-49.2914	-49.8545
BLOCK27/SES270/SA270S26	SES270	-0.548409	-51.1932	-50.6448
BLOCK27/SES270/SA270S28	SES270	-0.149303	-49.4646	-49.3153
BLOCK27/SES275/SA275S17	SES275	-1.71989	-52.5182	-50.7983
BLOCK27/SES275/SA275S18	SES275	-2.2081	-52.186	-49.9779
BLOCK27/SES275/SA275S24	SES275	-1.72274	-52.7038	-50.9811
BLOCK27/SES275/SA275S26	SES275	0.107006	-49.5743	-49.6813
BLOCK27/SES275/SA275S28	SES275	-1.20103	-50.6656	-49.4646
BLOCK29/SES292/SA292S10	SES292	-2.39405	-52.3891	-49.995
BLOCK29/SES292/SA292S12	SES292	-2.928	-53.4207	-50.4927
BLOCK29/SES292/SA292S22	SES292	-1.36564	-50.6383	-49.2727
BLOCK29/SES292/SA292S24	SES292	-1.56205	-51.0669	-49.5049
BLOCK29/SES292/SA292S27	SES292	-1.38288	-50.2752	-48.8923
BLOCK00/SES001/SA001S14	SES062	-2.62225	-52.6838	-50.0616
BLOCK00/SES001/SA001S14	SES082	-5.87589	-55.9374	-50.0616
BLOCK00/SES001/SA001S14	SES106	-4.96608	-55.0276	-50.0616
BLOCK00/SES001/SA001S14	SES206	-5.99812	-56.0597	-50.0616
BLOCK00/SES001/SA001S15	SES062	-3.29523	-52.2071	-48.9119
BLOCK00/SES001/SA001S15	SES104	-4.81116	-53.723	-48.9119
BLOCK00/SES001/SA001S15	SES106	-4.70196	-53.6138	-48.9119
BLOCK00/SES001/SA001S15	SES206	-5.83138	-54.7432	-48.9119
BLOCK00/SES001/SA001S24	SES062	-3.88317	-54.165	-50.2819
BLOCK00/SES001/SA001S24	SES082	-4.54055	-54.8224	-50.2819
BLOCK00/SES001/SA001S24	SES087	-5.27192	-55.5538	-50.2819
BLOCK00/SES001/SA001S24	SES206	-4.54059	-54.8225	-50.2819
BLOCK00/SES001/SA001S27	SES062	-3.17118	-51.9973	-48.8261
BLOCK00/SES001/SA001S27	SES082	-5.20251	-54.0286	-48.8261
BLOCK00/SES001/SA001S27	SES087	-5.89588	-54.722	-48.8261
BLOCK00/SES001/SA001S27	SES206	-5.56667	-54.3928	-48.8261
BLOCK00/SES001/SA001S29	SES062	-4.19891	-54.3552	-50.1563
BLOCK00/SES001/SA001S29	SES082	-6.06321	-56.2195	-50.1563
BLOCK00/SES001/SA001S29	SES158	-4.5504	-54.7067	-50.1563
BLOCK00/SES001/SA001S29	SES206	-7.06187	-57.2181	-50.1563
BLOCK00/SES003/SA003S11	SES002	-1.91769	-51.2997	-49.382
BLOCK00/SES003/SA003S11	SES019	-2.42139	-51.8034	-49.382
BLOCK00/SES003/SA003S11	SES082	-2.05275	-51.4347	-49.382
BLOCK00/SES003/SA003S11	SES125	-2.42047	-51.8024	-49.382
BLOCK00/SES003/SA003S15	SES016	-3.29492	-52.1504	-48.8555
BLOCK00/SES003/SA003S15	SES019	-1.83648	-50.692	-48.8555
BLOCK00/SES003/SA003S15	SES062	-2.11853	-50.974	-48.8555
BLOCK00/SES003/SA003S15	SES206	-2.48305	-51.3386	-48.8555
BLOCK00/SES003/SA003S22	SES002	-2.7761	-52.0074	-49.2313
BLOCK00/SES003/SA003S22	SES062	-1.94795	-51.1793	-49.2313
BLOCK00/SES003/SA003S22	SES082	-2.55244	-51.7837	-49.2313
BLOCK00/SES003/SA003S22	SES087	-3.13899	-52.3703	-49.2313
BLOCK00/SES003/SA003S25	SES062	-3.44736	-52.9284	-49.481
BLOCK00/SES003/SA003S25	SES082	-2.0467	-51.5277	-49.481
BLOCK00/SES003/SA003S25	SES087	-4.27363	-53.7547	-49.481
BLOCK00/SES003/SA003S25	SES206	-3.2462	-52.7272	-49.481
BLOCK00/SES003/SA003S29	SES002	-2.80157	-52.5211	-49.7195
BLOCK00/SES003/SA003S29	SES062	-2.88775	-52.6073	-49.7195
BLOCK00/SES003/SA003S29	SES082	-2.20718	-51.9267	-49.7195
BLOCK00/SES003/SA003S29	SES087	-3.24332	-52.9628	-49.7195
BLOCK00/SES004/SA004S12	SES083	-5.81185	-56.2908	-50.479
BLOCK00/SES004/SA004S12	SES148	-5.68904	-56.168	-50.479
BLOCK00/SES004/SA004S12	SES172	-6.09376	-56.5727	-50.479
BLOCK00/SES004/SA004S12	SES292	-5.78484	-56.2638	-50.479
BLOCK00/SES004/SA004S17	SES083	-4.77573	-55.6562	-50.8805
BLOCK00/SES004/SA004S17	SES162	-3.51012	-54.3906	-50.8805
BLOCK00/SES004/SA004S17	SES172	-4.33624	-55.2167	-50.8805
BLOCK00/SES004/SA004S17	SES292	-4.71967	-55.6002	-50.8805
BLOCK00/SES004/SA004S24	SES083	-5.3281	-55.5108	-50.1827
BLOCK00/SES004/SA004S24	SES148	-5.70445	-55.8872	-50.1827
BLOCK00/SES004/SA004S24	SES172	-4.76249	-54.9452	-50.1827
BLOCK00/SES004/SA004S24	SES292	-4.43588	-54.6186	-50.1827
BLOCK00/SES004/SA004S26	SES083	-4.85741	-54.9462	-50.0888
BLOCK00/SES004/SA004S26	SES127	-4.88677	-54.9756	-50.0888
BLOCK00/SES004/SA004S26	SES148	-5.71625	-55.8051	-50.0888
BLOCK00/SES004/SA004S26	SES292	-5.02921	-55.118	-50.0888
BLOCK00/SES004/SA004S28	SES083	-5.22295	-54.548	-49.325
BLOCK00/SES004/SA004S28	SES127	-4.77637	-54.1014	-49.325
BLOCK00/SES004/SA004S28	SES187	-3.68921	-53.0142	-49.325
BLOCK00/SES004/SA004S28	SES292	-5.68485	-55.0099	-49.325
BLOCK00/SES006/SA006S10	SES014	-5.02849	-56.6176	-51.5891
BLOCK00/SES006/SA006S10	SES158	-2.05928	-53.6484	-51.5891
BLOCK00/SES006/SA006S10	SES226	-4.81723	-56.4063	-51.5891
BLOCK00/SES006/SA006S10	SES270	-1.72212	-53.3112	-51.5891
BLOCK00/SES006/SA006S11	SES158	-2.07181	-53.5859	-51.5141
BLOCK00/SES006/SA006S11	SES226	-3.86385	-55.3779	-51.5141
BLOCK00/SES006/SA006S11	SES270	-1.72109	-53.2351	-51.5141
BLOCK00/SES006/SA006S11	SES275	-3.29335	-54.8074	-51.5141
BLOCK00/SES006/SA006S23	SES062	-3.65416	-53.8387	-50.1845
BLOCK00/SES006/SA006S23	SES105	-2.9009	-53.0854	-50.1845
BLOCK00/SES006/SA006S23	SES158	-1.45615	-51.6407	-50.1845
BLOCK00/SES006/SA006S23	SES275	-2.25489	-52.4394	-50.1845
BLOCK00/SES006/SA006S26	SES104	-3.07911	-52.8236	-49.7445
BLOCK00/SES006/SA006S26	SES158	-1.03276	-50.7772	-49.7445
BLOCK00/SES006/SA006S26	SES270	-0.559605	-50.3041	-49.7445
BLOCK00/SES006/SA006S26	SES275	-3.51254	-53.257	-49.7445
BLOCK00/SES006/SA006S28	SES007	-2.75014	-54.0945	-51.3444
BLOCK00/SES006/SA006S28	SES105	-3.48639	-54.8307	-51.3444
BLOCK00/SES006/SA006S28	SES158	-2.08974	-53.4341	-51.3444
BLOCK00/SES006/SA006S28	SES275	-4.17621	-55.5206	-51.3444
BLOCK00/SES009/SA009S12	SES083	-3.94614	-53.3464	-49.4002
BLOCK00/SES009/SA009S12	SES148	-3.08852	-52.4887	-49.4002
BLOCK00/SES009/SA009S12	SES177	-1.93453	-51.3347	-49.4002
BLOCK00/SES009/SA009S12	SES292	-2.23033	-51.6305	-49.4002
BLOCK00/SES009/SA009S15	SES007	-0.724003	-49.5657	-48.8417
BLOCK00/SES009/SA009S15	SES099	-8.88221	-57.7239	-48.8417
BLOCK00/SES009/SA009S15	SES148	-2.7834	-51.6251	-48.8417
BLOCK00/SES009/SA009S15	SES172	-1.32702	-50.1687	-48.8417
BLOCK00/SES009/SA009S24	SES146	-3.26141	-52.3784	-49.117
BLOCK00/SES009/SA009S24	SES148	-3.31846	-52.4355	-49.117
BLOCK00/SES009/SA009S24	SES177	-1.89895	-51.016	-49.117
BLOCK00/SES009/SA009S24	SES292	-2.32029	-51.4373	-49.117
BLOCK00/SES009/SA009S26	SES083	-4.4107	-53.8708	-49.4601
BLOCK00/SES009/SA009S26	SES101	-3.34613	-52.8062	-49.4601
BLOCK00/SES009/SA009S26	SES120	-2.13398	-51.5941	-49.4601
BLOCK00/SES009/SA009S26	SES177	-2.46923	-51.9293	-49.4601
BLOCK00/SES009/SA009S29	SES083	-3.75238	-52.7427	-48.9903
BLOCK00/SES009/SA009S29	SES101	-2.93312	-51.9234	-48.9903
BLOCK00/SES009/SA009S29	SES177	-1.80159	-50.7919	-48.9903
BLOCK00/SES009/SA009S29	SES292	-2.53805	-51.5284	-48.9903
BLOCK01/SES011/SA011S10	SES019	-1.15673	-50.6604	-49.5037
BLOCK01/SES011/SA011S10	SES042	-2.153	-51.6567	-49.5037
BLOCK01/SES011/SA011S10	SES082	-2.62233	-52.126	-49.5037
BLOCK01/SES011/SA011S10	SES206	-1.82079	-51.3245	-49.5037
BLOCK01/SES011/SA011S11	SES019	-1.10925	-51.4873	-50.3781
BLOCK01/SES011/SA011S11	SES042	-2.88812	-53.2662	-50.3781
BLOCK01/SES011/SA011S11	SES082	-3.46201	-53.8401	-50.3781
BLOCK01/SES011/SA011S11	SES206	-1.90751	-52.2856	-50.3781
BLOCK01/SES011/SA011S22	SES019	-0.85854	-51.1123	-50.2538
BLOCK01/SES011/SA011S22	SES042	-2.337	-52.5908	-50.2538
BLOCK01/SES011/SA011S22	SES082	-2.91652	-53.1703	-50.2538
BLOCK01/SES011/SA011S22	SES206	-2.07609	-52.3299	-50.2538
BLOCK01/SES011/SA011S24	SES019	-0.62154	-50.0878	-49.4662
BLOCK01/SES011/SA011S24	SES042	-1.96818	-51.4344	-49.4662
BLOCK01/SES011/SA011S24	SES104	-1.78452	-51.2507	-49.4662
BLOCK01/SES011/SA011S24	SES206	-1.11287	-50.5791	-49.4662
BLOCK01/SES011/SA011S27	SES082	-0.893429	-50.3011	-49.4076
BLOCK01/SES011/SA011S27	SES087	-2.55739	-51.965	-49.4076
BLOCK01/SES011/SA011S27	SES125	-1.6013	-51.0089	-49.4076
BLOCK01/SES011/SA011S27	SES206	-1.42775	-50.8354	-49.4076
BLOCK01/SES012/SA012S11	SES007	-1.22372	-49.4299	-48.2061
BLOCK01/SES012/SA012S11	SES082	-1.44267	-49.6488	-48.2061
BLOCK01/SES012/SA012S11	SES083	-1.71429	-49.9204	-48.2061
BLOCK01/SES012/SA012S11	SES206	-1.06723	-49.2734	-48.2061
BLOCK01/SES012/SA012S14	SES082	-2.33122	-51.2067	-48.8754
BLOCK01/SES012/SA012S14	SES087	-2.86686	-51.7423	-48.8754
BLOCK01/SES012/SA012S14	SES206	-2.21541	-51.0909	-48.8754
BLOCK01/SES012/SA012S14	SES292	-2.63754	-51.513	-48.8754
BLOCK01/SES012/SA012S24	SES082	-1.03799	-50.8467	-49.8087
BLOCK01/SES012/SA012S24	SES087	-2.29084	-52.0995	-49.8087
BLOCK01/SES012/SA012S24	SES120	-2.64267	-52.4513	-49.8087
BLOCK01/SES012/SA012S24	SES206	-2.00038	-51.809	-49.8087
BLOCK01/SES012/SA012S26	SES019	-2.11556	-50.9386	-48.823
BLOCK01/SES012/SA012S26	SES082	-1.9255	-50.7485	-48.823
BLOCK01/SES012/SA012S26	SES206	-0.804127	-49.6272	-48.823
BLOCK01/SES012/SA012S26	SES292	-2.28979	-51.1128	-48.823
BLOCK01/SES012/SA012S29	SES062	-2.30435	-50.869	-48.5646
BLOCK01/SES012/SA012S29	SES082	-1.86968	-50.4343	-48.5646
BLOCK01/SES012/SA012S29	SES083	-2.65878	-51.2234	-48.5646
BLOCK01/SES012/SA012S29	SES206	-2.15511	-50.7197	-48.5646
BLOCK01/SES013/SA013S16	SES062	-4.1707	-53.3997	-49.229
BLOCK01/SES013/SA013S16	SES106	-2.15152	-51.3805	-49.229
BLOCK01/SES013/SA013S16	SES206	-2.79346	-52.0225	-49.229
BLOCK01/SES013/SA013S16	SES226	-1.35839	-50.5874	-49.229
BLOCK01/SES013/SA013S17	SES062	-3.50116	-51.8396	-48.3384
BLOCK01/SES013/SA013S17	SES106	-2.21489	-50.5533	-48.3384
BLOCK01/SES013/SA013S17	SES206	-1.40728	-49.7457	-48.3384
BLOCK01/SES013/SA013S17	SES226	-0.836128	-49.1746	-48.3384
BLOCK01/SES013/SA013S23	SES104	-3.16577	-52.673	-49.5073
BLOCK01/SES013/SA013S23	SES106	-2.03548	-51.5428	-49.5073
BLOCK01/SES013/SA013S23	SES206	-2.97692	-52.4842	-49.5073
BLOCK01/SES013/SA013S23	SES270	-0.86974	-50.377	-49.5073
BLOCK01/SES013/SA013S25	SES042	-3.47356	-51.959	-48.4854
BLOCK01/SES013/SA013S25	SES104	-2.60797	-51.0934	-48.4854
BLOCK01/SES013/SA013S25	SES106	-1.85849	-50.3439	-48.4854
BLOCK01/SES013/SA013S25	SES206	-2.95206	-51.4375	-48.4854
BLOCK01/SES013/SA013S29	SES062	-4.43346	-53.3893	-48.9558
BLOCK01/SES013/SA013S29	SES104	-3.07943	-52.0353	-48.9558
BLOCK01/SES013/SA013S29	SES106	-2.15205	-51.1079	-48.9558
BLOCK01/SES013/SA013S29	SES206	-2.85452	-51.8104	-48.9558
BLOCK02/SES021/SA021S13	SES016	-3.3738	-51.9951	-48.6213
BLOCK02/SES021/SA021S13	SES029	-2.11776	-50.7391	-48.6213
BLOCK02/SES021/SA021S13	SES087	-3.0444	-51.6657	-48.6213
BLOCK02/SES021/SA021S13	SES206	-2.09946	-50.7208	-48.6213
BLOCK02/SES021/SA021S15	SES087	-2.49826	-49.8004	-47.3022
BLOCK02/SES021/SA021S15	SES125	-1.56801	-48.8702	-47.3022
BLOCK02/SES021/SA021S15	SES206	-1.74142	-49.0436	-47.3022
BLOCK02/SES021/SA021S15	SES226	-2.39263	-49.6948	-47.3022
BLOCK02/SES021/SA021S23	SES062	-4.61444	-54.1125	-49.4981
BLOCK02/SES021/SA021S23	SES087	-4.06785	-53.566	-49.4981
BLOCK02/SES021/SA021S23	SES206	-3.82668	-53.3248	-49.4981
BLOCK02/SES021/SA021S23	SES226	-2.97568	-52.4738	-49.4981
BLOCK02/SES021/SA021S27	SES002	-3.29494	-51.56	-48.265
BLOCK02/SES021/SA021S27	SES016	-4.21403	-52.4791	-48.265
BLOCK02/SES021/SA021S27	SES019	-2.87328	-51.1383	-48.265
BLOCK02/SES021/SA021S27	SES062	-2.54855	-50.8136	-48.265
BLOCK02/SES021/SA021S29	SES087	-3.2293	-51.2865	-48.0572
BLOCK02/SES021/SA021S29	SES125	-2.62215	-50.6793	-48.0572
BLOCK02/SES021/SA021S29	SES206	-2.27693	-50.3341	-48.0572
BLOCK02/SES021/SA021S29	SES226	-3.17616	-51.2333	-48.0572
BLOCK04/SES043/SA043S09	SES083	-3.0528	-53.7883	-50.7355
BLOCK04/SES043/SA043S09	SES101	-4.37565	-55.1111	-50.7355
BLOCK04/SES043/SA043S09	SES144	-1.81951	-52.555	-50.7355
BLOCK04/SES043/SA043S09	SES172	-4.11822	-54.8537	-50.7355
BLOCK04/SES043/SA043S11	SES083	-2.11877	-51.4272	-49.3085
BLOCK04/SES043/SA043S11	SES101	-2.48962	-51.7981	-49.3085
BLOCK04/SES043/SA043S11	SES144	-1.2399	-50.5484	-49.3085
BLOCK04/SES043/SA043S11	SES172	-1.81796	-51.1264	-49.3085
BLOCK04/SES043/SA043S23	SES083	-2.43673	-52.3764	-49.9397
BLOCK04/SES043/SA043S23	SES144	-1.43692	-51.3766	-49.9397
BLOCK04/SES043/SA043S23	SES177	-3.04578	-52.9854	-49.9397
BLOCK04/SES043/SA043S23	SES275	-2.40627	-52.3459	-49.9397
BLOCK04/SES043/SA043S26	SES083	-2.03115	-52.0255	-49.9943
BLOCK04/SES043/SA043S26	SES101	-2.54504	-52.5394	-49.9943
BLOCK04/SES043/SA043S26	SES144	-1.42879	-51.4231	-49.9943
BLOCK04/SES043/SA043S26	SES177	-2.12439	-52.1187	-49.9943
BLOCK04/SES043/SA043S28	SES016	-1.88232	-51.1376	-49.2553
BLOCK04/SES043/SA043S28	SES083	-2.41041	-51.6657	-49.2553
BLOCK04/SES043/SA043S28	SES101	-2.17746	-51.4328	-49.2553
BLOCK04/SES043/SA043S28	SES144	-1.70214	-50.9574	-49.2553
BLOCK04/SES044/SA044S10	SES127	-5.65408	-58.8267	-53.1726
BLOCK04/SES044/SA044S10	SES144	-2.81885	-55.9915	-53.1726
BLOCK04/SES044/SA044S10	SES147	-5.23428	-58.4069	-53.1726
BLOCK04/SES044/SA044S10	SES148	-4.35426	-57.5269	-53.1726
BLOCK04/SES044/SA044S11	SES101	-4.22099	-55.9656	-51.7447
BLOCK04/SES044/SA044S11	SES144	-2.85991	-54.6046	-51.7447
BLOCK04/SES044/SA044S11	SES147	-4.41228	-56.1569	-51.7447
BLOCK04/SES044/SA044S11	SES177	-3.96281	-55.7075	-51.7447
BLOCK04/SES044/SA044S24	SES007	-3.94479	-54.8718	-50.9271
BLOCK04/SES044/SA044S24	SES101	-2.88958	-53.8166	-50.9271
BLOCK04/SES044/SA044S24	SES147	-3.49057	-54.4176	-50.9271
BLOCK04/SES044/SA044S24	SES177	-2.45374	-53.3808	-50.9271
BLOCK04/SES044/SA044S26	SES007	-2.4951	-52.9177	-50.4226
BLOCK04/SES044/SA044S26	SES016	-1.62503	-52.0476	-50.4226
BLOCK04/SES044/SA044S26	SES101	-2.28573	-52.7083	-50.4226
BLOCK04/SES044/SA044S26	SES147	-1.67988	-52.1025	-50.4226
BLOCK04/SES044/SA044S29	SES007	-2.83907	-52.7725	-49.9335
BLOCK04/SES044/SA044S29	SES101	-1.71066	-51.6441	-49.9335
BLOCK04/SES044/SA044S29	SES147	-3.0198	-52.9533	-49.9335
BLOCK04/SES044/SA044S29	SES177	-3.08718	-53.0207	-49.9335
BLOCK04/SES046/SA046S13	SES101	-6.98944	-57.9466	-50.9572
BLOCK04/SES046/SA046S13	SES144	-4.26848	-55.2257	-50.9572
BLOCK04/SES046/SA046S13	SES147	-5.59146	-56.5487	-50.9572
BLOCK04/SES046/SA046S13	SES177	-4.432	-55.3892	-50.9572
BLOCK04/SES046/SA046S15	SES048	-5.5638	-54.7785	-49.2147
BLOCK04/SES046/SA046S15	SES083	-2.99505	-52.2098	-49.2147
BLOCK04/SES046/SA046S15	SES120	-3.50074	-52.7155	-49.2147
BLOCK04/SES046/SA046S15	SES148	-3.21592	-52.4307	-49.2147
BLOCK04/SES046/SA046S22	SES101	-3.46769	-53.7835	-50.3158
BLOCK04/SES046/SA046S22	SES144	-2.56978	-52.8856	-50.3158
BLOCK04/SES046/SA046S22	SES147	-3.77522	-54.091	-50.3158
BLOCK04/SES046/SA046S22	SES172	-3.75243	-54.0682	-50.3158
BLOCK04/SES046/SA046S25	SES083	-2.73709	-52.9123	-50.1752
BLOCK04/SES046/SA046S25	SES127	-3.20068	-53.3759	-50.1752
BLOCK04/SES046/SA046S25	SES144	-2.60722	-52.7824	-50.1752
BLOCK04/SES046/SA046S25	SES148	-2.61081	-52.786	-50.1752
BLOCK04/SES046/SA046S28	SES007	-4.07174	-54.9941	-50.9223
BLOCK04/SES046/SA046S28	SES105	-3.7414	-54.6637	-50.9223
BLOCK04/SES046/SA046S28	SES147	-4.40977	-55.3321	-50.9223
BLOCK04/SES046/SA046S28	SES148	-2.06704	-52.9894	-50.9223
BLOCK04/SES049/SA049S16	SES104	-2.73954	-52.8133	-50.0738
BLOCK04/SES049/SA049S16	SES106	-2.6349	-52.7087	-50.0738
BLOCK04/SES049/SA049S16	SES120	-2.64703	-52.7208	-50.0738
BLOCK04/SES049/SA049S16	SES206	-2.97448	-53.0482	-50.0738
BLOCK04/SES049/SA049S18	SES099	-1.2577	-52.4723	-51.2146
BLOCK04/SES049/SA049S18	SES104	-3.27388	-54.4885	-51.2146
BLOCK04/SES049/SA049S18	SES125	-3.6648	-54.8794	-51.2146
BLOCK04/SES049/SA049S18	SES206	-3.07666	-54.2913	-51.2146
BLOCK04/SES049/SA049S25	SES087	-2.47573	-52.2527	-49.7769
BLOCK04/SES049/SA049S25	SES104	-2.1456	-51.9226	-49.7769
BLOCK04/SES049/SA049S25	SES125	-3.22509	-53.002	-49.7769
BLOCK04/SES049/SA049S25	SES206	-2.17645	-51.9534	-49.7769
BLOCK04/SES049/SA049S27	SES099	-1.27468	-51.0208	-49.7461
BLOCK04/SES049/SA049S27	SES104	-1.04491	-50.791	-49.7461
BLOCK04/SES049/SA049S27	SES125	-2.27757	-52.0237	-49.7461
BLOCK04/SES049/SA049S27	SES206	-2.18947	-51.9356	-49.7461
BLOCK04/SES049/SA049S29	SES099	-0.897743	-49.5431	-48.6454
BLOCK04/SES049/SA049S29	SES104	-1.05246	-49.6978	-48.6454
BLOCK04/SES049/SA049S29	SES125	-1.82492	-50.4703	-48.6454
BLOCK04/SES049/SA049S29	SES206	-1.35759	-50.003	-48.6454
BLOCK06/SES063/SA063S09	SES068	-4.02478	-53.8645	-49.8397
BLOCK06/SES063/SA063S09	SES083	-2.89801	-52.7377	-49.8397
BLOCK06/SES063/SA063S09	SES177	-2.88764	-52.7273	-49.8397
BLOCK06/SES063/SA063S09	SES187	-2.08521	-51.9249	-49.8397
BLOCK06/SES063/SA063S10	SES068	-4.5662	-55.1765	-50.6103
BLOCK06/SES063/SA063S10	SES083	-2.7705	-53.3808	-50.6103
BLOCK06/SES063/SA063S10	SES172	-2.83113	-53.4414	-50.6103
BLOCK06/SES063/SA063S10	SES187	-2.27497	-52.8853	-50.6103
BLOCK06/SES063/SA063S20	SES068	-4.99881	-55.2966	-50.2978
BLOCK06/SES063/SA063S20	SES083	-3.33899	-53.6368	-50.2978
BLOCK06/SES063/SA063S20	SES172	-4.95943	-55.2572	-50.2978
BLOCK06/SES063/SA063S20	SES187	-2.15284	-52.4507	-50.2978
BLOCK06/SES063/SA063S24	SES029	-3.94259	-53.3631	-49.4205
BLOCK06/SES063/SA063S24	SES083	-3.29707	-52.7175	-49.4205
BLOCK06/SES063/SA063S24	SES177	-2.64328	-52.0637	-49.4205
BLOCK06/SES063/SA063S24	SES189	-2.54084	-51.9613	-49.4205
BLOCK06/SES063/SA063S27	SES083	-3.80878	-54.7983	-50.9895
BLOCK06/SES063/SA063S27	SES172	-3.7192	-54.7087	-50.9895
BLOCK06/SES063/SA063S27	SES187	-2.78327	-53.7728	-50.9895
BLOCK06/SES063/SA063S27	SES292	-4.29561	-55.2851	-50.9895
BLOCK06/SES067/SA067S12	SES083	-3.10783	-52.951	-49.8432
BLOCK06/SES067/SA067S12	SES172	-5.81926	-55.6624	-49.8432
BLOCK06/SES067/SA067S12	SES202	-1.28352	-51.1267	-49.8432
BLOCK06/SES067/SA067S12	SES292	-3.65791	-53.5011	-49.8432
BLOCK06/SES067/SA067S14	SES085	-3.84665	-53.0747	-49.2281
BLOCK06/SES067/SA067S14	SES177	-2.11515	-51.3432	-49.2281
BLOCK06/SES067/SA067S14	SES183	-2.73998	-51.9681	-49.2281
BLOCK06/SES067/SA067S14	SES202	-1.55132	-50.7794	-49.2281
BLOCK06/SES067/SA067S21	SES144	-2.91323	-53.8104	-50.8972
BLOCK06/SES067/SA067S21	SES177	-2.65086	-53.548	-50.8972
BLOCK06/SES067/SA067S21	SES183	-5.41022	-56.3074	-50.8972
BLOCK06/SES067/SA067S21	SES189	-1.68527	-52.5824	-50.8972
BLOCK06/SES067/SA067S25	SES085	-2.36219	-52.4913	-50.1291
BLOCK06/SES067/SA067S25	SES177	-1.88321	-52.0123	-50.1291
BLOCK06/SES067/SA067S25	SES183	-3.0111	-53.1402	-50.1291
BLOCK06/SES067/SA067S25	SES202	-1.38033	-51.5094	-50.1291
BLOCK06/SES067/SA067S29	SES085	-3.21284	-53.1379	-49.9251
BLOCK06/SES067/SA067S29	SES177	-3.02604	-52.9511	-49.9251
BLOCK06/SES067/SA067S29	SES183	-3.23856	-53.1636	-49.9251
BLOCK06/SES067/SA067S29	SES202	-2.0188	-51.9439	-49.9251
BLOCK06/SES069/SA069S12	SES029	-2.81845	-51.6785	-48.86
BLOCK06/SES069/SA069S12	SES082	-3.42674	-52.2868	-48.86
BLOCK06/SES069/SA069S12	SES087	-4.1117	-52.9717	-48.86
BLOCK06/SES069/SA069S12	SES206	-3.38937	-52.2494	-48.86
BLOCK06/SES069/SA069S13	SES029	-3.32293	-52.4142	-49.0912
BLOCK06/SES069/SA069S13	SES087	-4.71307	-53.8043	-49.0912
BLOCK06/SES069/SA069S13	SES206	-4.44576	-53.537	-49.0912
BLOCK06/SES069/SA069S13	SES226	-3.97441	-53.0656	-49.0912
BLOCK06/SES069/SA069S23	SES029	-1.78615	-49.4243	-47.6382
BLOCK06/SES069/SA069S23	SES087	-4.18299	-51.8212	-47.6382
BLOCK06/SES069/SA069S23	SES206	-3.959	-51.5972	-47.6382
BLOCK06/SES069/SA069S23	SES226	-3.02101	-50.6592	-47.6382
BLOCK06/SES069/SA069S25	SES087	-3.54725	-51.5672	-48.0199
BLOCK06/SES069/SA069S25	SES206	-3.36877	-51.3887	-48.0199
BLOCK06/SES069/SA069S25	SES226	-2.61577	-50.6357	-48.0199
BLOCK06/SES069/SA069S25	SES270	-1.68134	-49.7013	-48.0199
BLOCK06/SES069/SA069S27	SES087	-4.05921	-51.9871	-47.9279
BLOCK06/SES069/SA069S27	SES206	-2.69803	-50.6259	-47.9279
BLOCK06/SES069/SA069S27	SES226	-2.19431	-50.1222	-47.9279
BLOCK06/SES069/SA069S27	SES270	-1.26429	-49.1922	-47.9279
BLOCK08/SES081/SA081S11	SES060	-5.52089	-55.3492	-49.8283
BLOCK08/SES081/SA081S11	SES062	-5.80236	-55.6307	-49.8283
BLOCK08/SES081/SA081S11	SES117	-4.34289	-54.1712	-49.8283
BLOCK08/SES081/SA081S11	SES162	-5.25437	-55.0827	-49.8283
BLOCK08/SES081/SA081S13	SES016	-3.11802	-51.9484	-48.8304
BLOCK08/SES081/SA081S13	SES060	-2.90332	-51.7337	-48.8304
BLOCK08/SES081/SA081S13	SES068	-2.51218	-51.3426	-48.8304
BLOCK08/SES081/SA081S13	SES129	-5.07344	-53.9038	-48.8304
BLOCK08/SES081/SA081S24	SES060	-3.64304	-53.1167	-49.4737
BLOCK08/SES081/SA081S24	SES068	-3.79388	-53.2676	-49.4737
BLOCK08/SES081/SA081S24	SES117	-3.41969	-52.8934	-49.4737
BLOCK08/SES081/SA081S24	SES275	-4.6832	-54.1569	-49.4737
BLOCK08/SES081/SA081S27	SES007	-3.97022	-53.6163	-49.6461
BLOCK08/SES081/SA081S27	SES060	-4.86188	-54.508	-49.6461
BLOCK08/SES081/SA081S27	SES117	-2.59739	-52.2435	-49.6461
BLOCK08/SES081/SA081S27	SES275	-4.95431	-54.6004	-49.6461
BLOCK08/SES081/SA081S29	SES007	-4.35235	-53.4425	-49.0901
BLOCK08/SES081/SA081S29	SES060	-4.54765	-53.6378	-49.0901
BLOCK08/SES081/SA081S29	SES117	-3.60429	-52.6944	-49.0901
BLOCK08/SES081/SA081S29	SES275	-5.58731	-54.6775	-49.0901
BLOCK08/SES086/SA086S11	SES029	-5.54366	-56.3025	-50.7589
BLOCK08/SES086/SA086S11	SES082	-3.15699	-53.9159	-50.7589
BLOCK08/SES086/SA086S11	SES087	-3.0074	-53.7663	-50.7589
BLOCK08/SES086/SA086S11	SES206	-4.04074	-54.7996	-50.7589
BLOCK08/SES086/SA086S12	SES029	-4.79002	-54.8192	-50.0292
BLOCK08/SES086/SA086S12	SES082	-3.01192	-53.0411	-50.0292
BLOCK08/SES086/SA086S12	SES087	-1.65315	-51.6823	-50.0292
BLOCK08/SES086/SA086S12	SES206	-3.10569	-53.1348	-50.0292
BLOCK08/SES086/SA086S20	SES029	-3.96064	-52.7469	-48.7862
BLOCK08/SES086/SA086S20	SES082	-2.79095	-51.5772	-48.7862
BLOCK08/SES086/SA086S20	SES087	-1.50496	-50.2912	-48.7862
BLOCK08/SES086/SA086S20	SES206	-2.06149	-50.8477	-48.7862
BLOCK08/SES086/SA086S24	SES087	-0.982433	-50.8725	-49.8901
BLOCK08/SES086/SA086S24	SES104	-1.82465	-51.7147	-49.8901
BLOCK08/SES086/SA086S24	SES120	-2.7151	-52.6052	-49.8901
BLOCK08/SES086/SA086S24	SES206	-1.12532	-51.0154	-49.8901
BLOCK08/SES086/SA086S28	SES029	-3.54926	-52.2915	-48.7423
BLOCK08/SES086/SA086S28	SES082	-2.45857	-51.2008	-48.7423
BLOCK08/SES086/SA086S28	SES087	-1.23407	-49.9763	-48.7423
BLOCK08/SES086/SA086S28	SES206	-2.06355	-50.8058	-48.7423
BLOCK08/SES089/SA089S13	SES087	-4.39914	-53.8441	-49.445
BLOCK08/SES089/SA089S13	SES206	-4.01947	-53.4644	-49.445
BLOCK08/SES089/SA089S13	SES226	-3.28961	-52.7346	-49.445
BLOCK08/SES089/SA089S13	SES270	-2.73599	-52.181	-49.445
BLOCK08/SES089/SA089S14	SES062	-1.93525	-51.2968	-49.3616
BLOCK08/SES089/SA089S14	SES087	-1.63	-50.9916	-49.3616
BLOCK08/SES089/SA089S14	SES206	-1.49275	-50.8543	-49.3616
BLOCK08/SES089/SA089S14	SES226	-1.60898	-50.9706	-49.3616
BLOCK08/SES089/SA089S23	SES087	-3.83023	-53.7716	-49.9414
BLOCK08/SES089/SA089S23	SES206	-4.67484	-54.6162	-49.9414
BLOCK08/SES089/SA089S23	SES226	-3.99647	-53.9378	-49.9414
BLOCK08/SES089/SA089S23	SES270	-3.20487	-53.1462	-49.9414
BLOCK08/SES089/SA089S25	SES062	-2.22802	-51.352	-49.124
BLOCK08/SES089/SA089S25	SES087	-2.37991	-51.5039	-49.124
BLOCK08/SES089/SA089S25	SES206	-3.05969	-52.1836	-49.124
BLOCK08/SES089/SA089S25	SES226	-2.22797	-51.3519	-49.124
BLOCK08/SES089/SA089S28	SES062	-2.39798	-51.5878	-49.1898
BLOCK08/SES089/SA089S28	SES087	-2.75608	-51.9459	-49.1898
BLOCK08/SES089/SA089S28	SES206	-3.12756	-52.3174	-49.1898
BLOCK08/SES089/SA089S28	SES226	-2.22799	-51.4178	-49.1898
BLOCK09/SES097/SA097S11	SES099	-2.09242	-51.9467	-49.8543
BLOCK09/SES097/SA097S11	SES125	-4.33862	-54.1929	-49.8543
BLOCK09/SES097/SA097S11	SES206	-4.30601	-54.1603	-49.8543
BLOCK09/SES097/SA097S11	SES226	-2.28958	-52.1438	-49.8543
BLOCK09/SES097/SA097S14	SES062	-3.59482	-53.115	-49.5202
BLOCK09/SES097/SA097S14	SES099	-1.81449	-51.3347	-49.5202
BLOCK09/SES097/SA097S14	SES104	-3.05818	-52.5784	-49.5202
BLOCK09/SES097/SA097S14	SES206	-3.50888	-53.0291	-49.5202
BLOCK09/SES097/SA097S22	SES099	-1.28595	-50.8226	-49.5366
BLOCK09/SES097/SA097S22	SES206	-3.66231	-53.1989	-49.5366
BLOCK09/SES097/SA097S22	SES226	-2.94161	-52.4782	-49.5366
BLOCK09/SES097/SA097S22	SES270	-0.457729	-49.9944	-49.5366
BLOCK09/SES097/SA097S26	SES099	-2.1316	-50.7797	-48.6481
BLOCK09/SES097/SA097S26	SES120	-2.73772	-51.3858	-48.6481
BLOCK09/SES097/SA097S26	SES206	-4.25807	-52.9062	-48.6481
BLOCK09/SES097/SA097S26	SES226	-3.49729	-52.1454	-48.6481
BLOCK09/SES097/SA097S28	SES099	-2.12424	-51.6619	-49.5377
BLOCK09/SES097/SA097S28	SES120	-2.22334	-51.761	-49.5377
BLOCK09/SES097/SA097S28	SES206	-4.52642	-54.0641	-49.5377
BLOCK09/SES097/SA097S28	SES226	-3.67944	-53.2171	-49.5377
BLOCK09/SES098/SA098S11	SES127	-6.19314	-57.6571	-51.4639
BLOCK09/SES098/SA098S11	SES144	-4.15183	-55.6158	-51.4639
BLOCK09/SES098/SA098S11	SES147	-3.26477	-54.7287	-51.4639
BLOCK09/SES098/SA098S11	SES148	-5.74588	-57.2098	-51.4639
BLOCK09/SES098/SA098S12	SES127	-9.78463	-62.3644	-52.5798
BLOCK09/SES098/SA098S12	SES144	-5.17899	-57.7588	-52.5798
BLOCK09/SES098/SA098S12	SES147	-5.17166	-57.7514	-52.5798
BLOCK09/SES098/SA098S12	SES189	-3.46064	-56.0404	-52.5798
BLOCK09/SES098/SA098S20	SES127	-8.10847	-59.8215	-51.713
BLOCK09/SES098/SA098S20	SES147	-3.58211	-55.2951	-51.713
BLOCK09/SES098/SA098S20	SES148	-7.16133	-58.8743	-51.713
BLOCK09/SES098/SA098S20	SES292	-8.29038	-60.0034	-51.713
BLOCK09/SES098/SA098S23	SES127	-6.69556	-57.6429	-50.9473
BLOCK09/SES098/SA098S23	SES147	-3.6633	-54.6106	-50.9473
BLOCK09/SES098/SA098S23	SES187	-3.48175	-54.4291	-50.9473
BLOCK09/SES098/SA098S23	SES292	-6.66012	-57.6074	-50.9473
BLOCK09/SES098/SA098S27	SES127	-7.3926	-58.5965	-51.2039
BLOCK09/SES098/SA098S27	SES147	-4.8569	-56.0608	-51.2039
BLOCK09/SES098/SA098S27	SES148	-6.23118	-57.4351	-51.2039
BLOCK09/SES098/SA098S27	SES292	-7.48824	-58.6922	-51.2039
BLOCK10/SES102/SA102S13	SES101	-2.45723	-53.8408	-51.3835
BLOCK10/SES102/SA102S13	SES105	-4.42668	-55.8102	-51.3835
BLOCK10/SES102/SA102S13	SES120	-3.37982	-54.7634	-51.3835
BLOCK10/SES102/SA102S13	SES158	-12.0448	-63.4283	-51.3835
BLOCK10/SES102/SA102S14	SES007	-2.40028	-51.777	-49.3767
BLOCK10/SES102/SA102S14	SES101	-3.11072	-52.4874	-49.3767
BLOCK10/SES102/SA102S14	SES105	-3.58992	-52.9667	-49.3767
BLOCK10/SES102/SA102S14	SES147	-3.80923	-53.186	-49.3767
BLOCK10/SES102/SA102S22	SES007	-2.6428	-52.2049	-49.5621
BLOCK10/SES102/SA102S22	SES101	-1.79642	-51.3586	-49.5621
BLOCK10/SES102/SA102S22	SES105	-2.51866	-52.0808	-49.5621
BLOCK10/SES102/SA102S22	SES158	-7.52282	-57.085	-49.5621
BLOCK10/SES102/SA102S25	SES007	-2.08468	-51.6629	-49.5782
BLOCK10/SES102/SA102S25	SES101	-1.24748	-50.8257	-49.5782
BLOCK10/SES102/SA102S25	SES105	-2.79708	-52.3753	-49.5782
BLOCK10/SES102/SA102S25	SES147	-3.20969	-52.7879	-49.5782
BLOCK10/SES102/SA102S27	SES007	-3.20346	-53.337	-50.1335
BLOCK10/SES102/SA102S27	SES101	-3.05857	-53.1921	-50.1335
BLOCK10/SES102/SA102S27	SES105	-3.31974	-53.4533	-50.1335
BLOCK10/SES102/SA102S27	SES147	-3.29641	-53.4299	-50.1335
BLOCK10/SES103/SA103S14	SES105	-3.08645	-53.9425	-50.856
BLOCK10/SES103/SA103S14	SES106	-2.24621	-53.1022	-50.856
BLOCK10/SES103/SA103S14	SES120	-2.88332	-53.7393	-50.856
BLOCK10/SES103/SA103S14	SES206	-2.70845	-53.5645	-50.856
BLOCK10/SES103/SA103S15	SES099	-1.77276	-53.1661	-51.3934
BLOCK10/SES103/SA103S15	SES101	-3.12793	-54.5213	-51.3934
BLOCK10/SES103/SA103S15	SES104	-2.31419	-53.7076	-51.3934
BLOCK10/SES103/SA103S15	SES125	-2.63614	-54.0295	-51.3934
BLOCK10/SES103/SA103S24	SES104	-2.31555	-52.5109	-50.1954
BLOCK10/SES103/SA103S24	SES125	-2.12408	-52.3195	-50.1954
BLOCK10/SES103/SA103S24	SES148	-2.60178	-52.7972	-50.1954
BLOCK10/SES103/SA103S24	SES158	-0.609932	-50.8053	-50.1954
BLOCK10/SES103/SA103S26	SES104	-2.9626	-53.9819	-51.0193
BLOCK10/SES103/SA103S26	SES106	-2.89358	-53.9129	-51.0193
BLOCK10/SES103/SA103S26	SES125	-2.96626	-53.9856	-51.0193
BLOCK10/SES103/SA103S26	SES148	-3.16602	-54.1854	-51.0193
BLOCK10/SES103/SA103S28	SES104	-4.48909	-55.8961	-51.407
BLOCK10/SES103/SA103S28	SES106	-4.7939	-56.2009	-51.407
BLOCK10/SES103/SA103S28	SES125	-5.36335	-56.7703	-51.407
BLOCK10/SES103/SA103S28	SES206	-6.34522	-57.7522	-51.407
BLOCK12/SES121/SA121S12	SES042	-3.46178	-55.4984	-52.0366
BLOCK12/SES121/SA121S12	SES087	-2.51324	-54.5498	-52.0366
BLOCK12/SES121/SA121S12	SES105	-1.55877	-53.5954	-52.0366
BLOCK12/SES121/SA121S12	SES206	-2.56094	-54.5975	-52.0366
BLOCK12/SES121/SA121S14	SES007	-2.25217	-54.8544	-52.6022
BLOCK12/SES121/SA121S14	SES105	-2.41435	-55.0166	-52.6022
BLOCK12/SES121/SA121S14	SES106	-2.74847	-55.3507	-52.6022
BLOCK12/SES121/SA121S14	SES206	-3.08836	-55.6906	-52.6022
BLOCK12/SES121/SA121S23	SES105	-3.40529	-55.9496	-52.5443
BLOCK12/SES121/SA121S23	SES106	-3.06484	-55.6091	-52.5443
BLOCK12/SES121/SA121S23	SES120	-2.95103	-55.4953	-52.5443
BLOCK12/SES121/SA121S23	SES206	-3.24693	-55.7912	-52.5443
BLOCK12/SES121/SA121S25	SES007	-2.25853	-55.6243	-53.3658
BLOCK12/SES121/SA121S25	SES105	-2.71618	-56.0819	-53.3658
BLOCK12/SES121/SA121S25	SES106	-2.73205	-56.0978	-53.3658
BLOCK12/SES121/SA121S25	SES206	-3.41921	-56.785	-53.3658
BLOCK12/SES121/SA121S27	SES087	-1.98605	-53.5457	-51.5596
BLOCK12/SES121/SA121S27	SES105	-3.72391	-55.2835	-51.5596
BLOCK12/SES121/SA121S27	SES120	-1.82654	-53.3861	-51.5596
BLOCK12/SES121/SA121S27	SES206	-3.15945	-54.7191	-51.5596
BLOCK12/SES124/SA124S16	SES042	-2.19486	-52.4136	-50.2187
BLOCK12/SES124/SA124S16	SES082	-1.9161	-52.1348	-50.2187
BLOCK12/SES124/SA124S16	SES183	-2.94586	-53.1646	-50.2187
BLOCK12/SES124/SA124S16	SES206	-2.51284	-52.7315	-50.2187
BLOCK12/SES124/SA124S17	SES105	-2.47268	-53.433	-50.9603
BLOCK12/SES124/SA124S17	SES149	-3.58755	-54.5478	-50.9603
BLOCK12/SES124/SA124S17	SES158	-2.10373	-53.064	-50.9603
BLOCK12/SES124/SA124S17	SES275	-2.73477	-53.6951	-50.9603
BLOCK12/SES124/SA124S23	SES105	-2.49693	-50.6875	-48.1906
BLOCK12/SES124/SA124S23	SES125	-0.990673	-49.1813	-48.1906
BLOCK12/SES124/SA124S23	SES129	-3.2566	-51.4472	-48.1906
BLOCK12/SES124/SA124S23	SES158	-0.522472	-48.7131	-48.1906
BLOCK12/SES124/SA124S26	SES105	-3.82518	-53.0523	-49.2271
BLOCK12/SES124/SA124S26	SES125	-1.75331	-50.9804	-49.2271
BLOCK12/SES124/SA124S26	SES129	-4.32722	-53.5543	-49.2271
BLOCK12/SES124/SA124S26	SES158	-1.00841	-50.2355	-49.2271
BLOCK12/SES124/SA124S28	SES104	-2.08113	-50.9637	-48.8826
BLOCK12/SES124/SA124S28	SES106	-2.05665	-50.9392	-48.8826
BLOCK12/SES124/SA124S28	SES125	-1.6166	-50.4992	-48.8826
BLOCK12/SES124/SA124S28	SES275	-3.22998	-52.1126	-48.8826
BLOCK12/SES126/SA126S13	SES007	-4.39557	-56.7013	-52.3058
BLOCK12/SES126/SA126S13	SES162	-3.73434	-56.0401	-52.3058
BLOCK12/SES126/SA126S13	SES177	-2.2556	-54.5614	-52.3058
BLOCK12/SES126/SA126S13	SES180	-4.60056	-56.9063	-52.3058
BLOCK12/SES126/SA126S14	SES144	-3.77783	-54.0502	-50.2723
BLOCK12/SES126/SA126S14	SES148	-4.09462	-54.367	-50.2723
BLOCK12/SES126/SA126S14	SES177	-2.51102	-52.7834	-50.2723
BLOCK12/SES126/SA126S14	SES180	-3.19452	-53.4669	-50.2723
BLOCK12/SES126/SA126S20	SES007	-3.65457	-54.143	-50.4884
BLOCK12/SES126/SA126S20	SES162	-4.80026	-55.2887	-50.4884
BLOCK12/SES126/SA126S20	SES172	-6.10717	-56.5956	-50.4884
BLOCK12/SES126/SA126S20	SES180	-4.00706	-54.4955	-50.4884
BLOCK12/SES126/SA126S24	SES120	-3.09679	-53.1661	-50.0694
BLOCK12/SES126/SA126S24	SES162	-3.72371	-53.7931	-50.0694
BLOCK12/SES126/SA126S24	SES177	-2.48668	-52.556	-50.0694
BLOCK12/SES126/SA126S24	SES180	-2.63947	-52.7088	-50.0694
BLOCK12/SES126/SA126S26	SES120	-3.05834	-54.092	-51.0337
BLOCK12/SES126/SA126S26	SES177	-2.25891	-53.2926	-51.0337
BLOCK12/SES126/SA126S26	SES180	-3.70206	-54.7358	-51.0337
BLOCK12/SES126/SA126S26	SES202	-3.40026	-54.434	-51.0337
BLOCK12/SES128/SA128S10	SES087	-4.00804	-53.5201	-49.5121
BLOCK12/SES128/SA128S10	SES206	-3.3103	-52.8224	-49.5121
BLOCK12/SES128/SA128S10	SES226	-1.98513	-51.4972	-49.5121
BLOCK12/SES128/SA128S10	SES270	-1.15039	-50.6625	-49.5121
BLOCK12/SES128/SA128S12	SES120	-1.39187	-51.056	-49.6642
BLOCK12/SES128/SA128S12	SES158	-1.94054	-51.6047	-49.6642
BLOCK12/SES128/SA128S12	SES206	-2.50673	-52.1709	-49.6642
BLOCK12/SES128/SA128S12	SES226	-2.21585	-51.88	-49.6642
BLOCK12/SES128/SA128S21	SES106	-4.0663	-54.6068	-50.5404
BLOCK12/SES128/SA128S21	SES120	-1.8938	-52.4342	-50.5404
BLOCK12/SES128/SA128S21	SES206	-4.45778	-54.9982	-50.5404
BLOCK12/SES128/SA128S21	SES226	-3.68121	-54.2217	-50.5404
BLOCK12/SES128/SA128S24	SES087	-5.3955	-55.5481	-50.1526
BLOCK12/SES128/SA128S24	SES120	-1.29192	-51.4446	-50.1526
BLOCK12/SES128/SA128S24	SES206	-4.84129	-54.9939	-50.1526
BLOCK12/SES128/SA128S24	SES226	-4.13057	-54.2832	-50.1526
BLOCK12/SES128/SA128S27	SES099	-2.30394	-51.4796	-49.1756
BLOCK12/SES128/SA128S27	SES120	-1.02757	-50.2032	-49.1756
BLOCK12/SES128/SA128S27	SES206	-3.65766	-52.8333	-49.1756
BLOCK12/SES128/SA128S27	SES226	-2.84572	-52.0214	-49.1756
BLOCK13/SES130/SA130S13	SES143	-2.62806	-54.4445	-51.8165
BLOCK13/SES130/SA130S13	SES144	-2.53327	-54.3498	-51.8165
BLOCK13/SES130/SA130S13	SES146	-2.40635	-54.2228	-51.8165
BLOCK13/SES130/SA130S13	SES275	-4.52198	-56.3385	-51.8165
BLOCK13/SES130/SA130S15	SES143	-2.6759	-52.9052	-50.2293
BLOCK13/SES130/SA130S15	SES144	-2.72503	-52.9543	-50.2293
BLOCK13/SES130/SA130S15	SES146	-2.89777	-53.127	-50.2293
BLOCK13/SES130/SA130S15	SES275	-3.52966	-53.7589	-50.2293
BLOCK13/SES130/SA130S23	SES127	-5.34431	-57.0788	-51.7345
BLOCK13/SES130/SA130S23	SES144	-4.22321	-55.9577	-51.7345
BLOCK13/SES130/SA130S23	SES146	-3.9445	-55.679	-51.7345
BLOCK13/SES130/SA130S23	SES162	-3.00829	-54.7428	-51.7345
BLOCK13/SES130/SA130S25	SES127	-3.23217	-53.1032	-49.871
BLOCK13/SES130/SA130S25	SES144	-1.67303	-51.5441	-49.871
BLOCK13/SES130/SA130S25	SES146	-2.42573	-52.2968	-49.871
BLOCK13/SES130/SA130S25	SES275	-2.81858	-52.6896	-49.871
BLOCK13/SES130/SA130S28	SES127	-4.07316	-54.4098	-50.3367
BLOCK13/SES130/SA130S28	SES144	-3.32883	-53.6655	-50.3367
BLOCK13/SES130/SA130S28	SES146	-3.60087	-53.9375	-50.3367
BLOCK13/SES130/SA130S28	SES275	-3.69738	-54.034	-50.3367
BLOCK13/SES131/SA131S13	SES002	-4.12625	-56.2475	-52.1212
BLOCK13/SES131/SA131S13	SES007	-3.68876	-55.81	-52.1212
BLOCK13/SES131/SA131S13	SES099	-3.41281	-55.534	-52.1212
BLOCK13/SES131/SA131S13	SES105	-3.11	-55.2312	-52.1212
BLOCK13/SES131/SA131S14	SES104	-1.81746	-52.1495	-50.3321
BLOCK13/SES131/SA131S14	SES106	-1.65214	-51.9842	-50.3321
BLOCK13/SES131/SA131S14	SES125	-2.38136	-52.7134	-50.3321
BLOCK13/SES131/SA131S14	SES148	-2.13218	-52.4642	-50.3321
BLOCK13/SES131/SA131S20	SES104	-2.50992	-54.0059	-51.496
BLOCK13/SES131/SA131S20	SES106	-1.8902	-53.3862	-51.496
BLOCK13/SES131/SA131S20	SES125	-2.82945	-54.3254	-51.496
BLOCK13/SES131/SA131S20	SES148	-3.3768	-54.8728	-51.496
BLOCK13/SES131/SA131S22	SES099	-2.08797	-52.6708	-50.5828
BLOCK13/SES131/SA131S22	SES104	-2.10887	-52.6917	-50.5828
BLOCK13/SES131/SA131S22	SES125	-2.6676	-53.2504	-50.5828
BLOCK13/SES131/SA131S22	SES206	-3.28849	-53.8713	-50.5828
BLOCK13/SES131/SA131S29	SES087	-3.35453	-54.7188	-51.3643
BLOCK13/SES131/SA131S29	SES104	-2.98981	-54.3541	-51.3643
BLOCK13/SES131/SA131S29	SES125	-3.15965	-54.5239	-51.3643
BLOCK13/SES131/SA131S29	SES206	-3.60522	-54.9695	-51.3643
BLOCK13/SES132/SA132S11	SES083	-3.99717	-53.682	-49.6848
BLOCK13/SES132/SA132S11	SES120	-1.60109	-51.2859	-49.6848
BLOCK13/SES132/SA132S11	SES127	-2.84217	-52.527	-49.6848
BLOCK13/SES132/SA132S11	SES275	-3.34304	-53.0279	-49.6848
BLOCK13/SES132/SA132S12	SES083	-2.98492	-52.5367	-49.5517
BLOCK13/SES132/SA132S12	SES143	-2.29307	-51.8448	-49.5517
BLOCK13/SES132/SA132S12	SES144	-2.65687	-52.2086	-49.5517
BLOCK13/SES132/SA132S12	SES148	-3.5007	-53.0524	-49.5517
BLOCK13/SES132/SA132S22	SES062	-2.40371	-51.8991	-49.4954
BLOCK13/SES132/SA132S22	SES083	-3.40862	-52.904	-49.4954
BLOCK13/SES132/SA132S22	SES127	-2.38404	-51.8794	-49.4954
BLOCK13/SES132/SA132S22	SES275	-2.78536	-52.2807	-49.4954
BLOCK13/SES132/SA132S24	SES007	-2.59128	-51.9495	-49.3583
BLOCK13/SES132/SA132S24	SES083	-3.74654	-53.1048	-49.3583
BLOCK13/SES132/SA132S24	SES127	-3.38444	-52.7427	-49.3583
BLOCK13/SES132/SA132S24	SES275	-3.39212	-52.7504	-49.3583
BLOCK13/SES132/SA132S27	SES083	-3.90344	-53.9984	-50.095
BLOCK13/SES132/SA132S27	SES120	-2.13084	-52.2258	-50.095
BLOCK13/SES132/SA132S27	SES127	-3.99017	-54.0852	-50.095
BLOCK13/SES132/SA132S27	SES275	-3.83476	-53.9298	-50.095
BLOCK14/SES141/SA141S09	SES143	-2.06552	-52.5242	-50.4587
BLOCK14/SES141/SA141S09	SES144	-2.4059	-52.8646	-50.4587
BLOCK14/SES141/SA141S09	SES162	-2.75073	-53.2095	-50.4587
BLOCK14/SES141/SA141S09	SES180	-2.98916	-53.4479	-50.4587
BLOCK14/SES141/SA141S15	SES127	-3.30457	-53.6165	-50.312
BLOCK14/SES141/SA141S15	SES144	-2.25006	-52.562	-50.312
BLOCK14/SES141/SA141S15	SES162	-2.95892	-53.2709	-50.312
BLOCK14/SES141/SA141S15	SES180	-3.33347	-53.6454	-50.312
BLOCK14/SES141/SA141S24	SES127	-3.3629	-53.4534	-50.0905
BLOCK14/SES141/SA141S24	SES144	-3.11902	-53.2095	-50.0905
BLOCK14/SES141/SA141S24	SES162	-2.92864	-53.0191	-50.0905
BLOCK14/SES141/SA141S24	SES183	-4.08205	-54.1726	-50.0905
BLOCK14/SES141/SA141S26	SES142	-2.62828	-53.3631	-50.7349
BLOCK14/SES141/SA141S26	SES144	-3.11949	-53.8543	-50.7349
BLOCK14/SES141/SA141S26	SES172	-5.1207	-55.8556	-50.7349
BLOCK14/SES141/SA141S26	SES180	-3.31565	-54.0505	-50.7349
BLOCK14/SES141/SA141S29	SES127	-2.74218	-52.6928	-49.9507
BLOCK14/SES141/SA141S29	SES142	-0.979465	-50.9301	-49.9507
BLOCK14/SES141/SA141S29	SES144	-2.91075	-52.8614	-49.9507
BLOCK14/SES141/SA141S29	SES180	-2.03608	-51.9868	-49.9507
BLOCK15/SES157/SA157S08	SES083	-4.56946	-55.2316	-50.6622
BLOCK15/SES157/SA157S08	SES127	-3.91918	-54.5813	-50.6622
BLOCK15/SES157/SA157S08	SES148	-3.1266	-53.7888	-50.6622
BLOCK15/SES157/SA157S08	SES292	-4.34943	-55.0116	-50.6622
BLOCK15/SES157/SA157S11	SES083	-3.75032	-53.8392	-50.0889
BLOCK15/SES157/SA157S11	SES127	-3.23491	-53.3238	-50.0889
BLOCK15/SES157/SA157S11	SES148	-2.6126	-52.7015	-50.0889
BLOCK15/SES157/SA157S11	SES292	-3.78635	-53.8752	-50.0889
BLOCK15/SES157/SA157S21	SES127	-2.14594	-52.0001	-49.8542
BLOCK15/SES157/SA157S21	SES148	-2.2556	-52.1098	-49.8542
BLOCK15/SES157/SA157S21	SES158	-8.15919	-58.0134	-49.8542
BLOCK15/SES157/SA157S21	SES292	-1.74426	-51.5985	-49.8542
BLOCK15/SES157/SA157S24	SES127	-3.07075	-53.2088	-50.138
BLOCK15/SES157/SA157S24	SES148	-2.66219	-52.8002	-50.138
BLOCK15/SES157/SA157S24	SES183	-2.59765	-52.7357	-50.138
BLOCK15/SES157/SA157S24	SES292	-3.40064	-53.5387	-50.138
BLOCK15/SES157/SA157S26	SES007	-2.83821	-52.6154	-49.7772
BLOCK15/SES157/SA157S26	SES127	-2.68732	-52.4645	-49.7772
BLOCK15/SES157/SA157S26	SES147	-3.72865	-53.5058	-49.7772
BLOCK15/SES157/SA157S26	SES148	-3.46113	-53.2383	-49.7772
BLOCK16/SES161/SA161S10	SES007	-2.50898	-54.0153	-51.5063
BLOCK16/SES161/SA161S10	SES105	-2.26884	-53.7751	-51.5063
BLOCK16/SES161/SA161S10	SES158	-3.92659	-55.4329	-51.5063
BLOCK16/SES161/SA161S10	SES275	-2.01566	-53.5219	-51.5063
BLOCK16/SES161/SA161S12	SES007	-2.34204	-53.2574	-50.9154
BLOCK16/SES161/SA161S12	SES105	-2.91182	-53.8272	-50.9154
BLOCK16/SES161/SA161S12	SES158	-2.83113	-53.7465	-50.9154
BLOCK16/SES161/SA161S12	SES275	-2.12704	-53.0424	-50.9154
BLOCK16/SES161/SA161S20	SES007	-2.8914	-55.37	-52.4786
BLOCK16/SES161/SA161S20	SES105	-3.55432	-56.0329	-52.4786
BLOCK16/SES161/SA161S20	SES158	-4.51645	-56.9951	-52.4786
BLOCK16/SES161/SA161S20	SES275	-2.61066	-55.0893	-52.4786
BLOCK16/SES161/SA161S23	SES007	-2.64607	-53.1375	-50.4914
BLOCK16/SES161/SA161S23	SES105	-2.2536	-52.745	-50.4914
BLOCK16/SES161/SA161S23	SES148	-2.41857	-52.91	-50.4914
BLOCK16/SES161/SA161S23	SES158	-2.53685	-53.0283	-50.4914
BLOCK16/SES161/SA161S28	SES007	-2.60159	-53.3983	-50.7967
BLOCK16/SES161/SA161S28	SES105	-3.18352	-53.9802	-50.7967
BLOCK16/SES161/SA161S28	SES158	-1.9658	-52.7625	-50.7967
BLOCK16/SES161/SA161S28	SES206	-3.48641	-54.2831	-50.7967
BLOCK16/SES164/SA164S11	SES104	-2.84568	-51.8211	-48.9754
BLOCK16/SES164/SA164S11	SES125	-2.28953	-51.265	-48.9754
BLOCK16/SES164/SA164S11	SES158	-0.601643	-49.5771	-48.9754
BLOCK16/SES164/SA164S11	SES206	-3.53207	-52.5075	-48.9754
BLOCK16/SES164/SA164S13	SES099	-3.0851	-53.3424	-50.2573
BLOCK16/SES164/SA164S13	SES104	-4.08047	-54.3378	-50.2573
BLOCK16/SES164/SA164S13	SES125	-3.63954	-53.8969	-50.2573
BLOCK16/SES164/SA164S13	SES206	-4.21738	-54.4747	-50.2573
BLOCK16/SES164/SA164S24	SES002	-2.47086	-52.2453	-49.7745
BLOCK16/SES164/SA164S24	SES099	-3.47736	-53.2518	-49.7745
BLOCK16/SES164/SA164S24	SES125	-4.07198	-53.8464	-49.7745
BLOCK16/SES164/SA164S24	SES226	-3.09293	-52.8674	-49.7745
BLOCK16/SES164/SA164S27	SES087	-5.13242	-55.0787	-49.9463
BLOCK16/SES164/SA164S27	SES125	-3.72671	-53.673	-49.9463
BLOCK16/SES164/SA164S27	SES206	-4.23835	-54.1847	-49.9463
BLOCK16/SES164/SA164S27	SES226	-3.53857	-53.4849	-49.9463
BLOCK16/SES164/SA164S29	SES002	-1.89354	-51.6131	-49.7196
BLOCK16/SES164/SA164S29	SES019	-2.62179	-52.3413	-49.7196
BLOCK16/SES164/SA164S29	SES125	-2.81257	-52.5321	-49.7196
BLOCK16/SES164/SA164S29	SES226	-3.22747	-52.947	-49.7196
BLOCK16/SES169/SA169S13	SES117	-2.02334	-52.3409	-50.3175
BLOCK16/SES169/SA169S13	SES144	-2.40316	-52.7207	-50.3175
BLOCK16/SES169/SA169S13	SES146	-2.80916	-53.1267	-50.3175
BLOCK16/SES169/SA169S13	SES162	-2.03482	-52.3523	-50.3175
BLOCK16/SES169/SA169S14	SES144	-2.54227	-51.8004	-49.2581
BLOCK16/SES169/SA169S14	SES148	-2.88675	-52.1448	-49.2581
BLOCK16/SES169/SA169S14	SES177	-1.96091	-51.219	-49.2581
BLOCK16/SES169/SA169S14	SES180	-3.08678	-52.3449	-49.2581
BLOCK16/SES169/SA169S24	SES117	-1.86077	-52.9127	-51.052
BLOCK16/SES169/SA169S24	SES144	-2.71987	-53.7718	-51.052
BLOCK16/SES169/SA169S24	SES146	-3.37417	-54.4261	-51.052
BLOCK16/SES169/SA169S24	SES162	-2.25002	-53.302	-51.052
BLOCK16/SES169/SA169S27	SES127	-3.13979	-53.5113	-50.3715
BLOCK16/SES169/SA169S27	SES129	-4.67725	-55.0488	-50.3715
BLOCK16/SES169/SA169S27	SES144	-3.69257	-54.0641	-50.3715
BLOCK16/SES169/SA169S27	SES146	-2.92171	-53.2932	-50.3715
BLOCK16/SES169/SA169S29	SES144	-2.19341	-52.0923	-49.8989
BLOCK16/SES169/SA169S29	SES162	-2.03217	-51.931	-49.8989
BLOCK16/SES169/SA169S29	SES177	-3.20409	-53.1029	-49.8989
BLOCK16/SES169/SA169S29	SES180	-2.65388	-52.5527	-49.8989
BLOCK17/SES171/SA171S12	SES083	-4.01015	-55.2022	-51.192
BLOCK17/SES171/SA171S12	SES148	-4.24908	-55.4411	-51.192
BLOCK17/SES171/SA171S12	SES172	-4.09623	-55.2883	-51.192
BLOCK17/SES171/SA171S12	SES292	-4.46759	-55.6596	-51.192
BLOCK17/SES171/SA171S15	SES148	-3.93252	-55.2631	-51.3306
BLOCK17/SES171/SA171S15	SES177	-3.93091	-55.2615	-51.3306
BLOCK17/SES171/SA171S15	SES180	-6.00522	-57.3358	-51.3306
BLOCK17/SES171/SA171S15	SES292	-7.47352	-58.8041	-51.3306
BLOCK17/SES171/SA171S22	SES007	-3.49113	-53.7538	-50.2626
BLOCK17/SES171/SA171S22	SES148	-3.14875	-53.4114	-50.2626
BLOCK17/SES171/SA171S22	SES177	-2.64206	-52.9047	-50.2626
BLOCK17/SES171/SA171S22	SES180	-4.49641	-54.7591	-50.2626
BLOCK17/SES171/SA171S25	SES101	-6.68493	-57.7773	-51.0924
BLOCK17/SES171/SA171S25	SES120	-5.33033	-56.4227	-51.0924
BLOCK17/SES171/SA171S25	SES177	-4.01997	-55.1124	-51.0924
BLOCK17/SES171/SA171S25	SES180	-5.95427	-57.0467	-51.0924
BLOCK17/SES171/SA171S27	SES177	-2.81966	-53.3733	-50.5537
BLOCK17/SES171/SA171S27	SES180	-4.69432	-55.248	-50.5537
BLOCK17/SES171/SA171S27	SES189	-2.48545	-53.0391	-50.5537
BLOCK17/SES171/SA171S27	SES292	-5.59543	-56.1491	-50.5537
BLOCK17/SES173/SA173S13	SES162	-5.60845	-57.5297	-51.9212
BLOCK17/SES173/SA173S13	SES177	-4.8173	-56.7385	-51.9212
BLOCK17/SES173/SA173S13	SES180	-5.9903	-57.9115	-51.9212
BLOCK17/SES173/SA173S13	SES292	-6.15266	-58.0739	-51.9212
BLOCK17/SES173/SA173S14	SES007	-5.126	-57.3642	-52.2381
BLOCK17/SES173/SA173S14	SES162	-5.76617	-58.0043	-52.2381
BLOCK17/SES173/SA173S14	SES177	-3.5614	-55.7995	-52.2381
BLOCK17/SES173/SA173S14	SES180	-5.80162	-58.0398	-52.2381
BLOCK17/SES173/SA173S24	SES144	-3.95156	-56.6088	-52.6573
BLOCK17/SES173/SA173S24	SES162	-6.55513	-59.2124	-52.6573
BLOCK17/SES173/SA173S24	SES177	-4.58131	-57.2386	-52.6573
BLOCK17/SES173/SA173S24	SES180	-6.9956	-59.6529	-52.6573
BLOCK17/SES173/SA173S27	SES162	-6.74218	-58.5915	-51.8493
BLOCK17/SES173/SA173S27	SES177	-3.6917	-55.541	-51.8493
BLOCK17/SES173/SA173S27	SES180	-5.75526	-57.6046	-51.8493
BLOCK17/SES173/SA173S27	SES292	-7.39142	-59.2408	-51.8493
BLOCK17/SES173/SA173S29	SES162	-7.38977	-58.8881	-51.4983
BLOCK17/SES173/SA173S29	SES175	-4.38383	-55.8821	-51.4983
BLOCK17/SES173/SA173S29	SES177	-5.07082	-56.5691	-51.4983
BLOCK17/SES173/SA173S29	SES292	-7.80613	-59.3044	-51.4983
BLOCK18/SES182/SA182S10	SES144	-2.80286	-52.9399	-50.1371
BLOCK18/SES182/SA182S10	SES177	-2.88834	-53.0254	-50.1371
BLOCK18/SES182/SA182S10	SES180	-4.32044	-54.4575	-50.1371
BLOCK18/SES182/SA182S10	SES275	-2.65735	-52.7944	-50.1371
BLOCK18/SES182/SA182S12	SES144	-2.66644	-52.9367	-50.2703
BLOCK18/SES182/SA182S12	SES177	-2.76488	-53.0352	-50.2703
BLOCK18/SES182/SA182S12	SES180	-3.91952	-54.1898	-50.2703
BLOCK18/SES182/SA182S12	SES275	-2.98612	-53.2564	-50.2703
BLOCK18/SES182/SA182S21	SES117	-2.63136	-53.7328	-51.1014
BLOCK18/SES182/SA182S21	SES144	-3.12894	-54.2304	-51.1014
BLOCK18/SES182/SA182S21	SES162	-2.77708	-53.8785	-51.1014
BLOCK18/SES182/SA182S21	SES180	-3.95309	-55.0545	-51.1014
BLOCK18/SES182/SA182S23	SES117	-2.49022	-53.1163	-50.626
BLOCK18/SES182/SA182S23	SES144	-3.02386	-53.6499	-50.626
BLOCK18/SES182/SA182S23	SES180	-3.81313	-54.4392	-50.626
BLOCK18/SES182/SA182S23	SES275	-3.36908	-53.9951	-50.626
BLOCK18/SES182/SA182S25	SES007	-2.87137	-53.3439	-50.4725
BLOCK18/SES182/SA182S25	SES162	-2.95298	-53.4255	-50.4725
BLOCK18/SES182/SA182S25	SES177	-2.62812	-53.1006	-50.4725
BLOCK18/SES182/SA182S25	SES180	-3.48619	-53.9587	-50.4725
BLOCK18/SES184/SA184S12	SES177	-2.7085	-53.12	-50.4115
BLOCK18/SES184/SA184S12	SES180	-2.67507	-53.0866	-50.4115
BLOCK18/SES184/SA184S12	SES189	-2.88855	-53.3001	-50.4115
BLOCK18/SES184/SA184S12	SES292	-4.00858	-54.4201	-50.4115
BLOCK18/SES184/SA184S13	SES101	-4.35881	-54.7417	-50.3829
BLOCK18/SES184/SA184S13	SES177	-3.75304	-54.1359	-50.3829
BLOCK18/SES184/SA184S13	SES180	-4.28601	-54.6689	-50.3829
BLOCK18/SES184/SA184S13	SES292	-4.18777	-54.5706	-50.3829
BLOCK18/SES184/SA184S22	SES177	-4.16734	-53.7631	-49.5958
BLOCK18/SES184/SA184S22	SES180	-4.08396	-53.6797	-49.5958
BLOCK18/SES184/SA184S22	SES189	-4.12308	-53.7188	-49.5958
BLOCK18/SES184/SA184S22	SES292	-4.09984	-53.6956	-49.5958
BLOCK18/SES184/SA184S25	SES101	-4.05751	-53.2624	-49.2049
BLOCK18/SES184/SA184S25	SES177	-4.05707	-53.262	-49.2049
BLOCK18/SES184/SA184S25	SES180	-3.43072	-52.6356	-49.2049
BLOCK18/SES184/SA184S25	SES292	-4.21109	-53.416	-49.2049
BLOCK18/SES184/SA184S27	SES083	-3.83074	-53.9389	-50.1082
BLOCK18/SES184/SA184S27	SES177	-2.94958	-53.0577	-50.1082
BLOCK18/SES184/SA184S27	SES202	-3.38414	-53.4923	-50.1082
BLOCK18/SES184/SA184S27	SES292	-3.15227	-53.2604	-50.1082
BLOCK20/SES204/SA204S12	SES062	-3.36112	-52.3209	-48.9598
BLOCK20/SES204/SA204S12	SES083	-3.13779	-52.0976	-48.9598
BLOCK20/SES204/SA204S12	SES206	-2.44819	-51.408	-48.9598
BLOCK20/SES204/SA204S12	SES226	-3.04785	-52.0077	-48.9598
BLOCK20/SES204/SA204S14	SES068	-2.62188	-50.657	-48.0351
BLOCK20/SES204/SA204S14	SES087	-1.96544	-50.0005	-48.0351
BLOCK20/SES204/SA204S14	SES206	-2.81139	-50.8465	-48.0351
BLOCK20/SES204/SA204S14	SES226	-3.06926	-51.1044	-48.0351
BLOCK20/SES204/SA204S22	SES068	-3.78157	-52.6823	-48.9007
BLOCK20/SES204/SA204S22	SES082	-4.07349	-52.9742	-48.9007
BLOCK20/SES204/SA204S22	SES083	-3.11633	-52.0171	-48.9007
BLOCK20/SES204/SA204S22	SES206	-2.89811	-51.7988	-48.9007
BLOCK20/SES204/SA204S25	SES062	-4.32537	-53.3457	-49.0203
BLOCK20/SES204/SA204S25	SES083	-3.27843	-52.2987	-49.0203
BLOCK20/SES204/SA204S25	SES206	-2.31998	-51.3403	-49.0203
BLOCK20/SES204/SA204S25	SES226	-3.15167	-52.172	-49.0203
BLOCK20/SES204/SA204S27	SES068	-3.6484	-52.9855	-49.3371
BLOCK20/SES204/SA204S27	SES082	-3.06252	-52.3996	-49.3371
BLOCK20/SES204/SA204S27	SES087	-2.42256	-51.7596	-49.3371
BLOCK20/SES204/SA204S27	SES206	-2.85666	-52.1937	-49.3371
BLOCK20/SES207/SA207S10	SES127	-3.44132	-54.1541	-50.7128
BLOCK20/SES207/SA207S10	SES183	-4.27359	-54.9864	-50.7128
BLOCK20/SES207/SA207S10	SES189	-2.84737	-53.5602	-50.7128
BLOCK20/SES207/SA207S10	SES292	-3.4325	-54.1453	-50.7128
BLOCK20/SES207/SA207S11	SES127	-5.39047	-55.7234	-50.333
BLOCK20/SES207/SA207S11	SES183	-4.70776	-55.0407	-50.333
BLOCK20/SES207/SA207S11	SES187	-2.99317	-53.3261	-50.333
BLOCK20/SES207/SA207S11	SES292	-4.58694	-54.9199	-50.333
BLOCK20/SES207/SA207S25	SES068	-4.31035	-54.9577	-50.6474
BLOCK20/SES207/SA207S25	SES083	-5.0446	-55.692	-50.6474
BLOCK20/SES207/SA207S25	SES127	-4.4662	-55.1136	-50.6474
BLOCK20/SES207/SA207S25	SES187	-2.584	-53.2314	-50.6474
BLOCK20/SES207/SA207S27	SES127	-4.59707	-55.7514	-51.1543
BLOCK20/SES207/SA207S27	SES183	-3.99635	-55.1507	-51.1543
BLOCK20/SES207/SA207S27	SES187	-3.00231	-54.1566	-51.1543
BLOCK20/SES207/SA207S27	SES292	-4.39999	-55.5543	-51.1543
BLOCK20/SES207/SA207S29	SES083	-5.00029	-55.2945	-50.2942
BLOCK20/SES207/SA207S29	SES085	-3.2477	-53.5419	-50.2942
BLOCK20/SES207/SA207S29	SES172	-5.26994	-55.5642	-50.2942
BLOCK20/SES207/SA207S29	SES189	-3.83443	-54.1287	-50.2942
BLOCK22/SES221/SA221S12	SES068	-4.30358	-54.3982	-50.0946
BLOCK22/SES221/SA221S12	SES143	-3.87303	-53.9676	-50.0946
BLOCK22/SES221/SA221S12	SES175	-3.25629	-53.3509	-50.0946
BLOCK22/SES221/SA221S12	SES202	-2.88246	-52.9771	-50.0946
BLOCK22/SES221/SA221S15	SES085	-8.79168	-60.0994	-51.3077
BLOCK22/SES221/SA221S15	SES143	-5.552	-56.8597	-51.3077
BLOCK22/SES221/SA221S15	SES175	-4.05616	-55.3639	-51.3077
BLOCK22/SES221/SA221S15	SES187	-3.97441	-55.2821	-51.3077
BLOCK22/SES221/SA221S23	SES068	-5.60484	-56.0113	-50.4065
BLOCK22/SES221/SA221S23	SES143	-4.99092	-55.3974	-50.4065
BLOCK22/SES221/SA221S23	SES175	-3.36991	-53.7764	-50.4065
BLOCK22/SES221/SA221S23	SES189	-2.12307	-52.5296	-50.4065
BLOCK22/SES221/SA221S27	SES085	-10.5696	-60.7908	-50.2212
BLOCK22/SES221/SA221S27	SES143	-4.51764	-54.7389	-50.2212
BLOCK22/SES221/SA221S27	SES175	-3.86775	-54.089	-50.2212
BLOCK22/SES221/SA221S27	SES189	-2.04821	-52.2694	-50.2212
BLOCK22/SES221/SA221S29	SES085	-11.0616	-62.5549	-51.4933
BLOCK22/SES221/SA221S29	SES143	-5.90466	-57.398	-51.4933
BLOCK22/SES221/SA221S29	SES175	-4.1521	-55.6454	-51.4933
BLOCK22/SES221/SA221S29	SES187	-3.99192	-55.4852	-51.4933
BLOCK22/SES223/SA223S11	SES143	-3.26908	-54.9043	-51.6352
BLOCK22/SES223/SA223S11	SES144	-4.85487	-56.4901	-51.6352
BLOCK22/SES223/SA223S11	SES175	-3.12209	-54.7573	-51.6352
BLOCK22/SES223/SA223S11	SES187	-3.59772	-55.233	-51.6352
BLOCK22/SES223/SA223S13	SES068	-3.62915	-55.9882	-52.359
BLOCK22/SES223/SA223S13	SES143	-3.81231	-56.1713	-52.359
BLOCK22/SES223/SA223S13	SES146	-3.79214	-56.1511	-52.359
BLOCK22/SES223/SA223S13	SES202	-3.29118	-55.6502	-52.359
BLOCK22/SES223/SA223S22	SES143	-3.67752	-54.8623	-51.1848
BLOCK22/SES223/SA223S22	SES144	-4.24089	-55.4257	-51.1848
BLOCK22/SES223/SA223S22	SES175	-3.17498	-54.3598	-51.1848
BLOCK22/SES223/SA223S22	SES187	-3.20165	-54.3864	-51.1848
BLOCK22/SES223/SA223S25	SES068	-4.47297	-55.9634	-51.4904
BLOCK22/SES223/SA223S25	SES143	-3.92637	-55.4168	-51.4904
BLOCK22/SES223/SA223S25	SES175	-3.07249	-54.5629	-51.4904
BLOCK22/SES223/SA223S25	SES187	-3.69779	-55.1882	-51.4904
BLOCK22/SES223/SA223S27	SES143	-2.95617	-54.5448	-51.5887
BLOCK22/SES223/SA223S27	SES146	-3.02447	-54.6131	-51.5887
BLOCK22/SES223/SA223S27	SES187	-3.03948	-54.6281	-51.5887
BLOCK22/SES223/SA223S27	SES292	-6.46086	-58.0495	-51.5887
BLOCK27/SES273/SA273S12	SES099	-0.865761	-48.7103	-47.8446
BLOCK27/SES273/SA273S12	SES104	-1.11396	-48.9585	-47.8446
BLOCK27/SES273/SA273S12	SES125	-1.84013	-49.6847	-47.8446
BLOCK27/SES273/SA273S12	SES206	-1.2755	-49.1201	-47.8446
BLOCK27/SES273/SA273S13	SES099	-1.0604	-49.0121	-47.9517
BLOCK27/SES273/SA273S13	SES104	-1.26234	-49.214	-47.9517
BLOCK27/SES273/SA273S13	SES206	-1.46485	-49.4165	-47.9517
BLOCK27/SES273/SA273S13	SES292	-2.16116	-50.1128	-47.9517
BLOCK27/SES273/SA273S21	SES099	-0.385632	-48.4594	-48.0738
BLOCK27/SES273/SA273S21	SES148	-2.44317	-50.517	-48.0738
BLOCK27/SES273/SA273S21	SES149	-1.18808	-49.2619	-48.0738
BLOCK27/SES273/SA273S21	SES177	-3.15783	-51.2316	-48.0738
BLOCK27/SES273/SA273S25	SES104	-1.33731	-49.6975	-48.3602
BLOCK27/SES273/SA273S25	SES125	-1.85896	-50.2192	-48.3602
BLOCK27/SES273/SA273S25	SES158	-0.664421	-49.0246	-48.3602
BLOCK27/SES273/SA273S25	SES206	-1.01559	-49.3758	-48.3602
BLOCK27/SES273/SA273S27	SES099	-0.980709	-49.45	-48.4693
BLOCK27/SES273/SA273S27	SES104	-1.63646	-50.1057	-48.4693
BLOCK27/SES273/SA273S27	SES149	-1.43285	-49.9021	-48.4693
BLOCK27/SES273/SA273S27	SES275	-1.62207	-50.0913	-48.4693
BLOCK27/SES274/SA274S10	SES105	-1.69797	-50.4359	-48.7379
BLOCK27/SES274/SA274S10	SES125	-1.55841	-50.2963	-48.7379
BLOCK27/SES274/SA274S10	SES129	-1.3653	-50.1032	-48.7379
BLOCK27/SES274/SA274S10	SES158	-1.54485	-50.2827	-48.7379
BLOCK27/SES274/SA274S11	SES105	-2.11791	-50.9707	-48.8528
BLOCK27/SES274/SA274S11	SES149	-1.79624	-50.649	-48.8528
BLOCK27/SES274/SA274S11	SES158	-0.867554	-49.7203	-48.8528
BLOCK27/SES274/SA274S11	SES275	-1.32351	-50.1763	-48.8528
BLOCK27/SES274/SA274S21	SES105	-2.22466	-51.4688	-49.2442
BLOCK27/SES274/SA274S21	SES129	-1.9891	-51.2333	-49.2442
BLOCK27/SES274/SA274S21	SES149	-1.87902	-51.1232	-49.2442
BLOCK27/SES274/SA274S21	SES158	-2.22033	-51.4645	-49.2442
BLOCK27/SES274/SA274S24	SES105	-1.21124	-50.1393	-48.9281
BLOCK27/SES274/SA274S24	SES129	-1.5838	-50.5119	-48.9281
BLOCK27/SES274/SA274S24	SES149	-1.86696	-50.7951	-48.9281
BLOCK27/SES274/SA274S24	SES158	-1.36927	-50.2974	-48.9281
BLOCK27/SES274/SA274S29	SES105	-2.26303	-51.2497	-48.9867
BLOCK27/SES274/SA274S29	SES106	-2.64071	-51.6274	-48.9867
BLOCK27/SES274/SA274S29	SES120	-1.44493	-50.4316	-48.9867
BLOCK27/SES274/SA274S29	SES275	-1.57028	-50.5569	-48.9867
BLOCK27/SES276/SA276S16	SES148	-4.94249	-55.2041	-50.2616
BLOCK27/SES276/SA276S16	SES172	-4.01814	-54.2797	-50.2616
BLOCK27/SES276/SA276S16	SES180	-5.09928	-55.3609	-50.2616
BLOCK27/SES276/SA276S16	SES292	-3.38745	-53.6491	-50.2616
BLOCK27/SES276/SA276S17	SES101	-3.69795	-53.9151	-50.2171
BLOCK27/SES276/SA276S17	SES177	-3.24334	-53.4605	-50.2171
BLOCK27/SES276/SA276S17	SES180	-3.44508	-53.6622	-50.2171
BLOCK27/SES276/SA276S17	SES292	-3.35855	-53.5757	-50.2171
BLOCK27/SES276/SA276S24	SES101	-2.75693	-51.7791	-49.0221
BLOCK27/SES276/SA276S24	SES177	-2.83008	-51.8522	-49.0221
BLOCK27/SES276/SA276S24	SES180	-3.29943	-52.3216	-49.0221
BLOCK27/SES276/SA276S24	SES292	-3.81887	-52.841	-49.0221
BLOCK27/SES276/SA276S26	SES101	-5.21231	-54.6099	-49.3976
BLOCK27/SES276/SA276S26	SES177	-3.5813	-52.9789	-49.3976
BLOCK27/SES276/SA276S26	SES180	-3.43864	-52.8363	-49.3976
BLOCK27/SES276/SA276S26	SES292	-3.82058	-53.2182	-49.3976
BLOCK27/SES276/SA276S28	SES101	-4.41484	-53.9969	-49.5821
BLOCK27/SES276/SA276S28	SES177	-3.75387	-53.3359	-49.5821
BLOCK27/SES276/SA276S28	SES180	-3.36981	-52.9519	-49.5821
BLOCK27/SES276/SA276S28	SES292	-4.48792	-54.07	-49.5821
BLOCK27/SES277/SA277S12	SES101	-3.18279	-54.1266	-50.9438
BLOCK27/SES277/SA277S12	SES177	-3.45044	-54.3943	-50.9438
BLOCK27/SES277/SA277S12	SES180	-3.34815	-54.292	-50.9438
BLOCK27/SES277/SA277S12	SES292	-4.19845	-55.1423	-50.9438
BLOCK27/SES277/SA277S14	SES177	-3.72803	-55.0475	-51.3194
BLOCK27/SES277/SA277S14	SES180	-4.60019	-55.9196	-51.3194
BLOCK27/SES277/SA277S14	SES189	-2.38857	-53.708	-51.3194
BLOCK27/SES277/SA277S14	SES292	-6.75381	-58.0732	-51.3194
BLOCK27/SES277/SA277S21	SES177	-2.52729	-52.3178	-49.7905
BLOCK27/SES277/SA277S21	SES180	-3.81518	-53.6057	-49.7905
BLOCK27/SES277/SA277S21	SES189	-1.83486	-51.6254	-49.7905
BLOCK27/SES277/SA277S21	SES292	-5.14509	-54.9356	-49.7905
BLOCK27/SES277/SA277S24	SES144	-3.21627	-54.588	-51.3717
BLOCK27/SES277/SA277S24	SES177	-3.18102	-54.5527	-51.3717
BLOCK27/SES277/SA277S24	SES180	-4.60964	-55.9814	-51.3717
BLOCK27/SES277/SA277S24	SES189	-2.35513	-53.7269	-51.3717
BLOCK27/SES277/SA277S29	SES177	-2.95506	-51.8755	-48.9204
BLOCK27/SES277/SA277S29	SES180	-3.71291	-52.6333	-48.9204
BLOCK27/SES277/SA277S29	SES202	-3.08047	-52.0009	-48.9204
BLOCK27/SES277/SA277S29	SES292	-4.45131	-53.3717	-48.9204
BLOCK27/SES279/SA279S09	SES120	-1.43886	-50.6414	-49.2026
BLOCK27/SES279/SA279S09	SES146	-2.1074	-51.31	-49.2026
BLOCK27/SES279/SA279S09	SES206	-4.24089	-53.4435	-49.2026
BLOCK27/SES279/SA279S09	SES226	-3.70659	-52.9092	-49.2026
BLOCK27/SES279/SA279S10	SES099	-1.94189	-51.0654	-49.1235
BLOCK27/SES279/SA279S10	SES206	-3.16203	-52.2855	-49.1235
BLOCK27/SES279/SA279S10	SES226	-3.19967	-52.3231	-49.1235
BLOCK27/SES279/SA279S10	SES292	-0.956135	-50.0796	-49.1235
BLOCK27/SES279/SA279S20	SES099	-2.89114	-52.434	-49.5429
BLOCK27/SES279/SA279S20	SES206	-3.75864	-53.3015	-49.5429
BLOCK27/SES279/SA279S20	SES226	-4.06756	-53.6104	-49.5429
BLOCK27/SES279/SA279S20	SES292	-0.644608	-50.1875	-49.5429
BLOCK27/SES279/SA279S26	SES099	-2.32082	-51.6643	-49.3435
BLOCK27/SES279/SA279S26	SES206	-3.00621	-52.3497	-49.3435
BLOCK27/SES279/SA279S26	SES226	-3.86243	-53.2059	-49.3435
BLOCK27/SES279/SA279S26	SES292	-0.967976	-50.3115	-49.3435
BLOCK27/SES279/SA279S28	SES099	-3.20543	-51.2392	-48.0338
BLOCK27/SES279/SA279S28	SES120	-1.59219	-49.626	-48.0338
BLOCK27/SES279/SA279S28	SES177	-2.83273	-50.8665	-48.0338
BLOCK27/SES279/SA279S28	SES206	-4.34429	-52.3781	-48.0338
BLOCK29/SES290/SA290S12	SES162	-5.48158	-55.2975	-49.8159
BLOCK29/SES290/SA290S12	SES177	-3.99048	-53.8064	-49.8159
BLOCK29/SES290/SA290S12	SES180	-5.19325	-55.0092	-49.8159
BLOCK29/SES290/SA290S12	SES292	-6.93468	-56.7506	-49.8159
BLOCK29/SES290/SA290S13	SES007	-5.9772	-56.7218	-50.7446
BLOCK29/SES290/SA290S13	SES162	-5.41578	-56.1603	-50.7446
BLOCK29/SES290/SA290S13	SES177	-4.21149	-54.956	-50.7446
BLOCK29/SES290/SA290S13	SES180	-4.89467	-55.6392	-50.7446
BLOCK29/SES290/SA290S22	SES177	-3.6189	-53.853	-50.2341
BLOCK29/SES290/SA290S22	SES180	-4.13302	-54.3671	-50.2341
BLOCK29/SES290/SA290S22	SES202	-3.97317	-54.2072	-50.2341
BLOCK29/SES290/SA290S22	SES292	-5.89364	-56.1277	-50.2341
BLOCK29/SES290/SA290S25	SES162	-3.51506	-53.4556	-49.9405
BLOCK29/SES290/SA290S25	SES177	-2.47365	-52.4142	-49.9405
BLOCK29/SES290/SA290S25	SES180	-3.26896	-53.2095	-49.9405
BLOCK29/SES290/SA290S25	SES292	-4.60045	-54.541	-49.9405
BLOCK29/SES290/SA290S29	SES177	-3.20148	-52.8819	-49.6804
BLOCK29/SES290/SA290S29	SES180	-3.13534	-52.8158	-49.6804
BLOCK29/SES290/SA290S29	SES275	-4.34644	-54.0269	-49.6804
BLOCK29/SES290/SA290S29	SES292	-4.57536	-54.2558	-49.6804
BLOCK29/SES291/SA291S11	SES105	-3.85344	-53.6387	-49.7852
BLOCK29/SES291/SA291S11	SES125	-2.84394	-52.6292	-49.7852
BLOCK29/SES291/SA291S11	SES158	-1.71104	-51.4963	-49.7852
BLOCK29/SES291/SA291S11	SES275	-3.93943	-53.7247	-49.7852
BLOCK29/SES291/SA291S12	SES158	-1.23395	-50.2922	-49.0583
BLOCK29/SES291/SA291S12	SES226	-2.91482	-51.9731	-49.0583
BLOCK29/SES291/SA291S12	SES270	-0.79937	-49.8576	-49.0583
BLOCK29/SES291/SA291S12	SES275	-4.89191	-53.9502	-49.0583
BLOCK29/SES291/SA291S22	SES082	-2.30026	-51.235	-48.9348
BLOCK29/SES291/SA291S22	SES158	-1.40974	-50.3445	-48.9348
BLOCK29/SES291/SA291S22	SES259	-2.2812	-51.216	-48.9348
BLOCK29/SES291/SA291S22	SES275	-3.99409	-52.9289	-48.9348
BLOCK29/SES291/SA291S24	SES104	-1.29377	-49.5565	-48.2627
BLOCK29/SES291/SA291S24	SES125	-1.49984	-49.7625	-48.2627
BLOCK29/SES291/SA291S24	SES158	-0.35601	-48.6187	-48.2627
BLOCK29/SES291/SA291S24	SES275	-3.89658	-52.1593	-48.2627
BLOCK29/SES291/SA291S27	SES158	-0.608528	-49.0024	-48.3939
BLOCK29/SES291/SA291S27	SES172	-4.44034	-52.8343	-48.3939
BLOCK29/SES291/SA291S27	SES275	-4.52982	-52.9237	-48.3939
BLOCK29/SES291/SA291S27	SES292	-3.31712	-51.711	-48.3939
