BLOCK00/SES002/SA002S12	SES002	1.49783	-53.9692	-55.467
BLOCK00/SES002/SA002S13	SES002	1.75239	-54.5064	-56.2588
BLOCK00/SES002/SA002S23	SES002	1.73193	-53.8283	-55.5603
BLOCK00/SES002/SA002S26	SES002	1.78543	-53.3716	-55.157
BLOCK00/SES002/SA002S28	SES002	1.06975	-55.7692	-56.8389
BLOCK00/SES007/SA007S14	SES007	0.550426	-55.0385	-55.589
BLOCK00/SES007/SA007S15	SES007	0.253353	-56.7057	-56.9591
BLOCK00/SES007/SA007S24	SES007	0.31884	-56.5908	-56.9097
BLOCK00/SES007/SA007S27	SES007	0.605526	-56.6439	-57.2494
BLOCK00/SES007/SA007S29	SES007	0.163544	-55.7064	-55.8699
BLOCK00/SES008/SA008S11	SES008	0.920364	-55.974	-56.8944
BLOCK00/SES008/SA008S12	SES008	0.80159	-56.4846	-57.2862
BLOCK00/SES008/SA008S19	SES008	1.60115	-55.003	-56.6042
BLOCK00/SES008/SA008S22	SES008	0.63126	-56.5888	-57.22
BLOCK00/SES008/SA008S29	SES008	0.817223	-55.278	-56.0952
BLOCK01/SES014/SA014S10	SES014	2.1038	-55.108	-57.2118
BLOCK01/SES014/SA014S12	SES014	3.27301	-52.2937	-55.5667
BLOCK01/SES014/SA014S24	SES014	1.62676	-54.3629	-55.9896
BLOCK01/SES014/SA014S26	SES014	2.79411	-51.4636	-54.2577
BLOCK01/SES014/SA014S28	SES014	3.0487	-52.298	-55.3467
BLOCK01/SES016/SA016S12	SES016	0.00944519	-59.3326	-59.3421
BLOCK01/SES016/SA016S13	SES016	0.652554	-56.9551	-57.6077
BLOCK01/SES016/SA016S22	SES016	0.411671	-57.5196	-57.9312
BLOCK01/SES016/SA016S25	SES016	1.13578	-54.7133	-55.849
BLOCK01/SES016/SA016S27	SES016	0.702625	-55.0279	-55.7305
BLOCK01/SES019/SA019S13	SES019	3.00536	-55.3326	-58.338
BLOCK01/SES019/SA019S14	SES019	2.19607	-55.3057	-57.5018
BLOCK01/SES019/SA019S22	SES019	2.90159	-54.8497	-57.7512
BLOCK01/SES019/SA019S25	SES019	2.60389	-55.272	-57.8759
BLOCK01/SES019/SA019S29	SES019	3.39237	-54.3088	-57.7012
BLOCK02/SES029/SA029S11	SES029	0.603561	-56.2713	-56.8748
BLOCK02/SES029/SA029S12	SES029	-0.212646	-56.8418	-56.6292
BLOCK02/SES029/SA029S20	SES029	-0.133984	-57.4174	-57.2835
BLOCK02/SES029/SA029S25	SES029	-0.175728	-56.0102	-55.8345
BLOCK02/SES029/SA029S28	SES029	0.46133	-56.2836	-56.7449
BLOCK04/SES042/SA042S12	SES042	1.84145	-53.3147	-55.1561
BLOCK04/SES042/SA042S15	SES042	2.26714	-53.7498	-56.0169
BLOCK04/SES042/SA042S22	SES042	3.19321	-51.0584	-54.2516
BLOCK04/SES042/SA042S25	SES042	2.31375	-54.1111	-56.4249
BLOCK04/SES042/SA042S27	SES042	2.02958	-52.9031	-54.9327
BLOCK04/SES048/SA048S11	SES048	0.815891	-55.4099	-56.2258
BLOCK04/SES048/SA048S12	SES048	0.0866508	-55.7226	-55.8092
BLOCK04/SES048/SA048S20	SES048	0.718212	-55.1863	-55.9045
BLOCK04/SES048/SA048S23	SES048	0.921371	-55.8953	-56.8166
BLOCK04/SES048/SA048S27	SES048	0.369225	-54.548	-54.9172
BLOCK06/SES060/SA060S11	SES060	0.807846	-56.4725	-57.2804
BLOCK06/SES060/SA060S12	SES060	-2.0149	-58.6913	-56.6764
BLOCK06/SES060/SA060S22	SES060	0.0174751	-58.184	-58.2015
BLOCK06/SES060/SA060S24	SES060	0.679062	-55.7422	-56.4213
BLOCK06/SES060/SA060S28	SES060	0.119843	-54.1612	-54.281
BLOCK06/SES062/SA062S10	SES062	0.966377	-55.1184	-56.0848
BLOCK06/SES062/SA062S11	SES062	0.788403	-56.0085	-56.7969
BLOCK06/SES062/SA062S21	SES062	1.79479	-52.5848	-54.3796
BLOCK06/SES062/SA062S26	SES062	0.110844	-55.3576	-55.4684
BLOCK06/SES062/SA062S29	SES062	1.01173	-53.9554	-54.9672
BLOCK06/SES068/SA068S14	SES068	-0.472462	-56.6216	-56.1491
BLOCK06/SES068/SA068S15	SES068	0.54747	-54.8342	-55.3816
BLOCK06/SES068/SA068S23	SES068	0.375202	-56.7094	-57.0846
BLOCK06/SES068/SA068S27	SES068	0.968624	-55.2041	-56.1727
BLOCK06/SES068/SA068S29	SES068	0.0530434	-55.8296	-55.8826
BLOCK08/SES082/SA082S12	SES082	0.910519	-56.2268	-57.1374
BLOCK08/SES082/SA082S14	SES082	0.671913	-56.4723	-57.1442
BLOCK08/SES082/SA082S21	SES082	0.716694	-56.0466	-56.7633
BLOCK08/SES082/SA082S24	SES082	1.02809	-55.1008	-56.1289
BLOCK08/SES082/SA082S28	SES082	-0.122669	-56.4893	-56.3666
BLOCK08/SES083/SA083S14	SES083	-1.03682	-57.205	-56.1682
BLOCK08/SES083/SA083S15	SES083	-0.647171	-56.4761	-55.8289
BLOCK08/SES083/SA083S24	SES083	-0.331944	-56.602	-56.2701
BLOCK08/SES083/SA083S26	SES083	-0.0815086	-56.4374	-56.3559
BLOCK08/SES083/SA083S29	SES083	-0.679207	-56.8079	-56.1287
BLOCK08/SES085/SA085S10	SES085	-0.384968	-56.4814	-56.0964
BLOCK08/SES085/SA085S13	SES085	-0.343002	-57.2098	-56.8668
BLOCK08/SES085/SA085S22	SES085	-3.74839	-59.8663	-56.1179
BLOCK08/SES085/SA085S26	SES085	-1.34516	-57.4129	-56.0677
BLOCK08/SES085/SA085S28	SES085	0.207672	-56.4582	-56.6659
BLOCK08/SES087/SA087S15	SES087	1.88585	-54.7176	-56.6035
BLOCK08/SES087/SA087S16	SES087	1.79082	-54.797	-56.5878
BLOCK08/SES087/SA087S24	SES087	1.07789	-54.9489	-56.0268
BLOCK08/SES087/SA087S26	SES087	1.74526	-53.5403	-55.2855
BLOCK08/SES087/SA087S29	SES087	1.74033	-54.833	-56.5734
BLOCK09/SES099/SA099S15	SES099	1.17039	-55.6796	-56.85
BLOCK09/SES099/SA099S16	SES099	1.13278	-55.3699	-56.5026
BLOCK09/SES099/SA099S24	SES099	1.7687	-54.6073	-56.376
BLOCK09/SES099/SA099S26	SES099	1.23475	-55.0112	-56.2459
BLOCK09/SES099/SA099S29	SES099	1.5512	-54.295	-55.8462
BLOCK10/SES101/SA101S11	SES101	0.075901	-56.1928	-56.2687
BLOCK10/SES101/SA101S13	SES101	0.260769	-55.6721	-55.9329
BLOCK10/SES101/SA101S22	SES101	0.142059	-56.9458	-57.0878
BLOCK10/SES101/SA101S24	SES101	0.919399	-56.1135	-57.0329
BLOCK10/SES101/SA101S28	SES101	-0.899246	-57.994	-57.0947
BLOCK10/SES104/SA104S11	SES104	1.23911	-53.9394	-55.1785
BLOCK10/SES104/SA104S12	SES104	1.39698	-54.5902	-55.9872
BLOCK10/SES104/SA104S21	SES104	1.31586	-54.8874	-56.2033
BLOCK10/SES104/SA104S24	SES104	0.897408	-55.0947	-55.9921
BLOCK10/SES104/SA104S28	SES104	1.50883	-54.2601	-55.769
BLOCK10/SES105/SA105S12	SES105	0.417454	-57.1055	-57.523
BLOCK10/SES105/SA105S13	SES105	0.600494	-56.7677	-57.3682
BLOCK10/SES105/SA105S22	SES105	0.214455	-57.6627	-57.8772
BLOCK10/SES105/SA105S26	SES105	0.876392	-56.7227	-57.5991
BLOCK10/SES105/SA105S29	SES105	-0.0414925	-57.1145	-57.073
BLOCK10/SES106/SA106S09	SES106	1.39892	-55.9933	-57.3923
BLOCK10/SES106/SA106S11	SES106	1.08161	-54.2961	-55.3777
BLOCK10/SES106/SA106S22	SES106	2.5328	-54.2618	-56.7946
BLOCK10/SES106/SA106S27	SES106	1.06419	-55.7407	-56.8049
BLOCK10/SES106/SA106S29	SES106	1.07298	-55.001	-56.074
BLOCK11/SES117/SA117S12	SES117	-0.327881	-58.0314	-57.7036
BLOCK11/SES117/SA117S13	SES117	-0.39777	-57.1342	-56.7364
BLOCK11/SES117/SA117S23	SES117	0.695797	-59.0085	-59.7043
BLOCK11/SES117/SA117S25	SES117	0.677094	-57.6009	-58.2779
BLOCK11/SES117/SA117S28	SES117	1.02181	-58.0247	-59.0465
BLOCK12/SES120/SA120S08	SES120	0.980247	-58.1958	-59.176
BLOCK12/SES120/SA120S11	SES120	0.646309	-59.2927	-59.939
BLOCK12/SES120/SA120S22	SES120	0.133961	-57.1201	-57.254
BLOCK12/SES120/SA120S24	SES120	0.255775	-57.1738	-57.4296
BLOCK12/SES120/SA120S28	SES120	0.693245	-58.4946	-59.1879
BLOCK12/SES125/SA125S13	SES125	2.23781	-53.9338	-56.1716
BLOCK12/SES125/SA125S14	SES125	0.893574	-55.5693	-56.4629
BLOCK12/SES125/SA125S25	SES125	1.56781	-54.2877	-55.8555
BLOCK12/SES125/SA125S27	SES125	1.55048	-53.7672	-55.3176
BLOCK12/SES125/SA125S29	SES125	1.38761	-54.7605	-56.1481
BLOCK12/SES127/SA127S11	SES127	0.0689774	-57.0886	-57.1576
BLOCK12/SES127/SA127S12	SES127	-0.300266	-56.1583	-55.858
BLOCK12/SES127/SA127S23	SES127	0.339569	-56.7058	-57.0454
BLOCK12/SES127/SA127S25	SES127	-0.761581	-57.6808	-56.9192
BLOCK12/SES127/SA127S27	SES127	0.124962	-56.4248	-56.5498
BLOCK12/SES129/SA129S11	SES129	1.34956	-54.9407	-56.2902
BLOCK12/SES129/SA129S12	SES129	1.52851	-54.7005	-56.229
BLOCK12/SES129/SA129S22	SES129	1.44139	-55.1828	-56.6241
BLOCK12/SES129/SA129S27	SES129	1.8777	-54.1279	-56.0056
BLOCK12/SES129/SA129S29	SES129	1.7802	-53.9248	-55.705
BLOCK14/SES142/SA142S11	SES142	1.58788	-56.8452	-58.433
BLOCK14/SES142/SA142S12	SES142	0.609333	-57.7548	-58.3641
BLOCK14/SES142/SA142S24	SES142	1.59649	-56.2801	-57.8766
BLOCK14/SES142/SA142S27	SES142	2.24654	-55.9927	-58.2393
BLOCK14/SES142/SA142S29	SES142	1.92652	-55.6335	-57.56
BLOCK14/SES143/SA143S12	SES143	0.486084	-57.5822	-58.0683
BLOCK14/SES143/SA143S13	SES143	0.405724	-57.6199	-58.0256
BLOCK14/SES143/SA143S23	SES143	0.496895	-57.6272	-58.1241
BLOCK14/SES143/SA143S25	SES143	0.425571	-57.3723	-57.7979
BLOCK14/SES143/SA143S28	SES143	0.582977	-56.614	-57.197
BLOCK14/SES144/SA144S09	SES144	0.417053	-56.6453	-57.0623
BLOCK14/SES144/SA144S11	SES144	0.572254	-57.3597	-57.932
BLOCK14/SES144/SA144S21	SES144	0.310627	-57.2919	-57.6025
BLOCK14/SES144/SA144S25	SES144	0.282791	-57.4738	-57.7566
BLOCK14/SES144/SA144S29	SES144	-0.230942	-57.0601	-56.8291
BLOCK14/SES146/SA146S14	SES146	0.482227	-57.1443	-57.6265
BLOCK14/SES146/SA146S15	SES146	-0.0279579	-57.5795	-57.5516
BLOCK14/SES146/SA146S24	SES146	0.469467	-57.3636	-57.8331
BLOCK14/SES146/SA146S26	SES146	0.558212	-57.445	-58.0032
BLOCK14/SES146/SA146S29	SES146	0.528313	-57.8459	-58.3742
BLOCK14/SES147/SA147S11	SES147	1.95895	-57.3701	-59.3291
BLOCK14/SES147/SA147S13	SES147	2.50446	-55.9411	-58.4455
BLOCK14/SES147/SA147S23	SES147	1.78642	-57.4489	-59.2354
BLOCK14/SES147/SA147S26	SES147	1.65459	-57.466	-59.1205
BLOCK14/SES147/SA147S28	SES147	1.89249	-56.3727	-58.2652
BLOCK14/SES148/SA148S10	SES148	1.00322	-56.0881	-57.0913
BLOCK14/SES148/SA148S12	SES148	0.235336	-57.2743	-57.5096
BLOCK14/SES148/SA148S22	SES148	0.494755	-55.6807	-56.1754
BLOCK14/SES148/SA148S26	SES148	0.0839844	-56.2099	-56.2939
BLOCK14/SES148/SA148S29	SES148	0.206409	-57.075	-57.2814
BLOCK14/SES149/SA149S13	SES149	0.225361	-56.3012	-56.5266
BLOCK14/SES149/SA149S14	SES149	0.117245	-56.1717	-56.289
BLOCK14/SES149/SA149S24	SES149	1.11609	-55.3223	-56.4384
BLOCK14/SES149/SA149S26	SES149	1.55649	-54.8583	-56.4148
BLOCK14/SES149/SA149S28	SES149	2.35286	-53.4787	-55.8315
BLOCK15/SES158/SA158S13	SES158	1.07194	-55.9797	-57.0517
BLOCK15/SES158/SA158S14	SES158	1.87547	-55.1462	-57.0216
BLOCK15/SES158/SA158S23	SES158	1.07475	-55.7068	-56.7815
BLOCK15/SES158/SA158S26	SES158	1.61352	-55.1149	-56.7285
BLOCK15/SES158/SA158S28	SES158	0.865456	-56.2312	-57.0966
BLOCK16/SES162/SA162S10	SES162	1.00816	-57.534	-58.5422
BLOCK16/SES162/SA162S11	SES162	0.620361	-56.6757	-57.2961
BLOCK16/SES162/SA162S21	SES162	1.40934	-56.3891	-57.7984
BLOCK16/SES162/SA162S24	SES162	0.66127	-57.0739	-57.7351
BLOCK16/SES162/SA162S27	SES162	0.769852	-57.43	-58.1999
BLOCK16/SES167/SA167S14	SES167	0.400803	-55.5296	-55.9305
BLOCK16/SES167/SA167S15	SES167	0.699581	-56.5693	-57.2689
BLOCK16/SES167/SA167S21	SES167	0.808495	-55.6751	-56.4836
BLOCK16/SES167/SA167S25	SES167	1.1215	-56.3471	-57.4686
BLOCK16/SES167/SA167S29	SES167	1.45008	-54.7413	-56.1914
BLOCK17/SES172/SA172S12	SES172	0.636021	-56.1852	-56.8212
BLOCK17/SES172/SA172S13	SES172	0.61171	-57.5792	-58.1909
BLOCK17/SES172/SA172S23	SES172	-0.458115	-56.2499	-55.7918
BLOCK17/SES172/SA172S27	SES172	0.164375	-56.5172	-56.6816
BLOCK17/SES172/SA172S29	SES172	0.891708	-56.089	-56.9807
BLOCK17/SES175/SA175S11	SES175	0.454044	-56.9145	-57.3685
BLOCK17/SES175/SA175S13	SES175	0.672646	-56.6738	-57.3465
BLOCK17/SES175/SA175S23	SES175	1.21266	-56.1239	-57.3366
BLOCK17/SES175/SA175S25	SES175	0.629349	-58.3975	-59.0269
BLOCK17/SES175/SA175S28	SES175	0.521832	-56.3667	-56.8885
BLOCK17/SES177/SA177S15	SES177	-0.392433	-57.2052	-56.8127
BLOCK17/SES177/SA177S17	SES177	-0.13422	-56.9469	-56.8127
BLOCK17/SES177/SA177S23	SES177	-0.513008	-57.5831	-57.0701
BLOCK17/SES177/SA177S26	SES177	0.158752	-55.1017	-55.2605
BLOCK17/SES177/SA177S28	SES177	-0.185593	-56.3096	-56.124
BLOCK18/SES180/SA180S13	SES180	0.499966	-56.7051	-57.205
BLOCK18/SES180/SA180S15	SES180	0.213921	-57.3789	-57.5928
BLOCK18/SES180/SA180S24	SES180	0.242241	-55.885	-56.1272
BLOCK18/SES180/SA180S26	SES180	0.841904	-55.7993	-56.6412
BLOCK18/SES180/SA180S29	SES180	0.747467	-57.142	-57.8895
BLOCK18/SES183/SA183S13	SES183	1.09468	-57.4195	-58.5141
BLOCK18/SES183/SA183S14	SES183	0.205479	-57.6106	-57.8161
BLOCK18/SES183/SA183S24	SES183	0.683407	-57.8549	-58.5383
BLOCK18/SES183/SA183S27	SES183	1.20645	-56.4236	-57.6301
BLOCK18/SES183/SA183S29	SES183	0.804764	-56.5015	-57.3062
BLOCK18/SES187/SA187S13	SES187	-0.169407	-57.5608	-57.3914
BLOCK18/SES187/SA187S14	SES187	0.49905	-57.5538	-58.0529
BLOCK18/SES187/SA187S24	SES187	1.19458	-56.5588	-57.7534
BLOCK18/SES187/SA187S27	SES187	1.07984	-56.6695	-57.7493
BLOCK18/SES187/SA187S29	SES187	0.0681229	-57.4506	-57.5188
BLOCK18/SES189/SA189S10	SES189	0.720119	-59.2075	-59.9276
BLOCK18/SES189/SA189S13	SES189	1.45868	-59.2342	-60.6929
BLOCK18/SES189/SA189S24	SES189	1.41183	-58.7282	-60.1401
BLOCK18/SES189/SA189S26	SES189	0.342445	-58.062	-58.4044
BLOCK18/SES189/SA189S29	SES189	1.24859	-57.9553	-59.2039
BLOCK20/SES202/SA202S12	SES202	1.24523	-57.8867	-59.1319
BLOCK20/SES202/SA202S14	SES202	2.70086	-55.4168	-58.1176
BLOCK20/SES202/SA202S24	SES202	1.42316	-56.9176	-58.3407
BLOCK20/SES202/SA202S27	SES202	1.38902	-55.3402	-56.7292
BLOCK20/SES202/SA202S29	SES202	2.12226	-55.2873	-57.4096
BLOCK20/SES206/SA206S15	SES206	-0.221729	-55.8745	-55.6528
BLOCK20/SES206/SA206S17	SES206	1.79413	-53.4111	-55.2052
BLOCK20/SES206/SA206S24	SES206	1.65371	-53.5686	-55.2224
BLOCK20/SES206/SA206S27	SES206	1.45292	-54.3708	-55.8237
BLOCK20/SES206/SA206S29	SES206	1.45026	-53.2499	-54.7002
BLOCK22/SES226/SA226S12	SES226	1.08025	-55.9012	-56.9814
BLOCK22/SES226/SA226S13	SES226	-0.342434	-56.564	-56.2216
BLOCK22/SES226/SA226S20	SES226	0.911335	-55.7577	-56.669
BLOCK22/SES226/SA226S23	SES226	1.23837	-55.0944	-56.3327
BLOCK22/SES226/SA226S28	SES226	1.69625	-54.7674	-56.4636
BLOCK25/SES259/SA259S13	SES259	2.8401	-53.4854	-56.3255
BLOCK25/SES259/SA259S14	SES259	1.98145	-54.4673	-56.4487
BLOCK25/SES259/SA259S22	SES259	1.56354	-54.6513	-56.2149
BLOCK25/SES259/SA259S24	SES259	2.13722	-53.2099	-55.3471
BLOCK25/SES259/SA259S28	SES259	1.59604	-54.2344	-55.8304
BLOCK27/SES270/SA270S14	SES270	1.86207	-55.4679	-57.33
BLOCK27/SES270/SA270S16	SES270	0.518833	-56.0621	-56.581
BLOCK27/SES270/SA270S22	SES270	2.08476	-54.8931	-56.9779
BLOCK27/SES270/SA270S26	SES270	1.35944	-56.1924	-57.5518
BLOCK27/SES270/SA270S28	SES270	0.881592	-55.2816	-56.1632
BLOCK27/SES275/SA275S17	SES275	0.869312	-56.9998	-57.8691
BLOCK27/SES275/SA275S18	SES275	0.0881462	-57.1411	-57.2293
BLOCK27/SES275/SA275S24	SES275	0.373493	-57.8718	-58.2452
BLOCK27/SES275/SA275S26	SES275	0.886326	-56.0045	-56.8908
BLOCK27/SES275/SA275S28	SES275	0.299774	-56.4077	-56.7074
BLOCK29/SES292/SA292S10	SES292	0.0836449	-57.4778	-57.5614
BLOCK29/SES292/SA292S12	SES292	-1.17747	-58.949	-57.7716
BLOCK29/SES292/SA292S22	SES292	0.644413	-56.0696	-56.714
BLOCK29/SES292/SA292S24	SES292	0.114243	-56.7697	-56.8839
BLOCK29/SES292/SA292S27	SES292	0.103886	-56.3769	-56.4807
BLOCK00/SES001/SA001S14	SES062	-1.18477	-59.1282	-57.9434
BLOCK00/SES001/SA001S14	SES082	-2.14372	-60.0872	-57.9434
BLOCK00/SES001/SA001S14	SES106	-3.13433	-61.0778	-57.9434
BLOCK00/SES001/SA001S14	SES206	-3.31277	-61.2562	-57.9434
BLOCK00/SES001/SA001S15	SES062	-1.9792	-58.3551	-56.3759
BLOCK00/SES001/SA001S15	SES104	-2.85987	-59.2358	-56.3759
BLOCK00/SES001/SA001S15	SES106	-3.01077	-59.3867	-56.3759
BLOCK00/SES001/SA001S15	SES206	-3.49452	-59.8704	-56.3759
BLOCK00/SES001/SA001S24	SES062	-2.04662	-60.3617	-58.3151
BLOCK00/SES001/SA001S24	SES082	-2.06747	-60.3826	-58.3151
BLOCK00/SES001/SA001S24	SES087	-3.39186	-61.707	-58.3151
BLOCK00/SES001/SA001S24	SES206	-2.81359	-61.1287	-58.3151
BLOCK00/SES001/SA001S27	SES062	-1.94228	-58.2131	-56.2708
BLOCK00/SES001/SA001S27	SES082	-2.95386	-59.2247	-56.2708
BLOCK00/SES001/SA001S27	SES087	-3.46096	-59.7318	-56.2708
BLOCK00/SES001/SA001S27	SES206	-3.57248	-59.8433	-56.2708
BLOCK00/SES001/SA001S29	SES062	-1.93832	-59.9507	-58.0124
BLOCK00/SES001/SA001S29	SES082	-2.80679	-60.8192	-58.0124
BLOCK00/SES001/SA001S29	SES158	-1.83887	-59.8513	-58.0124
BLOCK00/SES001/SA001S29	SES206	-4.25232	-62.2647	-58.0124
BLOCK00/SES003/SA003S11	SES002	-1.39473	-57.9567	-56.562
BLOCK00/SES003/SA003S11	SES019	-1.5893	-58.1513	-56.562
BLOCK00/SES003/SA003S11	SES082	-0.520302	-57.0823	-56.562
BLOCK00/SES003/SA003S11	SES125	-1.12054	-57.6825	-56.562
BLOCK00/SES003/SA003S15	SES016	-4.07034	-60.1812	-56.1109
BLOCK00/SES003/SA003S15	SES019	-1.76257	-57.8735	-56.1109
BLOCK00/SES003/SA003S15	SES062	-2.77583	-58.8867	-56.1109
BLOCK00/SES003/SA003S15	SES206	-1.28356	-57.3945	-56.1109
BLOCK00/SES003/SA003S22	SES002	-2.05957	-58.7708	-56.7112
BLOCK00/SES003/SA003S22	SES062	-1.91658	-58.6278	-56.7112
BLOCK00/SES003/SA003S22	SES082	-0.539749	-57.251	-56.7112
BLOCK00/SES003/SA003S22	SES087	-1.45492	-58.1662	-56.7112
BLOCK00/SES003/SA003S25	SES062	-3.48141	-60.6168	-57.1354
BLOCK00/SES003/SA003S25	SES082	-0.382092	-57.5175	-57.1354
BLOCK00/SES003/SA003S25	SES087	-2.20688	-59.3423	-57.1354
BLOCK00/SES003/SA003S25	SES206	-2.30036	-59.4358	-57.1354
BLOCK00/SES003/SA003S29	SES002	-1.74008	-58.7451	-57.0051
BLOCK00/SES003/SA003S29	SES062	-2.41592	-59.421	-57.0051
BLOCK00/SES003/SA003S29	SES082	-0.640461	-57.6455	-57.0051
BLOCK00/SES003/SA003S29	SES087	-1.53724	-58.5423	-57.0051
BLOCK00/SES004/SA004S12	SES083	-2.17912	-59.933	-57.7539
BLOCK00/SES004/SA004S12	SES148	-3.07995	-60.8338	-57.7539
BLOCK00/SES004/SA004S12	SES172	-2.59243	-60.3463	-57.7539
BLOCK00/SES004/SA004S12	SES292	-3.17917	-60.933	-57.7539
BLOCK00/SES004/SA004S17	SES083	-1.69678	-60.0657	-58.3689
BLOCK00/SES004/SA004S17	SES162	-1.04934	-59.4182	-58.3689
BLOCK00/SES004/SA004S17	SES172	-1.85147	-60.2204	-58.3689
BLOCK00/SES004/SA004S17	SES292	-2.24847	-60.6174	-58.3689
BLOCK00/SES004/SA004S24	SES083	-1.88749	-59.593	-57.7055
BLOCK00/SES004/SA004S24	SES148	-2.54025	-60.2458	-57.7055
BLOCK00/SES004/SA004S24	SES172	-1.70174	-59.4073	-57.7055
BLOCK00/SES004/SA004S24	SES292	-2.14207	-59.8476	-57.7055
BLOCK00/SES004/SA004S26	SES083	-0.852852	-58.3658	-57.513
BLOCK00/SES004/SA004S26	SES127	-1.22275	-58.7357	-57.513
BLOCK00/SES004/SA004S26	SES148	-2.65589	-60.1689	-57.513
BLOCK00/SES004/SA004S26	SES292	-2.86171	-60.3747	-57.513
BLOCK00/SES004/SA004S28	SES083	-2.54035	-59.1431	-56.6027
BLOCK00/SES004/SA004S28	SES127	-2.38166	-58.9844	-56.6027
BLOCK00/SES004/SA004S28	SES187	-2.35143	-58.9541	-56.6027
BLOCK00/SES004/SA004S28	SES292	-3.81782	-60.4205	-56.6027
BLOCK00/SES006/SA006S10	SES014	-2.76939	-61.5205	-58.7511
BLOCK00/SES006/SA006S10	SES158	-1.01253	-59.7637	-58.7511
BLOCK00/SES006/SA006S10	SES226	-3.05774	-61.8089	-58.7511
BLOCK00/SES006/SA006S10	SES270	-0.556259	-59.3074	-58.7511
BLOCK00/SES006/SA006S11	SES158	-1.15025	-60.0706	-58.9204
BLOCK00/SES006/SA006S11	SES226	-2.15241	-61.0728	-58.9204
BLOCK00/SES006/SA006S11	SES270	-0.258228	-59.1786	-58.9204
BLOCK00/SES006/SA006S11	SES275	-3.55577	-62.4761	-58.9204
BLOCK00/SES006/SA006S23	SES062	-1.90701	-59.4806	-57.5736
BLOCK00/SES006/SA006S23	SES105	-2.0084	-59.582	-57.5736
BLOCK00/SES006/SA006S23	SES158	-0.828037	-58.4016	-57.5736
BLOCK00/SES006/SA006S23	SES275	-2.20713	-59.7807	-57.5736
BLOCK00/SES006/SA006S26	SES104	-2.14175	-59.4892	-57.3474
BLOCK00/SES006/SA006S26	SES158	-0.34547	-57.6929	-57.3474
BLOCK00/SES006/SA006S26	SES270	-0.169891	-57.5173	-57.3474
BLOCK00/SES006/SA006S26	SES275	-3.24944	-60.5969	-57.3474
BLOCK00/SES006/SA006S28	SES007	-2.8448	-61.7229	-58.8781
BLOCK00/SES006/SA006S28	SES105	-2.26751	-61.1456	-58.8781
BLOCK00/SES006/SA006S28	SES158	-1.24268	-60.1208	-58.8781
BLOCK00/SES006/SA006S28	SES275	-3.88965	-62.7677	-58.8781
BLOCK00/SES009/SA009S12	SES083	-1.90466	-58.3251	-56.4204
BLOCK00/SES009/SA009S12	SES148	-1.86951	-58.29	-56.4204
BLOCK00/SES009/SA009S12	SES177	-2.37265	-58.7931	-56.4204
BLOCK00/SES009/SA009S12	SES292	-1.12745	-57.5479	-56.4204
BLOCK00/SES009/SA009S15	SES007	0.166687	-55.3657	-55.5324
BLOCK00/SES009/SA009S15	SES099	-6.83884	-62.3713	-55.5324
BLOCK00/SES009/SA009S15	SES148	-2.38962	-57.9221	-55.5324
BLOCK00/SES009/SA009S15	SES172	-2.35164	-57.8841	-55.5324
BLOCK00/SES009/SA009S24	SES146	-1.39052	-57.5677	-56.1772
BLOCK00/SES009/SA009S24	SES148	-1.79823	-57.9754	-56.1772
BLOCK00/SES009/SA009S24	SES177	-1.95808	-58.1353	-56.1772
BLOCK00/SES009/SA009S24	SES292	-1.25377	-57.431	-56.1772
BLOCK00/SES009/SA009S26	SES083	-1.83136	-58.3808	-56.5495
BLOCK00/SES009/SA009S26	SES101	-1.73972	-58.2892	-56.5495
BLOCK00/SES009/SA009S26	SES120	-1.16639	-57.7159	-56.5495
BLOCK00/SES009/SA009S26	SES177	-2.25881	-58.8083	-56.5495
BLOCK00/SES009/SA009S29	SES083	-1.14278	-56.7609	-55.6181
BLOCK00/SES009/SA009S29	SES101	-1.44313	-57.0613	-55.6181
BLOCK00/SES009/SA009S29	SES177	-1.82994	-57.4481	-55.6181
BLOCK00/SES009/SA009S29	SES292	-1.07565	-56.6938	-55.6181
BLOCK01/SES011/SA011S10	SES019	-1.6378	-57.8029	-56.1651
BLOCK01/SES011/SA011S10	SES042	-0.425987	-56.5911	-56.1651
BLOCK01/SES011/SA011S10	SES082	-2.07235	-58.2374	-56.1651
BLOCK01/SES011/SA011S10	SES206	-1.06256	-57.2276	-56.1651
BLOCK01/SES011/SA011S11	SES019	-0.849472	-57.926	-57.0766
BLOCK01/SES011/SA011S11	SES042	-1.0104	-58.087	-57.0766
BLOCK01/SES011/SA011S11	SES082	-1.73928	-58.8159	-57.0766
BLOCK01/SES011/SA011S11	SES206	-1.01525	-58.0918	-57.0766
BLOCK01/SES011/SA011S22	SES019	-0.484993	-57.7318	-57.2468
BLOCK01/SES011/SA011S22	SES042	-0.286758	-57.5335	-57.2468
BLOCK01/SES011/SA011S22	SES082	-1.09866	-58.3454	-57.2468
BLOCK01/SES011/SA011S22	SES206	-1.01797	-58.2647	-57.2468
BLOCK01/SES011/SA011S24	SES019	-0.977264	-57.1822	-56.2049
BLOCK01/SES011/SA011S24	SES042	-0.239689	-56.4446	-56.2049
BLOCK01/SES011/SA011S24	SES104	-1.2224	-57.4273	-56.2049
BLOCK01/SES011/SA011S24	SES206	-0.310623	-56.5156	-56.2049
BLOCK01/SES011/SA011S27	SES082	-0.307938	-56.7293	-56.4214
BLOCK01/SES011/SA011S27	SES087	-1.19035	-57.6118	-56.4214
BLOCK01/SES011/SA011S27	SES125	-0.703773	-57.1252	-56.4214
BLOCK01/SES011/SA011S27	SES206	-0.501152	-56.9226	-56.4214
BLOCK01/SES012/SA012S11	SES007	-3.13223	-58.0493	-54.917
BLOCK01/SES012/SA012S11	SES082	-1.16925	-56.0863	-54.917
BLOCK01/SES012/SA012S11	SES083	-2.7527	-57.6697	-54.917
BLOCK01/SES012/SA012S11	SES206	-0.556091	-55.4731	-54.917
BLOCK01/SES012/SA012S14	SES082	-1.22803	-56.8536	-55.6256
BLOCK01/SES012/SA012S14	SES087	-1.71948	-57.3451	-55.6256
BLOCK01/SES012/SA012S14	SES206	-0.85376	-56.4794	-55.6256
BLOCK01/SES012/SA012S14	SES292	-3.90136	-59.527	-55.6256
BLOCK01/SES012/SA012S24	SES082	0.0553169	-56.4542	-56.5095
BLOCK01/SES012/SA012S24	SES087	-0.352856	-56.8624	-56.5095
BLOCK01/SES012/SA012S24	SES120	-3.77401	-60.2835	-56.5095
BLOCK01/SES012/SA012S24	SES206	-0.551918	-57.0614	-56.5095
BLOCK01/SES012/SA012S26	SES019	-2.10753	-57.6651	-55.5576
BLOCK01/SES012/SA012S26	SES082	-1.64248	-57.2001	-55.5576
BLOCK01/SES012/SA012S26	SES206	-0.230743	-55.7883	-55.5576
BLOCK01/SES012/SA012S26	SES292	-3.38696	-58.9446	-55.5576
BLOCK01/SES012/SA012S29	SES062	-3.21545	-58.2918	-55.0764
BLOCK01/SES012/SA012S29	SES082	-1.2216	-56.298	-55.0764
BLOCK01/SES012/SA012S29	SES083	-2.81112	-57.8875	-55.0764
BLOCK01/SES012/SA012S29	SES206	-1.05859	-56.135	-55.0764
BLOCK01/SES013/SA013S16	SES062	-4.02491	-60.3484	-56.3235
BLOCK01/SES013/SA013S16	SES106	-1.12741	-57.451	-56.3235
BLOCK01/SES013/SA013S16	SES206	-1.51525	-57.8388	-56.3235
BLOCK01/SES013/SA013S16	SES226	-0.867256	-57.1908	-56.3235
BLOCK01/SES013/SA013S17	SES062	-3.91381	-59.3308	-55.417
BLOCK01/SES013/SA013S17	SES106	-1.26217	-56.6792	-55.417
BLOCK01/SES013/SA013S17	SES206	-0.686592	-56.1036	-55.417
BLOCK01/SES013/SA013S17	SES226	-0.182354	-55.5994	-55.417
BLOCK01/SES013/SA013S23	SES104	-1.67038	-58.0221	-56.3517
BLOCK01/SES013/SA013S23	SES106	-0.784424	-57.1362	-56.3517
BLOCK01/SES013/SA013S23	SES206	-1.32748	-57.6792	-56.3517
BLOCK01/SES013/SA013S23	SES270	-0.514946	-56.8667	-56.3517
BLOCK01/SES013/SA013S25	SES042	-1.86127	-57.2885	-55.4273
BLOCK01/SES013/SA013S25	SES104	-1.84021	-57.2675	-55.4273
BLOCK01/SES013/SA013S25	SES106	-1.00673	-56.434	-55.4273
BLOCK01/SES013/SA013S25	SES206	-1.45368	-56.8809	-55.4273
BLOCK01/SES013/SA013S29	SES062	-4.34888	-60.0817	-55.7328
BLOCK01/SES013/SA013S29	SES104	-1.82339	-57.5562	-55.7328
BLOCK01/SES013/SA013S29	SES106	-1.16869	-56.9015	-55.7328
BLOCK01/SES013/SA013S29	SES206	-1.22992	-56.9627	-55.7328
BLOCK02/SES021/SA021S13	SES016	-3.45127	-59.2127	-55.7615
BLOCK02/SES021/SA021S13	SES029	-2.61314	-58.3746	-55.7615
BLOCK02/SES021/SA021S13	SES087	-1.62479	-57.3863	-55.7615
BLOCK02/SES021/SA021S13	SES206	-0.884514	-56.646	-55.7615
BLOCK02/SES021/SA021S15	SES087	-1.54568	-55.6176	-54.0719
BLOCK02/SES021/SA021S15	SES125	-0.574963	-54.6469	-54.0719
BLOCK02/SES021/SA021S15	SES206	-0.550934	-54.6228	-54.0719
BLOCK02/SES021/SA021S15	SES226	-1.15928	-55.2312	-54.0719
BLOCK02/SES021/SA021S23	SES062	-3.64315	-60.0739	-56.4308
BLOCK02/SES021/SA021S23	SES087	-1.94456	-58.3754	-56.4308
BLOCK02/SES021/SA021S23	SES206	-1.79664	-58.2274	-56.4308
BLOCK02/SES021/SA021S23	SES226	-1.04704	-57.4778	-56.4308
BLOCK02/SES021/SA021S27	SES002	-1.92477	-57.3736	-55.4488
BLOCK02/SES021/SA021S27	SES016	-3.6592	-59.108	-55.4488
BLOCK02/SES021/SA021S27	SES019	-1.90621	-57.3551	-55.4488
BLOCK02/SES021/SA021S27	SES062	-2.24504	-57.6939	-55.4488
BLOCK02/SES021/SA021S29	SES087	-1.62849	-56.4605	-54.832
BLOCK02/SES021/SA021S29	SES125	-1.03814	-55.8702	-54.832
BLOCK02/SES021/SA021S29	SES206	-1.11587	-55.9479	-54.832
BLOCK02/SES021/SA021S29	SES226	-0.939415	-55.7714	-54.832
BLOCK04/SES043/SA043S09	SES083	-1.18485	-59.5197	-58.3349
BLOCK04/SES043/SA043S09	SES101	-2.93011	-61.265	-58.3349
BLOCK04/SES043/SA043S09	SES144	-0.679569	-59.0145	-58.3349
BLOCK04/SES043/SA043S09	SES172	-4.56674	-62.9016	-58.3349
BLOCK04/SES043/SA043S11	SES083	-0.92556	-57.5672	-56.6416
BLOCK04/SES043/SA043S11	SES101	-2.01106	-58.6526	-56.6416
BLOCK04/SES043/SA043S11	SES144	-0.734871	-57.3765	-56.6416
BLOCK04/SES043/SA043S11	SES172	-2.06125	-58.7028	-56.6416
BLOCK04/SES043/SA043S23	SES083	-0.743141	-57.8914	-57.1483
BLOCK04/SES043/SA043S23	SES144	-0.828728	-57.977	-57.1483
BLOCK04/SES043/SA043S23	SES177	-2.72626	-59.8745	-57.1483
BLOCK04/SES043/SA043S23	SES275	-1.02261	-58.1709	-57.1483
BLOCK04/SES043/SA043S26	SES083	-0.955482	-58.4273	-57.4718
BLOCK04/SES043/SA043S26	SES101	-1.28239	-58.7542	-57.4718
BLOCK04/SES043/SA043S26	SES144	-0.566612	-58.0384	-57.4718
BLOCK04/SES043/SA043S26	SES177	-1.6036	-59.0754	-57.4718
BLOCK04/SES043/SA043S28	SES016	-1.21191	-57.5648	-56.3529
BLOCK04/SES043/SA043S28	SES083	-1.03726	-57.3902	-56.3529
BLOCK04/SES043/SA043S28	SES101	-1.2396	-57.5925	-56.3529
BLOCK04/SES043/SA043S28	SES144	-1.05234	-57.4052	-56.3529
BLOCK04/SES044/SA044S10	SES127	-2.39761	-63.0139	-60.6163
BLOCK04/SES044/SA044S10	SES144	-0.375496	-60.9918	-60.6163
BLOCK04/SES044/SA044S10	SES147	-3.1157	-63.732	-60.6163
BLOCK04/SES044/SA044S10	SES148	-2.4574	-63.0737	-60.6163
BLOCK04/SES044/SA044S11	SES101	-1.82013	-61.2402	-59.4201
BLOCK04/SES044/SA044S11	SES144	-0.254536	-59.6746	-59.4201
BLOCK04/SES044/SA044S11	SES147	-2.89567	-62.3158	-59.4201
BLOCK04/SES044/SA044S11	SES177	-2.38548	-61.8056	-59.4201
BLOCK04/SES044/SA044S24	SES007	-2.67194	-60.8926	-58.2206
BLOCK04/SES044/SA044S24	SES101	-1.42837	-59.649	-58.2206
BLOCK04/SES044/SA044S24	SES147	-3.44776	-61.6684	-58.2206
BLOCK04/SES044/SA044S24	SES177	-2.59271	-60.8134	-58.2206
BLOCK04/SES044/SA044S26	SES007	-1.83389	-59.5883	-57.7544
BLOCK04/SES044/SA044S26	SES016	-1.24522	-58.9996	-57.7544
BLOCK04/SES044/SA044S26	SES101	-1.33035	-59.0848	-57.7544
BLOCK04/SES044/SA044S26	SES147	-1.46296	-59.2174	-57.7544
BLOCK04/SES044/SA044S29	SES007	-2.43415	-59.4456	-57.0114
BLOCK04/SES044/SA044S29	SES101	-0.600964	-57.6124	-57.0114
BLOCK04/SES044/SA044S29	SES147	-1.84004	-58.8515	-57.0114
BLOCK04/SES044/SA044S29	SES177	-2.30018	-59.3116	-57.0114
BLOCK04/SES046/SA046S13	SES101	-4.49123	-62.4892	-57.998
BLOCK04/SES046/SA046S13	SES144	-2.15643	-60.1544	-57.998
BLOCK04/SES046/SA046S13	SES147	-4.56104	-62.559	-57.998
BLOCK04/SES046/SA046S13	SES177	-2.78037	-60.7784	-57.998
BLOCK04/SES046/SA046S15	SES048	-3.42964	-60.2913	-56.8616
BLOCK04/SES046/SA046S15	SES083	-1.64849	-58.5101	-56.8616
BLOCK04/SES046/SA046S15	SES120	-2.70085	-59.5625	-56.8616
BLOCK04/SES046/SA046S15	SES148	-1.59459	-58.4562	-56.8616
BLOCK04/SES046/SA046S22	SES101	-1.09115	-59.084	-57.9928
BLOCK04/SES046/SA046S22	SES144	-1.51673	-59.5096	-57.9928
BLOCK04/SES046/SA046S22	SES147	-2.72681	-60.7197	-57.9928
BLOCK04/SES046/SA046S22	SES172	-2.31316	-60.306	-57.9928
BLOCK04/SES046/SA046S25	SES083	-1.61343	-59.1393	-57.5258
BLOCK04/SES046/SA046S25	SES127	-1.99628	-59.5221	-57.5258
BLOCK04/SES046/SA046S25	SES144	-2.07758	-59.6034	-57.5258
BLOCK04/SES046/SA046S25	SES148	-1.7362	-59.262	-57.5258
BLOCK04/SES046/SA046S28	SES007	-3.96038	-62.2453	-58.285
BLOCK04/SES046/SA046S28	SES105	-3.1948	-61.4798	-58.285
BLOCK04/SES046/SA046S28	SES147	-3.88317	-62.1681	-58.285
BLOCK04/SES046/SA046S28	SES148	-1.29617	-59.5811	-58.285
BLOCK04/SES049/SA049S16	SES104	-1.55571	-58.5066	-56.9509
BLOCK04/SES049/SA049S16	SES106	-1.67573	-58.6266	-56.9509
BLOCK04/SES049/SA049S16	SES120	-3.53585	-60.4867	-56.9509
BLOCK04/SES049/SA049S16	SES206	-1.58403	-58.5349	-56.9509
BLOCK04/SES049/SA049S18	SES099	-0.558876	-58.731	-58.1721
BLOCK04/SES049/SA049S18	SES104	-1.67639	-59.8485	-58.1721
BLOCK04/SES049/SA049S18	SES125	-2.28342	-60.4555	-58.1721
BLOCK04/SES049/SA049S18	SES206	-1.72055	-59.8927	-58.1721
BLOCK04/SES049/SA049S25	SES087	-0.996532	-57.7497	-56.7531
BLOCK04/SES049/SA049S25	SES104	-0.524971	-57.2781	-56.7531
BLOCK04/SES049/SA049S25	SES125	-1.90788	-58.661	-56.7531
BLOCK04/SES049/SA049S25	SES206	-0.770859	-57.524	-56.7531
BLOCK04/SES049/SA049S27	SES099	-0.976768	-57.6191	-56.6423
BLOCK04/SES049/SA049S27	SES104	-0.488609	-57.131	-56.6423
BLOCK04/SES049/SA049S27	SES125	-1.25868	-57.901	-56.6423
BLOCK04/SES049/SA049S27	SES206	-1.1116	-57.754	-56.6423
BLOCK04/SES049/SA049S29	SES099	-0.675255	-56.332	-55.6568
BLOCK04/SES049/SA049S29	SES104	-0.345589	-56.0024	-55.6568
BLOCK04/SES049/SA049S29	SES125	-0.899593	-56.5564	-55.6568
BLOCK04/SES049/SA049S29	SES206	-0.471176	-56.128	-55.6568
BLOCK06/SES063/SA063S09	SES068	-1.77632	-58.7034	-56.9271
BLOCK06/SES063/SA063S09	SES083	-0.547749	-57.4748	-56.9271
BLOCK06/SES063/SA063S09	SES177	-0.970173	-57.8973	-56.9271
BLOCK06/SES063/SA063S09	SES187	-0.801785	-57.7289	-56.9271
BLOCK06/SES063/SA063S10	SES068	-1.62107	-59.4706	-57.8495
BLOCK06/SES063/SA063S10	SES083	-0.413025	-58.2625	-57.8495
BLOCK06/SES063/SA063S10	SES172	-0.467953	-58.3174	-57.8495
BLOCK06/SES063/SA063S10	SES187	-1.21415	-59.0636	-57.8495
BLOCK06/SES063/SA063S20	SES068	-2.56486	-60.1609	-57.596
BLOCK06/SES063/SA063S20	SES083	-1.24799	-58.844	-57.596
BLOCK06/SES063/SA063S20	SES172	-1.68107	-59.2771	-57.596
BLOCK06/SES063/SA063S20	SES187	-0.732414	-58.3284	-57.596
BLOCK06/SES063/SA063S24	SES029	-2.5002	-59.0762	-56.576
BLOCK06/SES063/SA063S24	SES083	-0.17321	-56.7492	-56.576
BLOCK06/SES063/SA063S24	SES177	-1.18819	-57.7642	-56.576
BLOCK06/SES063/SA063S24	SES189	-1.36385	-57.9398	-56.576
BLOCK06/SES063/SA063S27	SES083	-1.02024	-59.197	-58.1768
BLOCK06/SES063/SA063S27	SES172	-1.1566	-59.3334	-58.1768
BLOCK06/SES063/SA063S27	SES187	-1.20808	-59.3848	-58.1768
BLOCK06/SES063/SA063S27	SES292	-2.59612	-60.7729	-58.1768
BLOCK06/SES067/SA067S12	SES083	-1.67027	-58.5032	-56.833
BLOCK06/SES067/SA067S12	SES172	-3.25438	-60.0874	-56.833
BLOCK06/SES067/SA067S12	SES202	0.307171	-56.5258	-56.833
BLOCK06/SES067/SA067S12	SES292	-2.33917	-59.1721	-56.833
BLOCK06/SES067/SA067S14	SES085	-2.14958	-58.6285	-56.4789
BLOCK06/SES067/SA067S14	SES177	-1.26579	-57.7447	-56.4789
BLOCK06/SES067/SA067S14	SES183	-2.20492	-58.6839	-56.4789
BLOCK06/SES067/SA067S14	SES202	-0.554508	-57.0335	-56.4789
BLOCK06/SES067/SA067S21	SES144	-1.60076	-59.6625	-58.0618
BLOCK06/SES067/SA067S21	SES177	-1.37222	-59.434	-58.0618
BLOCK06/SES067/SA067S21	SES183	-3.73122	-61.793	-58.0618
BLOCK06/SES067/SA067S21	SES189	-0.626793	-58.6885	-58.0618
BLOCK06/SES067/SA067S25	SES085	-1.19747	-58.5038	-57.3063
BLOCK06/SES067/SA067S25	SES177	-1.06152	-58.3679	-57.3063
BLOCK06/SES067/SA067S25	SES183	-2.22035	-59.5267	-57.3063
BLOCK06/SES067/SA067S25	SES202	-0.497639	-57.804	-57.3063
BLOCK06/SES067/SA067S29	SES085	-1.47358	-58.4341	-56.9605
BLOCK06/SES067/SA067S29	SES177	-2.16712	-59.1276	-56.9605
BLOCK06/SES067/SA067S29	SES183	-2.17324	-59.1337	-56.9605
BLOCK06/SES067/SA067S29	SES202	-0.00799942	-56.9685	-56.9605
BLOCK06/SES069/SA069S12	SES029	-2.42692	-58.3303	-55.9034
BLOCK06/SES069/SA069S12	SES082	-0.720463	-56.6238	-55.9034
BLOCK06/SES069/SA069S12	SES087	-2.05475	-57.9581	-55.9034
BLOCK06/SES069/SA069S12	SES206	-1.62515	-57.5285	-55.9034
BLOCK06/SES069/SA069S13	SES029	-2.72475	-58.6423	-55.9175
BLOCK06/SES069/SA069S13	SES087	-2.28812	-58.2056	-55.9175
BLOCK06/SES069/SA069S13	SES206	-2.43363	-58.3512	-55.9175
BLOCK06/SES069/SA069S13	SES226	-1.63874	-57.5563	-55.9175
BLOCK06/SES069/SA069S23	SES029	-1.86612	-56.3398	-54.4737
BLOCK06/SES069/SA069S23	SES087	-2.13136	-56.6051	-54.4737
BLOCK06/SES069/SA069S23	SES206	-1.94677	-56.4205	-54.4737
BLOCK06/SES069/SA069S23	SES226	-0.92783	-55.4015	-54.4737
BLOCK06/SES069/SA069S25	SES087	-1.62735	-56.6495	-55.0222
BLOCK06/SES069/SA069S25	SES206	-1.8636	-56.8858	-55.0222
BLOCK06/SES069/SA069S25	SES226	-1.25706	-56.2792	-55.0222
BLOCK06/SES069/SA069S25	SES270	-1.10086	-56.123	-55.0222
BLOCK06/SES069/SA069S27	SES087	-2.30321	-57.0979	-54.7947
BLOCK06/SES069/SA069S27	SES206	-1.14082	-55.9355	-54.7947
BLOCK06/SES069/SA069S27	SES226	-0.651001	-55.4457	-54.7947
BLOCK06/SES069/SA069S27	SES270	-1.09767	-55.8923	-54.7947
BLOCK08/SES081/SA081S11	SES060	-2.04796	-59.0906	-57.0427
BLOCK08/SES081/SA081S11	SES062	-3.17995	-60.2226	-57.0427
BLOCK08/SES081/SA081S11	SES117	-2.52232	-59.565	-57.0427
BLOCK08/SES081/SA081S11	SES162	-1.94151	-58.9842	-57.0427
BLOCK08/SES081/SA081S13	SES016	-1.27223	-57.3458	-56.0736
BLOCK08/SES081/SA081S13	SES060	-0.801735	-56.8753	-56.0736
BLOCK08/SES081/SA081S13	SES068	-0.565678	-56.6392	-56.0736
BLOCK08/SES081/SA081S13	SES129	-1.94239	-58.016	-56.0736
BLOCK08/SES081/SA081S24	SES060	-1.21168	-58.1333	-56.9216
BLOCK08/SES081/SA081S24	SES068	-1.25468	-58.1763	-56.9216
BLOCK08/SES081/SA081S24	SES117	-1.99587	-58.9174	-56.9216
BLOCK08/SES081/SA081S24	SES275	-2.87553	-59.7971	-56.9216
BLOCK08/SES081/SA081S27	SES007	-2.51412	-59.3202	-56.8061
BLOCK08/SES081/SA081S27	SES060	-2.16004	-58.9662	-56.8061
BLOCK08/SES081/SA081S27	SES117	-1.19547	-58.0016	-56.8061
BLOCK08/SES081/SA081S27	SES275	-2.73069	-59.5368	-56.8061
BLOCK08/SES081/SA081S29	SES007	-2.34371	-58.4623	-56.1186
BLOCK08/SES081/SA081S29	SES060	-1.28883	-57.4074	-56.1186
BLOCK08/SES081/SA081S29	SES117	-1.69868	-57.8172	-56.1186
BLOCK08/SES081/SA081S29	SES275	-2.95743	-59.076	-56.1186
BLOCK08/SES086/SA086S11	SES029	-3.77872	-61.8022	-58.0235
BLOCK08/SES086/SA086S11	SES082	-1.66635	-59.6898	-58.0235
BLOCK08/SES086/SA086S11	SES087	-0.687496	-58.711	-58.0235
BLOCK08/SES086/SA086S11	SES206	-1.83341	-59.8569	-58.0235
BLOCK08/SES086/SA086S12	SES029	-3.91146	-60.9805	-57.0691
BLOCK08/SES086/SA086S12	SES082	-1.57684	-58.6459	-57.0691
BLOCK08/SES086/SA086S12	SES087	0.395195	-56.6739	-57.0691
BLOCK08/SES086/SA086S12	SES206	-1.36565	-58.4347	-57.0691
BLOCK08/SES086/SA086S20	SES029	-3.68517	-59.2577	-55.5725
BLOCK08/SES086/SA086S20	SES082	-1.87593	-57.4485	-55.5725
BLOCK08/SES086/SA086S20	SES087	-0.0520744	-55.6246	-55.5725
BLOCK08/SES086/SA086S20	SES206	-0.611328	-56.1839	-55.5725
BLOCK08/SES086/SA086S24	SES087	0.367516	-56.5235	-56.8911
BLOCK08/SES086/SA086S24	SES104	-0.927162	-57.8182	-56.8911
BLOCK08/SES086/SA086S24	SES120	-3.97665	-60.8677	-56.8911
BLOCK08/SES086/SA086S24	SES206	-0.030098	-56.9212	-56.8911
BLOCK08/SES086/SA086S28	SES029	-3.23431	-58.7609	-55.5266
BLOCK08/SES086/SA086S28	SES082	-1.53543	-57.062	-55.5266
BLOCK08/SES086/SA086S28	SES087	0.0649605	-55.4616	-55.5266
BLOCK08/SES086/SA086S28	SES206	-0.71944	-56.246	-55.5266
BLOCK08/SES089/SA089S13	SES087	-2.18756	-58.7702	-56.5827
BLOCK08/SES089/SA089S13	SES206	-2.33818	-58.9209	-56.5827
BLOCK08/SES089/SA089S13	SES226	-1.35904	-57.9417	-56.5827
BLOCK08/SES089/SA089S13	SES270	-2.23271	-58.8154	-56.5827
BLOCK08/SES089/SA089S14	SES062	-2.20429	-58.7553	-56.5511
BLOCK08/SES089/SA089S14	SES087	-0.317131	-56.8682	-56.5511
BLOCK08/SES089/SA089S14	SES206	-0.97348	-57.5245	-56.5511
BLOCK08/SES089/SA089S14	SES226	-0.495434	-57.0465	-56.5511
BLOCK08/SES089/SA089S23	SES087	-1.83123	-59.7147	-57.8834
BLOCK08/SES089/SA089S23	SES206	-2.25791	-60.1414	-57.8834
BLOCK08/SES089/SA089S23	SES226	-1.19249	-59.0759	-57.8834
BLOCK08/SES089/SA089S23	SES270	-2.37227	-60.2557	-57.8834
BLOCK08/SES089/SA089S25	SES062	-3.40471	-59.7456	-56.3409
BLOCK08/SES089/SA089S25	SES087	-1.30518	-57.6461	-56.3409
BLOCK08/SES089/SA089S25	SES206	-1.50403	-57.8449	-56.3409
BLOCK08/SES089/SA089S25	SES226	-0.33242	-56.6733	-56.3409
BLOCK08/SES089/SA089S28	SES062	-2.72229	-59.385	-56.6627
BLOCK08/SES089/SA089S28	SES087	-1.14835	-57.8111	-56.6627
BLOCK08/SES089/SA089S28	SES206	-1.24881	-57.9115	-56.6627
BLOCK08/SES089/SA089S28	SES226	-0.244915	-56.9076	-56.6627
BLOCK09/SES097/SA097S11	SES099	-0.443813	-57.1778	-56.734
BLOCK09/SES097/SA097S11	SES125	-1.95935	-58.6933	-56.734
BLOCK09/SES097/SA097S11	SES206	-1.92546	-58.6594	-56.734
BLOCK09/SES097/SA097S11	SES226	-0.459465	-57.1934	-56.734
BLOCK09/SES097/SA097S14	SES062	-3.26399	-59.8755	-56.6115
BLOCK09/SES097/SA097S14	SES099	-0.662704	-57.2742	-56.6115
BLOCK09/SES097/SA097S14	SES104	-1.15703	-57.7685	-56.6115
BLOCK09/SES097/SA097S14	SES206	-1.75357	-58.365	-56.6115
BLOCK09/SES097/SA097S22	SES099	-0.228775	-56.8297	-56.6009
BLOCK09/SES097/SA097S22	SES206	-1.54767	-58.1486	-56.6009
BLOCK09/SES097/SA097S22	SES226	-1.20895	-57.8099	-56.6009
BLOCK09/SES097/SA097S22	SES270	-0.0298386	-56.6308	-56.6009
BLOCK09/SES097/SA097S26	SES099	-0.044632	-55.8398	-55.7951
BLOCK09/SES097/SA097S26	SES120	-3.62243	-59.4176	-55.7951
BLOCK09/SES097/SA097S26	SES206	-1.43056	-57.2257	-55.7951
BLOCK09/SES097/SA097S26	SES226	-1.83513	-57.6303	-55.7951
BLOCK09/SES097/SA097S28	SES099	-0.653114	-57.3112	-56.6581
BLOCK09/SES097/SA097S28	SES120	-2.9406	-59.5987	-56.6581
BLOCK09/SES097/SA097S28	SES206	-1.94847	-58.6066	-56.6581
BLOCK09/SES097/SA097S28	SES226	-1.65341	-58.3115	-56.6581
BLOCK09/SES098/SA098S11	SES127	-2.59328	-61.7765	-59.1832
BLOCK09/SES098/SA098S11	SES144	-1.76865	-60.9519	-59.1832
BLOCK09/SES098/SA098S11	SES147	-1.28933	-60.4726	-59.1832
BLOCK09/SES098/SA098S11	SES148	-2.88431	-62.0676	-59.1832
BLOCK09/SES098/SA098S12	SES127	-4.36013	-64.6407	-60.2806
BLOCK09/SES098/SA098S12	SES144	-2.40057	-62.6812	-60.2806
BLOCK09/SES098/SA098S12	SES147	-2.46849	-62.7491	-60.2806
BLOCK09/SES098/SA098S12	SES189	-1.05241	-61.333	-60.2806
BLOCK09/SES098/SA098S20	SES127	-3.28912	-62.2752	-58.986
BLOCK09/SES098/SA098S20	SES147	-1.64902	-60.6351	-58.986
BLOCK09/SES098/SA098S20	SES148	-3.9608	-62.9468	-58.986
BLOCK09/SES098/SA098S20	SES292	-5.84661	-64.8327	-58.986
BLOCK09/SES098/SA098S23	SES127	-2.05357	-60.1101	-58.0565
BLOCK09/SES098/SA098S23	SES147	-1.84023	-59.8967	-58.0565
BLOCK09/SES098/SA098S23	SES187	-1.21999	-59.2765	-58.0565
BLOCK09/SES098/SA098S23	SES292	-4.34315	-62.3996	-58.0565
BLOCK09/SES098/SA098S27	SES127	-3.44928	-62.4123	-58.963
BLOCK09/SES098/SA098S27	SES147	-2.92849	-61.8915	-58.963
BLOCK09/SES098/SA098S27	SES148	-4.28102	-63.244	-58.963
BLOCK09/SES098/SA098S27	SES292	-4.27024	-63.2333	-58.963
BLOCK10/SES102/SA102S13	SES101	-0.561501	-59.3041	-58.7426
BLOCK10/SES102/SA102S13	SES105	-1.55066	-60.2933	-58.7426
BLOCK10/SES102/SA102S13	SES120	-1.8399	-60.5825	-58.7426
BLOCK10/SES102/SA102S13	SES158	-8.47849	-67.2211	-58.7426
BLOCK10/SES102/SA102S14	SES007	-0.585804	-56.982	-56.3962
BLOCK10/SES102/SA102S14	SES101	-0.738667	-57.1349	-56.3962
BLOCK10/SES102/SA102S14	SES105	-1.16641	-57.5626	-56.3962
BLOCK10/SES102/SA102S14	SES147	-2.97847	-59.3747	-56.3962
BLOCK10/SES102/SA102S22	SES007	-1.21826	-58.3265	-57.1082
BLOCK10/SES102/SA102S22	SES101	-0.334938	-57.4432	-57.1082
BLOCK10/SES102/SA102S22	SES105	-0.902668	-58.0109	-57.1082
BLOCK10/SES102/SA102S22	SES158	-4.83882	-61.9471	-57.1082
BLOCK10/SES102/SA102S25	SES007	-0.943443	-57.559	-56.6155
BLOCK10/SES102/SA102S25	SES101	-0.749882	-57.3654	-56.6155
BLOCK10/SES102/SA102S25	SES105	-1.29451	-57.91	-56.6155
BLOCK10/SES102/SA102S25	SES147	-3.69259	-60.3081	-56.6155
BLOCK10/SES102/SA102S27	SES007	-1.22253	-58.6725	-57.4499
BLOCK10/SES102/SA102S27	SES101	-1.08408	-58.534	-57.4499
BLOCK10/SES102/SA102S27	SES105	-1.49925	-58.9492	-57.4499
BLOCK10/SES102/SA102S27	SES147	-2.4727	-59.9226	-57.4499
BLOCK10/SES103/SA103S14	SES105	-3.00986	-61.1962	-58.1863
BLOCK10/SES103/SA103S14	SES106	-0.502129	-58.6884	-58.1863
BLOCK10/SES103/SA103S14	SES120	-3.66477	-61.8511	-58.1863
BLOCK10/SES103/SA103S14	SES206	-1.463	-59.6493	-58.1863
BLOCK10/SES103/SA103S15	SES099	-0.562973	-59.6506	-59.0877
BLOCK10/SES103/SA103S15	SES101	-3.64678	-62.7344	-59.0877
BLOCK10/SES103/SA103S15	SES104	-1.06742	-60.1551	-59.0877
BLOCK10/SES103/SA103S15	SES125	-0.774666	-59.8623	-59.0877
BLOCK10/SES103/SA103S24	SES104	-1.13398	-58.4244	-57.2904
BLOCK10/SES103/SA103S24	SES125	-1.14965	-58.4401	-57.2904
BLOCK10/SES103/SA103S24	SES148	-2.62782	-59.9182	-57.2904
BLOCK10/SES103/SA103S24	SES158	-0.608971	-57.8994	-57.2904
BLOCK10/SES103/SA103S26	SES104	-1.41707	-60.2139	-58.7969
BLOCK10/SES103/SA103S26	SES106	-1.2243	-60.0212	-58.7969
BLOCK10/SES103/SA103S26	SES125	-1.36508	-60.162	-58.7969
BLOCK10/SES103/SA103S26	SES148	-3.06834	-61.8652	-58.7969
BLOCK10/SES103/SA103S28	SES104	-2.08599	-61.2938	-59.2078
BLOCK10/SES103/SA103S28	SES106	-2.01543	-61.2232	-59.2078
BLOCK10/SES103/SA103S28	SES125	-2.28418	-61.4919	-59.2078
BLOCK10/SES103/SA103S28	SES206	-3.12098	-62.3287	-59.2078
BLOCK12/SES121/SA121S12	SES042	-1.46552	-61.1351	-59.6695
BLOCK12/SES121/SA121S12	SES087	-1.15213	-60.8217	-59.6695
BLOCK12/SES121/SA121S12	SES105	-2.10245	-61.772	-59.6695
BLOCK12/SES121/SA121S12	SES206	-1.2641	-60.9336	-59.6695
BLOCK12/SES121/SA121S14	SES007	-3.37505	-63.5034	-60.1283
BLOCK12/SES121/SA121S14	SES105	-2.43404	-62.5624	-60.1283
BLOCK12/SES121/SA121S14	SES106	-1.16253	-61.2909	-60.1283
BLOCK12/SES121/SA121S14	SES206	-1.32673	-61.4551	-60.1283
BLOCK12/SES121/SA121S23	SES105	-2.79472	-62.8342	-60.0394
BLOCK12/SES121/SA121S23	SES106	-1.35532	-61.3947	-60.0394
BLOCK12/SES121/SA121S23	SES120	-2.8518	-62.8912	-60.0394
BLOCK12/SES121/SA121S23	SES206	-1.2519	-61.2913	-60.0394
BLOCK12/SES121/SA121S25	SES007	-2.92781	-64.0968	-61.169
BLOCK12/SES121/SA121S25	SES105	-2.60538	-63.7744	-61.169
BLOCK12/SES121/SA121S25	SES106	-1.07856	-62.2475	-61.169
BLOCK12/SES121/SA121S25	SES206	-1.78612	-62.9551	-61.169
BLOCK12/SES121/SA121S27	SES087	-0.537685	-59.7585	-59.2208
BLOCK12/SES121/SA121S27	SES105	-3.99165	-63.2125	-59.2208
BLOCK12/SES121/SA121S27	SES120	-2.66315	-61.884	-59.2208
BLOCK12/SES121/SA121S27	SES206	-1.36319	-60.584	-59.2208
BLOCK12/SES124/SA124S16	SES042	-0.59481	-58.1789	-57.5841
BLOCK12/SES124/SA124S16	SES082	-0.80394	-58.3881	-57.5841
BLOCK12/SES124/SA124S16	SES183	-4.47356	-62.0577	-57.5841
BLOCK12/SES124/SA124S16	SES206	-1.36736	-58.9515	-57.5841
BLOCK12/SES124/SA124S17	SES105	-2.65921	-61.8046	-59.1454
BLOCK12/SES124/SA124S17	SES149	-1.57877	-60.7242	-59.1454
BLOCK12/SES124/SA124S17	SES158	-1.79715	-60.9426	-59.1454
BLOCK12/SES124/SA124S17	SES275	-3.97198	-63.1174	-59.1454
BLOCK12/SES124/SA124S23	SES105	-3.14468	-58.3453	-55.2006
BLOCK12/SES124/SA124S23	SES125	-0.333027	-55.5337	-55.2006
BLOCK12/SES124/SA124S23	SES129	-4.22149	-59.4221	-55.2006
BLOCK12/SES124/SA124S23	SES158	-0.916519	-56.1172	-55.2006
BLOCK12/SES124/SA124S26	SES105	-4.16796	-60.7335	-56.5656
BLOCK12/SES124/SA124S26	SES125	-0.653503	-57.2191	-56.5656
BLOCK12/SES124/SA124S26	SES129	-4.74216	-61.3077	-56.5656
BLOCK12/SES124/SA124S26	SES158	-0.970123	-57.5357	-56.5656
BLOCK12/SES124/SA124S28	SES104	-1.13113	-57.0432	-55.9121
BLOCK12/SES124/SA124S28	SES106	-0.944725	-56.8568	-55.9121
BLOCK12/SES124/SA124S28	SES125	-0.303059	-56.2151	-55.9121
BLOCK12/SES124/SA124S28	SES275	-4.87391	-60.786	-55.9121
BLOCK12/SES126/SA126S13	SES007	-2.60479	-62.191	-59.5862
BLOCK12/SES126/SA126S13	SES162	-1.98576	-61.572	-59.5862
BLOCK12/SES126/SA126S13	SES177	-1.73482	-61.321	-59.5862
BLOCK12/SES126/SA126S13	SES180	-2.00409	-61.5903	-59.5862
BLOCK12/SES126/SA126S14	SES144	-1.96289	-59.2527	-57.2898
BLOCK12/SES126/SA126S14	SES148	-2.65349	-59.9433	-57.2898
BLOCK12/SES126/SA126S14	SES177	-0.982395	-58.2722	-57.2898
BLOCK12/SES126/SA126S14	SES180	-1.40404	-58.6938	-57.2898
BLOCK12/SES126/SA126S20	SES007	-2.38677	-60.5109	-58.1241
BLOCK12/SES126/SA126S20	SES162	-2.4167	-60.5408	-58.1241
BLOCK12/SES126/SA126S20	SES172	-6.21198	-64.3361	-58.1241
BLOCK12/SES126/SA126S20	SES180	-3.00776	-61.1319	-58.1241
BLOCK12/SES126/SA126S24	SES120	-1.34532	-58.8826	-57.5373
BLOCK12/SES126/SA126S24	SES162	-1.27998	-58.8173	-57.5373
BLOCK12/SES126/SA126S24	SES177	-1.24159	-58.7789	-57.5373
BLOCK12/SES126/SA126S24	SES180	-0.850231	-58.3876	-57.5373
BLOCK12/SES126/SA126S26	SES120	-0.915436	-59.118	-58.2026
BLOCK12/SES126/SA126S26	SES177	-1.45031	-59.6529	-58.2026
BLOCK12/SES126/SA126S26	SES180	-1.27336	-59.476	-58.2026
BLOCK12/SES126/SA126S26	SES202	-2.62846	-60.8311	-58.2026
BLOCK12/SES128/SA128S10	SES087	-2.30243	-58.9838	-56.6814
BLOCK12/SES128/SA128S10	SES206	-1.66896	-58.3503	-56.6814
BLOCK12/SES128/SA128S10	SES226	-0.797253	-57.4786	-56.6814
BLOCK12/SES128/SA128S10	SES270	-0.820419	-57.5018	-56.6814
BLOCK12/SES128/SA128S12	SES120	-2.35977	-59.5252	-57.1654
BLOCK12/SES128/SA128S12	SES158	-1.60934	-58.7747	-57.1654
BLOCK12/SES128/SA128S12	SES206	-0.971874	-58.1373	-57.1654
BLOCK12/SES128/SA128S12	SES226	-1.00198	-58.1674	-57.1654
BLOCK12/SES128/SA128S21	SES106	-2.98845	-61.2528	-58.2644
BLOCK12/SES128/SA128S21	SES120	-1.88734	-60.1517	-58.2644
BLOCK12/SES128/SA128S21	SES206	-2.56102	-60.8254	-58.2644
BLOCK12/SES128/SA128S21	SES226	-1.43827	-59.7026	-58.2644
BLOCK12/SES128/SA128S24	SES087	-3.03835	-60.8595	-57.8211
BLOCK12/SES128/SA128S24	SES120	-1.2753	-59.0964	-57.8211
BLOCK12/SES128/SA128S24	SES206	-2.81951	-60.6407	-57.8211
BLOCK12/SES128/SA128S24	SES226	-1.80732	-59.6285	-57.8211
BLOCK12/SES128/SA128S27	SES099	-1.3054	-57.9026	-56.5972
BLOCK12/SES128/SA128S27	SES120	-1.78766	-58.3849	-56.5972
BLOCK12/SES128/SA128S27	SES206	-1.77512	-58.3723	-56.5972
BLOCK12/SES128/SA128S27	SES226	-1.05479	-57.652	-56.5972
BLOCK13/SES130/SA130S13	SES143	-2.8199	-61.9023	-59.0824
BLOCK13/SES130/SA130S13	SES144	-0.497059	-59.5794	-59.0824
BLOCK13/SES130/SA130S13	SES146	-0.937435	-60.0198	-59.0824
BLOCK13/SES130/SA130S13	SES275	-3.26615	-62.3485	-59.0824
BLOCK13/SES130/SA130S15	SES143	-2.85049	-60.0568	-57.2063
BLOCK13/SES130/SA130S15	SES144	-1.02311	-58.2294	-57.2063
BLOCK13/SES130/SA130S15	SES146	-1.21223	-58.4186	-57.2063
BLOCK13/SES130/SA130S15	SES275	-1.83501	-59.0413	-57.2063
BLOCK13/SES130/SA130S23	SES127	-3.75546	-62.433	-58.6775
BLOCK13/SES130/SA130S23	SES144	-1.49632	-60.1739	-58.6775
BLOCK13/SES130/SA130S23	SES146	-1.10571	-59.7832	-58.6775
BLOCK13/SES130/SA130S23	SES162	-2.0262	-60.7037	-58.6775
BLOCK13/SES130/SA130S25	SES127	-3.15579	-60.053	-56.8972
BLOCK13/SES130/SA130S25	SES144	-0.696651	-57.5939	-56.8972
BLOCK13/SES130/SA130S25	SES146	-1.49614	-58.3933	-56.8972
BLOCK13/SES130/SA130S25	SES275	-1.83474	-58.7319	-56.8972
BLOCK13/SES130/SA130S28	SES127	-2.02546	-59.6832	-57.6577
BLOCK13/SES130/SA130S28	SES144	-1.26117	-58.9189	-57.6577
BLOCK13/SES130/SA130S28	SES146	-1.29179	-58.9495	-57.6577
BLOCK13/SES130/SA130S28	SES275	-1.41608	-59.0738	-57.6577
BLOCK13/SES131/SA131S13	SES002	-1.97856	-61.4835	-59.505
BLOCK13/SES131/SA131S13	SES007	-4.38443	-63.8894	-59.505
BLOCK13/SES131/SA131S13	SES099	-1.88512	-61.3901	-59.505
BLOCK13/SES131/SA131S13	SES105	-2.73814	-62.2431	-59.505
BLOCK13/SES131/SA131S14	SES104	-0.585827	-58.2591	-57.6732
BLOCK13/SES131/SA131S14	SES106	-0.464661	-58.1379	-57.6732
BLOCK13/SES131/SA131S14	SES125	-1.16845	-58.8417	-57.6732
BLOCK13/SES131/SA131S14	SES148	-2.34779	-60.021	-57.6732
BLOCK13/SES131/SA131S20	SES104	-1.21338	-60.2027	-58.9893
BLOCK13/SES131/SA131S20	SES106	-0.943523	-59.9328	-58.9893
BLOCK13/SES131/SA131S20	SES125	-1.51391	-60.5032	-58.9893
BLOCK13/SES131/SA131S20	SES148	-2.89146	-61.8808	-58.9893
BLOCK13/SES131/SA131S22	SES099	-1.2458	-59.0108	-57.765
BLOCK13/SES131/SA131S22	SES104	-1.18302	-58.9481	-57.765
BLOCK13/SES131/SA131S22	SES125	-1.28011	-59.0451	-57.765
BLOCK13/SES131/SA131S22	SES206	-2.00233	-59.7674	-57.765
BLOCK13/SES131/SA131S29	SES087	-1.20654	-60.0521	-58.8456
BLOCK13/SES131/SA131S29	SES104	-1.62515	-60.4707	-58.8456
BLOCK13/SES131/SA131S29	SES125	-1.44499	-60.2906	-58.8456
BLOCK13/SES131/SA131S29	SES206	-1.64753	-60.4931	-58.8456
BLOCK13/SES132/SA132S11	SES083	-1.84361	-58.6094	-56.7657
BLOCK13/SES132/SA132S11	SES120	-0.351166	-57.1169	-56.7657
BLOCK13/SES132/SA132S11	SES127	-1.37938	-58.1451	-56.7657
BLOCK13/SES132/SA132S11	SES275	-1.75589	-58.5216	-56.7657
BLOCK13/SES132/SA132S12	SES083	-1.64803	-58.3043	-56.6563
BLOCK13/SES132/SA132S12	SES143	-1.67754	-58.3339	-56.6563
BLOCK13/SES132/SA132S12	SES144	-1.7146	-58.3709	-56.6563
BLOCK13/SES132/SA132S12	SES148	-1.48705	-58.1434	-56.6563
BLOCK13/SES132/SA132S22	SES062	-0.873878	-57.898	-57.0241
BLOCK13/SES132/SA132S22	SES083	-1.00528	-58.0294	-57.0241
BLOCK13/SES132/SA132S22	SES127	-0.96162	-57.9858	-57.0241
BLOCK13/SES132/SA132S22	SES275	-1.18393	-58.2081	-57.0241
BLOCK13/SES132/SA132S24	SES007	-1.37457	-57.9478	-56.5732
BLOCK13/SES132/SA132S24	SES083	-1.91145	-58.4847	-56.5732
BLOCK13/SES132/SA132S24	SES127	-1.81838	-58.3916	-56.5732
BLOCK13/SES132/SA132S24	SES275	-1.84286	-58.4161	-56.5732
BLOCK13/SES132/SA132S27	SES083	-1.89782	-59.3879	-57.4901
BLOCK13/SES132/SA132S27	SES120	-0.229858	-57.72	-57.4901
BLOCK13/SES132/SA132S27	SES127	-1.92977	-59.4199	-57.4901
BLOCK13/SES132/SA132S27	SES275	-2.13002	-59.6201	-57.4901
BLOCK14/SES141/SA141S09	SES143	-1.32181	-59.0853	-57.7635
BLOCK14/SES141/SA141S09	SES144	-1.36066	-59.1242	-57.7635
BLOCK14/SES141/SA141S09	SES162	-1.24421	-59.0077	-57.7635
BLOCK14/SES141/SA141S09	SES180	-1.44069	-59.2042	-57.7635
BLOCK14/SES141/SA141S15	SES127	-1.62546	-59.3933	-57.7678
BLOCK14/SES141/SA141S15	SES144	-1.64612	-59.414	-57.7678
BLOCK14/SES141/SA141S15	SES162	-1.54648	-59.3143	-57.7678
BLOCK14/SES141/SA141S15	SES180	-1.20929	-58.9771	-57.7678
BLOCK14/SES141/SA141S24	SES127	-1.39227	-58.8381	-57.4458
BLOCK14/SES141/SA141S24	SES144	-2.27087	-59.7167	-57.4458
BLOCK14/SES141/SA141S24	SES162	-0.976196	-58.422	-57.4458
BLOCK14/SES141/SA141S24	SES183	-2.74405	-60.1899	-57.4458
BLOCK14/SES141/SA141S26	SES142	-1.97498	-60.0034	-58.0285
BLOCK14/SES141/SA141S26	SES144	-1.73402	-59.7625	-58.0285
BLOCK14/SES141/SA141S26	SES172	-2.25674	-60.2852	-58.0285
BLOCK14/SES141/SA141S26	SES180	-0.922394	-58.9509	-58.0285
BLOCK14/SES141/SA141S29	SES127	-1.00538	-58.1393	-57.1339
BLOCK14/SES141/SA141S29	SES142	-1.04211	-58.176	-57.1339
BLOCK14/SES141/SA141S29	SES144	-2.06917	-59.2031	-57.1339
BLOCK14/SES141/SA141S29	SES180	-0.841305	-57.9752	-57.1339
BLOCK15/SES157/SA157S08	SES083	-1.98749	-59.8141	-57.8266
BLOCK15/SES157/SA157S08	SES127	-1.77766	-59.6042	-57.8266
BLOCK15/SES157/SA157S08	SES148	-1.30026	-59.1268	-57.8266
BLOCK15/SES157/SA157S08	SES292	-2.20727	-60.0338	-57.8266
BLOCK15/SES157/SA157S11	SES083	-2.11927	-59.3666	-57.2473
BLOCK15/SES157/SA157S11	SES127	-2.40937	-59.6567	-57.2473
BLOCK15/SES157/SA157S11	SES148	-1.75208	-58.9994	-57.2473
BLOCK15/SES157/SA157S11	SES292	-2.82529	-60.0726	-57.2473
BLOCK15/SES157/SA157S21	SES127	-1.88615	-58.8153	-56.9291
BLOCK15/SES157/SA157S21	SES148	-1.25509	-58.1842	-56.9291
BLOCK15/SES157/SA157S21	SES158	-5.00875	-61.9379	-56.9291
BLOCK15/SES157/SA157S21	SES292	-1.08842	-58.0175	-56.9291
BLOCK15/SES157/SA157S24	SES127	-2.42049	-59.2822	-56.8617
BLOCK15/SES157/SA157S24	SES148	-1.79242	-58.6542	-56.8617
BLOCK15/SES157/SA157S24	SES183	-2.1776	-59.0393	-56.8617
BLOCK15/SES157/SA157S24	SES292	-2.04138	-58.9031	-56.8617
BLOCK15/SES157/SA157S26	SES007	-1.07275	-58.1261	-57.0534
BLOCK15/SES157/SA157S26	SES127	-1.28534	-58.3387	-57.0534
BLOCK15/SES157/SA157S26	SES147	-3.01938	-60.0728	-57.0534
BLOCK15/SES157/SA157S26	SES148	-1.69385	-58.7472	-57.0534
BLOCK16/SES161/SA161S10	SES007	-2.46432	-61.704	-59.2397
BLOCK16/SES161/SA161S10	SES105	-1.44482	-60.6845	-59.2397
BLOCK16/SES161/SA161S10	SES158	-2.0551	-61.2948	-59.2397
BLOCK16/SES161/SA161S10	SES275	-2.74299	-61.9827	-59.2397
BLOCK16/SES161/SA161S12	SES007	-1.51672	-60.1748	-58.6581
BLOCK16/SES161/SA161S12	SES105	-1.88986	-60.548	-58.6581
BLOCK16/SES161/SA161S12	SES158	-1.61985	-60.278	-58.6581
BLOCK16/SES161/SA161S12	SES275	-1.63893	-60.297	-58.6581
BLOCK16/SES161/SA161S20	SES007	-2.65935	-62.8633	-60.204
BLOCK16/SES161/SA161S20	SES105	-2.21601	-62.42	-60.204
BLOCK16/SES161/SA161S20	SES158	-2.06187	-62.2659	-60.204
BLOCK16/SES161/SA161S20	SES275	-2.64634	-62.8503	-60.204
BLOCK16/SES161/SA161S23	SES007	-2.35129	-60.559	-58.2077
BLOCK16/SES161/SA161S23	SES105	-1.7389	-59.9466	-58.2077
BLOCK16/SES161/SA161S23	SES148	-2.39764	-60.6053	-58.2077
BLOCK16/SES161/SA161S23	SES158	-1.23729	-59.445	-58.2077
BLOCK16/SES161/SA161S28	SES007	-3.03229	-61.4388	-58.4065
BLOCK16/SES161/SA161S28	SES105	-2.04855	-60.455	-58.4065
BLOCK16/SES161/SA161S28	SES158	-1.22755	-59.634	-58.4065
BLOCK16/SES161/SA161S28	SES206	-1.96884	-60.3753	-58.4065
BLOCK16/SES164/SA164S11	SES104	-1.54153	-57.4389	-55.8974
BLOCK16/SES164/SA164S11	SES125	-0.831539	-56.7289	-55.8974
BLOCK16/SES164/SA164S11	SES158	-0.364811	-56.2622	-55.8974
BLOCK16/SES164/SA164S11	SES206	-1.93341	-57.8308	-55.8974
BLOCK16/SES164/SA164S13	SES099	-1.12703	-58.3662	-57.2392
BLOCK16/SES164/SA164S13	SES104	-1.70025	-58.9394	-57.2392
BLOCK16/SES164/SA164S13	SES125	-1.69169	-58.9309	-57.2392
BLOCK16/SES164/SA164S13	SES206	-1.88306	-59.1222	-57.2392
BLOCK16/SES164/SA164S24	SES002	-0.484089	-56.8983	-56.4142
BLOCK16/SES164/SA164S24	SES099	-1.23849	-57.6527	-56.4142
BLOCK16/SES164/SA164S24	SES125	-1.78617	-58.2003	-56.4142
BLOCK16/SES164/SA164S24	SES226	-0.919933	-57.3341	-56.4142
BLOCK16/SES164/SA164S27	SES087	-2.21431	-58.9428	-56.7285
BLOCK16/SES164/SA164S27	SES125	-1.45063	-58.1792	-56.7285
BLOCK16/SES164/SA164S27	SES206	-1.97971	-58.7082	-56.7285
BLOCK16/SES164/SA164S27	SES226	-1.42284	-58.1514	-56.7285
BLOCK16/SES164/SA164S29	SES002	-0.108002	-56.6143	-56.5063
BLOCK16/SES164/SA164S29	SES019	-1.49916	-58.0054	-56.5063
BLOCK16/SES164/SA164S29	SES125	-1.02419	-57.5305	-56.5063
BLOCK16/SES164/SA164S29	SES226	-1.45502	-57.9613	-56.5063
BLOCK16/SES169/SA169S13	SES117	-2.09896	-59.8989	-57.7999
BLOCK16/SES169/SA169S13	SES144	-1.47477	-59.2747	-57.7999
BLOCK16/SES169/SA169S13	SES146	-1.46774	-59.2677	-57.7999
BLOCK16/SES169/SA169S13	SES162	-2.25922	-60.0592	-57.7999
BLOCK16/SES169/SA169S14	SES144	-0.96674	-57.7016	-56.7348
BLOCK16/SES169/SA169S14	SES148	-1.46798	-58.2028	-56.7348
BLOCK16/SES169/SA169S14	SES177	-2.18496	-58.9198	-56.7348
BLOCK16/SES169/SA169S14	SES180	-2.80109	-59.5359	-56.7348
BLOCK16/SES169/SA169S24	SES117	-1.21343	-59.8378	-58.6244
BLOCK16/SES169/SA169S24	SES144	-0.883999	-59.5084	-58.6244
BLOCK16/SES169/SA169S24	SES146	-1.03729	-59.6616	-58.6244
BLOCK16/SES169/SA169S24	SES162	-1.87968	-60.504	-58.6244
BLOCK16/SES169/SA169S27	SES127	-1.27635	-59.1323	-57.856
BLOCK16/SES169/SA169S27	SES129	-1.33286	-59.1889	-57.856
BLOCK16/SES169/SA169S27	SES144	-1.39567	-59.2517	-57.856
BLOCK16/SES169/SA169S27	SES146	-0.202381	-58.0584	-57.856
BLOCK16/SES169/SA169S29	SES144	-1.03479	-58.2968	-57.262
BLOCK16/SES169/SA169S29	SES162	-2.05295	-59.3149	-57.262
BLOCK16/SES169/SA169S29	SES177	-2.60587	-59.8678	-57.262
BLOCK16/SES169/SA169S29	SES180	-1.91304	-59.175	-57.262
BLOCK17/SES171/SA171S12	SES083	-1.41345	-59.9508	-58.5374
BLOCK17/SES171/SA171S12	SES148	-1.58294	-60.1203	-58.5374
BLOCK17/SES171/SA171S12	SES172	-1.8973	-60.4347	-58.5374
BLOCK17/SES171/SA171S12	SES292	-2.17161	-60.709	-58.5374
BLOCK17/SES171/SA171S15	SES148	-1.89558	-60.6243	-58.7287
BLOCK17/SES171/SA171S15	SES177	-2.49185	-61.2206	-58.7287
BLOCK17/SES171/SA171S15	SES180	-3.36822	-62.097	-58.7287
BLOCK17/SES171/SA171S15	SES292	-5.07104	-63.7998	-58.7287
BLOCK17/SES171/SA171S22	SES007	-1.96433	-59.3518	-57.3875
BLOCK17/SES171/SA171S22	SES148	-1.59332	-58.9808	-57.3875
BLOCK17/SES171/SA171S22	SES177	-1.09882	-58.4863	-57.3875
BLOCK17/SES171/SA171S22	SES180	-2.39421	-59.7817	-57.3875
BLOCK17/SES171/SA171S25	SES101	-3.64835	-62.3364	-58.6881
BLOCK17/SES171/SA171S25	SES120	-3.61746	-62.3055	-58.6881
BLOCK17/SES171/SA171S25	SES177	-2.13229	-60.8204	-58.6881
BLOCK17/SES171/SA171S25	SES180	-3.3488	-62.0369	-58.6881
BLOCK17/SES171/SA171S27	SES177	-1.42382	-59.3037	-57.8799
BLOCK17/SES171/SA171S27	SES180	-3.06145	-60.9413	-57.8799
BLOCK17/SES171/SA171S27	SES189	-1.49466	-59.3746	-57.8799
BLOCK17/SES171/SA171S27	SES292	-3.70758	-61.5875	-57.8799
BLOCK17/SES173/SA173S13	SES162	-2.66962	-61.7985	-59.1288
BLOCK17/SES173/SA173S13	SES177	-2.96146	-62.0903	-59.1288
BLOCK17/SES173/SA173S13	SES180	-3.13415	-62.263	-59.1288
BLOCK17/SES173/SA173S13	SES292	-3.94456	-63.0734	-59.1288
BLOCK17/SES173/SA173S14	SES007	-2.69603	-62.4708	-59.7748
BLOCK17/SES173/SA173S14	SES162	-2.06797	-61.8428	-59.7748
BLOCK17/SES173/SA173S14	SES177	-1.40359	-61.1784	-59.7748
BLOCK17/SES173/SA173S14	SES180	-2.64593	-62.4207	-59.7748
BLOCK17/SES173/SA173S24	SES144	-1.98672	-61.9201	-59.9334
BLOCK17/SES173/SA173S24	SES162	-2.55975	-62.4931	-59.9334
BLOCK17/SES173/SA173S24	SES177	-2.16842	-62.1018	-59.9334
BLOCK17/SES173/SA173S24	SES180	-2.84974	-62.7831	-59.9334
BLOCK17/SES173/SA173S27	SES162	-3.0827	-62.1074	-59.0247
BLOCK17/SES173/SA173S27	SES177	-1.97926	-61.004	-59.0247
BLOCK17/SES173/SA173S27	SES180	-2.50328	-61.528	-59.0247
BLOCK17/SES173/SA173S27	SES292	-4.2692	-63.2939	-59.0247
BLOCK17/SES173/SA173S29	SES162	-2.48252	-61.4909	-59.0084
BLOCK17/SES173/SA173S29	SES175	-1.64143	-60.6498	-59.0084
BLOCK17/SES173/SA173S29	SES177	-1.78859	-60.797	-59.0084
BLOCK17/SES173/SA173S29	SES292	-4.77409	-63.7825	-59.0084
BLOCK18/SES182/SA182S10	SES144	-1.24748	-58.7592	-57.5117
BLOCK18/SES182/SA182S10	SES177	-1.12793	-58.6396	-57.5117
BLOCK18/SES182/SA182S10	SES180	-2.17948	-59.6912	-57.5117
BLOCK18/SES182/SA182S10	SES275	-1.12217	-58.6339	-57.5117
BLOCK18/SES182/SA182S12	SES144	-1.10444	-58.302	-57.1975
BLOCK18/SES182/SA182S12	SES177	-1.59109	-58.7886	-57.1975
BLOCK18/SES182/SA182S12	SES180	-1.86813	-59.0656	-57.1975
BLOCK18/SES182/SA182S12	SES275	-2.32363	-59.5211	-57.1975
BLOCK18/SES182/SA182S21	SES117	-1.03761	-59.6675	-58.6299
BLOCK18/SES182/SA182S21	SES144	-1.80893	-60.4389	-58.6299
BLOCK18/SES182/SA182S21	SES162	-1.21206	-59.842	-58.6299
BLOCK18/SES182/SA182S21	SES180	-1.78917	-60.4191	-58.6299
BLOCK18/SES182/SA182S23	SES117	-1.22537	-59.1932	-57.9678
BLOCK18/SES182/SA182S23	SES144	-2.22046	-60.1882	-57.9678
BLOCK18/SES182/SA182S23	SES180	-2.05605	-60.0238	-57.9678
BLOCK18/SES182/SA182S23	SES275	-1.71073	-59.6785	-57.9678
BLOCK18/SES182/SA182S25	SES007	-1.38217	-59.1877	-57.8055
BLOCK18/SES182/SA182S25	SES162	-0.9212	-58.7267	-57.8055
BLOCK18/SES182/SA182S25	SES177	-1.09615	-58.9017	-57.8055
BLOCK18/SES182/SA182S25	SES180	-1.31287	-59.1184	-57.8055
BLOCK18/SES184/SA184S12	SES177	-1.37844	-59.3454	-57.967
BLOCK18/SES184/SA184S12	SES180	-1.59221	-59.5592	-57.967
BLOCK18/SES184/SA184S12	SES189	-2.97402	-60.941	-57.967
BLOCK18/SES184/SA184S12	SES292	-2.18835	-60.1553	-57.967
BLOCK18/SES184/SA184S13	SES101	-2.13689	-59.7017	-57.5649
BLOCK18/SES184/SA184S13	SES177	-1.44007	-59.0049	-57.5649
BLOCK18/SES184/SA184S13	SES180	-2.01426	-59.5791	-57.5649
BLOCK18/SES184/SA184S13	SES292	-1.8788	-59.4437	-57.5649
BLOCK18/SES184/SA184S22	SES177	-2.13055	-58.8387	-56.7082
BLOCK18/SES184/SA184S22	SES180	-2.34126	-59.0494	-56.7082
BLOCK18/SES184/SA184S22	SES189	-3.47248	-60.1806	-56.7082
BLOCK18/SES184/SA184S22	SES292	-2.33488	-59.043	-56.7082
BLOCK18/SES184/SA184S25	SES101	-1.42553	-57.3146	-55.8891
BLOCK18/SES184/SA184S25	SES177	-2.0659	-57.955	-55.8891
BLOCK18/SES184/SA184S25	SES180	-1.98432	-57.8734	-55.8891
BLOCK18/SES184/SA184S25	SES292	-1.74588	-57.635	-55.8891
BLOCK18/SES184/SA184S27	SES083	-1.56709	-58.9429	-57.3758
BLOCK18/SES184/SA184S27	SES177	-1.19623	-58.572	-57.3758
BLOCK18/SES184/SA184S27	SES202	-2.90044	-60.2762	-57.3758
BLOCK18/SES184/SA184S27	SES292	-1.6906	-59.0664	-57.3758
BLOCK20/SES204/SA204S12	SES062	-2.49437	-58.5416	-56.0472
BLOCK20/SES204/SA204S12	SES083	-2.38004	-58.4273	-56.0472
BLOCK20/SES204/SA204S12	SES206	-1.02598	-57.0732	-56.0472
BLOCK20/SES204/SA204S12	SES226	-1.51952	-57.5668	-56.0472
BLOCK20/SES204/SA204S14	SES068	-3.04331	-58.0861	-55.0428
BLOCK20/SES204/SA204S14	SES087	-0.588203	-55.631	-55.0428
BLOCK20/SES204/SA204S14	SES206	-1.3838	-56.4266	-55.0428
BLOCK20/SES204/SA204S14	SES226	-1.51525	-56.558	-55.0428
BLOCK20/SES204/SA204S22	SES068	-3.20122	-59.1108	-55.9096
BLOCK20/SES204/SA204S22	SES082	-2.48183	-58.3914	-55.9096
BLOCK20/SES204/SA204S22	SES083	-3.19904	-59.1086	-55.9096
BLOCK20/SES204/SA204S22	SES206	-1.2327	-57.1423	-55.9096
BLOCK20/SES204/SA204S25	SES062	-3.59324	-60.0677	-56.4745
BLOCK20/SES204/SA204S25	SES083	-2.98256	-59.4571	-56.4745
BLOCK20/SES204/SA204S25	SES206	-0.92321	-57.3977	-56.4745
BLOCK20/SES204/SA204S25	SES226	-1.62488	-58.0994	-56.4745
BLOCK20/SES204/SA204S27	SES068	-3.40263	-59.7723	-56.3697
BLOCK20/SES204/SA204S27	SES082	-2.05381	-58.4235	-56.3697
BLOCK20/SES204/SA204S27	SES087	-0.725727	-57.0954	-56.3697
BLOCK20/SES204/SA204S27	SES206	-1.06671	-57.4364	-56.3697
BLOCK20/SES207/SA207S10	SES127	-1.30135	-58.9989	-57.6975
BLOCK20/SES207/SA207S10	SES183	-1.90983	-59.6073	-57.6975
BLOCK20/SES207/SA207S10	SES189	-1.33948	-59.037	-57.6975
BLOCK20/SES207/SA207S10	SES292	-1.5802	-59.2777	-57.6975
BLOCK20/SES207/SA207S11	SES127	-2.91959	-60.3747	-57.4551
BLOCK20/SES207/SA207S11	SES183	-2.37242	-59.8275	-57.4551
BLOCK20/SES207/SA207S11	SES187	-1.20774	-58.6629	-57.4551
BLOCK20/SES207/SA207S11	SES292	-2.6316	-60.0867	-57.4551
BLOCK20/SES207/SA207S25	SES068	-2.2561	-60.2624	-58.0063
BLOCK20/SES207/SA207S25	SES083	-2.3202	-60.3265	-58.0063
BLOCK20/SES207/SA207S25	SES127	-1.75432	-59.7606	-58.0063
BLOCK20/SES207/SA207S25	SES187	-1.30237	-59.3087	-58.0063
BLOCK20/SES207/SA207S27	SES127	-1.85827	-60.3056	-58.4473
BLOCK20/SES207/SA207S27	SES183	-1.13417	-59.5815	-58.4473
BLOCK20/SES207/SA207S27	SES187	-1.25214	-59.6994	-58.4473
BLOCK20/SES207/SA207S27	SES292	-2.52421	-60.9715	-58.4473
BLOCK20/SES207/SA207S29	SES083	-2.10549	-59.6158	-57.5103
BLOCK20/SES207/SA207S29	SES085	-1.23215	-58.7424	-57.5103
BLOCK20/SES207/SA207S29	SES172	-2.56781	-60.0781	-57.5103
BLOCK20/SES207/SA207S29	SES189	-1.99921	-59.5095	-57.5103
BLOCK22/SES221/SA221S12	SES068	-1.79343	-59.3579	-57.5644
BLOCK22/SES221/SA221S12	SES143	-2.92488	-60.4893	-57.5644
BLOCK22/SES221/SA221S12	SES175	-1.81739	-59.3818	-57.5644
BLOCK22/SES221/SA221S12	SES202	-0.936825	-58.5013	-57.5644
BLOCK22/SES221/SA221S15	SES085	-4.89129	-63.8638	-58.9726
BLOCK22/SES221/SA221S15	SES143	-3.19634	-62.1689	-58.9726
BLOCK22/SES221/SA221S15	SES175	-2.49594	-61.4685	-58.9726
BLOCK22/SES221/SA221S15	SES187	-2.16311	-61.1357	-58.9726
BLOCK22/SES221/SA221S23	SES068	-3.03849	-60.6393	-57.6008
BLOCK22/SES221/SA221S23	SES143	-3.30985	-60.9106	-57.6008
BLOCK22/SES221/SA221S23	SES175	-1.69035	-59.2911	-57.6008
BLOCK22/SES221/SA221S23	SES189	-0.564732	-58.1655	-57.6008
BLOCK22/SES221/SA221S27	SES085	-5.53114	-63.148	-57.6169
BLOCK22/SES221/SA221S27	SES143	-2.39363	-60.0105	-57.6169
BLOCK22/SES221/SA221S27	SES175	-1.49579	-59.1126	-57.6169
BLOCK22/SES221/SA221S27	SES189	0.0850296	-57.5318	-57.6169
BLOCK22/SES221/SA221S29	SES085	-6.64787	-65.5798	-58.9319
BLOCK22/SES221/SA221S29	SES143	-3.67652	-62.6085	-58.9319
BLOCK22/SES221/SA221S29	SES175	-2.58108	-61.513	-58.9319
BLOCK22/SES221/SA221S29	SES187	-1.35719	-60.2891	-58.9319
BLOCK22/SES223/SA223S11	SES143	-2.05293	-60.7126	-58.6597
BLOCK22/SES223/SA223S11	SES144	-2.90834	-61.568	-58.6597
BLOCK22/SES223/SA223S11	SES175	-1.7178	-60.3775	-58.6597
BLOCK22/SES223/SA223S11	SES187	-1.95265	-60.6123	-58.6597
BLOCK22/SES223/SA223S13	SES068	-1.81425	-61.7948	-59.9805
BLOCK22/SES223/SA223S13	SES143	-2.23606	-62.2166	-59.9805
BLOCK22/SES223/SA223S13	SES146	-2.44158	-62.4221	-59.9805
BLOCK22/SES223/SA223S13	SES202	-1.92104	-61.9016	-59.9805
BLOCK22/SES223/SA223S22	SES143	-1.90681	-60.6064	-58.6996
BLOCK22/SES223/SA223S22	SES144	-2.64923	-61.3488	-58.6996
BLOCK22/SES223/SA223S22	SES175	-2.1433	-60.8429	-58.6996
BLOCK22/SES223/SA223S22	SES187	-1.74572	-60.4453	-58.6996
BLOCK22/SES223/SA223S25	SES068	-2.09619	-60.8567	-58.7605
BLOCK22/SES223/SA223S25	SES143	-2.26663	-61.0271	-58.7605
BLOCK22/SES223/SA223S25	SES175	-1.80022	-60.5607	-58.7605
BLOCK22/SES223/SA223S25	SES187	-1.50027	-60.2607	-58.7605
BLOCK22/SES223/SA223S27	SES143	-1.26744	-60.4983	-59.2309
BLOCK22/SES223/SA223S27	SES146	-1.65221	-60.8831	-59.2309
BLOCK22/SES223/SA223S27	SES187	-2.06578	-61.2967	-59.2309
BLOCK22/SES223/SA223S27	SES292	-4.73669	-63.9676	-59.2309
BLOCK27/SES273/SA273S12	SES099	-0.599064	-54.9531	-54.354
BLOCK27/SES273/SA273S12	SES104	-0.36858	-54.7226	-54.354
BLOCK27/SES273/SA273S12	SES125	-0.971611	-55.3256	-54.354
BLOCK27/SES273/SA273S12	SES206	-0.170921	-54.5249	-54.354
BLOCK27/SES273/SA273S13	SES099	-0.443233	-55.0375	-54.5943
BLOCK27/SES273/SA273S13	SES104	-0.49971	-55.094	-54.5943
BLOCK27/SES273/SA273S13	SES206	-0.484715	-55.079	-54.5943
BLOCK27/SES273/SA273S13	SES292	-3.52517	-58.1195	-54.5943
BLOCK27/SES273/SA273S21	SES099	0.064415	-54.6911	-54.7555
BLOCK27/SES273/SA273S21	SES148	-3.10173	-57.8572	-54.7555
BLOCK27/SES273/SA273S21	SES149	-0.788506	-55.544	-54.7555
BLOCK27/SES273/SA273S21	SES177	-3.98367	-58.7391	-54.7555
BLOCK27/SES273/SA273S25	SES104	-0.678394	-55.5017	-54.8233
BLOCK27/SES273/SA273S25	SES125	-1.06326	-55.8866	-54.8233
BLOCK27/SES273/SA273S25	SES158	-0.935387	-55.7587	-54.8233
BLOCK27/SES273/SA273S25	SES206	-0.101101	-54.9244	-54.8233
BLOCK27/SES273/SA273S27	SES099	-0.409515	-55.8097	-55.4002
BLOCK27/SES273/SA273S27	SES104	-0.84428	-56.2444	-55.4002
BLOCK27/SES273/SA273S27	SES149	-0.86446	-56.2646	-55.4002
BLOCK27/SES273/SA273S27	SES275	-2.34225	-57.7424	-55.4002
BLOCK27/SES274/SA274S10	SES105	-1.9538	-58.1624	-56.2086
BLOCK27/SES274/SA274S10	SES125	-0.654881	-56.8635	-56.2086
BLOCK27/SES274/SA274S10	SES129	-1.64557	-57.8542	-56.2086
BLOCK27/SES274/SA274S10	SES158	-1.42943	-57.638	-56.2086
BLOCK27/SES274/SA274S11	SES105	-2.20228	-58.4938	-56.2915
BLOCK27/SES274/SA274S11	SES149	-1.0119	-57.3034	-56.2915
BLOCK27/SES274/SA274S11	SES158	-1.18922	-57.4807	-56.2915
BLOCK27/SES274/SA274S11	SES275	-3.05684	-59.3484	-56.2915
BLOCK27/SES274/SA274S21	SES105	-2.23201	-58.7991	-56.5671
BLOCK27/SES274/SA274S21	SES129	-2.42208	-58.9892	-56.5671
BLOCK27/SES274/SA274S21	SES149	-1.14354	-57.7106	-56.5671
BLOCK27/SES274/SA274S21	SES158	-2.37217	-58.9393	-56.5671
BLOCK27/SES274/SA274S24	SES105	-2.06575	-58.3467	-56.2809
BLOCK27/SES274/SA274S24	SES129	-2.70436	-58.9853	-56.2809
BLOCK27/SES274/SA274S24	SES149	-1.30914	-57.59	-56.2809
BLOCK27/SES274/SA274S24	SES158	-2.0401	-58.321	-56.2809
BLOCK27/SES274/SA274S29	SES105	-2.22881	-58.4269	-56.1981
BLOCK27/SES274/SA274S29	SES106	-1.70961	-57.9077	-56.1981
BLOCK27/SES274/SA274S29	SES120	-2.40707	-58.6052	-56.1981
BLOCK27/SES274/SA274S29	SES275	-2.52081	-58.7189	-56.1981
BLOCK27/SES276/SA276S16	SES148	-2.06054	-59.8868	-57.8262
BLOCK27/SES276/SA276S16	SES172	-2.65093	-60.4771	-57.8262
BLOCK27/SES276/SA276S16	SES180	-3.0771	-60.9033	-57.8262
BLOCK27/SES276/SA276S16	SES292	-1.26502	-59.0912	-57.8262
BLOCK27/SES276/SA276S17	SES101	-2.20361	-59.5327	-57.3291
BLOCK27/SES276/SA276S17	SES177	-1.9193	-59.2484	-57.3291
BLOCK27/SES276/SA276S17	SES180	-2.15178	-59.4808	-57.3291
BLOCK27/SES276/SA276S17	SES292	-1.98981	-59.3189	-57.3291
BLOCK27/SES276/SA276S24	SES101	-1.55824	-57.7821	-56.2239
BLOCK27/SES276/SA276S24	SES177	-2.11992	-58.3438	-56.2239
BLOCK27/SES276/SA276S24	SES180	-2.49437	-58.7182	-56.2239
BLOCK27/SES276/SA276S24	SES292	-2.56742	-58.7913	-56.2239
BLOCK27/SES276/SA276S26	SES101	-2.6894	-59.3111	-56.6217
BLOCK27/SES276/SA276S26	SES177	-1.86607	-58.4878	-56.6217
BLOCK27/SES276/SA276S26	SES180	-1.79797	-58.4197	-56.6217
BLOCK27/SES276/SA276S26	SES292	-1.95984	-58.5816	-56.6217
BLOCK27/SES276/SA276S28	SES101	-2.33094	-59.3658	-57.0349
BLOCK27/SES276/SA276S28	SES177	-2.33013	-59.365	-57.0349
BLOCK27/SES276/SA276S28	SES180	-1.99702	-59.0319	-57.0349
BLOCK27/SES276/SA276S28	SES292	-2.68453	-59.7194	-57.0349
BLOCK27/SES277/SA277S12	SES101	-1.48026	-60.061	-58.5807
BLOCK27/SES277/SA277S12	SES177	-2.36523	-60.946	-58.5807
BLOCK27/SES277/SA277S12	SES180	-2.17019	-60.7509	-58.5807
BLOCK27/SES277/SA277S12	SES292	-3.37656	-61.9573	-58.5807
BLOCK27/SES277/SA277S14	SES177	-1.86887	-60.5306	-58.6617
BLOCK27/SES277/SA277S14	SES180	-3.036	-61.6977	-58.6617
BLOCK27/SES277/SA277S14	SES189	-1.04385	-59.7056	-58.6617
BLOCK27/SES277/SA277S14	SES292	-4.62849	-63.2902	-58.6617
BLOCK27/SES277/SA277S21	SES177	-1.49146	-58.935	-57.4435
BLOCK27/SES277/SA277S21	SES180	-2.89875	-60.3423	-57.4435
BLOCK27/SES277/SA277S21	SES189	-1.54536	-58.9889	-57.4435
BLOCK27/SES277/SA277S21	SES292	-4.06381	-61.5073	-57.4435
BLOCK27/SES277/SA277S24	SES144	-2.14387	-60.9761	-58.8323
BLOCK27/SES277/SA277S24	SES177	-2.19145	-61.0237	-58.8323
BLOCK27/SES277/SA277S24	SES180	-3.23269	-62.065	-58.8323
BLOCK27/SES277/SA277S24	SES189	-1.48316	-60.3154	-58.8323
BLOCK27/SES277/SA277S29	SES177	-1.60168	-58.2218	-56.6202
BLOCK27/SES277/SA277S29	SES180	-1.93232	-58.5525	-56.6202
BLOCK27/SES277/SA277S29	SES202	-2.09381	-58.714	-56.6202
BLOCK27/SES277/SA277S29	SES292	-2.54232	-59.1625	-56.6202
BLOCK27/SES279/SA279S09	SES120	-1.48792	-58.2176	-56.7296
BLOCK27/SES279/SA279S09	SES146	-1.50479	-58.2344	-56.7296
BLOCK27/SES279/SA279S09	SES206	-2.03463	-58.7643	-56.7296
BLOCK27/SES279/SA279S09	SES226	-1.82337	-58.553	-56.7296
BLOCK27/SES279/SA279S10	SES099	-1.38827	-57.7379	-56.3496
BLOCK27/SES279/SA279S10	SES206	-1.67109	-58.0207	-56.3496
BLOCK27/SES279/SA279S10	SES226	-1.641	-57.9906	-56.3496
BLOCK27/SES279/SA279S10	SES292	-1.3264	-57.676	-56.3496
BLOCK27/SES279/SA279S20	SES099	-2.1343	-59.0226	-56.8883
BLOCK27/SES279/SA279S20	SES206	-1.93241	-58.8208	-56.8883
BLOCK27/SES279/SA279S20	SES226	-1.96846	-58.8568	-56.8883
BLOCK27/SES279/SA279S20	SES292	-0.723343	-57.6117	-56.8883
BLOCK27/SES279/SA279S26	SES099	-2.04234	-58.8006	-56.7582
BLOCK27/SES279/SA279S26	SES206	-1.52695	-58.2852	-56.7582
BLOCK27/SES279/SA279S26	SES226	-1.64571	-58.404	-56.7582
BLOCK27/SES279/SA279S26	SES292	-1.40916	-58.1674	-56.7582
BLOCK27/SES279/SA279S28	SES099	-2.34063	-57.5572	-55.2166
BLOCK27/SES279/SA279S28	SES120	-1.94945	-57.166	-55.2166
BLOCK27/SES279/SA279S28	SES177	-3.68806	-58.9046	-55.2166
BLOCK27/SES279/SA279S28	SES206	-2.46812	-57.6847	-55.2166
BLOCK29/SES290/SA290S12	SES162	-2.74905	-59.8502	-57.1011
BLOCK29/SES290/SA290S12	SES177	-2.56624	-59.6674	-57.1011
BLOCK29/SES290/SA290S12	SES180	-2.81359	-59.9147	-57.1011
BLOCK29/SES290/SA290S12	SES292	-4.63261	-61.7338	-57.1011
BLOCK29/SES290/SA290S13	SES007	-4.2496	-62.244	-57.9944
BLOCK29/SES290/SA290S13	SES162	-3.02982	-61.0243	-57.9944
BLOCK29/SES290/SA290S13	SES177	-2.16717	-60.1616	-57.9944
BLOCK29/SES290/SA290S13	SES180	-2.6451	-60.6395	-57.9944
BLOCK29/SES290/SA290S22	SES177	-1.70358	-59.3008	-57.5972
BLOCK29/SES290/SA290S22	SES180	-1.99738	-59.5946	-57.5972
BLOCK29/SES290/SA290S22	SES202	-1.92879	-59.526	-57.5972
BLOCK29/SES290/SA290S22	SES292	-4.04269	-61.6399	-57.5972
BLOCK29/SES290/SA290S25	SES162	-1.74693	-59.1277	-57.3807
BLOCK29/SES290/SA290S25	SES177	-1.46473	-58.8455	-57.3807
BLOCK29/SES290/SA290S25	SES180	-1.53621	-58.917	-57.3807
BLOCK29/SES290/SA290S25	SES292	-2.94313	-60.3239	-57.3807
BLOCK29/SES290/SA290S29	SES177	-0.864887	-58.0526	-57.1877
BLOCK29/SES290/SA290S29	SES180	-0.799343	-57.9871	-57.1877
BLOCK29/SES290/SA290S29	SES275	-2.92744	-60.1152	-57.1877
BLOCK29/SES290/SA290S29	SES292	-2.14827	-59.336	-57.1877
BLOCK29/SES291/SA291S11	SES105	-3.78266	-60.5924	-56.8098
BLOCK29/SES291/SA291S11	SES125	-1.1212	-57.931	-56.8098
BLOCK29/SES291/SA291S11	SES158	-1.35099	-58.1607	-56.8098
BLOCK29/SES291/SA291S11	SES275	-4.77551	-61.5853	-56.8098
BLOCK29/SES291/SA291S12	SES158	-0.697666	-56.4233	-55.7256
BLOCK29/SES291/SA291S12	SES226	-1.73635	-57.462	-55.7256
BLOCK29/SES291/SA291S12	SES270	-0.0935898	-55.8192	-55.7256
BLOCK29/SES291/SA291S12	SES275	-5.64342	-61.3691	-55.7256
BLOCK29/SES291/SA291S22	SES082	-1.07902	-57.3184	-56.2394
BLOCK29/SES291/SA291S22	SES158	-0.973743	-57.2132	-56.2394
BLOCK29/SES291/SA291S22	SES259	-1.48502	-57.7244	-56.2394
BLOCK29/SES291/SA291S22	SES275	-4.47307	-60.7125	-56.2394
BLOCK29/SES291/SA291S24	SES104	-0.345238	-55.3865	-55.0413
BLOCK29/SES291/SA291S24	SES125	-0.545761	-55.587	-55.0413
BLOCK29/SES291/SA291S24	SES158	-0.571686	-55.613	-55.0413
BLOCK29/SES291/SA291S24	SES275	-4.61992	-59.6612	-55.0413
BLOCK29/SES291/SA291S27	SES158	-0.375519	-55.5681	-55.1926
BLOCK29/SES291/SA291S27	SES172	-5.55904	-60.7517	-55.1926
BLOCK29/SES291/SA291S27	SES275	-5.05479	-60.2474	-55.1926
BLOCK29/SES291/SA291S27	SES292	-4.39894	-59.5915	-55.1926
